Action.c(197):     name=".cgifields" value="312"  /><input type="hidden" name=".cgifields" value="302"  /><in
Action.c(197):     put type="hidden" name=".cgifields" value="229"  /><input type="hidden" name=".cgifields" 
Action.c(197):     value="45"  /><input type="hidden" name=".cgifields" value="260"  /><input type="hidden" n
Action.c(197):     ame=".cgifields" value="237"  /><input type="hidden" name=".cgifields" value="370"  /><inp
Action.c(197):     ut type="hidden" name=".cgifields" value="309"  /><input type="hidden" name=".cgifields" v
Action.c(197):     alue="188"  /><input type="hidden" name=".cgifields" value="68"  /><input type="hidden" na
Action.c(197):     me=".cgifields" value="402"  /><input type="hidden" name=".cgifields" value="315"  /><inpu
Action.c(197):     t type="hidden" name=".cgifields" value="1"  /><input type="
Action.c(197): Found resource "http://localhost:1080/WebTours/images/cancelreservation.gif" in HTML "http://localhost:1080/cgi-bin/itinerary.pl"  	[MsgId: MMSG-26659]
Action.c(197): Found resource "http://localhost:1080/WebTours/images/cancelallreservations.gif" in HTML "http://localhost:1080/cgi-bin/itinerary.pl"  	[MsgId: MMSG-26659]
Action.c(197): t=3784567ms: 12287-byte chunked response body for "http://localhost:1080/cgi-bin/itinerary.pl" (RelFrameId=1.2, Internal ID=1898)
Action.c(197):     hidden" name=".cgifields" value="136"  /><input type="hidden" name=".cgifields" value="116
Action.c(197):     "  /><input type="hidden" name=".cgifields" value="338"  /><input type="hidden" name=".cgi
Action.c(197):     fields" value="144"  /><input type="hidden" name=".cgifields" value="380"  /><input type="
Action.c(197):     hidden" name=".cgifields" value="100"  /><input type="hidden" name=".cgifields" value="300
Action.c(197):     "  /><input type="hidden" name=".cgifields" value="222"  /><input type="hidden" name=".cgi
Action.c(197):     fields" value="25"  /><input type="hidden" name=".cgifields" value="286"  /><input type="h
Action.c(197):     idden" name=".cgifields" value="120"  /><input type="hidden" name=".cgifields" value="83" 
Action.c(197):      /><input type="hidden" name=".cgifields" value="381"  /><input type="hidden" name=".cgifi
Action.c(197):     elds" value="305"  /><input type="hidden" name=".cgifields" value="308"  /><input type="hi
Action.c(197):     dden" name=".cgifields" value="392"  /><input type="hidden" name=".cgifields" value="254" 
Action.c(197):      /><input type="hidden" name=".cgifields" value="177"  /><input type="hidden" name=".cgifi
Action.c(197):     elds" value="373"  /><input type="hidden" name=".cgifields" value="217"  /><input type="hi
Action.c(197):     dden" name=".cgifields" value="328"  /><input type="hidden" name=".cgifields" value="239" 
Action.c(197):      /><input type="hidden" name=".cgifields" value="122"  /><input type="hidden" name=".cgifi
Action.c(197):     elds" value="143"  /><input type="hidden" name=".cgifields" value="281"  /><input type="hi
Action.c(197):     dden" name=".cgifields" value="269"  /><input type="hidden" name=".cgifields" value="205" 
Action.c(197):      /><input type="hidden" name=".cgifields" value="158"  /><input type="hidden" name=".cgifi
Action.c(197):     elds" value="42"  /><input type="hidden" name=".cgifields" value="22"  /><input type="hidd
Action.c(197):     en" name=".cgifields" value="363"  /><input type="hidden" name=".cgifields" value="46"  />
Action.c(197):     <input type="hidden" name=".cgifields" value="399"  /><input type="hidden" name=".cgifield
Action.c(197):     s" value="235"  /><input type="hidden" name=".cgifields" value="301"  /><input type="hidde
Action.c(197):     n" name=".cgifields" value="6"  /><input type="hidden" name=".cgifields" value="36"  /><in
Action.c(197):     put type="hidden" name=".cgifields" value="213"  /><input type="hidden" name=".cgifields" 
Action.c(197):     value="183"  /><input type="hidden" name=".cgifields" value="94"  /><input type="hidden" n
Action.c(197):     ame=".cgifields" value="51"  /><input type="hidden" name=".cgifields" value="362"  /><inpu
Action.c(197):     t type="hidden" name=".cgifields" value="317"  /><input type="hidden" name=".cgifields" va
Action.c(197):     lue="296"  /><input type="hidden" name=".cgifields" value="265"  /><input type="hidden" na
Action.c(197):     me=".cgifields" value="169"  /><input type="hidden" name=".cgifields" value="132"  /><inpu
Action.c(197):     t type="hidden" name=".cgifields" value="171"  /><input type="hidden" name=".cgifields" va
Action.c(197):     lue="398"  /><input type="hidden" name=".cgifields" value="384"  /><input type="hidden" na
Action.c(197):     me=".cgifields" value="386"  /><input type="hidden" name=".cgifields" value="200"  /><inpu
Action.c(197):     t type="hidden" name=".cgifields" value="18"  /><input type="hidden" name=".cgifields" val
Action.c(197):     ue="376"  /><input type="hidden" name=".cgifields" value="366"  /><input type="hidden" nam
Action.c(197):     e=".cgifields" value="125"  /><input type="hidden" name=".cgifields" value="329"  /><input
Action.c(197):      type="hidden" name=".cgifields" value="44"  /><input type="hidden" name=".cgifields" valu
Action.c(197):     e="27"  /><input type="hidden" name=".cgifields" value="272"  /><input type="hidden" name=
Action.c(197):     ".cgifields" value="161"  /><input type="hidden" name=".cgifields" value="190"  /><input t
Action.c(197):     ype="hidden" name=".cgifields" value="298"  /><input type="hidden" name=".cgifields" value
Action.c(197):     ="95"  /><input type="hidden" name=".cgifields" value="400"  /><input type="hidden" name="
Action.c(197):     .cgifields" value="313"  /><input type="hidden" name=".cgifields" value="20"  /><input typ
Action.c(197):     e="hidden" name=".cgifields" value="109"  /><input type="hidden" name=".cgifields" value="
Action.c(197):     231"  /><input type="hidden" name=".cgifields" value="243"  /><input type="hidden" name=".
Action.c(197):     cgifields" value="151"  /><input type="hidden" name=".cgifields" value="148"  /><input typ
Action.c(197):     e="hidden" name=".cgifields" value="343"  /><input type="hidden" name=".cgifields" value="
Action.c(197):     287"  /><input type="hidden" name=".cgifields" value="78"  /><input type="hidden" name=".c
Action.c(197):     gifields" value="397"  /><input type="hidden" name=".cgifields" value="294"  /><input type
Action.c(197):     ="hidden" name=".cgifields" value="349"  /><input type="hidden" name=".cgifields" value="1
Action.c(197):     06"  /><input type="hidden" name=".cgifields" value="275"  /><input type="hidden" name=".c
Action.c(197):     gifields" value="157"  /><input type="hidden" name=".cgifields" value="65"  /><input type=
Action.c(197):     "hidden" name=".cgifields" value="197"  /><input type="hidden" name=".cgifields" value="20
Action.c(197):     3"  /><input type="hidden" name=".cgifields" value="261"  /><input type="hidden" name=".cg
Action.c(197):     ifields" value="138"  /><input type="hidden" name=".cgifields" value="81"  /><input type="
Action.c(197):     hidden" name=".cgifields" value="137"  /><input type="hidden" name=".cgifields" value="60"
Action.c(197):       /><input type="hidden" name=".cgifields" value="321"  /><input type="hidden" name=".cgif
Action.c(197):     ields" value="284"  /><input type="hidden" name=".cgifields" value="86"  /><input type="hi
Action.c(197):     dden" name=".cgifields" value="247"  /><input type="hidden" name=".cgifields" value="371" 
Action.c(197):      /><input type="hidden" name=".cgifields" value="204"  /><input type="hidden" name=".cgifi
Action.c(197):     elds" value="289"  /><input type="hidden" name=".cgifields" value="165"  /><input type="hi
Action.c(197):     dden" name=".cgifields" value="346"  /><input type="hidden" name=".cgifields" value="17"  
Action.c(197):     /><input type="hidden" name=".cgifields" value="2"  /><input type="hidden" name=".cgifield
Action.c(197):     s" value="401"  /><input type="hidden" name=".cgifields" value="186"  /><input type="hidde
Action.c(197):     n" name=".cgifields" value="82"  /><input type="hidden" name=".cgifields" value="110"  /><
Action.c(197):     input type="hidden" name=".cgifields" value="147"  /><input type="hidden" name=".cgifields
Action.c(197):     " value="333"  /><input type="hidden" name=".cgifields" value="339"  /><input type="hidden
Action.c(197):     " name=".cgifields" value="228"  /><input type="hidden" name=".cgifields" value="323"  /><
Action.c(197):     input type="hidden" name=".cgifields" value="268"  /><input type="hidden" name=".cgifields
Action.c(197):     " value="345"  /><input type="hidden" name=".cgifields" value="69"  /><input type="hidden"
Action.c(197):      name=".cgifields" value="112"  /><input type="hidden" name=".cgifields" value="319"  /><i
Action.c(197):     nput type="hidden" name=".cgifields" value="172"  /><input type="hidden" name=".cgifields"
Action.c(197):      value="191"  /><input type="hidden" name=".cgifields" value="224"  /><input type="hidden"
Action.c(197):      name=".cgifields" value="187"  /><input type="hidden" name=".cgifields" value="404"  /><i
Action.c(197):     nput type="hidden" name=".cgifields" value="223"  /><input type="hidden" name=".cgifields"
Action.c(197):      value="282"  /><input type="hidden" name=".cgifields" value="262"  /><input type="hidden"
Action.c(197):      name=".cgifields" value="79"  /><input type="hidden" name=".cgifields" value="121"  /><in
Action.c(197):     put type="hidden" name=".cgifields" value="212"  /><input type="hidden" name=".cgifields" 
Action.c(197):     value="352"  /><input type="hidden" name=".cgifields" value="344"  /><input type="hidden" 
Action.c(197):     name=".cgifields" value="126"  /><input type="hidden" name=".cgifields" value="238"  /><in
Action.c(197):     put type="hidden" name=".cgifields" value="251"  /><input type="hidden" name=".cgifields" 
Action.c(197):     value="369"  /><input type="hidden" name=".cgifields" value="253"  /><input type="hidden" 
Action.c(197):     name=".cgifields" value="279"  /><input type="hidden" name=".cgifields" value="176"  /><in
Action.c(197):     put type="hidden" name=".cgifields" value="209"  /><input type="hidden" name=".cgifields" 
Action.c(197):     value="357"  /><input type="hidden" name=".cgifields" value="216"  /><input type="hidden" 
Action.c(197):     name=".cgifields" value="256"  /><input type="hidden" name=".cgifields" value="372"  /><in
Action.c(197):     put type="hidden" name=".cgifields" value="117"  /><input type="hidden" name=".cgifields" 
Action.c(197):     value="170"  /><input type="hidden" name=".cgifields" value="33"  /><input type="hidden" n
Action.c(197):     ame=".cgifields" value="63"  /><input type="hidden" name=".cgifields" value="7"  /><input 
Action.c(197):     type="hidden" name=".cgifields" value="80"  /><input type="hidden" name=".cgifields" value
Action.c(197):     ="26"  /><input type="hidden" name=".cgifields" value="227"  /><input type="hidden" name="
Action.c(197):     .cgifields" value="336"  /><input type="hidden" name=".cgifields" value="99"  /><input typ
Action.c(197):     e="hidden" name=".cgifields" value="72"  /><input type="hidden" name=".cgifields" value="1
Action.c(197):     79"  /><input type="hidden" name=".cgifields" value="383"  /><input type="hidden" name=".c
Action.c(197):     gifields" value="264"  /><input type="hidden" name=".cgifields" value="255"  /><input type
Action.c(197):     ="hidden" name=".cgifields" value="297"  /><input type="hidden" name=".cgifields" value="3
Action.c(197):     59"  /><input type="hidden" name=".cgifields" value="182"  /><input type="hidden" name=".c
Action.c(197):     gifields" value="108"  /><input type="hidden" name=".cgifields" value="277"  /><input type
Action.c(197):     ="hidden" name=".cgifields" value="92"  /><input type="hidden" name=".cgifields" value="23
Action.c(197):     2"  /><input type="hidden" name=".cgifields" value="10"  /><input type="hidden" name=".cgi
Action.c(197):     fields" value="225"  /><input type="hidden" name=".cgifields" value="330"  /><input type="
Action.c(197):     hidden" name=".cgifields" value="142"  /><input type="hidden" name=".cgifields" value="207
Action.c(197):     "  /><input type="hidden" name=".cgifields" value="263"  /><input type="hidden" name=".cgi
Action.c(197):     fields" value="394"  /><input type="hidden" name=".cgifields" value="167"  /><input type="
Action.c(197):     hidden" name=".cgifields" value="48"  /><input type="hidden" name=".cgifields" value="360"
Action.c(197):       /><input type="hidden" name=".cgifields" value="133"  /><input type="hidden" name=".cgif
Action.c(197):     ields" value="290"  /><input type="hidden" name=".cgifields" value="123"  /><input type="h
Action.c(197):     idden" name=".cgifields" value="149"  /><input type="hidden" name=".cgifields" value="304"
Action.c(197):       /><input type="hidden" name=".cgifields" value="50"  /><input type="hidden" name=".cgifi
Action.c(197):     elds" value="210"  /><input type="hidden" name=".cgifields" value="396"  /><input type="hi
Action.c(197):     dden" name=".cgifields" value="258"  /><input type="hidden" name=".cgifields" value="173" 
Action.c(197):      /><input type="hidden" name=".cgifields" value="393"  /><input type="hidden" name=".cgifi
Action.c(197):     elds" value="56"  /><input type="hidden" name=".cgifields" value="66"  /><input type="hidd
Action.c(197):     en" name=".cgifields" value="19"  /><input type="hidden" name=".cgifields" value="293"  />
Action.c(197):     <input type="hidden" name=".cgifields" value="54"  /><input type="hidden" name=".cgifields
Action.c(197):     " value="365"  /><input type="hidden" name=".cgifields" value="274"  /><input type="hidden
Action.c(197):     " name=".cgifields" value="306"  /><input type="hidden" name=".cgifields" value="70"  /><i
Action.c(197):     nput type="hidden" name=".cgifields" value="322"  /><input type="hidden" name=".cgifields"
Action.c(197):      value="353"  /><input type="hidden" name=".cgifields" value="166"  /><input type="hidden"
Action.c(197):      name=".cgifields" value="375"  /><input type="hidden" name=".cgifields" value="88"  /><in
Action.c(197):     put type="hidden" name=".cgifields" value="30"  /><input type="hidden" name=".cgifields" v
Action.c(197):     alue="141"  /><input type="hidden" name=".cgifields" value="403"  /><input type="hidden" n
Action.c(197):     ame=".cgifields" value="128"  /><input type="hidden" name=".cgifields" value="252"  /><inp
Action.c(197):     ut type="hidden" name=".cgifields" value="28"  /><input type="hidden" name=".cgifields" va
Action.c(197):     lue="310"  /><input type="hidden" name=".cgifields" value="283"  /><input type="hidden" na
Action.c(197):     me=".cgifields" value="75"  /><input type="hidden" name=".cgifields" value="40"  /><input 
Action.c(197):     type="hidden" name=".cgifields" value="134"  /><input type="hidden" name=".cgifields" valu
Action.c(197):     e="156"  /><input type="hidden" name=".cgifields" value="303"  /><input type="hidden" name
Action.c(197):     =".cgifields" value="192"  /><input type="hidden" name=".cgifields" value="250"  /><input 
Action.c(197):     type="hidden" name=".cgifields" value="59"  /><input type="hidden" name=".cgifields" value
Action.c(197):     ="215"  /><input type="hidden" name=".cgifields" value="278"  /><input type="hidden" name=
Action.c(197):     ".cgifields" value="150"  /><input type="hidden" name=".cgifields" value="271"  /><input t
Action.c(197):     ype="hidden" name=".cgifields" value="130"  /><input type="hidden" name=".cgifields" value
Action.c(197):     ="155"  /><input type="hidden" name=".cgifields" value="387"  /><input type="hidden" name=
Action.c(197):     ".cgifields" value="53"  /><input type="hidden" name=".cgifields" value="245"  /><input ty
Action.c(197):     pe="hidden" name=".cgifields" value="267"  /><input type="hidden" name=".cgifields" value=
Action.c(197):     "354"  /><input type="hidden" name=".cgifields" value="219"  /><input type="hidden" name="
Action.c(197):     .cgifields" value="318"  /><input type="hidden" name=".cgifields" value="13"  /><input typ
Action.c(197):     e="hidden" name=".cgifields" value="257"  /><input type="hidden" name=".cgifields" value="
Action.c(197):     105"  /><input type="hidden" name=".cgifields" 
Action.c(197): t=3784578ms: 7-byte chunked response overhead for "http://localhost:1080/cgi-bin/itinerary.pl" (RelFrameId=1.2, Internal ID=1898)
Action.c(197):     \r\n
Action.c(197):     0\r\n
Action.c(197):     \r\n
Action.c(197): t=3784578ms: 857-byte chunked response body for "http://localhost:1080/cgi-bin/itinerary.pl" (RelFrameId=1.2, Internal ID=1898)
Action.c(197):     value="85"  /><input type="hidden" name=".cgifields" value="3"  /><input type="hidden" nam
Action.c(197):     e=".cgifields" value="185"  /><input type="hidden" name=".cgifields" value="390"  /><input
Action.c(197):      type="hidden" name=".cgifields" value="332"  /><input type="hidden" name=".cgifields" val
Action.c(197):     ue="248"  /><input type="hidden" name=".cgifields" value="111"  /><input type="hidden" nam
Action.c(197):     e=".cgifields" value="9"  /><input type="hidden" name=".cgifields" value="146"  /><input t
Action.c(197):     ype="hidden" name=".cgifields" value="356"  /><input type="hidden" name=".cgifields" value
Action.c(197):     ="38"  /><input type="hidden" name=".cgifields" value="4"  /><input type="hidden" name=".c
Action.c(197):     gifields" value="34"  /><input type="hidden" name=".cgifields" value="164"  /><input type=
Action.c(197):     "hidden" name=".cgifields" value="196"  /><input type="hidden" name=".cgifields" value="24
Action.c(197):     2"  /></div></form>\n
Action.c(197):     \n
Action.c(197):     </center>\n
Action.c(197):     \n
Action.c(197):     </body>\n
Action.c(197):     </html>
Action.c(197): t=3784580ms: Request done "http://localhost:1080/cgi-bin/itinerary.pl"  	[MsgId: MMSG-26000]
Action.c(197): t=3784580ms: Already connected [0] to localhost:1080  	[MsgId: MMSG-26000]
Action.c(197): t=3784580ms: 447-byte request headers for "http://localhost:1080/WebTours/images/cancelreservation.gif" (RelFrameId=, Internal ID=1900)
Action.c(197):     GET /WebTours/images/cancelreservation.gif HTTP/1.1\r\n
Action.c(197):     Referer: http://localhost:1080/cgi-bin/itinerary.pl\r\n
Action.c(197):     DNT: 1\r\n
Action.c(197):     User-Agent: Mozilla/5.0 (Windows NT 6.3; WOW64; Trident/7.0; rv:11.0) like Gecko\r\n
Action.c(197):     Accept-Encoding: gzip, deflate\r\n
Action.c(197):     Accept-Language: ru-RU\r\n
Action.c(197):     Accept: */*\r\n
Action.c(197):     Connection: Keep-Alive\r\n
Action.c(197):     Host: localhost:1080\r\n
Action.c(197):     Cookie: MSO=SID&1658225604; MTUserInfo=firstName&Masha&username&masha484&address2&Madrid&h
Action.c(197):     ash&52&address1&Pushkina&lastName&Nasha%0A\r\n
Action.c(197):     \r\n
Action.c(197): t=3784581ms: Already connected [1] to localhost:1080  	[MsgId: MMSG-26000]
Action.c(197): t=3784581ms: 451-byte request headers for "http://localhost:1080/WebTours/images/cancelallreservations.gif" (RelFrameId=, Internal ID=1901)
Action.c(197):     GET /WebTours/images/cancelallreservations.gif HTTP/1.1\r\n
Action.c(197):     Referer: http://localhost:1080/cgi-bin/itinerary.pl\r\n
Action.c(197):     DNT: 1\r\n
Action.c(197):     User-Agent: Mozilla/5.0 (Windows NT 6.3; WOW64; Trident/7.0; rv:11.0) like Gecko\r\n
Action.c(197):     Accept-Encoding: gzip, deflate\r\n
Action.c(197):     Accept-Language: ru-RU\r\n
Action.c(197):     Accept: */*\r\n
Action.c(197):     Connection: Keep-Alive\r\n
Action.c(197):     Host: localhost:1080\r\n
Action.c(197):     Cookie: MSO=SID&1658225604; MTUserInfo=firstName&Masha&username&masha484&address2&Madrid&h
Action.c(197):     ash&52&address1&Pushkina&lastName&Nasha%0A\r\n
Action.c(197):     \r\n
Action.c(197): t=3784583ms: 298-byte response headers for "http://localhost:1080/WebTours/images/cancelreservation.gif" (RelFrameId=, Internal ID=1900)
Action.c(197):     HTTP/1.1 200 OK\r\n
Action.c(197):     Date: Tue, 19 Jul 2022 10:13:27 GMT\r\n
Action.c(197):     Server: Apache/2.2.21 (Win32)\r\n
Action.c(197):     Last-Modified: Thu, 12 Jan 2012 13:30:28 GMT\r\n
Action.c(197):     ETag: "2200000004e652-33f-4b654c0620500"\r\n
Action.c(197):     Accept-Ranges: bytes\r\n
Action.c(197):     Content-Length: 831\r\n
Action.c(197):     Keep-Alive: timeout=5, max=87\r\n
Action.c(197):     Connection: Keep-Alive\r\n
Action.c(197):     Content-Type: image/gif\r\n
Action.c(197):     \r\n
Action.c(197): t=3784584ms: 831-byte response body for "http://localhost:1080/WebTours/images/cancelreservation.gif" (RelFrameId=, Internal ID=1900)
Action.c(197): t=3784584ms: Request done "http://localhost:1080/WebTours/images/cancelreservation.gif"  	[MsgId: MMSG-26000]
Action.c(197): t=3784585ms: 298-byte response headers for "http://localhost:1080/WebTours/images/cancelallreservations.gif" (RelFrameId=, Internal ID=1901)
Action.c(197):     HTTP/1.1 200 OK\r\n
Action.c(197):     Date: Tue, 19 Jul 2022 10:13:27 GMT\r\n
Action.c(197):     Server: Apache/2.2.21 (Win32)\r\n
Action.c(197):     Last-Modified: Thu, 12 Jan 2012 13:30:28 GMT\r\n
Action.c(197):     ETag: "1700000004e631-2e6-4b654c0620500"\r\n
Action.c(197):     Accept-Ranges: bytes\r\n
Action.c(197):     Content-Length: 742\r\n
Action.c(197):     Keep-Alive: timeout=5, max=93\r\n
Action.c(197):     Connection: Keep-Alive\r\n
Action.c(197):     Content-Type: image/gif\r\n
Action.c(197):     \r\n
Action.c(197): t=3784586ms: 742-byte response body for "http://localhost:1080/WebTours/images/cancelallreservations.gif" (RelFrameId=, Internal ID=1901)
Action.c(197): t=3784586ms: Request done "http://localhost:1080/WebTours/images/cancelallreservations.gif"  	[MsgId: MMSG-26000]
Action.c(197): Registered web_reg_find successful for "Text=Itinerary Button" (count=1)  	[MsgId: MMSG-26364]
Action.c(197): web_url("Itinerary Button") was successful, 475450 body bytes, 1619 header bytes, 702 chunking overhead bytes  	[MsgId: MMSG-26385]
Action.c(207): Notify: Transaction "clickItinerary" ended with a "Pass" status (Duration: 1,7162 Wasted Time: 0,0025).	[MsgId: MMSG-16871]
..\\Parametres\\common_lib.h(94): Notify: Transaction "logout" started.	[MsgId: MMSG-16999]
..\\Parametres\\common_lib.h(96): web_reg_find started  	[MsgId: MMSG-26355]
..\\Parametres\\common_lib.h(96): Registering web_reg_find was successful  	[MsgId: MMSG-26390]
..\\Parametres\\common_lib.h(99): web_url("SignOff Button") started  	[MsgId: MMSG-26355]
..\\Parametres\\common_lib.h(99): t=3784588ms: Already connected [0] to localhost:1080  	[MsgId: MMSG-26000]
..\\Parametres\\common_lib.h(99): t=3784588ms: 450-byte request headers for "http://localhost:1080/cgi-bin/welcome.pl?signOff=1" (RelFrameId=1, Internal ID=1902)
..\\Parametres\\common_lib.h(99):     GET /cgi-bin/welcome.pl?signOff=1 HTTP/1.1\r\n
..\\Parametres\\common_lib.h(99):     Referer: http://localhost:1080/cgi-bin/nav.pl?page=menu&in=home\r\n
..\\Parametres\\common_lib.h(99):     DNT: 1\r\n
..\\Parametres\\common_lib.h(99):     User-Agent: Mozilla/5.0 (Windows NT 6.3; WOW64; Trident/7.0; rv:11.0) like Gecko\r\n
..\\Parametres\\common_lib.h(99):     Accept-Encoding: gzip, deflate\r\n
..\\Parametres\\common_lib.h(99):     Accept-Language: ru-RU\r\n
..\\Parametres\\common_lib.h(99):     Accept: */*\r\n
..\\Parametres\\common_lib.h(99):     Connection: Keep-Alive\r\n
..\\Parametres\\common_lib.h(99):     Host: localhost:1080\r\n
..\\Parametres\\common_lib.h(99):     Cookie: MSO=SID&1658225604; MTUserInfo=firstName&Masha&username&masha484&address2&Madrid&h
..\\Parametres\\common_lib.h(99):     ash&52&address1&Pushkina&lastName&Nasha%0A\r\n
..\\Parametres\\common_lib.h(99):     \r\n
..\\Parametres\\common_lib.h(99): t=3784726ms: 327-byte response headers for "http://localhost:1080/cgi-bin/welcome.pl?signOff=1" (RelFrameId=1, Internal ID=1902)
..\\Parametres\\common_lib.h(99):     HTTP/1.1 200 OK\r\n
..\\Parametres\\common_lib.h(99):     Date: Tue, 19 Jul 2022 10:13:27 GMT\r\n
..\\Parametres\\common_lib.h(99):     Server: Apache/2.2.21 (Win32)\r\n
..\\Parametres\\common_lib.h(99):     Set-Cookie: MSO=SID&1658225607; path=/\r\n
..\\Parametres\\common_lib.h(99):     Set-Cookie: MTUserInfo=; path=/; expires=Mon, 18-Jul-2022 10:13:27 GMT\r\n
..\\Parametres\\common_lib.h(99):     Keep-Alive: timeout=5, max=86\r\n
..\\Parametres\\common_lib.h(99):     Connection: Keep-Alive\r\n
..\\Parametres\\common_lib.h(99):     Transfer-Encoding: chunked\r\n
..\\Parametres\\common_lib.h(99):     Content-Type: text/html; charset=ISO-8859-1\r\n
..\\Parametres\\common_lib.h(99):     \r\n
..\\Parametres\\common_lib.h(99): t=3784727ms: 5-byte chunked response overhead for "http://localhost:1080/cgi-bin/welcome.pl?signOff=1" (RelFrameId=1, Internal ID=1902)
..\\Parametres\\common_lib.h(99):     2ae\r\n
..\\Parametres\\common_lib.h(99): t=3784728ms: 2-byte chunked response overhead for "http://localhost:1080/cgi-bin/welcome.pl?signOff=1" (RelFrameId=1, Internal ID=1902)
..\\Parametres\\common_lib.h(99):     \r\n
..\\Parametres\\common_lib.h(99): t=3784728ms: 686-byte chunked response body for "http://localhost:1080/cgi-bin/welcome.pl?signOff=1" (RelFrameId=1, Internal ID=1902)
..\\Parametres\\common_lib.h(99):     <!-- \n
..\\Parametres\\common_lib.h(99):      A Session ID has been created and loaded into a cookie called MSO.\n
..\\Parametres\\common_lib.h(99):      Also, the server options have been loaded into the cookie called\n
..\\Parametres\\common_lib.h(99):      MSO as well.  The server options can be set via the Admin page.\n
..\\Parametres\\common_lib.h(99):      --->\n
..\\Parametres\\common_lib.h(99):     \n
..\\Parametres\\common_lib.h(99):     <html>\n
..\\Parametres\\common_lib.h(99):     <title>Web Tours</title>\n
..\\Parametres\\common_lib.h(99):        <!-- Frame Set -->\n
..\\Parametres\\common_lib.h(99):        <frameset cols="160,*" border="1" frameborder="1">\n
..\\Parametres\\common_lib.h(99):           <!-- Navigation Frame -->\n
..\\Parametres\\common_lib.h(99):           <frame src="nav.pl?in=home" name="navbar" marginheight="2" marginwidth="2" \n
..\\Parametres\\common_lib.h(99):                 noresize="noresize" scrolling="auto"/>\n
..\\Parametres\\common_lib.h(99):           <!-- Home Frame -->\n
..\\Parametres\\common_lib.h(99):           <frame src="/WebTours/home.html" name="info" marginheight="2" marginwidth="2" \n
..\\Parametres\\common_lib.h(99):                 noresize="noresize" scrolling="auto"/>\n
..\\Parametres\\common_lib.h(99):        </frameset>\n
..\\Parametres\\common_lib.h(99):     </html>\n
..\\Parametres\\common_lib.h(99):     \n
..\\Parametres\\common_lib.h(99):     </body>\n
..\\Parametres\\common_lib.h(99):     </html>
..\\Parametres\\common_lib.h(99): Detected non-resource "http://localhost:1080/cgi-bin/nav.pl?in=home" in "http://localhost:1080/cgi-bin/welcome.pl?signOff=1"  	[MsgId: MMSG-26574]
..\\Parametres\\common_lib.h(99): Detected non-resource "http://localhost:1080/WebTours/home.html" in "http://localhost:1080/cgi-bin/welcome.pl?signOff=1"  	[MsgId: MMSG-26574]
..\\Parametres\\common_lib.h(99): Retrieving data from cache for "http://localhost:1080/WebTours/home.html"  	[MsgId: MMSG-26558]
..\\Parametres\\common_lib.h(99): t=3784730ms: 1361-byte response body retrieved from cache for "http://localhost:1080/WebTours/home.html" (RelFrameId=1.2, Internal ID=1904)
..\\Parametres\\common_lib.h(99):     <HTML>\n
..\\Parametres\\common_lib.h(99):     <HEAD>\n
..\\Parametres\\common_lib.h(99):     \t<title>Web Tours</title>\n
..\\Parametres\\common_lib.h(99):     </HEAD>\n
..\\Parametres\\common_lib.h(99):     <style>\n
..\\Parametres\\common_lib.h(99):     \tblockquote {font-family: tahoma; font-size : 10pt}\n
..\\Parametres\\common_lib.h(99):     \tH1 {font-family: tahoma; font-size : 22pt; color: #003366}\n
..\\Parametres\\common_lib.h(99):     \tsmall {font-family: tahoma; font-size : 8pt}\n
..\\Parametres\\common_lib.h(99):     \tH3{font-family: tahoma; font-size : 10pt; color: black}\n
..\\Parametres\\common_lib.h(99):     \tA {FONT-WEIGHT: bold; FONT-SIZE: 10pt; COLOR: black; FONT-FAMILY: Tahoma; TEXT-DECORATIO
..\\Parametres\\common_lib.h(99):     N: none}\n
..\\Parametres\\common_lib.h(99):     \tA:hover{ FONT-WEIGHT: bold; FONT-SIZE: 10pt; COLOR: #993333; FONT-FAMILY: Tahoma;TEXT-DE
..\\Parametres\\common_lib.h(99):     CORATION: underline}\n
..\\Parametres\\common_lib.h(99):     \tTD {font-family: tahoma; font-size : 10pt; color: black}\n
..\\Parametres\\common_lib.h(99):     </style>\n
..\\Parametres\\common_lib.h(99):     <body bgcolor="#e0e7f1">\n
..\\Parametres\\common_lib.h(99):     <BR/>\n
..\\Parametres\\common_lib.h(99):     <BR/>\n
..\\Parametres\\common_lib.h(99):     <BR/>\n
..\\Parametres\\common_lib.h(99):     <br/>\n
..\\Parametres\\common_lib.h(99):     <table border="0">\n
..\\Parametres\\common_lib.h(99):     <tr><td></td></tr>\n
..\\Parametres\\common_lib.h(99):     <TR><TD></TD></TR>\n
..\\Parametres\\common_lib.h(99):     <TR><TD>\n
..\\Parametres\\common_lib.h(99):     <blockquote>\n
..\\Parametres\\common_lib.h(99):     <H1><b>Web Tours</b></H1>\n
..\\Parametres\\common_lib.h(99):     Welcome to the Web Tours site.\n
..\\Parametres\\common_lib.h(99):     <br/>\n
..\\Parametres\\common_lib.h(99):     To make reservations,please enter your account information to the left.\n
..\\Parametres\\common_lib.h(99):     <br/>\n
..\\Parametres\\common_lib.h(99):     If you haven't registered yet, <A href="/cgi-bin/login.pl?username=&amp;password=&amp;getI
..\\Parametres\\common_lib.h(99):     nfo=true" ><B>sign up now</B></A> to get access to all our resources.\n
..\\Parametres\\common_lib.h(99):     <br/>\n
..\\Parametres\\common_lib.h(99):     To configure the server options, use <A href="/cgi-bin/admin.pl" target="body" ><b>adminis
..\\Parametres\\common_lib.h(99):     tration</b></A> link.\n
..\\Parametres\\common_lib.h(99):     <br/><br/><br/><br/><br/><br/>\n
..\\Parametres\\common_lib.h(99):     <br/><small>\n
..\\Parametres\\common_lib.h(99):     This product uses parts of the SMT Kernel, Copyright (c) 1991-99 <A href="http://www.imati
..\\Parametres\\common_lib.h(99):     x.com" target="new"><B><small>iMatix Corporation</small></B></A> \n
..\\Parametres\\common_lib.h(99):     </small>\n
..\\Parametres\\common_lib.h(99):     </blockquote></TD>\n
..\\Parametres\\common_lib.h(99):     <TD></TD></TR>\n
..\\Parametres\\common_lib.h(99):     </table>\n
..\\Parametres\\common_lib.h(99):     </body>\n
..\\Parametres\\common_lib.h(99):     </HTML>\n
..\\Parametres\\common_lib.h(99): t=3784735ms: Already connected [1] to localhost:1080  	[MsgId: MMSG-26000]
..\\Parametres\\common_lib.h(99): t=3784735ms: 334-byte request headers for "http://localhost:1080/cgi-bin/nav.pl?in=home" (RelFrameId=1.1, Internal ID=1903)
..\\Parametres\\common_lib.h(99):     GET /cgi-bin/nav.pl?in=home HTTP/1.1\r\n
..\\Parametres\\common_lib.h(99):     Referer: http://localhost:1080/cgi-bin/welcome.pl?signOff=1\r\n
..\\Parametres\\common_lib.h(99):     DNT: 1\r\n
..\\Parametres\\common_lib.h(99):     User-Agent: Mozilla/5.0 (Windows NT 6.3; WOW64; Trident/7.0; rv:11.0) like Gecko\r\n
..\\Parametres\\common_lib.h(99):     Accept-Encoding: gzip, deflate\r\n
..\\Parametres\\common_lib.h(99):     Accept-Language: ru-RU\r\n
..\\Parametres\\common_lib.h(99):     Accept: */*\r\n
..\\Parametres\\common_lib.h(99):     Connection: Keep-Alive\r\n
..\\Parametres\\common_lib.h(99):     Host: localhost:1080\r\n
..\\Parametres\\common_lib.h(99):     Cookie: MSO=SID&1658225607\r\n
..\\Parametres\\common_lib.h(99):     \r\n
..\\Parametres\\common_lib.h(99): t=3784738ms: 5-byte chunked response overhead for "http://localhost:1080/cgi-bin/welcome.pl?signOff=1" (RelFrameId=1, Internal ID=1902)
..\\Parametres\\common_lib.h(99):     0\r\n
..\\Parametres\\common_lib.h(99):     \r\n
..\\Parametres\\common_lib.h(99): t=3784739ms: Request done "http://localhost:1080/cgi-bin/welcome.pl?signOff=1"  	[MsgId: MMSG-26000]
Action was aborted.	[MsgId: MMSG-10694]
Ending Vuser...	[MsgId: MMSG-15966]
Starting action vuser_end.	[MsgId: MMSG-15919]
Ending action vuser_end.	[MsgId: MMSG-15918]
Vuser Terminated.	[MsgId: MMSG-15963]
t=3784854ms: Closed connection [0] to localhost:1080 after completing 15 request(s)  	[MsgId: MMSG-26000]
t=3784855ms: Closed connection [1] to localhost:1080 after completing 9 request(s)  	[MsgId: MMSG-26000]
t=3784855ms: Closed connection [2] to localhost:1080 after completing 4 request(s)  	[MsgId: MMSG-26000]
t=3784856ms: Closed connection [3] to localhost:1080 after completing 3 request(s)  	[MsgId: MMSG-26000]
t=3784856ms: Closed connection [4] to localhost:1080 after completing 1 request(s)  	[MsgId: MMSG-26000]
t=3784857ms: Closed connection [5] to localhost:1080 after completing 1 request(s)  	[MsgId: MMSG-26000]
HTML-Mode memory management statistics: Reusable=68, NonReusable=0, CsMemBlockSize=4096, checks disabled  	[MsgId: MMSG-26000]
Vuser 1 (thread 6696), ended OK."	[MsgId: MMSG-10695]
..\\Parametres\\common_lib.h(99): t=3784880ms: 255-byte response headers for "http://localhost:1080/cgi-bin/nav.pl?in=home" (RelFrameId=1.1, Internal ID=1903)
..\\Parametres\\common_lib.h(99):     HTTP/1.1 200 OK\r\n
..\\Parametres\\common_lib.h(99):     Date: Tue, 19 Jul 2022 10:13:27 GMT\r\n
..\\Parametres\\common_lib.h(99):     Server: Apache/2.2.21 (Win32)\r\n
..\\Parametres\\common_lib.h(99):     Expires: Mon, 18 Jul 2022 10:13:27 GMT\r\n
..\\Parametres\\common_lib.h(99):     Keep-Alive: timeout=5, max=92\r\n
..\\Parametres\\common_lib.h(99):     Connection: Keep-Alive\r\n
..\\Parametres\\common_lib.h(99):     Transfer-Encoding: chunked\r\n
..\\Parametres\\common_lib.h(99):     Content-Type: text/html; charset=ISO-8859-1\r\n
..\\Parametres\\common_lib.h(99):     \r\n
..\\Parametres\\common_lib.h(99): t=3784882ms: 5-byte chunked response overhead for "http://localhost:1080/cgi-bin/nav.pl?in=home" (RelFrameId=1.1, Internal ID=1903)
..\\Parametres\\common_lib.h(99):     5ce\r\n
..\\Parametres\\common_lib.h(99): t=3784882ms: 2-byte chunked response overhead for "http://localhost:1080/cgi-bin/nav.pl?in=home" (RelFrameId=1.1, Internal ID=1903)
..\\Parametres\\common_lib.h(99):     \r\n
..\\Parametres\\common_lib.h(99): t=3784882ms: 1486-byte chunked response body for "http://localhost:1080/cgi-bin/nav.pl?in=home" (RelFrameId=1.1, Internal ID=1903)
..\\Parametres\\common_lib.h(99):     <!DOCTYPE html\n
..\\Parametres\\common_lib.h(99):     \tPUBLIC "-//W3C//DTD XHTML 1.0 Transitional//EN"\n
..\\Parametres\\common_lib.h(99):     \t "http://www.w3.org/TR/xhtml1/DTD/xhtml1-transitional.dtd">\n
..\\Parametres\\common_lib.h(99):     <html xmlns="http://www.w3.org/1999/xhtml" lang="en-US" xml:lang="en-US">\n
..\\Parametres\\common_lib.h(99):     <head>\n
..\\Parametres\\common_lib.h(99):     <title>Web Tours Navigation Bar</title>\n
..\\Parametres\\common_lib.h(99):     <meta http-equiv="Content-Type" content="text/html; charset=iso-8859-1" />\n
..\\Parametres\\common_lib.h(99):     </head>\n
..\\Parametres\\common_lib.h(99):     <body bgcolor="#E0E7F1">\n
..\\Parametres\\common_lib.h(99):     <style>\n
..\\Parametres\\common_lib.h(99):     blockquote {font-family: tahoma; font-size : 10pt}\n
..\\Parametres\\common_lib.h(99):     H1 {font-family: tahoma; font-size : 22pt; color: #993333}\n
..\\Parametres\\common_lib.h(99):     H3 {font-family: tahoma; font-size : 10pt; color: black}\n
..\\Parametres\\common_lib.h(99):     small {font-family: tahoma; font-size : 8pt}\n
..\\Parametres\\common_lib.h(99):     </style>\n
..\\Parametres\\common_lib.h(99):     <form method="post" action="/cgi-bin/login.pl" target="body">\n
..\\Parametres\\common_lib.h(99):     <input type="hidden" name="userSession" value="134323.661968408zQAQcHDpDzcftVtffpztAVHf"/>
..\\Parametres\\common_lib.h(99):     \n
..\\Parametres\\common_lib.h(99):     <table border="0"><tr><td>&nbsp;</td>\n
..\\Parametres\\common_lib.h(99):     <td>&nbsp;</td></tr>\n
..\\Parametres\\common_lib.h(99):     <tr><td>&nbsp;</td>\n
..\\Parametres\\common_lib.h(99):     <td>&nbsp;</td></tr>\n
..\\Parametres\\common_lib.h(99):     <tr><td>&nbsp;</td>\n
..\\Parametres\\common_lib.h(99):     <td><small>&nbsp;Username</small></td></tr>\n
..\\Parametres\\common_lib.h(99):     <tr><td>&nbsp;</td>\n
..\\Parametres\\common_lib.h(99):     <td><input type="text" name="username" value="" size="14" maxlength="14"/></td></tr>\n
..\\Parametres\\common_lib.h(99):     <tr><td>&nbsp;</td>\n
..\\Parametres\\common_lib.h(99):     <td><small>&nbsp;Password</small></td>\n
..\\Parametres\\common_lib.h(99):     <tr><td>&nbsp;</td>\n
..\\Parametres\\common_lib.h(99):     <td><input type="password" name="password" value="" size="14" maxlength="14"/></td></tr>\n
..\\Parametres\\common_lib.h(99):     <tr><td>&nbsp;</td>\n
..\\Parametres\\common_lib.h(99):     <td>&nbsp;</td></tr>\n
..\\Parametres\\common_lib.h(99):     <tr><td>&nbsp;</td>\n
..\\Parametres\\common_lib.h(99):     <td><input type="image" name="login" value="Login" alt="Login" border="1" \n
..\\Parametres\\common_lib.h(99):     src="/WebTours/images/mer_login.gif"/></td></tr>\n
..\\Parametres\\common_lib.h(99):     <tr><td>&nbsp;</td><td>&nbsp;</td></tr>\n
..\\Parametres\\common_lib.h(99):     </table><input type="hidden" name="JSFormSubmit" value="off"/>\n
..\\Parametres\\common_lib.h(99):     </form>\n
..\\Parametres\\common_lib.h(99):     \n
..\\Parametres\\common_lib.h(99):     </body>\n
..\\Parametres\\common_lib.h(99):     </html>\n
..\\Parametres\\common_lib.h(99): Resource "http://localhost:1080/WebTours/images/mer_login.gif" is in the cache already and will not be downloaded again  	[MsgId: MMSG-26655]
..\\Parametres\\common_lib.h(99): t=3784892ms: 5-byte chunked response overhead for "http://localhost:1080/cgi-bin/nav.pl?in=home" (RelFrameId=1.1, Internal ID=1903)
..\\Parametres\\common_lib.h(99):     0\r\n
..\\Parametres\\common_lib.h(99):     \r\n
..\\Parametres\\common_lib.h(99): t=3784892ms: Request done "http://localhost:1080/cgi-bin/nav.pl?in=home"  	[MsgId: MMSG-26000]
..\\Parametres\\common_lib.h(99): Registered web_reg_find successful for "Text=Web Tours" (count=5)  	[MsgId: MMSG-26364]
..\\Parametres\\common_lib.h(99): web_url("SignOff Button") was successful, 2172 body bytes, 582 header bytes, 24 chunking overhead bytes  	[MsgId: MMSG-26385]
..\\Parametres\\common_lib.h(109): Notify: Transaction "logout" ended with a "Pass" status (Duration: 0,3061 Wasted Time: 0,0000).	[MsgId: MMSG-16871]
Action.c(211): Notify: Transaction "UC03_BuyTickets" ended with a "Pass" status (Duration: 3,9410 Wasted Time: 0,0083).	[MsgId: MMSG-16871]
Ending action Action.	[MsgId: MMSG-15918]
Ending iteration 56.	[MsgId: MMSG-15965]
Waiting 56,0530 seconds for iteration pacing.	[MsgId: MMSG-15996]
Action was aborted.	[MsgId: MMSG-10694]
Ending Vuser...	[MsgId: MMSG-15966]
Starting action vuser_end.	[MsgId: MMSG-15919]
Ending action vuser_end.	[MsgId: MMSG-15918]
Vuser Terminated.	[MsgId: MMSG-15963]
t=3810002ms: Closed connection [0] to localhost:1080 after completing 15 request(s)  	[MsgId: MMSG-26000]
t=3810002ms: Closed connection [1] to localhost:1080 after completing 9 request(s)  	[MsgId: MMSG-26000]
t=3810003ms: Closed connection [2] to localhost:1080 after completing 4 request(s)  	[MsgId: MMSG-26000]
t=3810003ms: Closed connection [3] to localhost:1080 after completing 3 request(s)  	[MsgId: MMSG-26000]
t=3810004ms: Closed connection [4] to localhost:1080 after completing 1 request(s)  	[MsgId: MMSG-26000]
t=3810004ms: Closed connection [5] to localhost:1080 after completing 1 request(s)  	[MsgId: MMSG-26000]
HTML-Mode memory management statistics: Reusable=68, NonReusable=0, CsMemBlockSize=4096, checks disabled  	[MsgId: MMSG-26000]
Vuser 2 (thread 9912), ended OK."	[MsgId: MMSG-10695]
