Action.c(197):       <TD width="5%" rowspan="2" align="left" valign="top">\n
Action.c(197):     <b>\n
Action.c(197):     <label><input type="checkbox" name="191" value="on" /></label></font></b>\n
Action.c(197):     <input type="hidden" name="flightID" value="1004378237-1469601-KM"  />\n
Action.c(197):       </TD>\n
Action.c(197):       <TD width="45%" valign="top">\n
Action.c(197):           <b>&nbsp;&nbsp;2 None class tickets for :</b><br/>\n
Action.c(197):           <center><table border="0" width="85%"><tr><td>\n
Action.c(197):           <li><i>Kirill  Mefodiev      <li><i>Kirill Mef\n
Action.c(197):           <li><i></i>\n
Action.c(197):           </td></tr></table></center>\n
Action.c(197):       </TD>\n
Action.c(197):       <TD width="5%" >.<br/>.<br/>.<br/>.</TD>\n
Action.c(197):       <TD width="45%" valign=top><b>Invoice sent to:</b><br/>\n
Action.c(197):           <center>\n
Action.c(197):           <Table width="80%" cellspacing="0" > <tr> <td>\n
Action.c(197):               Kirill Mefodiev\n
Action.c(197):     <br/>\n
Action.c(197):               Lenina<br/>\n
Action.c(197):               Kiev<br/>\n
Action.c(197):               <br/>\n
Action.c(197):               Total Charge: $ 4814 <BR/> (CC: x-2711)\n
Action.c(197):           </td> </tr> </table>\n
Action.c(197):           </center>\n
Action.c(197):       </TD>\n
Action.c(197):     </TR>\n
Action.c(197):     <TR bgcolor="#EFF2F7">\n
Action.c(197):       <TD COLSPAN="3">\n
Action.c(197):       <b>Flight Details:</b><BR/>  <center>\n
Action.c(197):       07/19/2022\n
Action.c(197):      :  1pm : Flight 821 leaves Sydney  for London.<br>  </center>\n
Action.c(197):       </TD>\n
Action.c(197):     </TR>\n
Action.c(197):     \n
Action.c(197):     <TR bgcolor="#EFF2F7">\n
Action.c(197):       <TD COLSPAN="4">\n
Action.c(197):       <hr/>\n
Action.c(197):       </TD>\n
Action.c(197):     </TR>\n
Action.c(197):     \n
Action.c(197):     <!-- Flight #1 -->\n
Action.c(197):     <TR bgcolor="#EFF2F7">\n
Action.c(197):       <TD width="5%" rowspan="2" align="left" valign="top">\n
Action.c(197):     <b>\n
Action.c(197):     <label><input type="checkbox" name="192" value="on" /></label></font></b>\n
Action.c(197):     <input type="hidden" name="flightID" value="1833786-1476-KM"  />\n
Action.c(197):       </TD>\n
Action.c(197):       <TD width="45%" valign="top">\n
Action.c(197):           <b>&nbsp;&nbsp;2 Aisle class tickets for :</b><br/>\n
Action.c(197):           <center><table border="0" width="85%"><tr><td>\n
Action.c(197):           <li><i>Kirill  Mefodiev      <li><i>Kirill Mef\n
Action.c(197):           <li><i></i>\n
Action.c(197):           </td></tr></table></center>\n
Action.c(197):       </TD>\n
Action.c(197):       <TD width="5%" >.<br/>.<br/>.<br/>.</TD>\n
Action.c(197):       <TD width="45%" valign=top><b>Invoice sent to:</b><br/>\n
Action.c(197):           <center>\n
Action.c(197):           <Table width="80%" cellspacing="0" > <tr> <td>\n
Action.c(197):               Kirill Mefodiev\n
Action.c(197):     <br/>\n
Action.c(197):               Stepnaya<br/>\n
Action.c(197):               Bern<br/>\n
Action.c(197):               <br/>\n
Action.c(197):               Total Charge: $ 0 <BR/> (CC: x-4951)\n
Action.c(197):           </td> </tr> </table>\n
Action.c(197):           </center>\n
Action.c(197):       </TD>\n
Action.c(197):     </TR>\n
Action.c(197):     <TR bgcolor="#EFF2F7">\n
Action.c(197):       <TD COLSPAN="3">\n
Action.c(197):       <b>Flight Details:</b><BR/>  <center>\n
Action.c(197):       07/19/2022\n
Action.c(197):      :  11pm : Flight 223 leaves London  for London.<br>  </center>\n
Action.c(197):       </TD>\n
Action.c(197):     </TR>\n
Action.c(197):     \n
Action.c(197):     <TR bgcolor="#EFF2F7">\n
Action.c(197):       <TD COLSPAN="4">\n
Action.c(197):       <hr/>\n
Action.c(197):       </TD>\n
Action.c(197):     </TR>\n
Action.c(197):     \n
Action.c(197):     <!-- Flight #1 -->\n
Action.c(197):     <TR bgcolor="#EFF2F7">\n
Action.c(197):       <TD width="5%" rowspan="2" align="left" valign="top">\n
Action.c(197):     <b>\n
Action.c(197):     <label><input type="checkbox" name="193" value="on" /></label></font></b>\n
Action.c(197):     <input type="hidden" name="flightID" value="5153751-148527-KM"  />\n
Action.c(197):       </TD>\n
Action.c(197):       <TD width="45%" valign="top">\n
Action.c(197):           <b>&nbsp;&nbsp;3 Window class tickets for :</b><br/>\n
Action.c(197):           <center><table border="0" width="85%"><tr><td>\n
Action.c(197):           <li><i>Kirill  Mefodiev      <li><i>Kirill Mef      <li><i>Ol Pees\n
Action.c(197):           <li><i></i>\n
Action.c(197):           </td></tr></table></center>\n
Action.c(197):       </TD>\n
Action.c(197):       <TD width="5%" >.<br/>.<br/>.<br/>.</TD>\n
Action.c(197):       <TD width="45%" valign=top><b>Invoice sent to:</b><br/>\n
Action.c(197):           <center>\n
Action.c(197):           <Table width="80%" cellspacing="0" > <tr> <td>\n
Action.c(197):               Kirill Mefodiev\n
Action.c(197):     <br/>\n
Action.c(197):               Mira<br/>\n
Action.c(197):               Andorra<br/>\n
Action.c(197):               <br/>\n
Action.c(197):               Total Charge: $ 855 <BR/> (CC: x-0139)\n
Action.c(197):           </td> </tr> </table>\n
Action.c(197):           </center>\n
Action.c(197):       </TD>\n
Action.c(197):     </TR>\n
Action.c(197):     <TR bgcolor="#EFF2F7">\n
Action.c(197):       <TD COLSPAN="3">\n
Action.c(197):       <b>Flight Details:</b><BR/>  <center>\n
Action.c(197):       07/19/2022\n
Action.c(197):      :  1pm : Flight 151 leaves Frankfurt  for Portland.<br>  </center>\n
Action.c(197):       </TD>\n
Action.c(197):     </TR>\n
Action.c(197):     \n
Action.c(197):     <TR bgcolor="#EFF2F7">\n
Action.c(197):       <TD COLSPAN="4">\n
Action.c(197):       <hr/>\n
Action.c(197):       </TD>\n
Action.c(197):     </TR>\n
Action.c(197):     \n
Action.c(197):     <!-- Flight #1 -->\n
Action.c(197):     <TR bgcolor="#EFF2F7">\n
Action.c(197):       <TD width="5%" rowspan="2" align="left" valign="top">\n
Action.c(197):     <b>\n
Action.c(197):     <label><input type="checkbox" name="194" value="on" /></label></font></b>\n
Action.c(197):     <input type="hidden" name="flightID" value="336183078-149248-KM"  />\n
Action.c(197):       </TD>\n
Action.c(197):       <TD width="45%" valign="top">\n
Action.c(197):           <b>&nbsp;&nbsp;2 Window class tickets for :</b><br/>\n
Action.c(197):           <center><table border="0" width="85%"><tr><td>\n
Action.c(197):           <li><i>Kirill  Mefodiev      <li><i>Kirill Mef\n
Action.c(197):           <li><i></i>\n
Action.c(197):           </td></tr></table></center>\n
Action.c(197):       </TD>\n
Action.c(197):       <TD width="5%" >.<br/>.<br/>.<br/>.</TD>\n
Action.c(197):       <TD width="45%" valign=top><b>Invoice sent to:</b><br/>\n
Action.c(197):           <center>\n
Action.c(197):           <Table width="80%" cellspacing="0" > <tr> <td>\n
Action.c(197):               Kirill Mefodiev\n
Action.c(197):     <br/>\n
Action.c(197):               Stepnaya<br/>\n
Action.c(197):               Madrid<br/>\n
Action.c(197):               <br/>\n
Action.c(197):               Total Charge: $ 234 <BR/> (CC: x-9076)\n
Action.c(197):           </td> </tr> </table>\n
Action.c(197):           </center>\n
Action.c(197):       </TD>\n
Action.c(197):     </TR>\n
Action.c(197):     <TR bgcolor="#EFF2F7">\n
Action.c(197):       <TD COLSPAN="3">\n
Action.c(197):       <b>Flight Details:</b><BR/>  <center>\n
Action.c(197):       07/19/2022\n
Action.c(197):      :  11pm : Flight 943 leaves Zurich  for Paris.<br>  </center>\n
Action.c(197):       </TD>\n
Action.c(197):     </TR>\n
Action.c(197):     \n
Action.c(197):     <TR bgcolor="#EFF2F7">\n
Action.c(197):       <TD COLSPAN="4">\n
Action.c(197):       <hr/>\n
Action.c(197):       </TD>\n
Action.c(197):     </TR>\n
Action.c(197):     \n
Action.c(197):     <!-- Flight #1 -->\n
Action.c(197):     <TR bgcolor="#EFF2F7">\n
Action.c(197):       <TD width="5%" rowspan="2" align="left" valign="top">\n
Action.c(197):     <b>\n
Action.c(197):     <label><input type="checkbox" name="195" value="on" /></label></font></b>\n
Action.c(197):     <input type="hidden" name="flightID" value="105495591-1500149-KM"  />\n
Action.c(197):       </TD>\n
Action.c(197):       <TD width="45%" valign="top">\n
Action.c(197):           <b>&nbsp;&nbsp;2 None class tickets for :</b><br/>\n
Action.c(197):           <center><table border="0" width="85%"><tr><td>\n
Action.c(197):           <li><i>Kirill  Mefodiev      <li><i>Kirill Mef\n
Action.c(197):           <li><i></i>\n
Action.c(197):           </td></tr></table></center>\n
Action.c(197):       </TD>\n
Action.c(197):       <TD width="5%" >.<br/>.<br/>.<br/>.</TD>\n
Action.c(197):       <TD width="45%" valign=top><b>Invoice sent to:</b><br/>\n
Action.c(197):           <center>\n
Action.c(197):           <Table width="80%" cellspacing="0" > <tr> <td>\n
Action.c(197):               Kirill Mefodiev\n
Action.c(197):     <br/>\n
Action.c(197):               Colacola<br/>\n
Action.c(197):               Nicca<br/>\n
Action.c(197):               <br/>\n
Action.c(197):               Total Charge: $ 1942 <BR/> (CC: x-2848)\n
Action.c(197):           </td> </tr> </table>\n
Action.c(197):           </center>\n
Action.c(197):       </TD>\n
Action.c(197):     </TR>\n
Action.c(197):     <TR bgcolor="#EFF2F7">\n
Action.c(197):       <TD COLSPAN="3">\n
Action.c(197):       <b>Flight Details:</b><BR/>  <center>\n
Action.c(197):       07/19/2022\n
Action.c(197):      :  8am : Flight 380 leaves Los Angeles  for Sydney.<br>  </center>\n
Action.c(197):       </TD>\n
Action.c(197):     </TR>\n
Action.c(197):     \n
Action.c(197):     <TR bgcolor="#EFF2F7">\n
Action.c(197):       <TD COLSPAN="4">\n
Action.c(197):       <hr/>\n
Action.c(197):       </TD>\n
Action.c(197):     </TR>\n
Action.c(197):     \n
Action.c(197):     <!-- Flight #1 -->\n
Action.c(197):     <TR bgcolor="#EFF2F7">\n
Action.c(197):       <TD width="5%" rowspan="2" align="left" valign="top">\n
Action.c(197):     <b>\n
Action.c(197):     <label><input type="checkbox" name="196" value="on" /></label></font></b>\n
Action.c(197):     <input type="hidden" name="flightID" value="222457494-150796-KM"  />\n
Action.c(197):       </TD>\n
Action.c(197):       <TD width="45%" valign="top">\n
Action.c(197):           <b>&nbsp;&nbsp;A Aisle class ticket for :</b><br/>\n
Action.c(197):           <center><table border="0" width="85%"><tr><td>\n
Action.c(197):           <li><i>Kirill  Mefodiev\n
Action.c(197):           <li><i></i>\n
Action.c(197):           </td></tr></table></center>\n
Action.c(197):       </TD>\n
Action.c(197):       <TD width="5%" >.<br/>.<br/>.<br/>.</TD>\n
Action.c(197):       <TD width="45%" valign=top><b>Invoice sent to:</b><br/>\n
Action.c(197):           <center>\n
Action.c(197):           <Table width="80%" cellspacing="0" > <tr> <td>\n
Action.c(197):               Kirill Mefodiev\n
Action.c(197):     <br/>\n
Action.c(197):               Mira<br/>\n
Action.c(197):               Madrid<br/>\n
Action.c(197):               <br/>\n
Action.c(197):               Total Charge: $ 351 <BR/> (CC: x-6006)\n
Action.c(197):           </td> </tr> </table>\n
Action.c(197):           </center>\n
Action.c(197):       </TD>\n
Action.c(197):     </TR>\n
Action.c(197):     <TR bgcolor="#EFF2F7">\n
Action.c(197):       <TD COLSPAN="3">\n
Action.c(197):       <b>Flight Details:</b><BR/>  <center>\n
Action.c(197):       07/19/2022\n
Action.c(197):      :  5pm : Flight 352 leaves Los Angeles  for Portland.<br>  </center>\n
Action.c(197):       </TD>\n
Action.c(197):     </TR>\n
Action.c(197):     \n
Action.c(197):     <TR bgcolor="#EFF2F7">\n
Action.c(197):       <TD COLSPAN="4">\n
Action.c(197):       <hr/>\n
Action.c(197):       </TD>\n
Action.c(197):     </TR>\n
Action.c(197):     \n
Action.c(197):     <!-- Flight #1 -->\n
Action.c(197):     <TR bgcolor="#EFF2F7">\n
Action.c(197):       <TD width="5%" rowspan="2" align="left" valign="top">\n
Action.c(197):     <b>\n
Action.c(197):     <label><input type="checkbox" name="197" value="on" /></label></font></b>\n
Action.c(197):     <input type="hidden" name="flightID" value="317264867-1515479-KM"  />\n
Action.c(197):       </TD>\n
Action.c(197):       <TD width="45%" valign="top">\n
Action.c(197):           <b>&nbsp;&nbsp;3 None class tickets for :</b><br/>\n
Action.c(197):           <center><table border="0" width="85%"><tr><td>\n
Action.c(197):           <li><i>Kirill  Mefodiev      <li><i>Kirill Mef      <li><i>Ol Pees\n
Action.c(197):           <li><i></i>\n
Action.c(197):           </td></tr></table></center>\n
Action.c(197):       </TD>\n
Action.c(197):       <TD width="5%" >.<br/>.<br/>.<br/>.</TD>\n
Action.c(197):       <TD width="45%" valign=top><b>Invoice sent to:</b><br/>\n
Action.c(197):           <center>\n
Action.c(197):           <Table width="80%" cellspacing="0" > <tr> <td>\n
Action.c(197):               Kirill Mefodiev\n
Action.c(197):     <br/>\n
Action.c(197):               Novaya<br/>\n
Action.c(197):               Varshava<br/>\n
Action.c(197):               <br/>\n
Action.c(197):               Total Charge: $ 1239 <BR/> (CC: x-8566)\n
Action.c(197):           </td> </tr> </table>\n
Action.c(197):           </center>\n
Action.c(197):       </TD>\n
Action.c(197):     </TR>\n
Action.c(197):     <TR bgcolor="#EFF2F7">\n
Action.c(197):       <TD COLSPAN="3">\n
Action.c(197):       <b>Flight Details:</b><BR/>  <center>\n
Action.c(197):       07/19/2022\n
Action.c(197):      :  1pm : Flight 151 leaves Frankfurt  for Portland.<br>  </center>\n
Action.c(197):       </TD>\n
Action.c(197):     </TR>\n
Action.c(197):     \n
Action.c(197):     <TR bgcolor="#EFF2F7">\n
Action.c(197):       <TD COLSPAN="4">\n
Action.c(197):       <hr/>\n
Action.c(197):       </TD>\n
Action.c(197):     </TR>\n
Action.c(197):     \n
Action.c(197):     <!-- Flight #1 -->\n
Action.c(197):     <TR bgcolor="#EFF2F7">\n
Action.c(197):       <TD width="5%" rowspan="2" align="left" valign="top">\n
Action.c(197):     <b>\n
Action.c(197):     <label><input type="checkbox" name="198" value="on" /></label></font></b>\n
Action.c(197):     <input type="hidden" name="flightID" value="30018267-152324-KM"  />\n
Action.c(197):       </TD>\n
Action.c(197):       <TD width="45%" valign="top">\n
Action.c(197):           <b>&nbsp;&nbsp;A Window class ticket for :</b><br/>\n
Action.c(197):           <center><table border="0" width="85%"><tr><td>\n
Action.c(197):           <li><i>Kirill  Mefodiev\n
Action.c(197):           <li><i></i>\n
Action.c(197):           </td></tr></table></center>\n
Action.c(197):       </TD>\n
Action.c(197):       <TD width="5%" >.<br/>.<br/>.<br/>.</TD>\n
Action.c(197):       <TD width="45%" valign=top><b>Invoice sent to:</b><br/>\n
Action.c(197):           <center>\n
Action.c(197):           <Table width="80%" cellspacing="0" > <tr> <td>\n
Action.c(197):               Kirill Mefodiev\n
Action.c(197):     <br/>\n
Action.c(197):               Colacola<br/>\n
Action.c(197):               Ottava<br/>\n
Action.c(197):               <br/>\n
Action.c(197):               Total Charge: $ 219 <BR/> (CC: x-0810)\n
Action.c(197):           </td> </tr> </table>\n
Action.c(197):           </center>\n
Action.c(197):       </TD>\n
Action.c(197):     </TR>\n
Action.c(197):     <TR bgcolor="#EFF2F7">\n
Action.c(197):       <TD COLSPAN="3">\n
Action.c(197):       <b>Flight Details:</b><BR/>  <center>\n
Action.c(197):       07/19/2022\n
Action.c(197):      :  11pm : Flight 493 leaves Paris  for Zurich.<br>  </center>\n
Action.c(197):       </TD>\n
Action.c(197):     </TR>\n
Action.c(197):     \n
Action.c(197):     <TR bgcolor="#EFF2F7">\n
Action.c(197):       <TD COLSPAN="4">\n
Action.c(197):       <hr/>\n
Action.c(197):       </TD>\n
Action.c(197):     </TR>\n
Action.c(197):     \n
Action.c(197):     <!-- Flight #1 -->\n
Action.c(197):     <TR bgcolor="#EFF2F7">\n
Action.c(197):       <TD width="5%" rowspan="2" align="left" valign="top">\n
Action.c(197):     <b>\n
Action.c(197):     <label><input type="checkbox" name="199" value="on" /></label></font></b>\n
Action.c(197):     <input type="hidden" name="flightID" value="3127156335-1531013-KM"  />\n
Action.c(197):       </TD>\n
Action.c(197):       <TD width="45%" valign="top">\n
Action.c(197):           <b>&nbsp;&nbsp;3 None class tickets for :</b><br/>\n
Action.c(197):           <center><table border="0" width="85%"><tr><td>\n
Action.c(197):           <li><i>Kirill  Mefodiev      <li><i>Kirill Mef      <li><i>Ol Pees\n
Action.c(197):           <li><i></i>\n
Action.c(197):           </td></tr></table></center>\n
Action.c(197):       </TD>\n
Action.c(197):       <TD width="5%" >.<br/>.<br/>.<br/>.</TD>\n
Action.c(197):       <TD width="45%" valign=top><b>Invoice sent to:</b><br/>\n
Action.c(197):           <center>\n
Action.c(197):           <Table width="80%" cellspacing="0" > <tr> <td>\n
Action.c(197):               Kirill Mefodiev\n
Action.c(197):     <br/>\n
Action.c(197):               Pushkina<br/>\n
Action.c(197):               Varshava<br/>\n
Action.c(197):               <br/>\n
Action.c(197):               Total Charge: $ 3180 <BR/> (CC: x-8443)\n
Action.c(197):           </td> </tr> </table>\n
Action.c(197):           </center>\n
Action.c(197):       </TD>\n
Action.c(197):     </TR>\n
Action.c(197):     <TR bgcolor="#EFF2F7">\n
Action.c(197):       <TD COLSPAN="3">\n
Action.c(197):       <b>Flight Details:</b><BR/>  <center>\n
Action.c(197):       07/19/2022\n
Action.c(197):      :  5pm : Flight 322 leaves Los Angeles  for London.<br>  </center>\n
Action.c(197):       </TD>\n
Action.c(197):     </TR>\n
Action.c(197):     \n
Action.c(197):     <TR bgcolor="#EFF2F7">\n
Action.c(197):       <TD COLSPAN="4">\n
Action.c(197):       <hr/>\n
Action.c(197):       </TD>\n
Action.c(197):     </TR>\n
Action.c(197):     \n
Action.c(197):     <!-- Flight #1 -->\n
Action.c(197):     <TR bgcolor="#EFF2F7">\n
Action.c(197):       <TD width="5%" rowspan="2" align="left" valign="top">\n
Action.c(197):     <b>\n
Action.c(197):     <label><input type="checkbox" name="200" value="on" /></label></font></b>\n
Action.c(197):     <input type="hidden" name="flightID" value="286249017-153917-KM"  />\n
Action.c(197):       </TD>\n
Action.c(197):       <TD width="45%" valign="top">\n
Action.c(197):           <b>&nbsp;&nbsp;2 Window class tickets for :</b><br/>\n
Action.c(197):           <center><table border="0" width="85%"><tr><td>\n
Action.c(197):           <li><i>Kirill  Mefodiev      <li><i>Kirill Mef\n
Action.c(197):           <li><i></i>\n
Action.c(197):           </td></tr></table></center>\n
Action.c(197):       </TD>\n
Action.c(197):       <TD width="5%" >.<br/>.<br/>.<br/>.</TD>\n
Action.c(197):       <TD width="45%" valign=top><b>Invoice sent to:</b><br/>\n
Action.c(197):           <center>\n
Action.c(197):           <Table width="80%" cellspacing="0" > <tr> <td>\n
Action.c(197):               Kirill Mefodiev\n
Action.c(197):     <br/>\n
Action.c(197):               Staraya<br/>\n
Action.c(197):               Value<br/>\n
Action.c(197):               <br/>\n
Action.c(197):               Total Charge: $ 924 <BR/> (CC: x-7728)\n
Action.c(197):           </td> </tr> </table>\n
Action.c(197):           </center>\n
Action.c(197):       </TD>\n
Action.c(197):     </TR>\n
Action.c(197):     <TR bgcolor="#EFF2F7">\n
Action.c(197):       <TD COLSPAN="3">\n
Action.c(197):       <b>Flight Details:</b><BR/>  <center>\n
Action.c(197):       07/19/2022\n
Action.c(197):      :  11pm : Flight 723 leaves Seattle  for London.<br>  </center>\n
Action.c(197):       </TD>\n
Action.c(197):     </TR>\n
Action.c(197):     \n
Action.c(197):     <TR bgcolor="#EFF2F7">\n
Action.c(197):       <TD COLSPAN="4">\n
Action.c(197):       <hr/>\n
Action.c(197):       </TD>\n
Action.c(197):     </TR>\n
Action.c(197):     \n
Action.c(197):     <!-- Flight #1 -->\n
Action.c(197):     <TR bgcolor="#EFF2F7">\n
Action.c(197):       <TD width="5%" rowspan="2" align="left" valign="top">\n
Action.c(197):     <b>\n
Action.c(197):     <label><input type="checkbox" name="201" value="on" /></label></font></b>\n
Action.c(197):     <input type="hidden" name="flightID" value="94621988-154668-KM"  />\n
Action.c(197):       </TD>\n
Action.c(197):       <TD width="45%" valign="top">\n
Action.c(197):           <b>&nbsp;&nbsp;A Window class ticket for :</b><br/>\n
Action.c(197):           <center><table border="0" width="85%"><tr><td>\n
Action.c(197):           <li><i>Kirill  Mefodiev\n
Action.c(197):           <li><i></i>\n
Action.c(197):           </td></tr></table></center>\n
Action.c(197):       </TD>\n
Action.c(197):       <TD width="5%" >.<br/>.<br/>.<br/>.</TD>\n
Action.c(197):       <TD width="45%" valign=top><b>Invoice sent to:</b><br/>\n
Action.c(197):           <center>\n
Action.c(197):           <Table width="80%" cellspacing="0" > <tr> <td>\n
Action.c(197):               Kirill Mefodiev\n
Action.c(197):     <br/>\n
Action.c(197):               Novaya<br/>\n
Action.c(197):               Riga<br/>\n
Action.c(197):               <br/>\n
Action.c(197):               Tot
Action.c(197): t=1366144ms: 8-byte chunked response overhead for "http://localhost:1080/cgi-bin/itinerary.pl" (RelFrameId=1.2, Internal ID=776)
Action.c(197):     \r\n
Action.c(197):     1000\r\n
Action.c(197): t=1366144ms: 8-byte chunked response overhead for "http://localhost:1080/cgi-bin/itinerary.pl" (RelFrameId=1.2, Internal ID=776)
Action.c(197):     \r\n
Action.c(197):     1000\r\n
Action.c(197): t=1366144ms: 8-byte chunked response overhead for "http://localhost:1080/cgi-bin/itinerary.pl" (RelFrameId=1.2, Internal ID=776)
Action.c(197):     \r\n
Action.c(197):     3000\r\n
Action.c(197): t=1366144ms: 12263-byte chunked response body for "http://localhost:1080/cgi-bin/itinerary.pl" (RelFrameId=1.2, Internal ID=776)
Action.c(197):     al Charge: $ 686 <BR/> (CC: x-2554)\n
Action.c(197):           </td> </tr> </table>\n
Action.c(197):           </center>\n
Action.c(197):       </TD>\n
Action.c(197):     </TR>\n
Action.c(197):     <TR bgcolor="#EFF2F7">\n
Action.c(197):       <TD COLSPAN="3">\n
Action.c(197):       <b>Flight Details:</b><BR/>  <center>\n
Action.c(197):       07/19/2022\n
Action.c(197):      :  11pm : Flight 793 leaves Seattle  for Zurich.<br>  </center>\n
Action.c(197):       </TD>\n
Action.c(197):     </TR>\n
Action.c(197):     \n
Action.c(197):     <TR bgcolor="#EFF2F7">\n
Action.c(197):       <TD COLSPAN="4">\n
Action.c(197):       <hr/>\n
Action.c(197):       </TD>\n
Action.c(197):     </TR>\n
Action.c(197):     \n
Action.c(197):     <!-- Flight #1 -->\n
Action.c(197):     <TR bgcolor="#EFF2F7">\n
Action.c(197):       <TD width="5%" rowspan="2" align="left" valign="top">\n
Action.c(197):     <b>\n
Action.c(197):     <label><input type="checkbox" name="202" value="on" /></label></font></b>\n
Action.c(197):     <input type="hidden" name="flightID" value="2001811889-1554002-KM"  />\n
Action.c(197):       </TD>\n
Action.c(197):       <TD width="45%" valign="top">\n
Action.c(197):           <b>&nbsp;&nbsp;2 None class tickets for :</b><br/>\n
Action.c(197):           <center><table border="0" width="85%"><tr><td>\n
Action.c(197):           <li><i>Kirill  Mefodiev      <li><i>Kirill Mef\n
Action.c(197):           <li><i></i>\n
Action.c(197):           </td></tr></table></center>\n
Action.c(197):       </TD>\n
Action.c(197):       <TD width="5%" >.<br/>.<br/>.<br/>.</TD>\n
Action.c(197):       <TD width="45%" valign=top><b>Invoice sent to:</b><br/>\n
Action.c(197):           <center>\n
Action.c(197):           <Table width="80%" cellspacing="0" > <tr> <td>\n
Action.c(197):               Kirill Mefodiev\n
Action.c(197):     <br/>\n
Action.c(197):               Mira<br/>\n
Action.c(197):               Nicca<br/>\n
Action.c(197):               <br/>\n
Action.c(197):               Total Charge: $ 2030 <BR/> (CC: x-5404)\n
Action.c(197):           </td> </tr> </table>\n
Action.c(197):           </center>\n
Action.c(197):       </TD>\n
Action.c(197):     </TR>\n
Action.c(197):     <TR bgcolor="#EFF2F7">\n
Action.c(197):       <TD COLSPAN="3">\n
Action.c(197):       <b>Flight Details:</b><BR/>  <center>\n
Action.c(197):       07/19/2022\n
Action.c(197):      :  5pm : Flight 892 leaves Sydney  for Zurich.<br>  </center>\n
Action.c(197):       </TD>\n
Action.c(197):     </TR>\n
Action.c(197):     \n
Action.c(197):     <TR bgcolor="#EFF2F7">\n
Action.c(197):       <TD COLSPAN="4">\n
Action.c(197):       <hr/>\n
Action.c(197):       </TD>\n
Action.c(197):     </TR>\n
Action.c(197):     \n
Action.c(197):     <!-- Flight #1 -->\n
Action.c(197):     <TR bgcolor="#EFF2F7">\n
Action.c(197):       <TD width="5%" rowspan="2" align="left" valign="top">\n
Action.c(197):     <b>\n
Action.c(197):     <label><input type="checkbox" name="203" value="on" /></label></font></b>\n
Action.c(197):     <input type="hidden" name="flightID" value="18400896-156168-KM"  />\n
Action.c(197):       </TD>\n
Action.c(197):       <TD width="45%" valign="top">\n
Action.c(197):           <b>&nbsp;&nbsp;2 Aisle class tickets for :</b><br/>\n
Action.c(197):           <center><table border="0" width="85%"><tr><td>\n
Action.c(197):           <li><i>Kirill  Mefodiev      <li><i>Kirill Mef\n
Action.c(197):           <li><i></i>\n
Action.c(197):           </td></tr></table></center>\n
Action.c(197):       </TD>\n
Action.c(197):       <TD width="5%" >.<br/>.<br/>.<br/>.</TD>\n
Action.c(197):       <TD width="45%" valign=top><b>Invoice sent to:</b><br/>\n
Action.c(197):           <center>\n
Action.c(197):           <Table width="80%" cellspacing="0" > <tr> <td>\n
Action.c(197):               Kirill Mefodiev\n
Action.c(197):     <br/>\n
Action.c(197):               Otradnaya<br/>\n
Action.c(197):               Nicca<br/>\n
Action.c(197):               <br/>\n
Action.c(197):               Total Charge: $ 194 <BR/> (CC: x-4968)\n
Action.c(197):           </td> </tr> </table>\n
Action.c(197):           </center>\n
Action.c(197):       </TD>\n
Action.c(197):     </TR>\n
Action.c(197):     <TR bgcolor="#EFF2F7">\n
Action.c(197):       <TD COLSPAN="3">\n
Action.c(197):       <b>Flight Details:</b><BR/>  <center>\n
Action.c(197):       07/19/2022\n
Action.c(197):      :  1pm : Flight 241 leaves London  for Paris.<br>  </center>\n
Action.c(197):       </TD>\n
Action.c(197):     </TR>\n
Action.c(197):     \n
Action.c(197):     <TR bgcolor="#EFF2F7">\n
Action.c(197):       <TD COLSPAN="4">\n
Action.c(197):       <hr/>\n
Action.c(197):       </TD>\n
Action.c(197):     </TR>\n
Action.c(197):     \n
Action.c(197):     <!-- Flight #1 -->\n
Action.c(197):     <TR bgcolor="#EFF2F7">\n
Action.c(197):       <TD width="5%" rowspan="2" align="left" valign="top">\n
Action.c(197):     <b>\n
Action.c(197):     <label><input type="checkbox" name="204" value="on" /></label></font></b>\n
Action.c(197):     <input type="hidden" name="flightID" value="1728604483-1569393-KM"  />\n
Action.c(197):       </TD>\n
Action.c(197):       <TD width="45%" valign="top">\n
Action.c(197):           <b>&nbsp;&nbsp;2 None class tickets for :</b><br/>\n
Action.c(197):           <center><table border="0" width="85%"><tr><td>\n
Action.c(197):           <li><i>Kirill  Mefodiev      <li><i>Kirill Mef\n
Action.c(197):           <li><i></i>\n
Action.c(197):           </td></tr></table></center>\n
Action.c(197):       </TD>\n
Action.c(197):       <TD width="5%" >.<br/>.<br/>.<br/>.</TD>\n
Action.c(197):       <TD width="45%" valign=top><b>Invoice sent to:</b><br/>\n
Action.c(197):           <center>\n
Action.c(197):           <Table width="80%" cellspacing="0" > <tr> <td>\n
Action.c(197):               Kirill Mefodiev\n
Action.c(197):     <br/>\n
Action.c(197):               Otradnaya<br/>\n
Action.c(197):               Moscow<br/>\n
Action.c(197):               <br/>\n
Action.c(197):               Total Charge: $ 2120 <BR/> (CC: x-4667)\n
Action.c(197):           </td> </tr> </table>\n
Action.c(197):           </center>\n
Action.c(197):       </TD>\n
Action.c(197):     </TR>\n
Action.c(197):     <TR bgcolor="#EFF2F7">\n
Action.c(197):       <TD COLSPAN="3">\n
Action.c(197):       <b>Flight Details:</b><BR/>  <center>\n
Action.c(197):       07/19/2022\n
Action.c(197):      :  5pm : Flight 232 leaves London  for Los Angeles.<br>  </center>\n
Action.c(197):       </TD>\n
Action.c(197):     </TR>\n
Action.c(197):     \n
Action.c(197):     <TR bgcolor="#EFF2F7">\n
Action.c(197):       <TD COLSPAN="4">\n
Action.c(197):       <hr/>\n
Action.c(197):       </TD>\n
Action.c(197):     </TR>\n
Action.c(197):     \n
Action.c(197):     <!-- Flight #1 -->\n
Action.c(197):     <TR bgcolor="#EFF2F7">\n
Action.c(197):       <TD width="5%" rowspan="2" align="left" valign="top">\n
Action.c(197):     <b>\n
Action.c(197):     <label><input type="checkbox" name="205" value="on" /></label></font></b>\n
Action.c(197):     <input type="hidden" name="flightID" value="104274482-1577162-KM"  />\n
Action.c(197):       </TD>\n
Action.c(197):       <TD width="45%" valign="top">\n
Action.c(197):           <b>&nbsp;&nbsp;3 Aisle class tickets for :</b><br/>\n
Action.c(197):           <center><table border="0" width="85%"><tr><td>\n
Action.c(197):           <li><i>Kirill  Mefodiev      <li><i>Kirill Mef      <li><i>Ol Pees\n
Action.c(197):           <li><i></i>\n
Action.c(197):           </td></tr></table></center>\n
Action.c(197):       </TD>\n
Action.c(197):       <TD width="5%" >.<br/>.<br/>.<br/>.</TD>\n
Action.c(197):       <TD width="45%" valign=top><b>Invoice sent to:</b><br/>\n
Action.c(197):           <center>\n
Action.c(197):           <Table width="80%" cellspacing="0" > <tr> <td>\n
Action.c(197):               Kirill Mefodiev\n
Action.c(197):     <br/>\n
Action.c(197):               Otradnaya<br/>\n
Action.c(197):               Riga<br/>\n
Action.c(197):               <br/>\n
Action.c(197):               Total Charge: $ 3114 <BR/> (CC: x-0281)\n
Action.c(197):           </td> </tr> </table>\n
Action.c(197):           </center>\n
Action.c(197):       </TD>\n
Action.c(197):     </TR>\n
Action.c(197):     <TR bgcolor="#EFF2F7">\n
Action.c(197):       <TD COLSPAN="3">\n
Action.c(197):       <b>Flight Details:</b><BR/>  <center>\n
Action.c(197):       07/19/2022\n
Action.c(197):      :  1pm : Flight 541 leaves Portland  for Paris.<br>  </center>\n
Action.c(197):       </TD>\n
Action.c(197):     </TR>\n
Action.c(197):     \n
Action.c(197):     <TR bgcolor="#EFF2F7">\n
Action.c(197):       <TD COLSPAN="4">\n
Action.c(197):       <hr/>\n
Action.c(197):       </TD>\n
Action.c(197):     </TR>\n
Action.c(197):     \n
Action.c(197):     <!-- Flight #1 -->\n
Action.c(197):     <TR bgcolor="#EFF2F7">\n
Action.c(197):       <TD width="5%" rowspan="2" align="left" valign="top">\n
Action.c(197):     <b>\n
Action.c(197):     <label><input type="checkbox" name="206" value="on" /></label></font></b>\n
Action.c(197):     <input type="hidden" name="flightID" value="261399361-1584732-KM"  />\n
Action.c(197):       </TD>\n
Action.c(197):       <TD width="45%" valign="top">\n
Action.c(197):           <b>&nbsp;&nbsp;2 Window class tickets for :</b><br/>\n
Action.c(197):           <center><table border="0" width="85%"><tr><td>\n
Action.c(197):           <li><i>Kirill  Mefodiev      <li><i>Kirill Mef\n
Action.c(197):           <li><i></i>\n
Action.c(197):           </td></tr></table></center>\n
Action.c(197):       </TD>\n
Action.c(197):       <TD width="5%" >.<br/>.<br/>.<br/>.</TD>\n
Action.c(197):       <TD width="45%" valign=top><b>Invoice sent to:</b><br/>\n
Action.c(197):           <center>\n
Action.c(197):           <Table width="80%" cellspacing="0" > <tr> <td>\n
Action.c(197):               Kirill Mefodiev\n
Action.c(197):     <br/>\n
Action.c(197):               Maya<br/>\n
Action.c(197):               Riga<br/>\n
Action.c(197):               <br/>\n
Action.c(197):               Total Charge: $ 1516 <BR/> (CC: x-7057)\n
Action.c(197):           </td> </tr> </table>\n
Action.c(197):           </center>\n
Action.c(197):       </TD>\n
Action.c(197):     </TR>\n
Action.c(197):     <TR bgcolor="#EFF2F7">\n
Action.c(197):       <TD COLSPAN="3">\n
Action.c(197):       <b>Flight Details:</b><BR/>  <center>\n
Action.c(197):       07/19/2022\n
Action.c(197):      :  5pm : Flight 782 leaves Seattle  for Sydney.<br>  </center>\n
Action.c(197):       </TD>\n
Action.c(197):     </TR>\n
Action.c(197):     \n
Action.c(197):     <TR bgcolor="#EFF2F7">\n
Action.c(197):       <TD COLSPAN="4">\n
Action.c(197):       <hr/>\n
Action.c(197):       </TD>\n
Action.c(197):     </TR>\n
Action.c(197):     \n
Action.c(197):     <!-- Flight #1 -->\n
Action.c(197):     <TR bgcolor="#EFF2F7">\n
Action.c(197):       <TD width="5%" rowspan="2" align="left" valign="top">\n
Action.c(197):     <b>\n
Action.c(197):     <label><input type="checkbox" name="207" value="on" /></label></font></b>\n
Action.c(197):     <input type="hidden" name="flightID" value="256726431-1592460-KM"  />\n
Action.c(197):       </TD>\n
Action.c(197):       <TD width="45%" valign="top">\n
Action.c(197):           <b>&nbsp;&nbsp;3 Aisle class tickets for :</b><br/>\n
Action.c(197):           <center><table border="0" width="85%"><tr><td>\n
Action.c(197):           <li><i>Kirill  Mefodiev      <li><i>Kirill Mef      <li><i>Ol Pees\n
Action.c(197):           <li><i></i>\n
Action.c(197):           </td></tr></table></center>\n
Action.c(197):       </TD>\n
Action.c(197):       <TD width="5%" >.<br/>.<br/>.<br/>.</TD>\n
Action.c(197):       <TD width="45%" valign=top><b>Invoice sent to:</b><br/>\n
Action.c(197):           <center>\n
Action.c(197):           <Table width="80%" cellspacing="0" > <tr> <td>\n
Action.c(197):               Kirill Mefodiev\n
Action.c(197):     <br/>\n
Action.c(197):               Lenina<br/>\n
Action.c(197):               Madrid<br/>\n
Action.c(197):               <br/>\n
Action.c(197):               Total Charge: $ 1983 <BR/> (CC: x-6931)\n
Action.c(197):           </td> </tr> </table>\n
Action.c(197):           </center>\n
Action.c(197):       </TD>\n
Action.c(197):     </TR>\n
Action.c(197):     <TR bgcolor="#EFF2F7">\n
Action.c(197):       <TD COLSPAN="3">\n
Action.c(197):       <b>Flight Details:</b><BR/>  <center>\n
Action.c(197):       07/19/2022\n
Action.c(197):      :  11pm : Flight 613 leaves San Francisco  for Frankfurt.<br>  </center>\n
Action.c(197):       </TD>\n
Action.c(197):     </TR>\n
Action.c(197):     \n
Action.c(197):     <TR bgcolor="#EFF2F7">\n
Action.c(197):       <TD COLSPAN="4">\n
Action.c(197):       <hr/>\n
Action.c(197):       </TD>\n
Action.c(197):     </TR>\n
Action.c(197):     \n
Action.c(197):     <!-- Flight #1 -->\n
Action.c(197):     <TR bgcolor="#EFF2F7">\n
Action.c(197):       <TD width="5%" rowspan="2" align="left" valign="top">\n
Action.c(197):     <b>\n
Action.c(197):     <label><input type="checkbox" name="208" value="on" /></label></font></b>\n
Action.c(197):     <input type="hidden" name="flightID" value="355195206-160043-KM"  />\n
Action.c(197):       </TD>\n
Action.c(197):       <TD width="45%" valign="top">\n
Action.c(197):           <b>&nbsp;&nbsp;A Aisle class ticket for :</b><br/>\n
Action.c(197):           <center><table border="0" width="85%"><tr><td>\n
Action.c(197):           <li><i>Kirill  Mefodiev\n
Action.c(197):           <li><i></i>\n
Action.c(197):           </td></tr></table></center>\n
Action.c(197):       </TD>\n
Action.c(197):       <TD width="5%" >.<br/>.<br/>.<br/>.</TD>\n
Action.c(197):       <TD width="45%" valign=top><b>Invoice sent to:</b><br/>\n
Action.c(197):           <center>\n
Action.c(197):           <Table width="80%" cellspacing="0" > <tr> <td>\n
Action.c(197):               Kirill Mefodiev\n
Action.c(197):     <br/>\n
Action.c(197):               Colacola<br/>\n
Action.c(197):               Ottava<br/>\n
Action.c(197):               <br/>\n
Action.c(197):               Total Charge: $ 565 <BR/> (CC: x-9590)\n
Action.c(197):           </td> </tr> </table>\n
Action.c(197):           </center>\n
Action.c(197):       </TD>\n
Action.c(197):     </TR>\n
Action.c(197):     <TR bgcolor="#EFF2F7">\n
Action.c(197):       <TD COLSPAN="3">\n
Action.c(197):       <b>Flight Details:</b><BR/>  <center>\n
Action.c(197):       07/19/2022\n
Action.c(197):      :  8am : Flight 270 leaves London  for Seattle.<br>  </center>\n
Action.c(197):       </TD>\n
Action.c(197):     </TR>\n
Action.c(197):     \n
Action.c(197):     <TR bgcolor="#EFF2F7">\n
Action.c(197):       <TD COLSPAN="4">\n
Action.c(197):       <hr/>\n
Action.c(197):       </TD>\n
Action.c(197):     </TR>\n
Action.c(197):     \n
Action.c(197):     <!-- Flight #1 -->\n
Action.c(197):     <TR bgcolor="#EFF2F7">\n
Action.c(197):       <TD width="5%" rowspan="2" align="left" valign="top">\n
Action.c(197):     <b>\n
Action.c(197):     <label><input type="checkbox" name="209" value="on" /></label></font></b>\n
Action.c(197):     <input type="hidden" name="flightID" value="296267128-160805-KM"  />\n
Action.c(197):       </TD>\n
Action.c(197):       <TD width="45%" valign="top">\n
Action.c(197):           <b>&nbsp;&nbsp;A Window class ticket for :</b><br/>\n
Action.c(197):           <center><table border="0" width="85%"><tr><td>\n
Action.c(197):           <li><i>Kirill  Mefodiev\n
Action.c(197):           <li><i></i>\n
Action.c(197):           </td></tr></table></center>\n
Action.c(197):       </TD>\n
Action.c(197):       <TD width="5%" >.<br/>.<br/>.<br/>.</TD>\n
Action.c(197):       <TD width="45%" valign=top><b>Invoice sent to:</b><br/>\n
Action.c(197):           <center>\n
Action.c(197):           <Table width="80%" cellspacing="0" > <tr> <td>\n
Action.c(197):               Kirill Mefodiev\n
Action.c(197):     <br/>\n
Action.c(197):               Otradnaya<br/>\n
Action.c(197):               Bern<br/>\n
Action.c(197):               <br/>\n
Action.c(197):               Total Charge: $ 471 <BR/> (CC: x-7999)\n
Action.c(197):           </td> </tr> </table>\n
Action.c(197):           </center>\n
Action.c(197):       </TD>\n
Action.c(197):     </TR>\n
Action.c(197):     <TR bgcolor="#EFF2F7">\n
Action.c(197):       <TD COLSPAN="3">\n
Action.c(197):       <b>Flight Details:</b><BR/>  <center>\n
Action.c(197):       07/19/2022\n
Action.c(197):      :  5pm : Flight 212 leaves London  for Frankfurt.<br>  </center>\n
Action.c(197):       </TD>\n
Action.c(197):     </TR>\n
Action.c(197):     \n
Action.c(197):     <TR bgcolor="#EFF2F7">\n
Action.c(197):       <TD COLSPAN="4">\n
Action.c(197):       <hr/>\n
Action.c(197):       </TD>\n
Action.c(197):     </TR>\n
Action.c(197):     \n
Action.c(197):     <!-- Flight #1 -->\n
Action.c(197):     <TR bgcolor="#EFF2F7">\n
Action.c(197):       <TD width="5%" rowspan="2" align="left" valign="top">\n
Action.c(197):     <b>\n
Action.c(197):     <label><input type="checkbox" name="210" value="on" /></label></font></b>\n
Action.c(197):     <input type="hidden" name="flightID" value="184708197-1615463-KM"  />\n
Action.c(197):       </TD>\n
Action.c(197):       <TD width="45%" valign="top">\n
Action.c(197):           <b>&nbsp;&nbsp;3 Window class tickets for :</b><br/>\n
Action.c(197):           <center><table border="0" width="85%"><tr><td>\n
Action.c(197):           <li><i>Kirill  Mefodiev      <li><i>Kirill Mef      <li><i>Ol Pees\n
Action.c(197):           <li><i></i>\n
Action.c(197):           </td></tr></table></center>\n
Action.c(197):       </TD>\n
Action.c(197):       <TD width="5%" >.<br/>.<br/>.<br/>.</TD>\n
Action.c(197):       <TD width="45%" valign=top><b>Invoice sent to:</b><br/>\n
Action.c(197):           <center>\n
Action.c(197):           <Table width="80%" cellspacing="0" > <tr> <td>\n
Action.c(197):               Kirill Mefodiev\n
Action.c(197):     <br/>\n
Action.c(197):               Pushkina<br/>\n
Action.c(197):               Riga<br/>\n
Action.c(197):               <br/>\n
Action.c(197):               Total Charge: $ 1029 <BR/> (CC: x-4987)\n
Action.c(197):           </td> </tr> </table>\n
Action.c(197):           </center>\n
Action.c(197):       </TD>\n
Action.c(197):     </TR>\n
Action.c(197):     <TR bgcolor="#EFF2F7">\n
Action.c(197):       <TD COLSPAN="3">\n
Action.c(197):       <b>Flight Details:</b><BR/>  <center>\n
Action.c(197):       07/19/2022\n
Action.c(197):      :  1pm : Flight 121 leaves Frankfurt  for London.<br>  </center>\n
Action.c(197):       </TD>\n
Action.c(197):     </TR>\n
Action.c(197):     \n
Action.c(197):     <TR bgcolor="#EFF2F7">\n
Action.c(197):       <TD COLSPAN="4">\n
Action.c(197):       <hr/>\n
Action.c(197):       </TD>\n
Action.c(197):     </TR>\n
Action.c(197):     <TR>\n
Action.c(197):        <TD align="center" COLSPAN="4">\n
Action.c(197):        <b>A total of 210 scheduled flights.</font></b>\n
Action.c(197):        </TD>\n
Action.c(197):     </TR>\n
Action.c(197):     </TABLE>\n
Action.c(197):     \n
Action.c(197):     <TABLE WIDTH="87%" BORDER="0" CELLSPACING="0">\n
Action.c(197):     <TR>\n
Action.c(197):     <TD align="left" width="50%" >\n
Action.c(197):     <input type="image" name="removeFlights" src="/WebTours/images/cancelreservation.gif" bord
Action.c(197):     er="0" /></TD>\n
Action.c(197):     <TD align="right" width="50%" >\n
Action.c(197):     <input type="image" name="removeAllFlights" src="/WebTours/images/cancelallreservations.gi
Action.c(197):     f" border="0" /></TD>\n
Action.c(197):     </TABLE>\n
Action.c(197):     \n
Action.c(197):     <div><input type="hidden" name=".cgifields" value="127"  /><input type="hidden" name=".cgi
Action.c(197):     fields" value="32"  /><input type="hidden" name=".cgifields" value="90"  /><input type="hi
Action.c(197):     dden" name=".cgifields" value="206"  /><input type="hidden" name=".cgifields" value="118" 
Action.c(197):      /><input type="hidden" name=".cgifields" value="71"  /><input type="hidden" name=".cgifie
Action.c(197):     lds" value="102"  /><input type="hidden" name=".cgifields" value="200"  /><input type="hid
Action.c(197):     den" name=".cgifields" value="18"  /><input type="hidden" name=".cgifields" value="125"  /
Action.c(197):     ><input type="hidden" name=".cgifields" value="16"  /><input type="hidden" name=".cgifield
Action.c(197):     s" value="44"  /><input type="hidden" name=".cgifields" value="55"  /><input type="hidden"
Action.c(197):      name=".cgifields" value="84"  /><input type="hidden" name=".cgifields" value="27"  /><inp
Action.c(197):     ut type="hidden" name=".cgifields" value="190"  /><input type="hidden" name=".cgifields" v
Action.c(197):     alue="161"  /><input type="hidden" name=".cgifields" value="194"  /><input type="hidden" n
Action.c(197):     ame=".cgifields" value="95"  /><input type="hidden" name=".cgifields" value="57"  /><input
Action.c(197):      type="hidden" name=".cgifields" value="20"  /><input type="hidden" name=".cgifields" valu
Action.c(197):     e="163"  /><input type="hidden" name=".cgifields" value="109"  /><input type="hidden" name
Action.c(197):     =".cgifields" value="151"  /><input type="hidden" name=".cgifields" value="89"  /><input t
Action.c(197):     ype="hidden" name=".cgifields" value="175"  /
Action.c(197): Found resource "http://localhost:1080/WebTours/images/cancelreservation.gif" in HTML "http://localhost:1080/cgi-bin/itinerary.pl"  	[MsgId: MMSG-26659]
Action.c(197): Found resource "http://localhost:1080/WebTours/images/cancelallreservations.gif" in HTML "http://localhost:1080/cgi-bin/itinerary.pl"  	[MsgId: MMSG-26659]
Action.c(197): t=1366158ms: 7-byte chunked response overhead for "http://localhost:1080/cgi-bin/itinerary.pl" (RelFrameId=1.2, Internal ID=776)
Action.c(197):     \r\n
Action.c(197):     4c2\r\n
Action.c(197): t=1366158ms: 7-byte chunked response overhead for "http://localhost:1080/cgi-bin/itinerary.pl" (RelFrameId=1.2, Internal ID=776)
Action.c(197):     \r\n
Action.c(197):     0\r\n
Action.c(197):     \r\n
Action.c(197): t=1366158ms: 9883-byte chunked response body for "http://localhost:1080/cgi-bin/itinerary.pl" (RelFrameId=1.2, Internal ID=776)
Action.c(197):     ><input type="hidden" name=".cgifields" value="148"  /><input type="hidden" name=".cgifiel
Action.c(197):     ds" value="31"  /><input type="hidden" name=".cgifields" value="35"  /><input type="hidden
Action.c(197):     " name=".cgifields" value="11"  /><input type="hidden" name=".cgifields" value="208"  /><i
Action.c(197):     nput type="hidden" name=".cgifields" value="78"  /><input type="hidden" name=".cgifields" 
Action.c(197):     value="93"  /><input type="hidden" name=".cgifields" value="106"  /><input type="hidden" n
Action.c(197):     ame=".cgifields" value="157"  /><input type="hidden" name=".cgifields" value="65"  /><inpu
Action.c(197):     t type="hidden" name=".cgifields" value="29"  /><input type="hidden" name=".cgifields" val
Action.c(197):     ue="197"  /><input type="hidden" name=".cgifields" value="203"  /><input type="hidden" nam
Action.c(197):     e=".cgifields" value="138"  /><input type="hidden" name=".cgifields" value="199"  /><input
Action.c(197):      type="hidden" name=".cgifields" value="114"  /><input type="hidden" name=".cgifields" val
Action.c(197):     ue="58"  /><input type="hidden" name=".cgifields" value="153"  /><input type="hidden" name
Action.c(197):     =".cgifields" value="15"  /><input type="hidden" name=".cgifields" value="137"  /><input t
Action.c(197):     ype="hidden" name=".cgifields" value="81"  /><input type="hidden" name=".cgifields" value=
Action.c(197):     "60"  /><input type="hidden" name=".cgifields" value="101"  /><input type="hidden" name=".
Action.c(197):     cgifields" value="73"  /><input type="hidden" name=".cgifields" value="86"  /><input type=
Action.c(197):     "hidden" name=".cgifields" value="76"  /><input type="hidden" name=".cgifields" value="62"
Action.c(197):       /><input type="hidden" name=".cgifields" value="67"  /><input type="hidden" name=".cgifi
Action.c(197):     elds" value="204"  /><input type="hidden" name=".cgifields" value="165"  /><input type="hi
Action.c(197):     dden" name=".cgifields" value="198"  /><input type="hidden" name=".cgifields" value="139" 
Action.c(197):      /><input type="hidden" name=".cgifields" value="129"  /><input type="hidden" name=".cgifi
Action.c(197):     elds" value="2"  /><input type="hidden" name=".cgifields" value="17"  /><input type="hidde
Action.c(197):     n" name=".cgifields" value="186"  /><input type="hidden" name=".cgifields" value="110"  />
Action.c(197):     <input type="hidden" name=".cgifields" value="82"  /><input type="hidden" name=".cgifields
Action.c(197):     " value="147"  /><input type="hidden" name=".cgifields" value="202"  /><input type="hidden
Action.c(197):     " name=".cgifields" value="168"  /><input type="hidden" name=".cgifields" value="184"  /><
Action.c(197):     input type="hidden" name=".cgifields" value="135"  /><input type="hidden" name=".cgifields
Action.c(197):     " value="14"  /><input type="hidden" name=".cgifields" value="112"  /><input type="hidden"
Action.c(197):      name=".cgifields" value="69"  /><input type="hidden" name=".cgifields" value="191"  /><in
Action.c(197):     put type="hidden" name=".cgifields" value="172"  /><input type="hidden" name=".cgifields" 
Action.c(197):     value="145"  /><input type="hidden" name=".cgifields" value="49"  /><input type="hidden" n
Action.c(197):     ame=".cgifields" value="178"  /><input type="hidden" name=".cgifields" value="24"  /><inpu
Action.c(197):     t type="hidden" name=".cgifields" value="187"  /><input type="hidden" name=".cgifields" va
Action.c(197):     lue="140"  /><input type="hidden" name=".cgifields" value="124"  /><input type="hidden" na
Action.c(197):     me=".cgifields" value="104"  /><input type="hidden" name=".cgifields" value="131"  /><inpu
Action.c(197):     t type="hidden" name=".cgifields" value="181"  /><input type="hidden" name=".cgifields" va
Action.c(197):     lue="121"  /><input type="hidden" name=".cgifields" value="79"  /><input type="hidden" nam
Action.c(197):     e=".cgifields" value="154"  /><input type="hidden" name=".cgifields" value="23"  /><input 
Action.c(197):     type="hidden" name=".cgifields" value="96"  /><input type="hidden" name=".cgifields" value
Action.c(197):     ="126"  /><input type="hidden" name=".cgifields" value="159"  /><input type="hidden" name=
Action.c(197):     ".cgifields" value="160"  /><input type="hidden" name=".cgifields" value="176"  /><input t
Action.c(197):     ype="hidden" name=".cgifields" value="47"  /><input type="hidden" name=".cgifields" value=
Action.c(197):     "8"  /><input type="hidden" name=".cgifields" value="209"  /><input type="hidden" name=".c
Action.c(197):     gifields" value="98"  /><input type="hidden" name=".cgifields" value="37"  /><input type="
Action.c(197):     hidden" name=".cgifields" value="117"  /><input type="hidden" name=".cgifields" value="43"
Action.c(197):       /><input type="hidden" name=".cgifields" value="195"  /><input type="hidden" name=".cgif
Action.c(197):     ields" value="5"  /><input type="hidden" name=".cgifields" value="170"  /><input type="hid
Action.c(197):     den" name=".cgifields" value="33"  /><input type="hidden" name=".cgifields" value="21"  />
Action.c(197):     <input type="hidden" name=".cgifields" value="63"  /><input type="hidden" name=".cgifields
Action.c(197):     " value="7"  /><input type="hidden" name=".cgifields" value="26"  /><input type="hidden" n
Action.c(197):     ame=".cgifields" value="80"  /><input type="hidden" name=".cgifields" value="193"  /><inpu
Action.c(197):     t type="hidden" name=".cgifields" value="119"  /><input type="hidden" name=".cgifields" va
Action.c(197):     lue="180"  /><input type="hidden" name=".cgifields" value="99"  /><input type="hidden" nam
Action.c(197):     e=".cgifields" value="179"  /><input type="hidden" name=".cgifields" value="162"  /><input
Action.c(197):      type="hidden" name=".cgifields" value="72"  /><input type="hidden" name=".cgifields" valu
Action.c(197):     e="74"  /><input type="hidden" name=".cgifields" value="182"  /><input type="hidden" name=
Action.c(197):     ".cgifields" value="61"  /><input type="hidden" name=".cgifields" value="108"  /><input ty
Action.c(197):     pe="hidden" name=".cgifields" value="115"  /><input type="hidden" name=".cgifields" value=
Action.c(197):     "92"  /><input type="hidden" name=".cgifields" value="103"  /><input type="hidden" name=".
Action.c(197):     cgifields" value="201"  /><input type="hidden" name=".cgifields" value="10"  /><input type
Action.c(197):     ="hidden" name=".cgifields" value="113"  /><input type="hidden" name=".cgifields" value="1
Action.c(197):     52"  /><input type="hidden" name=".cgifields" value="189"  /><input type="hidden" name=".c
Action.c(197):     gifields" value="207"  /><input type="hidden" name=".cgifields" value="142"  /><input type
Action.c(197):     ="hidden" name=".cgifields" value="91"  /><input type="hidden" name=".cgifields" value="16
Action.c(197):     7"  /><input type="hidden" name=".cgifields" value="48"  /><input type="hidden" name=".cgi
Action.c(197):     fields" value="107"  /><input type="hidden" name=".cgifields" value="87"  /><input type="h
Action.c(197):     idden" name=".cgifields" value="174"  /><input type="hidden" name=".cgifields" value="77" 
Action.c(197):      /><input type="hidden" name=".cgifields" value="133"  /><input type="hidden" name=".cgifi
Action.c(197):     elds" value="149"  /><input type="hidden" name=".cgifields" value="123"  /><input type="hi
Action.c(197):     dden" name=".cgifields" value="50"  /><input type="hidden" name=".cgifields" value="39"  /
Action.c(197):     ><input type="hidden" name=".cgifields" value="210"  /><input type="hidden" name=".cgifiel
Action.c(197):     ds" value="64"  /><input type="hidden" name=".cgifields" value="97"  /><input type="hidden
Action.c(197):     " name=".cgifields" value="12"  /><input type="hidden" name=".cgifields" value="41"  /><in
Action.c(197):     put type="hidden" name=".cgifields" value="52"  /><input type="hidden" name=".cgifields" v
Action.c(197):     alue="173"  /><input type="hidden" name=".cgifields" value="56"  /><input type="hidden" na
Action.c(197):     me=".cgifields" value="45"  /><input type="hidden" name=".cgifields" value="66"  /><input 
Action.c(197):     type="hidden" name=".cgifields" value="19"  /><input type="hidden" name=".cgifields" value
Action.c(197):     ="54"  /><input type="hidden" name=".cgifields" value="70"  /><input type="hidden" name=".
Action.c(197):     cgifields" value="188"  /><input type="hidden" name=".cgifields" value="68"  /><input type
Action.c(197):     ="hidden" name=".cgifields" value="166"  /><input type="hidden" name=".cgifields" value="1
Action.c(197):     "  /><input type="hidden" name=".cgifields" value="136"  /><input type="hidden" name=".cgi
Action.c(197):     fields" value="88"  /><input type="hidden" name=".cgifields" value="116"  /><input type="h
Action.c(197):     idden" name=".cgifields" value="144"  /><input type="hidden" name=".cgifields" value="141"
Action.c(197):       /><input type="hidden" name=".cgifields" value="30"  /><input type="hidden" name=".cgifi
Action.c(197):     elds" value="100"  /><input type="hidden" name=".cgifields" value="25"  /><input type="hid
Action.c(197):     den" name=".cgifields" value="128"  /><input type="hidden" name=".cgifields" value="28"  /
Action.c(197):     ><input type="hidden" name=".cgifields" value="120"  /><input type="hidden" name=".cgifiel
Action.c(197):     ds" value="156"  /><input type="hidden" name=".cgifields" value="134"  /><input type="hidd
Action.c(197):     en" name=".cgifields" value="40"  /><input type="hidden" name=".cgifields" value="75"  /><
Action.c(197):     input type="hidden" name=".cgifields" value="83"  /><input type="hidden" name=".cgifields"
Action.c(197):      value="192"  /><input type="hidden" name=".cgifields" value="59"  /><input type="hidden" 
Action.c(197):     name=".cgifields" value="177"  /><input type="hidden" name=".cgifields" value="150"  /><in
Action.c(197):     put type="hidden" name=".cgifields" value="155"  /><input type="hidden" name=".cgifields" 
Action.c(197):     value="130"  /><input type="hidden" name=".cgifields" value="53"  /><input type="hidden" n
Action.c(197):     ame=".cgifields" value="122"  /><input type="hidden" name=".cgifields" value="143"  /><inp
Action.c(197):     ut type="hidden" name=".cgifields" value="205"  /><input type="hidden" name=".cgifields" v
Action.c(197):     alue="158"  /><input type="hidden" name=".cgifields" value="42"  /><input type="hidden" na
Action.c(197):     me=".cgifields" value="22"  /><input type="hidden" name=".cgifields" value="46"  /><input 
Action.c(197):     type="hidden" name=".cgifields" value="13"  /><input type="hidden" name=".cgifields" value
Action.c(197):     ="105"  /><input type="hidden" name=".cgifields" value="6"  /><input type="hidden" name=".
Action.c(197):     cgifields" value="85"  /><input type="hidden" name=".cgifields" value="185"  /><input type
Action.c(197):     ="hidden" name=".cgifields" value="36"  /><input type="hidden" name=".cgifields" value="3"
Action.c(197):       /><input type="hidden" name=".cgifields" value="183"  /><input type="hidden" name=".cgif
Action.c(197):     ields" value="94"  /><input type="hidden" name=".cgifields" value="146"  /><input type="hi
Action.c(197):     dden" name=".cgifields" value="51"  /><input type="hidden" name=".cgifields" value="9"  />
Action.c(197):     <input type="hidden" name=".cgifields" value="111"  /><input type="hidden" name=".cgifield
Action.c(197):     s" value="38"  /><input type="hidden" name=".cgifields" value="4"  /><input type="hidden" 
Action.c(197):     name=".cgifields" value="34"  /><input type="hidden" name=".cgifields" value="169"  /><inp
Action.c(197):     ut type="hidden" name=".cgifields" value="164"  /><input type="hidden" name=".cgifields" v
Action.c(197):     alue="132"  /><input type="hidden" name=".cgifields" value="196"  /><input type="hidden" n
Action.c(197):     ame=".cgifields" value="171"  /></div></form>\n
Action.c(197):     \n
Action.c(197):     </center>\n
Action.c(197):     \n
Action.c(197):     </body>\n
Action.c(197):     </html>
Action.c(197): t=1366161ms: Request done "http://localhost:1080/cgi-bin/itinerary.pl"  	[MsgId: MMSG-26000]
Action.c(197): t=1366161ms: Already connected [0] to localhost:1080  	[MsgId: MMSG-26000]
Action.c(197): t=1366161ms: 448-byte request headers for "http://localhost:1080/WebTours/images/cancelreservation.gif" (RelFrameId=, Internal ID=778)
Action.c(197):     GET /WebTours/images/cancelreservation.gif HTTP/1.1\r\n
Action.c(197):     Referer: http://localhost:1080/cgi-bin/itinerary.pl\r\n
Action.c(197):     DNT: 1\r\n
Action.c(197):     User-Agent: Mozilla/5.0 (Windows NT 6.3; WOW64; Trident/7.0; rv:11.0) like Gecko\r\n
Action.c(197):     Accept-Encoding: gzip, deflate\r\n
Action.c(197):     Accept-Language: ru-RU\r\n
Action.c(197):     Accept: */*\r\n
Action.c(197):     Connection: Keep-Alive\r\n
Action.c(197):     Host: localhost:1080\r\n
Action.c(197):     Cookie: MSO=SID&1658149063; MTUserInfo=firstName&Kirill&username&kirill1d&address2&Value&h
Action.c(197):     ash&68&address1&Novaya&lastName&Mefodiev%0A\r\n
Action.c(197):     \r\n
Action.c(197): t=1366162ms: Already connected [1] to localhost:1080  	[MsgId: MMSG-26000]
Action.c(197): t=1366162ms: 452-byte request headers for "http://localhost:1080/WebTours/images/cancelallreservations.gif" (RelFrameId=, Internal ID=779)
Action.c(197):     GET /WebTours/images/cancelallreservations.gif HTTP/1.1\r\n
Action.c(197):     Referer: http://localhost:1080/cgi-bin/itinerary.pl\r\n
Action.c(197):     DNT: 1\r\n
Action.c(197):     User-Agent: Mozilla/5.0 (Windows NT 6.3; WOW64; Trident/7.0; rv:11.0) like Gecko\r\n
Action.c(197):     Accept-Encoding: gzip, deflate\r\n
Action.c(197):     Accept-Language: ru-RU\r\n
Action.c(197):     Accept: */*\r\n
Action.c(197):     Connection: Keep-Alive\r\n
Action.c(197):     Host: localhost:1080\r\n
Action.c(197):     Cookie: MSO=SID&1658149063; MTUserInfo=firstName&Kirill&username&kirill1d&address2&Value&h
Action.c(197):     ash&68&address1&Novaya&lastName&Mefodiev%0A\r\n
Action.c(197):     \r\n
Action.c(197): t=1366163ms: 298-byte response headers for "http://localhost:1080/WebTours/images/cancelreservation.gif" (RelFrameId=, Internal ID=778)
Action.c(197):     HTTP/1.1 200 OK\r\n
Action.c(197):     Date: Mon, 18 Jul 2022 12:57:44 GMT\r\n
Action.c(197):     Server: Apache/2.2.21 (Win32)\r\n
Action.c(197):     Last-Modified: Thu, 12 Jan 2012 13:30:28 GMT\r\n
Action.c(197):     ETag: "2200000004e652-33f-4b654c0620500"\r\n
Action.c(197):     Accept-Ranges: bytes\r\n
Action.c(197):     Content-Length: 831\r\n
Action.c(197):     Keep-Alive: timeout=5, max=87\r\n
Action.c(197):     Connection: Keep-Alive\r\n
Action.c(197):     Content-Type: image/gif\r\n
Action.c(197):     \r\n
Action.c(197): t=1366163ms: 831-byte response body for "http://localhost:1080/WebTours/images/cancelreservation.gif" (RelFrameId=, Internal ID=778)
Action.c(197): t=1366163ms: Request done "http://localhost:1080/WebTours/images/cancelreservation.gif"  	[MsgId: MMSG-26000]
Action.c(197): t=1366163ms: 298-byte response headers for "http://localhost:1080/WebTours/images/cancelallreservations.gif" (RelFrameId=, Internal ID=779)
Action.c(197):     HTTP/1.1 200 OK\r\n
Action.c(197):     Date: Mon, 18 Jul 2022 12:57:44 GMT\r\n
Action.c(197):     Server: Apache/2.2.21 (Win32)\r\n
Action.c(197):     Last-Modified: Thu, 12 Jan 2012 13:30:28 GMT\r\n
Action.c(197):     ETag: "1700000004e631-2e6-4b654c0620500"\r\n
Action.c(197):     Accept-Ranges: bytes\r\n
Action.c(197):     Content-Length: 742\r\n
Action.c(197):     Keep-Alive: timeout=5, max=93\r\n
Action.c(197):     Connection: Keep-Alive\r\n
Action.c(197):     Content-Type: image/gif\r\n
Action.c(197):     \r\n
Action.c(197): t=1366163ms: 742-byte response body for "http://localhost:1080/WebTours/images/cancelallreservations.gif" (RelFrameId=, Internal ID=779)
Action.c(197): t=1366163ms: Request done "http://localhost:1080/WebTours/images/cancelallreservations.gif"  	[MsgId: MMSG-26000]
Action.c(197): Registered web_reg_find successful for "Text=Itinerary Button" (count=1)  	[MsgId: MMSG-26364]
Action.c(197): web_url("Itinerary Button") was successful, 251233 body bytes, 1619 header bytes, 499 chunking overhead bytes  	[MsgId: MMSG-26385]
Action.c(207): Notify: Transaction "clickItinerary" ended with a "Pass" status (Duration: 0,4661 Wasted Time: 0,0005).	[MsgId: MMSG-16871]
..\\Parametres\\common_lib.h(94): Notify: Transaction "logout" started.	[MsgId: MMSG-16999]
..\\Parametres\\common_lib.h(96): web_reg_find started  	[MsgId: MMSG-26355]
..\\Parametres\\common_lib.h(96): Registering web_reg_find was successful  	[MsgId: MMSG-26390]
..\\Parametres\\common_lib.h(99): web_url("SignOff Button") started  	[MsgId: MMSG-26355]
..\\Parametres\\common_lib.h(99): t=1366164ms: Already connected [0] to localhost:1080  	[MsgId: MMSG-26000]
..\\Parametres\\common_lib.h(99): t=1366164ms: 451-byte request headers for "http://localhost:1080/cgi-bin/welcome.pl?signOff=1" (RelFrameId=1, Internal ID=780)
..\\Parametres\\common_lib.h(99):     GET /cgi-bin/welcome.pl?signOff=1 HTTP/1.1\r\n
..\\Parametres\\common_lib.h(99):     Referer: http://localhost:1080/cgi-bin/nav.pl?page=menu&in=home\r\n
..\\Parametres\\common_lib.h(99):     DNT: 1\r\n
..\\Parametres\\common_lib.h(99):     User-Agent: Mozilla/5.0 (Windows NT 6.3; WOW64; Trident/7.0; rv:11.0) like Gecko\r\n
..\\Parametres\\common_lib.h(99):     Accept-Encoding: gzip, deflate\r\n
..\\Parametres\\common_lib.h(99):     Accept-Language: ru-RU\r\n
..\\Parametres\\common_lib.h(99):     Accept: */*\r\n
..\\Parametres\\common_lib.h(99):     Connection: Keep-Alive\r\n
..\\Parametres\\common_lib.h(99):     Host: localhost:1080\r\n
..\\Parametres\\common_lib.h(99):     Cookie: MSO=SID&1658149063; MTUserInfo=firstName&Kirill&username&kirill1d&address2&Value&h
..\\Parametres\\common_lib.h(99):     ash&68&address1&Novaya&lastName&Mefodiev%0A\r\n
..\\Parametres\\common_lib.h(99):     \r\n
..\\Parametres\\common_lib.h(99): t=1366222ms: 327-byte response headers for "http://localhost:1080/cgi-bin/welcome.pl?signOff=1" (RelFrameId=1, Internal ID=780)
..\\Parametres\\common_lib.h(99):     HTTP/1.1 200 OK\r\n
..\\Parametres\\common_lib.h(99):     Date: Mon, 18 Jul 2022 12:57:44 GMT\r\n
..\\Parametres\\common_lib.h(99):     Server: Apache/2.2.21 (Win32)\r\n
..\\Parametres\\common_lib.h(99):     Set-Cookie: MSO=SID&1658149065; path=/\r\n
..\\Parametres\\common_lib.h(99):     Set-Cookie: MTUserInfo=; path=/; expires=Sun, 17-Jul-2022 12:57:45 GMT\r\n
..\\Parametres\\common_lib.h(99):     Keep-Alive: timeout=5, max=86\r\n
..\\Parametres\\common_lib.h(99):     Connection: Keep-Alive\r\n
..\\Parametres\\common_lib.h(99):     Transfer-Encoding: chunked\r\n
..\\Parametres\\common_lib.h(99):     Content-Type: text/html; charset=ISO-8859-1\r\n
..\\Parametres\\common_lib.h(99):     \r\n
..\\Parametres\\common_lib.h(99): t=1366222ms: 5-byte chunked response overhead for "http://localhost:1080/cgi-bin/welcome.pl?signOff=1" (RelFrameId=1, Internal ID=780)
..\\Parametres\\common_lib.h(99):     2ae\r\n
..\\Parametres\\common_lib.h(99): t=1366222ms: 2-byte chunked response overhead for "http://localhost:1080/cgi-bin/welcome.pl?signOff=1" (RelFrameId=1, Internal ID=780)
..\\Parametres\\common_lib.h(99):     \r\n
..\\Parametres\\common_lib.h(99): t=1366222ms: 686-byte chunked response body for "http://localhost:1080/cgi-bin/welcome.pl?signOff=1" (RelFrameId=1, Internal ID=780)
..\\Parametres\\common_lib.h(99):     <!-- \n
..\\Parametres\\common_lib.h(99):      A Session ID has been created and loaded into a cookie called MSO.\n
..\\Parametres\\common_lib.h(99):      Also, the server options have been loaded into the cookie called\n
..\\Parametres\\common_lib.h(99):      MSO as well.  The server options can be set via the Admin page.\n
..\\Parametres\\common_lib.h(99):      --->\n
..\\Parametres\\common_lib.h(99):     \n
..\\Parametres\\common_lib.h(99):     <html>\n
..\\Parametres\\common_lib.h(99):     <title>Web Tours</title>\n
..\\Parametres\\common_lib.h(99):        <!-- Frame Set -->\n
..\\Parametres\\common_lib.h(99):        <frameset cols="160,*" border="1" frameborder="1">\n
..\\Parametres\\common_lib.h(99):           <!-- Navigation Frame -->\n
..\\Parametres\\common_lib.h(99):           <frame src="nav.pl?in=home" name="navbar" marginheight="2" marginwidth="2" \n
..\\Parametres\\common_lib.h(99):                 noresize="noresize" scrolling="auto"/>\n
..\\Parametres\\common_lib.h(99):           <!-- Home Frame -->\n
..\\Parametres\\common_lib.h(99):           <frame src="/WebTours/home.html" name="info" marginheight="2" marginwidth="2" \n
..\\Parametres\\common_lib.h(99):                 noresize="noresize" scrolling="auto"/>\n
..\\Parametres\\common_lib.h(99):        </frameset>\n
..\\Parametres\\common_lib.h(99):     </html>\n
..\\Parametres\\common_lib.h(99):     \n
..\\Parametres\\common_lib.h(99):     </body>\n
..\\Parametres\\common_lib.h(99):     </html>
..\\Parametres\\common_lib.h(99): Detected non-resource "http://localhost:1080/cgi-bin/nav.pl?in=home" in "http://localhost:1080/cgi-bin/welcome.pl?signOff=1"  	[MsgId: MMSG-26574]
..\\Parametres\\common_lib.h(99): Detected non-resource "http://localhost:1080/WebTours/home.html" in "http://localhost:1080/cgi-bin/welcome.pl?signOff=1"  	[MsgId: MMSG-26574]
..\\Parametres\\common_lib.h(99): Retrieving data from cache for "http://localhost:1080/WebTours/home.html"  	[MsgId: MMSG-26558]
..\\Parametres\\common_lib.h(99): t=1366223ms: 1361-byte response body retrieved from cache for "http://localhost:1080/WebTours/home.html" (RelFrameId=1.2, Internal ID=782)
..\\Parametres\\common_lib.h(99):     <HTML>\n
..\\Parametres\\common_lib.h(99):     <HEAD>\n
..\\Parametres\\common_lib.h(99):     \t<title>Web Tours</title>\n
..\\Parametres\\common_lib.h(99):     </HEAD>\n
..\\Parametres\\common_lib.h(99):     <style>\n
..\\Parametres\\common_lib.h(99):     \tblockquote {font-family: tahoma; font-size : 10pt}\n
..\\Parametres\\common_lib.h(99):     \tH1 {font-family: tahoma; font-size : 22pt; color: #003366}\n
..\\Parametres\\common_lib.h(99):     \tsmall {font-family: tahoma; font-size : 8pt}\n
..\\Parametres\\common_lib.h(99):     \tH3{font-family: tahoma; font-size : 10pt; color: black}\n
..\\Parametres\\common_lib.h(99):     \tA {FONT-WEIGHT: bold; FONT-SIZE: 10pt; COLOR: black; FONT-FAMILY: Tahoma; TEXT-DECORATIO
..\\Parametres\\common_lib.h(99):     N: none}\n
..\\Parametres\\common_lib.h(99):     \tA:hover{ FONT-WEIGHT: bold; FONT-SIZE: 10pt; COLOR: #993333; FONT-FAMILY: Tahoma;TEXT-DE
..\\Parametres\\common_lib.h(99):     CORATION: underline}\n
..\\Parametres\\common_lib.h(99):     \tTD {font-family: tahoma; font-size : 10pt; color: black}\n
..\\Parametres\\common_lib.h(99):     </style>\n
..\\Parametres\\common_lib.h(99):     <body bgcolor="#e0e7f1">\n
..\\Parametres\\common_lib.h(99):     <BR/>\n
..\\Parametres\\common_lib.h(99):     <BR/>\n
..\\Parametres\\common_lib.h(99):     <BR/>\n
..\\Parametres\\common_lib.h(99):     <br/>\n
..\\Parametres\\common_lib.h(99):     <table border="0">\n
..\\Parametres\\common_lib.h(99):     <tr><td></td></tr>\n
..\\Parametres\\common_lib.h(99):     <TR><TD></TD></TR>\n
..\\Parametres\\common_lib.h(99):     <TR><TD>\n
..\\Parametres\\common_lib.h(99):     <blockquote>\n
..\\Parametres\\common_lib.h(99):     <H1><b>Web Tours</b></H1>\n
..\\Parametres\\common_lib.h(99):     Welcome to the Web Tours site.\n
..\\Parametres\\common_lib.h(99):     <br/>\n
..\\Parametres\\common_lib.h(99):     To make reservations,please enter your account information to the left.\n
..\\Parametres\\common_lib.h(99):     <br/>\n
..\\Parametres\\common_lib.h(99):     If you haven't registered yet, <A href="/cgi-bin/login.pl?username=&amp;password=&amp;getI
..\\Parametres\\common_lib.h(99):     nfo=true" ><B>sign up now</B></A> to get access to all our resources.\n
..\\Parametres\\common_lib.h(99):     <br/>\n
..\\Parametres\\common_lib.h(99):     To configure the server options, use <A href="/cgi-bin/admin.pl" target="body" ><b>adminis
..\\Parametres\\common_lib.h(99):     tration</b></A> link.\n
..\\Parametres\\common_lib.h(99):     <br/><br/><br/><br/><br/><br/>\n
..\\Parametres\\common_lib.h(99):     <br/><small>\n
..\\Parametres\\common_lib.h(99):     This product uses parts of the SMT Kernel, Copyright (c) 1991-99 <A href="http://www.imati
..\\Parametres\\common_lib.h(99):     x.com" target="new"><B><small>iMatix Corporation</small></B></A> \n
..\\Parametres\\common_lib.h(99):     </small>\n
..\\Parametres\\common_lib.h(99):     </blockquote></TD>\n
..\\Parametres\\common_lib.h(99):     <TD></TD></TR>\n
..\\Parametres\\common_lib.h(99):     </table>\n
..\\Parametres\\common_lib.h(99):     </body>\n
..\\Parametres\\common_lib.h(99):     </HTML>\n
..\\Parametres\\common_lib.h(99): t=1366226ms: Already connected [1] to localhost:1080  	[MsgId: MMSG-26000]
..\\Parametres\\common_lib.h(99): t=1366226ms: 334-byte request headers for "http://localhost:1080/cgi-bin/nav.pl?in=home" (RelFrameId=1.1, Internal ID=781)
..\\Parametres\\common_lib.h(99):     GET /cgi-bin/nav.pl?in=home HTTP/1.1\r\n
..\\Parametres\\common_lib.h(99):     Referer: http://localhost:1080/cgi-bin/welcome.pl?signOff=1\r\n
..\\Parametres\\common_lib.h(99):     DNT: 1\r\n
..\\Parametres\\common_lib.h(99):     User-Agent: Mozilla/5.0 (Windows NT 6.3; WOW64; Trident/7.0; rv:11.0) like Gecko\r\n
..\\Parametres\\common_lib.h(99):     Accept-Encoding: gzip, deflate\r\n
..\\Parametres\\common_lib.h(99):     Accept-Language: ru-RU\r\n
..\\Parametres\\common_lib.h(99):     Accept: */*\r\n
..\\Parametres\\common_lib.h(99):     Connection: Keep-Alive\r\n
..\\Parametres\\common_lib.h(99):     Host: localhost:1080\r\n
..\\Parametres\\common_lib.h(99):     Cookie: MSO=SID&1658149065\r\n
..\\Parametres\\common_lib.h(99):     \r\n
..\\Parametres\\common_lib.h(99): t=1366228ms: 5-byte chunked response overhead for "http://localhost:1080/cgi-bin/welcome.pl?signOff=1" (RelFrameId=1, Internal ID=780)
..\\Parametres\\common_lib.h(99):     0\r\n
..\\Parametres\\common_lib.h(99):     \r\n
..\\Parametres\\common_lib.h(99): t=1366228ms: Request done "http://localhost:1080/cgi-bin/welcome.pl?signOff=1"  	[MsgId: MMSG-26000]
..\\Parametres\\common_lib.h(99): t=1366284ms: 255-byte response headers for "http://localhost:1080/cgi-bin/nav.pl?in=home" (RelFrameId=1.1, Internal ID=781)
..\\Parametres\\common_lib.h(99):     HTTP/1.1 200 OK\r\n
..\\Parametres\\common_lib.h(99):     Date: Mon, 18 Jul 2022 12:57:45 GMT\r\n
..\\Parametres\\common_lib.h(99):     Server: Apache/2.2.21 (Win32)\r\n
..\\Parametres\\common_lib.h(99):     Expires: Sun, 17 Jul 2022 12:57:45 GMT\r\n
..\\Parametres\\common_lib.h(99):     Keep-Alive: timeout=5, max=92\r\n
..\\Parametres\\common_lib.h(99):     Connection: Keep-Alive\r\n
..\\Parametres\\common_lib.h(99):     Transfer-Encoding: chunked\r\n
..\\Parametres\\common_lib.h(99):     Content-Type: text/html; charset=ISO-8859-1\r\n
..\\Parametres\\common_lib.h(99):     \r\n
..\\Parametres\\common_lib.h(99): t=1366284ms: 5-byte chunked response overhead for "http://localhost:1080/cgi-bin/nav.pl?in=home" (RelFrameId=1.1, Internal ID=781)
..\\Parametres\\common_lib.h(99):     5ce\r\n
..\\Parametres\\common_lib.h(99): t=1366284ms: 2-byte chunked response overhead for "http://localhost:1080/cgi-bin/nav.pl?in=home" (RelFrameId=1.1, Internal ID=781)
..\\Parametres\\common_lib.h(99):     \r\n
..\\Parametres\\common_lib.h(99): t=1366284ms: 1486-byte chunked response body for "http://localhost:1080/cgi-bin/nav.pl?in=home" (RelFrameId=1.1, Internal ID=781)
..\\Parametres\\common_lib.h(99):     <!DOCTYPE html\n
..\\Parametres\\common_lib.h(99):     \tPUBLIC "-//W3C//DTD XHTML 1.0 Transitional//EN"\n
..\\Parametres\\common_lib.h(99):     \t "http://www.w3.org/TR/xhtml1/DTD/xhtml1-transitional.dtd">\n
..\\Parametres\\common_lib.h(99):     <html xmlns="http://www.w3.org/1999/xhtml" lang="en-US" xml:lang="en-US">\n
..\\Parametres\\common_lib.h(99):     <head>\n
..\\Parametres\\common_lib.h(99):     <title>Web Tours Navigation Bar</title>\n
..\\Parametres\\common_lib.h(99):     <meta http-equiv="Content-Type" content="text/html; charset=iso-8859-1" />\n
..\\Parametres\\common_lib.h(99):     </head>\n
..\\Parametres\\common_lib.h(99):     <body bgcolor="#E0E7F1">\n
..\\Parametres\\common_lib.h(99):     <style>\n
..\\Parametres\\common_lib.h(99):     blockquote {font-family: tahoma; font-size : 10pt}\n
..\\Parametres\\common_lib.h(99):     H1 {font-family: tahoma; font-size : 22pt; color: #993333}\n
..\\Parametres\\common_lib.h(99):     H3 {font-family: tahoma; font-size : 10pt; color: black}\n
..\\Parametres\\common_lib.h(99):     small {font-family: tahoma; font-size : 8pt}\n
..\\Parametres\\common_lib.h(99):     </style>\n
..\\Parametres\\common_lib.h(99):     <form method="post" action="/cgi-bin/login.pl" target="body">\n
..\\Parametres\\common_lib.h(99):     <input type="hidden" name="userSession" value="134317.461725395zQAiQftptDHftVtfDpHczzcf"/>
..\\Parametres\\common_lib.h(99):     \n
..\\Parametres\\common_lib.h(99):     <table border="0"><tr><td>&nbsp;</td>\n
..\\Parametres\\common_lib.h(99):     <td>&nbsp;</td></tr>\n
..\\Parametres\\common_lib.h(99):     <tr><td>&nbsp;</td>\n
..\\Parametres\\common_lib.h(99):     <td>&nbsp;</td></tr>\n
..\\Parametres\\common_lib.h(99):     <tr><td>&nbsp;</td>\n
..\\Parametres\\common_lib.h(99):     <td><small>&nbsp;Username</small></td></tr>\n
..\\Parametres\\common_lib.h(99):     <tr><td>&nbsp;</td>\n
..\\Parametres\\common_lib.h(99):     <td><input type="text" name="username" value="" size="14" maxlength="14"/></td></tr>\n
..\\Parametres\\common_lib.h(99):     <tr><td>&nbsp;</td>\n
..\\Parametres\\common_lib.h(99):     <td><small>&nbsp;Password</small></td>\n
..\\Parametres\\common_lib.h(99):     <tr><td>&nbsp;</td>\n
..\\Parametres\\common_lib.h(99):     <td><input type="password" name="password" value="" size="14" maxlength="14"/></td></tr>\n
..\\Parametres\\common_lib.h(99):     <tr><td>&nbsp;</td>\n
..\\Parametres\\common_lib.h(99):     <td>&nbsp;</td></tr>\n
..\\Parametres\\common_lib.h(99):     <tr><td>&nbsp;</td>\n
..\\Parametres\\common_lib.h(99):     <td><input type="image" name="login" value="Login" alt="Login" border="1" \n
..\\Parametres\\common_lib.h(99):     src="/WebTours/images/mer_login.gif"/></td></tr>\n
..\\Parametres\\common_lib.h(99):     <tr><td>&nbsp;</td><td>&nbsp;</td></tr>\n
..\\Parametres\\common_lib.h(99):     </table><input type="hidden" name="JSFormSubmit" value="off"/>\n
..\\Parametres\\common_lib.h(99):     </form>\n
..\\Parametres\\common_lib.h(99):     \n
..\\Parametres\\common_lib.h(99):     </body>\n
..\\Parametres\\common_lib.h(99):     </html>\n
..\\Parametres\\common_lib.h(99): Resource "http://localhost:1080/WebTours/images/mer_login.gif" is in the cache already and will not be downloaded again  	[MsgId: MMSG-26655]
..\\Parametres\\common_lib.h(99): t=1366290ms: 5-byte chunked response overhead for "http://localhost:1080/cgi-bin/nav.pl?in=home" (RelFrameId=1.1, Internal ID=781)
..\\Parametres\\common_lib.h(99):     0\r\n
..\\Parametres\\common_lib.h(99):     \r\n
..\\Parametres\\common_lib.h(99): t=1366290ms: Request done "http://localhost:1080/cgi-bin/nav.pl?in=home"  	[MsgId: MMSG-26000]
..\\Parametres\\common_lib.h(99): Registered web_reg_find successful for "Text=Web Tours" (count=5)  	[MsgId: MMSG-26364]
..\\Parametres\\common_lib.h(99): web_url("SignOff Button") was successful, 2172 body bytes, 582 header bytes, 24 chunking overhead bytes  	[MsgId: MMSG-26385]
..\\Parametres\\common_lib.h(109): Notify: Transaction "logout" ended with a "Pass" status (Duration: 0,1265 Wasted Time: 0,0000).	[MsgId: MMSG-16871]
Action.c(211): Notify: Transaction "UC03_BuyTickets" ended with a "Pass" status (Duration: 1,6027 Wasted Time: 0,0039).	[MsgId: MMSG-16871]
Ending action Action.	[MsgId: MMSG-15918]
Ending iteration 23.	[MsgId: MMSG-15965]
Waiting 58,3910 seconds for iteration pacing.	[MsgId: MMSG-15996]
Action was aborted.	[MsgId: MMSG-10694]
Ending Vuser...	[MsgId: MMSG-15966]
Starting action vuser_end.	[MsgId: MMSG-15919]
Ending action vuser_end.	[MsgId: MMSG-15918]
Vuser Terminated.	[MsgId: MMSG-15963]
t=1384683ms: Closed connection [0] to localhost:1080 after completing 15 request(s)  	[MsgId: MMSG-26000]
t=1384684ms: Closed connection [1] to localhost:1080 after completing 9 request(s)  	[MsgId: MMSG-26000]
t=1384684ms: Closed connection [2] to localhost:1080 after completing 4 request(s)  	[MsgId: MMSG-26000]
t=1384685ms: Closed connection [3] to localhost:1080 after completing 3 request(s)  	[MsgId: MMSG-26000]
t=1384685ms: Closed connection [4] to localhost:1080 after completing 1 request(s)  	[MsgId: MMSG-26000]
t=1384686ms: Closed connection [5] to localhost:1080 after completing 1 request(s)  	[MsgId: MMSG-26000]
HTML-Mode memory management statistics: Reusable=43, NonReusable=0, CsMemBlockSize=4096, checks disabled  	[MsgId: MMSG-26000]
Vuser 1 (thread 5592), ended OK."	[MsgId: MMSG-10695]
Action was aborted.	[MsgId: MMSG-10694]
Ending Vuser...	[MsgId: MMSG-15966]
Starting action vuser_end.	[MsgId: MMSG-15919]
Ending action vuser_end.	[MsgId: MMSG-15918]
Vuser Terminated.	[MsgId: MMSG-15963]
t=1409813ms: Closed connection [0] to localhost:1080 after completing 15 request(s)  	[MsgId: MMSG-26000]
t=1409814ms: Closed connection [1] to localhost:1080 after completing 9 request(s)  	[MsgId: MMSG-26000]
t=1409814ms: Closed connection [2] to localhost:1080 after completing 4 request(s)  	[MsgId: MMSG-26000]
t=1409814ms: Closed connection [3] to localhost:1080 after completing 3 request(s)  	[MsgId: MMSG-26000]
t=1409815ms: Closed connection [4] to localhost:1080 after completing 1 request(s)  	[MsgId: MMSG-26000]
t=1409815ms: Closed connection [5] to localhost:1080 after completing 1 request(s)  	[MsgId: MMSG-26000]
HTML-Mode memory management statistics: Reusable=43, NonReusable=0, CsMemBlockSize=4096, checks disabled  	[MsgId: MMSG-26000]
Vuser 2 (thread 312), ended OK."	[MsgId: MMSG-10695]
