Action.c(197):           <b>&nbsp;&nbsp;2 Aisle class tickets for :</b><br/>\n
Action.c(197):           <center><table border="0" width="85%"><tr><td>\n
Action.c(197):           <li><i>Masha  Nasha      <li><i>Kirill Mefod\n
Action.c(197):           <li><i></i>\n
Action.c(197):           </td></tr></table></center>\n
Action.c(197):       </TD>\n
Action.c(197):       <TD width="5%" >.<br/>.<br/>.<br/>.</TD>\n
Action.c(197):       <TD width="45%" valign=top><b>Invoice sent to:</b><br/>\n
Action.c(197):           <center>\n
Action.c(197):           <Table width="80%" cellspacing="0" > <tr> <td>\n
Action.c(197):               Masha Nasha\n
Action.c(197):     <br/>\n
Action.c(197):               Mira<br/>\n
Action.c(197):               Moscow<br/>\n
Action.c(197):               <br/>\n
Action.c(197):               Total Charge: $ 2898 <BR/> (CC: x-0415)\n
Action.c(197):           </td> </tr> </table>\n
Action.c(197):           </center>\n
Action.c(197):       </TD>\n
Action.c(197):     </TR>\n
Action.c(197):     <TR bgcolor="#EFF2F7">\n
Action.c(197):       <TD COLSPAN="3">\n
Action.c(197):       <b>Flight Details:</b><BR/>  <center>\n
Action.c(197):       08/02/2022\n
Action.c(197):      :  8am : Flight 230 leaves London  for Los Angeles.<br>  </center>\n
Action.c(197):       </TD>\n
Action.c(197):     </TR>\n
Action.c(197):     \n
Action.c(197):     <TR bgcolor="#EFF2F7">\n
Action.c(197):       <TD COLSPAN="4">\n
Action.c(197):       <hr/>\n
Action.c(197):       </TD>\n
Action.c(197):     </TR>\n
Action.c(197):     \n
Action.c(197):     <!-- Flight #1 -->\n
Action.c(197):     <TR bgcolor="#EFF2F7">\n
Action.c(197):       <TD width="5%" rowspan="2" align="left" valign="top">\n
Action.c(197):     <b>\n
Action.c(197):     <label><input type="checkbox" name="554" value="on" /></label></font></b>\n
Action.c(197):     <input type="hidden" name="flightID" value="278293830-426185-MN"  />\n
Action.c(197):       </TD>\n
Action.c(197):       <TD width="45%" valign="top">\n
Action.c(197):           <b>&nbsp;&nbsp;A None class ticket for :</b><br/>\n
Action.c(197):           <center><table border="0" width="85%"><tr><td>\n
Action.c(197):           <li><i>Masha  Nasha\n
Action.c(197):           <li><i></i>\n
Action.c(197):           </td></tr></table></center>\n
Action.c(197):       </TD>\n
Action.c(197):       <TD width="5%" >.<br/>.<br/>.<br/>.</TD>\n
Action.c(197):       <TD width="45%" valign=top><b>Invoice sent to:</b><br/>\n
Action.c(197):           <center>\n
Action.c(197):           <Table width="80%" cellspacing="0" > <tr> <td>\n
Action.c(197):               Masha Nasha\n
Action.c(197):     <br/>\n
Action.c(197):               Colacola<br/>\n
Action.c(197):               Ottava<br/>\n
Action.c(197):               <br/>\n
Action.c(197):               Total Charge: $ 411 <BR/> (CC: x-7513)\n
Action.c(197):           </td> </tr> </table>\n
Action.c(197):           </center>\n
Action.c(197):       </TD>\n
Action.c(197):     </TR>\n
Action.c(197):     <TR bgcolor="#EFF2F7">\n
Action.c(197):       <TD COLSPAN="3">\n
Action.c(197):       <b>Flight Details:</b><BR/>  <center>\n
Action.c(197):       08/02/2022\n
Action.c(197):      :  11pm : Flight 933 leaves Zurich  for Los Angeles.<br>  </center>\n
Action.c(197):       </TD>\n
Action.c(197):     </TR>\n
Action.c(197):     \n
Action.c(197):     <TR bgcolor="#EFF2F7">\n
Action.c(197):       <TD COLSPAN="4">\n
Action.c(197):       <hr/>\n
Action.c(197):       </TD>\n
Action.c(197):     </TR>\n
Action.c(197):     \n
Action.c(197):     <!-- Flight #1 -->\n
Action.c(197):     <TR bgcolor="#EFF2F7">\n
Action.c(197):       <TD width="5%" rowspan="2" align="left" valign="top">\n
Action.c(197):     <b>\n
Action.c(197):     <label><input type="checkbox" name="555" value="on" /></label></font></b>\n
Action.c(197):     <input type="hidden" name="flightID" value="2359711-4269-MN"  />\n
Action.c(197):       </TD>\n
Action.c(197):       <TD width="45%" valign="top">\n
Action.c(197):           <b>&nbsp;&nbsp;2 None class tickets for :</b><br/>\n
Action.c(197):           <center><table border="0" width="85%"><tr><td>\n
Action.c(197):           <li><i>Masha  Nasha      <li><i>Kirill Mefod\n
Action.c(197):           <li><i></i>\n
Action.c(197):           </td></tr></table></center>\n
Action.c(197):       </TD>\n
Action.c(197):       <TD width="5%" >.<br/>.<br/>.<br/>.</TD>\n
Action.c(197):       <TD width="45%" valign=top><b>Invoice sent to:</b><br/>\n
Action.c(197):           <center>\n
Action.c(197):           <Table width="80%" cellspacing="0" > <tr> <td>\n
Action.c(197):               Masha Nasha\n
Action.c(197):     <br/>\n
Action.c(197):               Mira<br/>\n
Action.c(197):               Nicca<br/>\n
Action.c(197):               <br/>\n
Action.c(197):               Total Charge: $ 0 <BR/> (CC: x-6371)\n
Action.c(197):           </td> </tr> </table>\n
Action.c(197):           </center>\n
Action.c(197):       </TD>\n
Action.c(197):     </TR>\n
Action.c(197):     <TR bgcolor="#EFF2F7">\n
Action.c(197):       <TD COLSPAN="3">\n
Action.c(197):       <b>Flight Details:</b><BR/>  <center>\n
Action.c(197):       08/02/2022\n
Action.c(197):      :  8am : Flight 220 leaves London  for London.<br>  </center>\n
Action.c(197):       </TD>\n
Action.c(197):     </TR>\n
Action.c(197):     \n
Action.c(197):     <TR bgcolor="#EFF2F7">\n
Action.c(197):       <TD COLSPAN="4">\n
Action.c(197):       <hr/>\n
Action.c(197):       </TD>\n
Action.c(197):     </TR>\n
Action.c(197):     \n
Action.c(197):     <!-- Flight #1 -->\n
Action.c(197):     <TR bgcolor="#EFF2F7">\n
Action.c(197):       <TD width="5%" rowspan="2" align="left" valign="top">\n
Action.c(197):     <b>\n
Action.c(197):     <label><input type="checkbox" name="556" value="on" /></label></font></b>\n
Action.c(197):     <input type="hidden" name="flightID" value="841918947-4277165-MN"  />\n
Action.c(197):       </TD>\n
Action.c(197):       <TD width="45%" valign="top">\n
Action.c(197):           <b>&nbsp;&nbsp;2 Aisle class tickets for :</b><br/>\n
Action.c(197):           <center><table border="0" width="85%"><tr><td>\n
Action.c(197):           <li><i>Masha  Nasha      <li><i>Kirill Mefod\n
Action.c(197):           <li><i></i>\n
Action.c(197):           </td></tr></table></center>\n
Action.c(197):       </TD>\n
Action.c(197):       <TD width="5%" >.<br/>.<br/>.<br/>.</TD>\n
Action.c(197):       <TD width="45%" valign=top><b>Invoice sent to:</b><br/>\n
Action.c(197):           <center>\n
Action.c(197):           <Table width="80%" cellspacing="0" > <tr> <td>\n
Action.c(197):               Masha Nasha\n
Action.c(197):     <br/>\n
Action.c(197):               Mira<br/>\n
Action.c(197):               Varshava<br/>\n
Action.c(197):               <br/>\n
Action.c(197):               Total Charge: $ 3150 <BR/> (CC: x-2273)\n
Action.c(197):           </td> </tr> </table>\n
Action.c(197):           </center>\n
Action.c(197):       </TD>\n
Action.c(197):     </TR>\n
Action.c(197):     <TR bgcolor="#EFF2F7">\n
Action.c(197):       <TD COLSPAN="3">\n
Action.c(197):       <b>Flight Details:</b><BR/>  <center>\n
Action.c(197):       08/02/2022\n
Action.c(197):      :  1p
Action.c(197): t=4208396ms: 12287-byte chunked response body for "http://localhost:1080/cgi-bin/itinerary.pl" (RelFrameId=1.2, Internal ID=2272)
Action.c(197):     m : Flight 181 leaves Frankfurt  for Sydney.<br>  </center>\n
Action.c(197):       </TD>\n
Action.c(197):     </TR>\n
Action.c(197):     \n
Action.c(197):     <TR bgcolor="#EFF2F7">\n
Action.c(197):       <TD COLSPAN="4">\n
Action.c(197):       <hr/>\n
Action.c(197):       </TD>\n
Action.c(197):     </TR>\n
Action.c(197):     <TR>\n
Action.c(197):        <TD align="center" COLSPAN="4">\n
Action.c(197):        <b>A total of 556 scheduled flights.</font></b>\n
Action.c(197):        </TD>\n
Action.c(197):     </TR>\n
Action.c(197):     </TABLE>\n
Action.c(197):     \n
Action.c(197):     <TABLE WIDTH="87%" BORDER="0" CELLSPACING="0">\n
Action.c(197):     <TR>\n
Action.c(197):     <TD align="left" width="50%" >\n
Action.c(197):     <input type="image" name="removeFlights" src="/WebTours/images/cancelreservation.gif" bord
Action.c(197):     er="0" /></TD>\n
Action.c(197):     <TD align="right" width="50%" >\n
Action.c(197):     <input type="image" name="removeAllFlights" src="/WebTours/images/cancelallreservations.gi
Action.c(197):     f" border="0" /></TD>\n
Action.c(197):     </TABLE>\n
Action.c(197):     \n
Action.c(197):     <div><input type="hidden" name=".cgifields" value="127"  /><input type="hidden" name=".cgi
Action.c(197):     fields" value="32"  /><input type="hidden" name=".cgifields" value="443"  /><input type="h
Action.c(197):     idden" name=".cgifields" value="206"  /><input type="hidden" name=".cgifields" value="118"
Action.c(197):       /><input type="hidden" name=".cgifields" value="71"  /><input type="hidden" name=".cgifi
Action.c(197):     elds" value="358"  /><input type="hidden" name=".cgifields" value="331"  /><input type="hi
Action.c(197):     dden" name=".cgifields" value="84"  /><input type="hidden" name=".cgifields" value="512"  
Action.c(197):     /><input type="hidden" name=".cgifields" value="437"  /><input type="hidden" name=".cgifie
Action.c(197):     lds" value="463"  /><input type="hidden" name=".cgifields" value="194"  /><input type="hid
Action.c(197):     den" name=".cgifields" value="517"  /><input type="hidden" name=".cgifields" value="458"  
Action.c(197):     /><input type="hidden" name=".cgifields" value="451"  /><input type="hidden" name=".cgifie
Action.c(197):     lds" value="220"  /><input type="hidden" name=".cgifields" value="454"  /><input type="hid
Action.c(197):     den" name=".cgifields" value="31"  /><input type="hidden" name=".cgifields" value="378"  /
Action.c(197):     ><input type="hidden" name=".cgifields" value="325"  /><input type="hidden" name=".cgifiel
Action.c(197):     ds" value="29"  /><input type="hidden" name=".cgifields" value="350"  /><input type="hidde
Action.c(197):     n" name=".cgifields" value="540"  /><input type="hidden" name=".cgifields" value="226"  />
Action.c(197):     <input type="hidden" name=".cgifields" value="58"  /><input type="hidden" name=".cgifields
Action.c(197):     " value="211"  /><input type="hidden" name=".cgifields" value="153"  /><input type="hidden
Action.c(197):     " name=".cgifields" value="15"  /><input type="hidden" name=".cgifields" value="527"  /><i
Action.c(197):     nput type="hidden" name=".cgifields" value="431"  /><input type="hidden" name=".cgifields"
Action.c(197):      value="382"  /><input type="hidden" name=".cgifields" value="337"  /><input type="hidden"
Action.c(197):      name=".cgifields" value="101"  /><input type="hidden" name=".cgifields" value="340"  /><i
Action.c(197):     nput type="hidden" name=".cgifields" value="76"  /><input type="hidden" name=".cgifields" 
Action.c(197):     value="311"  /><input type="hidden" name=".cgifields" value="62"  /><input type="hidden" n
Action.c(197):     ame=".cgifields" value="139"  /><input type="hidden" name=".cgifields" value="389"  /><inp
Action.c(197):     ut type="hidden" name=".cgifields" value="129"  /><input type="hidden" name=".cgifields" v
Action.c(197):     alue="548"  /><input type="hidden" name=".cgifields" value="495"  /><input type="hidden" n
Action.c(197):     ame=".cgifields" value="418"  /><input type="hidden" name=".cgifields" value="236"  /><inp
Action.c(197):     ut type="hidden" name=".cgifields" value="218"  /><input type="hidden" name=".cgifields" v
Action.c(197):     alue="168"  /><input type="hidden" name=".cgifields" value="135"  /><input type="hidden" n
Action.c(197):     ame=".cgifields" value="14"  /><input type="hidden" name=".cgifields" value="348"  /><inpu
Action.c(197):     t type="hidden" name=".cgifields" value="145"  /><input type="hidden" name=".cgifields" va
Action.c(197):     lue="49"  /><input type="hidden" name=".cgifields" value="178"  /><input type="hidden" nam
Action.c(197):     e=".cgifields" value="285"  /><input type="hidden" name=".cgifields" value="124"  /><input
Action.c(197):      type="hidden" name=".cgifields" value="234"  /><input type="hidden" name=".cgifields" val
Action.c(197):     ue="23"  /><input type="hidden" name=".cgifields" value="388"  /><input type="hidden" name
Action.c(197):     =".cgifields" value="364"  /><input type="hidden" name=".cgifields" value="96"  /><input t
Action.c(197):     ype="hidden" name=".cgifields" value="486"  /><input type="hidden" name=".cgifields" value
Action.c(197):     ="509"  /><input type="hidden" name=".cgifields" value="160"  /><input type="hidden" name=
Action.c(197):     ".cgifields" value="367"  /><input type="hidden" name=".cgifields" value="8"  /><input typ
Action.c(197):     e="hidden" name=".cgifields" value="98"  /><input type="hidden" name=".cgifields" value="4
Action.c(197):     3"  /><input type="hidden" name=".cgifields" value="485"  /><input type="hidden" name=".cg
Action.c(197):     ifields" value="391"  /><input type="hidden" name=".cgifields" value="21"  /><input type="
Action.c(197):     hidden" name=".cgifields" value="523"  /><input type="hidden" name=".cgifields" value="288
Action.c(197):     "  /><input type="hidden" name=".cgifields" value="193"  /><input type="hidden" name=".cgi
Action.c(197):     fields" value="460"  /><input type="hidden" name=".cgifields" value="119"  /><input type="
Action.c(197):     hidden" name=".cgifields" value="453"  /><input type="hidden" name=".cgifields" value="324
Action.c(197):     "  /><input type="hidden" name=".cgifields" value="180"  /><input type="hidden" name=".cgi
Action.c(197):     fields" value="244"  /><input type="hidden" name=".cgifields" value="351"  /><input type="
Action.c(197):     hidden" name=".cgifields" value="410"  /><input type="hidden" name=".cgifields" value="246
Action.c(197):     "  /><input type="hidden" name=".cgifields" value="488"  /><input type="hidden" name=".cgi
Action.c(197):     fields" value="61"  /><input type="hidden" name=".cgifields" value="430"  /><input type="h
Action.c(197):     idden" name=".cgifields" value="447"  /><input type="hidden" name=".cgifields" value="536"
Action.c(197):       /><input type="hidden" name=".cgifields" value="379"  /><input type="hidden" name=".cgif
Action.c(197):     ields" value="415"  /><input type="hidden" name=".cgifields" value="113"  /><input type="h
Action.c(197):     idden" name=".cgifields" value="152"  /><input type="hidden" name=".cgifields" value="189"
Action.c(197):       /><input type="hidden" name=".cgifields" value="452"  /><input type="hidden" name=".cgif
Action.c(197):     ields" value="342"  /><input type="hidden" name=".cgifields" value="295"  /><input type="h
Action.c(197):     idden" name=".cgifields" value="480"  /><input type="hidden" name=".cgifields" value="341"
Action.c(197):       /><input type="hidden" name=".cgifields" value="438"  /><input type="hidden" name=".cgif
Action.c(197):     ields" value="107"  /><input type="hidden" name=".cgifields" value="535"  /><input type="h
Action.c(197):     idden" name=".cgifields" value="87"  /><input type="hidden" name=".cgifields" value="77"  
Action.c(197):     /><input type="hidden" name=".cgifields" value="444"  /><input type="hidden" name=".cgifie
Action.c(197):     lds" value="541"  /><input type="hidden" name=".cgifields" value="508"  /><input type="hid
Action.c(197):     den" name=".cgifields" value="221"  /><input type="hidden" name=".cgifields" value="39"  /
Action.c(197):     ><input type="hidden" name=".cgifields" value="64"  /><input type="hidden" name=".cgifield
Action.c(197):     s" value="417"  /><input type="hidden" name=".cgifields" value="12"  /><input type="hidden
Action.c(197):     " name=".cgifields" value="312"  /><input type="hidden" name=".cgifields" value="45"  /><i
Action.c(197):     nput type="hidden" name=".cgifields" value="507"  /><input type="hidden" name=".cgifields"
Action.c(197):      value="405"  /><input type="hidden" name=".cgifields" value="260"  /><input type="hidden"
Action.c(197):      name=".cgifields" value="237"  /><input type="hidden" name=".cgifields" value="370"  /><i
Action.c(197):     nput type="hidden" name=".cgifields" value="309"  /><input type="hidden" name=".cgifields"
Action.c(197):      value="1"  /><input type="hidden" name=".cgifields" value="506"  /><input type="hidden" n
Action.c(197):     ame=".cgifields" value="136"  /><input type="hidden" name=".cgifields" value="116"  /><inp
Action.c(197):     ut type="hidden" name=".cgifields" value="416"  /><input type="hidden" name=".cgifields" v
Action.c(197):     alue="144"  /><input type="hidden" name=".cgifields" value="380"  /><input type="hidden" n
Action.c(197):     ame=".cgifields" value="100"  /><input type="hidden" name=".cgifields" value="300"  /><inp
Action.c(197):     ut type="hidden" name=".cgifields" value="286"  /><input type="hidden" name=".cgifields" v
Action.c(197):     alue="120"  /><input type="hidden" name=".cgifields" value="381"  /><input type="hidden" n
Action.c(197):     ame=".cgifields" value="308"  /><input type="hidden" name=".cgifields" value="392"  /><inp
Action.c(197):     ut type="hidden" name=".cgifields" value="254"  /><input type="hidden" name=".cgifields" v
Action.c(197):     alue="177"  /><input type="hidden" name=".cgifields" value="496"  /><input type="hidden" n
Action.c(197):     ame=".cgifields" value="373"  /><input type="hidden" name=".cgifields" value="205"  /><inp
Action.c(197):     ut type="hidden" name=".cgifields" value="42"  /><input type="hidden" name=".cgifields" va
Action.c(197):     lue="22"  /><input type="hidden" name=".cgifields" value="399"  /><input type="hidden" nam
Action.c(197):     e=".cgifields" value="235"  /><input type="hidden" name=".cgifields" value="301"  /><input
Action.c(197):      type="hidden" name=".cgifields" value="436"  /><input type="hidden" name=".cgifields" val
Action.c(197):     ue="213"  /><input type="hidden" name=".cgifields" value="94"  /><input type="hidden" name
Action.c(197):     =".cgifields" value="51"  /><input type="hidden" name=".cgifields" value="456"  /><input t
Action.c(197):     ype="hidden" name=".cgifields" value="296"  /><input type="hidden" name=".cgifields" value
Action.c(197):     ="265"  /><input type="hidden" name=".cgifields" value="493"  /><input type="hidden" name=
Action.c(197):     ".cgifields" value="171"  /><input type="hidden" name=".cgifields" value="386"  /><input t
Action.c(197):     ype="hidden" name=".cgifields" value="445"  /><input type="hidden" name=".cgifields" value
Action.c(197):     ="200"  /><input type="hidden" name=".cgifields" value="366"  /><input type="hidden" name=
Action.c(197):     ".cgifields" value="329"  /><input type="hidden" name=".cgifields" value="525"  /><input t
Action.c(197):     ype="hidden" name=".cgifields" value="27"  /><input type="hidden" name=".cgifields" value=
Action.c(197):     "272"  /><input type="hidden" name=".cgifields" value="161"  /><input type="hidden" name="
Action.c(197):     .cgifields" value="534"  /><input type="hidden" name=".cgifields" value="400"  /><input ty
Action.c(197):     pe="hidden" name=".cgifields" value="20"  /><input type="hidden" name=".cgifields" value="
Action.c(197):     109"  /><input type="hidden" name=".cgifields" value="151"  /><input type="hidden" name=".
Action.c(197):     cgifields" value="468"  /><input type="hidden" name=".cgifields" value="287"  /><input typ
Action.c(197):     e="hidden" name=".cgifields" value="475"  /><input type="hidden" name=".cgifields" value="
Action.c(197):     441"  /><input type="hidden" name=".cgifields" value="78"  /><input type="hidden" name=".c
Action.c(197):     gifields" value="413"  /><input type="hidden" name=".cgifields" value="294"  /><input type
Action.c(197):     ="hidden" name=".cgifields" value="349"  /><input type="hidden" name=".cgifields" value="2
Action.c(197):     75"  /><input type="hidden" name=".cgifields" value="515"  /><input type="hidden" name=".c
Action.c(197):     gifields" value="197"  /><input type="hidden" name=".cgifields" value="138"  /><input type
Action.c(197):     ="hidden" name=".cgifields" value="137"  /><input type="hidden" name=".cgifields" value="6
Action.c(197):     0"  /><input type="hidden" name=".cgifields" value="432"  /><input type="hidden" name=".cg
Action.c(197):     ifields" value="519"  /><input type="hidden" name=".cgifields" value="346"  /><input type=
Action.c(197):     "hidden" name=".cgifields" value="17"  /><input type="hidden" name=".cgifields" value="427
Action.c(197):     "  /><input type="hidden" name=".cgifields" value="82"  /><input type="hidden" name=".cgif
Action.c(197):     ields" value="110"  /><input type="hidden" name=".cgifields" value="333"  /><input type="h
Action.c(197):     idden" name=".cgifields" value="323"  /><input type="hidden" name=".cgifields" value="69" 
Action.c(197):      /><input type="hidden" name=".cgifields" value="112"  /><input type="hidden" name=".cgifi
Action.c(197):     elds" value="545"  /><input type="hidden" name=".cgifields" value="191"  /><input type="hi
Action.c(197):     dden" name=".cgifields" value="224"  /><input type="hidden" name=".cgifields" value="187" 
Action.c(197):      /><input type="hidden" name=".cgifields" value="446"  /><input type="hidden" name=".cgifi
Action.c(197):     elds" value="262"  /><input type="hidden" name=".cgifields" value="79"  /><input type="hid
Action.c(197):     den" name=".cgifields" value="212"  /><input type="hidden" name=".cgifields" value="352"  
Action.c(197):     /><input type="hidden" name=".cgifields" value="126"  /><input type="hidden" name=".cgifie
Action.c(197):     lds" value="426"  /><input type="hidden" name=".cgifields" value="251"  /><input type="hid
Action.c(197):     den" name=".cgifields" value="542"  /><input type="hidden" name=".cgifields" value="369"  
Action.c(197):     /><input type="hidden" name=".cgifields" value="279"  /><input type="hidden" name=".cgifie
Action.c(197):     lds" value="176"  /><input type="hidden" name=".cgifields" value="498"  /><input type="hid
Action.c(197):     den" name=".cgifields" value="483"  /><input type="hidden" name=".cgifields" value="256"  
Action.c(197):     /><input type="hidden" name=".cgifields" value="372"  /><input type="hidden" name=".cgifie
Action.c(197):     lds" value="170"  /><input type="hidden" name=".cgifields" value="33"  /><input type="hidd
Action.c(197):     en" name=".cgifields" value="428"  /><input type="hidden" name=".cgifields" value="7"  /><
Action.c(197):     input type="hidden" name=".cgifields" value="26"  /><input type="hidden" name=".cgifields"
Action.c(197):      value="227"  /><input type="hidden" name=".cgifields" value="99"  /><input type
Action.c(197): Found resource "http://localhost:1080/WebTours/images/cancelreservation.gif" in HTML "http://localhost:1080/cgi-bin/itinerary.pl"  	[MsgId: MMSG-26659]
Action.c(197): Found resource "http://localhost:1080/WebTours/images/cancelallreservations.gif" in HTML "http://localhost:1080/cgi-bin/itinerary.pl"  	[MsgId: MMSG-26659]
Action.c(197): t=4208401ms: 12287-byte chunked response body for "http://localhost:1080/cgi-bin/itinerary.pl" (RelFrameId=1.2, Internal ID=2272)
Action.c(197):     ="hidden" name=".cgifields" value="526"  /><input type="hidden" name=".cgifields" value="7
Action.c(197):     2"  /><input type="hidden" name=".cgifields" value="500"  /><input type="hidden" name=".cg
Action.c(197):     ifields" value="264"  /><input type="hidden" name=".cgifields" value="255"  /><input type=
Action.c(197):     "hidden" name=".cgifields" value="533"  /><input type="hidden" name=".cgifields" value="35
Action.c(197):     9"  /><input type="hidden" name=".cgifields" value="182"  /><input type="hidden" name=".cg
Action.c(197):     ifields" value="108"  /><input type="hidden" name=".cgifields" value="556"  /><input type=
Action.c(197):     "hidden" name=".cgifields" value="462"  /><input type="hidden" name=".cgifields" value="41
Action.c(197):     4"  /><input type="hidden" name=".cgifields" value="232"  /><input type="hidden" name=".cg
Action.c(197):     ifields" value="477"  /><input type="hidden" name=".cgifields" value="225"  /><input type=
Action.c(197):     "hidden" name=".cgifields" value="330"  /><input type="hidden" name=".cgifields" value="14
Action.c(197):     2"  /><input type="hidden" name=".cgifields" value="207"  /><input type="hidden" name=".cg
Action.c(197):     ifields" value="263"  /><input type="hidden" name=".cgifields" value="394"  /><input type=
Action.c(197):     "hidden" name=".cgifields" value="167"  /><input type="hidden" name=".cgifields" value="48
Action.c(197):     "  /><input type="hidden" name=".cgifields" value="360"  /><input type="hidden" name=".cgi
Action.c(197):     fields" value="514"  /><input type="hidden" name=".cgifields" value="513"  /><input type="
Action.c(197):     hidden" name=".cgifields" value="50"  /><input type="hidden" name=".cgifields" value="476"
Action.c(197):       /><input type="hidden" name=".cgifields" value="510"  /><input type="hidden" name=".cgif
Action.c(197):     ields" value="393"  /><input type="hidden" name=".cgifields" value="449"  /><input type="h
Action.c(197):     idden" name=".cgifields" value="293"  /><input type="hidden" name=".cgifields" value="274"
Action.c(197):       /><input type="hidden" name=".cgifields" value="549"  /><input type="hidden" name=".cgif
Action.c(197):     ields" value="322"  /><input type="hidden" name=".cgifields" value="469"  /><input type="h
Action.c(197):     idden" name=".cgifields" value="353"  /><input type="hidden" name=".cgifields" value="375"
Action.c(197):       /><input type="hidden" name=".cgifields" value="128"  /><input type="hidden" name=".cgif
Action.c(197):     ields" value="28"  /><input type="hidden" name=".cgifields" value="310"  /><input type="hi
Action.c(197):     dden" name=".cgifields" value="40"  /><input type="hidden" name=".cgifields" value="303"  
Action.c(197):     /><input type="hidden" name=".cgifields" value="192"  /><input type="hidden" name=".cgifie
Action.c(197):     lds" value="250"  /><input type="hidden" name=".cgifields" value="501"  /><input type="hid
Action.c(197):     den" name=".cgifields" value="215"  /><input type="hidden" name=".cgifields" value="278"  
Action.c(197):     /><input type="hidden" name=".cgifields" value="490"  /><input type="hidden" name=".cgifie
Action.c(197):     lds" value="150"  /><input type="hidden" name=".cgifields" value="130"  /><input type="hid
Action.c(197):     den" name=".cgifields" value="155"  /><input type="hidden" name=".cgifields" value="387"  
Action.c(197):     /><input type="hidden" name=".cgifields" value="53"  /><input type="hidden" name=".cgifiel
Action.c(197):     ds" value="245"  /><input type="hidden" name=".cgifields" value="543"  /><input type="hidd
Action.c(197):     en" name=".cgifields" value="267"  /><input type="hidden" name=".cgifields" value="354"  /
Action.c(197):     ><input type="hidden" name=".cgifields" value="461"  /><input type="hidden" name=".cgifiel
Action.c(197):     ds" value="257"  /><input type="hidden" name=".cgifields" value="85"  /><input type="hidde
Action.c(197):     n" name=".cgifields" value="332"  /><input type="hidden" name=".cgifields" value="9"  /><i
Action.c(197):     nput type="hidden" name=".cgifields" value="425"  /><input type="hidden" name=".cgifields"
Action.c(197):      value="34"  /><input type="hidden" name=".cgifields" value="539"  /><input type="hidden" 
Action.c(197):     name=".cgifields" value="90"  /><input type="hidden" name=".cgifields" value="276"  /><inp
Action.c(197):     ut type="hidden" name=".cgifields" value="102"  /><input type="hidden" name=".cgifields" v
Action.c(197):     alue="520"  /><input type="hidden" name=".cgifields" value="532"  /><input type="hidden" n
Action.c(197):     ame=".cgifields" value="16"  /><input type="hidden" name=".cgifields" value="55"  /><input
Action.c(197):      type="hidden" name=".cgifields" value="233"  /><input type="hidden" name=".cgifields" val
Action.c(197):     ue="57"  /><input type="hidden" name=".cgifields" value="259"  /><input type="hidden" name
Action.c(197):     =".cgifields" value="368"  /><input type="hidden" name=".cgifields" value="424"  /><input 
Action.c(197):     type="hidden" name=".cgifields" value="316"  /><input type="hidden" name=".cgifields" valu
Action.c(197):     e="163"  /><input type="hidden" name=".cgifields" value="395"  /><input type="hidden" name
Action.c(197):     =".cgifields" value="89"  /><input type="hidden" name=".cgifields" value="175"  /><input t
Action.c(197):     ype="hidden" name=".cgifields" value="35"  /><input type="hidden" name=".cgifields" value=
Action.c(197):     "11"  /><input type="hidden" name=".cgifields" value="492"  /><input type="hidden" name=".
Action.c(197):     cgifields" value="208"  /><input type="hidden" name=".cgifields" value="347"  /><input typ
Action.c(197):     e="hidden" name=".cgifields" value="511"  /><input type="hidden" name=".cgifields" value="
Action.c(197):     434"  /><input type="hidden" name=".cgifields" value="93"  /><input type="hidden" name=".c
Action.c(197):     gifields" value="292"  /><input type="hidden" name=".cgifields" value="291"  /><input type
Action.c(197):     ="hidden" name=".cgifields" value="374"  /><input type="hidden" name=".cgifields" value="1
Action.c(197):     14"  /><input type="hidden" name=".cgifields" value="199"  /><input type="hidden" name=".c
Action.c(197):     gifields" value="442"  /><input type="hidden" name=".cgifields" value="429"  /><input type
Action.c(197):     ="hidden" name=".cgifields" value="73"  /><input type="hidden" name=".cgifields" value="40
Action.c(197):     9"  /><input type="hidden" name=".cgifields" value="67"  /><input type="hidden" name=".cgi
Action.c(197):     fields" value="241"  /><input type="hidden" name=".cgifields" value="198"  /><input type="
Action.c(197):     hidden" name=".cgifields" value="489"  /><input type="hidden" name=".cgifields" value="327
Action.c(197):     "  /><input type="hidden" name=".cgifields" value="320"  /><input type="hidden" name=".cgi
Action.c(197):     fields" value="280"  /><input type="hidden" name=".cgifields" value="273"  /><input type="
Action.c(197):     hidden" name=".cgifields" value="471"  /><input type="hidden" name=".cgifields" value="202
Action.c(197):     "  /><input type="hidden" name=".cgifields" value="249"  /><input type="hidden" name=".cgi
Action.c(197):     fields" value="361"  /><input type="hidden" name=".cgifields" value="465"  /><input type="
Action.c(197):     hidden" name=".cgifields" value="184"  /><input type="hidden" name=".cgifields" value="24"
Action.c(197):       /><input type="hidden" name=".cgifields" value="140"  /><input type="hidden" name=".cgif
Action.c(197):     ields" value="104"  /><input type="hidden" name=".cgifields" value="131"  /><input type="h
Action.c(197):     idden" name=".cgifields" value="181"  /><input type="hidden" name=".cgifields" value="412"
Action.c(197):       /><input type="hidden" name=".cgifields" value="385"  /><input type="hidden" name=".cgif
Action.c(197):     ields" value="502"  /><input type="hidden" name=".cgifields" value="307"  /><input type="h
Action.c(197):     idden" name=".cgifields" value="314"  /><input type="hidden" name=".cgifields" value="154"
Action.c(197):       /><input type="hidden" name=".cgifields" value="355"  /><input type="hidden" name=".cgif
Action.c(197):     ields" value="553"  /><input type="hidden" name=".cgifields" value="159"  /><input type="h
Action.c(197):     idden" name=".cgifields" value="479"  /><input type="hidden" name=".cgifields" value="326"
Action.c(197):       /><input type="hidden" name=".cgifields" value="555"  /><input type="hidden" name=".cgif
Action.c(197):     ields" value="47"  /><input type="hidden" name=".cgifields" value="37"  /><input type="hid
Action.c(197):     den" name=".cgifields" value="335"  /><input type="hidden" name=".cgifields" value="270"  
Action.c(197):     /><input type="hidden" name=".cgifields" value="5"  /><input type="hidden" name=".cgifield
Action.c(197):     s" value="195"  /><input type="hidden" name=".cgifields" value="538"  /><input type="hidde
Action.c(197):     n" name=".cgifields" value="524"  /><input type="hidden" name=".cgifields" value="554"  />
Action.c(197):     <input type="hidden" name=".cgifields" value="552"  /><input type="hidden" name=".cgifield
Action.c(197):     s" value="521"  /><input type="hidden" name=".cgifields" value="162"  /><input type="hidde
Action.c(197):     n" name=".cgifields" value="433"  /><input type="hidden" name=".cgifields" value="74"  /><
Action.c(197):     input type="hidden" name=".cgifields" value="240"  /><input type="hidden" name=".cgifields
Action.c(197):     " value="334"  /><input type="hidden" name=".cgifields" value="440"  /><input type="hidden
Action.c(197):     " name=".cgifields" value="230"  /><input type="hidden" name=".cgifields" value="115"  /><
Action.c(197):     input type="hidden" name=".cgifields" value="299"  /><input type="hidden" name=".cgifields
Action.c(197):     " value="377"  /><input type="hidden" name=".cgifields" value="103"  /><input type="hidden
Action.c(197):     " name=".cgifields" value="201"  /><input type="hidden" name=".cgifields" value="423"  /><
Action.c(197):     input type="hidden" name=".cgifields" value="91"  /><input type="hidden" name=".cgifields"
Action.c(197):      value="266"  /><input type="hidden" name=".cgifields" value="467"  /><input type="hidden"
Action.c(197):      name=".cgifields" value="174"  /><input type="hidden" name=".cgifields" value="474"  /><i
Action.c(197):     nput type="hidden" name=".cgifields" value="481"  /><input type="hidden" name=".cgifields"
Action.c(197):      value="214"  /><input type="hidden" name=".cgifields" value="422"  /><input type="hidden"
Action.c(197):      name=".cgifields" value="97"  /><input type="hidden" name=".cgifields" value="41"  /><inp
Action.c(197):     ut type="hidden" name=".cgifields" value="52"  /><input type="hidden" name=".cgifields" va
Action.c(197):     lue="302"  /><input type="hidden" name=".cgifields" value="229"  /><input type="hidden" na
Action.c(197):     me=".cgifields" value="503"  /><input type="hidden" name=".cgifields" value="68"  /><input
Action.c(197):      type="hidden" name=".cgifields" value="188"  /><input type="hidden" name=".cgifields" val
Action.c(197):     ue="315"  /><input type="hidden" name=".cgifields" value="402"  /><input type="hidden" nam
Action.c(197):     e=".cgifields" value="338"  /><input type="hidden" name=".cgifields" value="222"  /><input
Action.c(197):      type="hidden" name=".cgifields" value="25"  /><input type="hidden" name=".cgifields" valu
Action.c(197):     e="83"  /><input type="hidden" name=".cgifields" value="484"  /><input type="hidden" name=
Action.c(197):     ".cgifields" value="305"  /><input type="hidden" name=".cgifields" value="544"  /><input t
Action.c(197):     ype="hidden" name=".cgifields" value="217"  /><input type="hidden" name=".cgifields" value
Action.c(197):     ="328"  /><input type="hidden" name=".cgifields" value="239"  /><input type="hidden" name=
Action.c(197):     ".cgifields" value="122"  /><input type="hidden" name=".cgifields" value="143"  /><input t
Action.c(197):     ype="hidden" name=".cgifields" value="158"  /><input type="hidden" name=".cgifields" value
Action.c(197):     ="269"  /><input type="hidden" name=".cgifields" value="281"  /><input type="hidden" name=
Action.c(197):     ".cgifields" value="464"  /><input type="hidden" name=".cgifields" value="363"  /><input t
Action.c(197):     ype="hidden" name=".cgifields" value="46"  /><input type="hidden" name=".cgifields" value=
Action.c(197):     "6"  /><input type="hidden" name=".cgifields" value="36"  /><input type="hidden" name=".cg
Action.c(197):     ifields" value="518"  /><input type="hidden" name=".cgifields" value="183"  /><input type=
Action.c(197):     "hidden" name=".cgifields" value="497"  /><input type="hidden" name=".cgifields" value="47
Action.c(197):     2"  /><input type="hidden" name=".cgifields" value="362"  /><input type="hidden" name=".cg
Action.c(197):     ifields" value="439"  /><input type="hidden" name=".cgifields" value="317"  /><input type=
Action.c(197):     "hidden" name=".cgifields" value="132"  /><input type="hidden" name=".cgifields" value="16
Action.c(197):     9"  /><input type="hidden" name=".cgifields" value="411"  /><input type="hidden" name=".cg
Action.c(197):     ifields" value="478"  /><input type="hidden" name=".cgifields" value="384"  /><input type=
Action.c(197):     "hidden" name=".cgifields" value="398"  /><input type="hidden" name=".cgifields" value="54
Action.c(197):     6"  /><input type="hidden" name=".cgifields" value="537"  /><input type="hidden" name=".cg
Action.c(197):     ifields" value="407"  /><input type="hidden" name=".cgifields" value="18"  /><input type="
Action.c(197):     hidden" name=".cgifields" value="376"  /><input type="hidden" name=".cgifields" value="522
Action.c(197):     "  /><input type="hidden" name=".cgifields" value="125"  /><input type="hidden" name=".cgi
Action.c(197):     fields" value="44"  /><input type="hidden" name=".cgifields" value="190"  /><input type="h
Action.c(197):     idden" name=".cgifields" value="95"  /><input type="hidden" name=".cgifields" value="298" 
Action.c(197):      /><input type="hidden" name=".cgifields" value="313"  /><input type="hidden" name=".cgifi
Action.c(197):     elds" value="243"  /><input type="hidden" name=".cgifields" value="231"  /><input type="hi
Action.c(197):     dden" name=".cgifields" value="551"  /><input type="hidden" name=".cgifields" value="529" 
Action.c(197):      /><input type="hidden" name=".cgifields" value="148"  /><input type="hidden" name=".cgifi
Action.c(197):     elds" value="343"  /><input type="hidden" name=".cgifields" value="504"  /><input type="hi
Action.c(197):     dden" name=".cgifields" value="397"  /><input type="hidden" name=".cgifields" value="106" 
Action.c(197):      /><input type="hidden" name=".cgifields" value="157"  /><input type="hidden" name=".cgifi
Action.c(197):     elds" value="65"  /><input type="hidden" name="
Action.c(197): t=4208405ms: 7-byte chunked response overhead for "http://localhost:1080/cgi-bin/itinerary.pl" (RelFrameId=1.2, Internal ID=2272)
Action.c(197):     \r\n
Action.c(197):     473\r\n
Action.c(197): t=4208405ms: 7-byte chunked response overhead for "http://localhost:1080/cgi-bin/itinerary.pl" (RelFrameId=1.2, Internal ID=2272)
Action.c(197):     \r\n
Action.c(197):     0\r\n
Action.c(197):     \r\n
Action.c(197): t=4208405ms: 5985-byte chunked response body for "http://localhost:1080/cgi-bin/itinerary.pl" (RelFrameId=1.2, Internal ID=2272)
Action.c(197):     .cgifields" value="203"  /><input type="hidden" name=".cgifields" value="261"  /><input ty
Action.c(197):     pe="hidden" name=".cgifields" value="81"  /><input type="hidden" name=".cgifields" value="
Action.c(197):     321"  /><input type="hidden" name=".cgifields" value="459"  /><input type="hidden" name=".
Action.c(197):     cgifields" value="86"  /><input type="hidden" name=".cgifields" value="284"  /><input type
Action.c(197):     ="hidden" name=".cgifields" value="247"  /><input type="hidden" name=".cgifields" value="3
Action.c(197):     71"  /><input type="hidden" name=".cgifields" value="204"  /><input type="hidden" name=".c
Action.c(197):     gifields" value="165"  /><input type="hidden" name=".cgifields" value="289"  /><input type
Action.c(197):     ="hidden" name=".cgifields" value="2"  /><input type="hidden" name=".cgifields" value="435
Action.c(197):     "  /><input type="hidden" name=".cgifields" value="401"  /><input type="hidden" name=".cgi
Action.c(197):     fields" value="186"  /><input type="hidden" name=".cgifields" value="147"  /><input type="
Action.c(197):     hidden" name=".cgifields" value="339"  /><input type="hidden" name=".cgifields" value="228
Action.c(197):     "  /><input type="hidden" name=".cgifields" value="531"  /><input type="hidden" name=".cgi
Action.c(197):     fields" value="268"  /><input type="hidden" name=".cgifields" value="345"  /><input type="
Action.c(197):     hidden" name=".cgifields" value="172"  /><input type="hidden" name=".cgifields" value="319
Action.c(197):     "  /><input type="hidden" name=".cgifields" value="223"  /><input type="hidden" name=".cgi
Action.c(197):     fields" value="404"  /><input type="hidden" name=".cgifields" value="516"  /><input type="
Action.c(197):     hidden" name=".cgifields" value="282"  /><input type="hidden" name=".cgifields" value="420
Action.c(197):     "  /><input type="hidden" name=".cgifields" value="121"  /><input type="hidden" name=".cgi
Action.c(197):     fields" value="344"  /><input type="hidden" name=".cgifields" value="487"  /><input type="
Action.c(197):     hidden" name=".cgifields" value="494"  /><input type="hidden" name=".cgifields" value="238
Action.c(197):     "  /><input type="hidden" name=".cgifields" value="253"  /><input type="hidden" name=".cgi
Action.c(197):     fields" value="448"  /><input type="hidden" name=".cgifields" value="209"  /><input type="
Action.c(197):     hidden" name=".cgifields" value="216"  /><input type="hidden" name=".cgifields" value="357
Action.c(197):     "  /><input type="hidden" name=".cgifields" value="117"  /><input type="hidden" name=".cgi
Action.c(197):     fields" value="63"  /><input type="hidden" name=".cgifields" value="455"  /><input type="h
Action.c(197):     idden" name=".cgifields" value="80"  /><input type="hidden" name=".cgifields" value="336" 
Action.c(197):      /><input type="hidden" name=".cgifields" value="457"  /><input type="hidden" name=".cgifi
Action.c(197):     elds" value="179"  /><input type="hidden" name=".cgifields" value="383"  /><input type="hi
Action.c(197):     dden" name=".cgifields" value="297"  /><input type="hidden" name=".cgifields" value="277" 
Action.c(197):      /><input type="hidden" name=".cgifields" value="92"  /><input type="hidden" name=".cgifie
Action.c(197):     lds" value="10"  /><input type="hidden" name=".cgifields" value="550"  /><input type="hidd
Action.c(197):     en" name=".cgifields" value="505"  /><input type="hidden" name=".cgifields" value="419"  /
Action.c(197):     ><input type="hidden" name=".cgifields" value="133"  /><input type="hidden" name=".cgifiel
Action.c(197):     ds" value="290"  /><input type="hidden" name=".cgifields" value="149"  /><input type="hidd
Action.c(197):     en" name=".cgifields" value="123"  /><input type="hidden" name=".cgifields" value="304"  /
Action.c(197):     ><input type="hidden" name=".cgifields" value="547"  /><input type="hidden" name=".cgifiel
Action.c(197):     ds" value="210"  /><input type="hidden" name=".cgifields" value="406"  /><input type="hidd
Action.c(197):     en" name=".cgifields" value="258"  /><input type="hidden" name=".cgifields" value="396"  /
Action.c(197):     ><input type="hidden" name=".cgifields" value="482"  /><input type="hidden" name=".cgifiel
Action.c(197):     ds" value="173"  /><input type="hidden" name=".cgifields" value="530"  /><input type="hidd
Action.c(197):     en" name=".cgifields" value="56"  /><input type="hidden" name=".cgifields" value="499"  />
Action.c(197):     <input type="hidden" name=".cgifields" value="66"  /><input type="hidden" name=".cgifields
Action.c(197):     " value="19"  /><input type="hidden" name=".cgifields" value="54"  /><input type="hidden" 
Action.c(197):     name=".cgifields" value="365"  /><input type="hidden" name=".cgifields" value="306"  /><in
Action.c(197):     put type="hidden" name=".cgifields" value="70"  /><input type="hidden" name=".cgifields" v
Action.c(197):     alue="470"  /><input type="hidden" name=".cgifields" value="166"  /><input type="hidden" n
Action.c(197):     ame=".cgifields" value="88"  /><input type="hidden" name=".cgifields" value="141"  /><inpu
Action.c(197):     t type="hidden" name=".cgifields" value="30"  /><input type="hidden" name=".cgifields" val
Action.c(197):     ue="403"  /><input type="hidden" name=".cgifields" value="252"  /><input type="hidden" nam
Action.c(197):     e=".cgifields" value="466"  /><input type="hidden" name=".cgifields" value="156"  /><input
Action.c(197):      type="hidden" name=".cgifields" value="134"  /><input type="hidden" name=".cgifields" val
Action.c(197):     ue="75"  /><input type="hidden" name=".cgifields" value="283"  /><input type="hidden" name
Action.c(197):     =".cgifields" value="59"  /><input type="hidden" name=".cgifields" value="421"  /><input t
Action.c(197):     ype="hidden" name=".cgifields" value="450"  /><input type="hidden" name=".cgifields" value
Action.c(197):     ="271"  /><input type="hidden" name=".cgifields" value="491"  /><input type="hidden" name=
Action.c(197):     ".cgifields" value="219"  /><input type="hidden" name=".cgifields" value="318"  /><input t
Action.c(197):     ype="hidden" name=".cgifields" value="13"  /><input type="hidden" name=".cgifields" value=
Action.c(197):     "105"  /><input type="hidden" name=".cgifields" value="473"  /><input type="hidden" name="
Action.c(197):     .cgifields" value="185"  /><input type="hidden" name=".cgifields" value="3"  /><input type
Action.c(197):     ="hidden" name=".cgifields" value="248"  /><input type="hidden" name=".cgifields" value="3
Action.c(197):     90"  /><input type="hidden" name=".cgifields" value="146"  /><input type="hidden" name=".c
Action.c(197):     gifields" value="111"  /><input type="hidden" name=".cgifields" value="38"  /><input type=
Action.c(197):     "hidden" name=".cgifields" value="356"  /><input type="hidden" name=".cgifields" value="40
Action.c(197):     8"  /><input type="hidden" name=".cgifields" value="4"  /><input type="hidden" name=".cgif
Action.c(197):     ields" value="528"  /><input type="hidden" name=".cgifields" value="164"  /><input type="h
Action.c(197):     idden" name=".cgifields" value="196"  /><input type="hidden" name=".cgifields" value="242"
Action.c(197):       /></div></form>\n
Action.c(197):     \n
Action.c(197):     </center>\n
Action.c(197):     \n
Action.c(197):     </body>\n
Action.c(197):     </html>
Action.c(197): t=4208407ms: Request done "http://localhost:1080/cgi-bin/itinerary.pl"  	[MsgId: MMSG-26000]
Action.c(197): t=4208407ms: Already connected [0] to localhost:1080  	[MsgId: MMSG-26000]
Action.c(197): t=4208407ms: 447-byte request headers for "http://localhost:1080/WebTours/images/cancelreservation.gif" (RelFrameId=, Internal ID=2274)
Action.c(197):     GET /WebTours/images/cancelreservation.gif HTTP/1.1\r\n
Action.c(197):     Referer: http://localhost:1080/cgi-bin/itinerary.pl\r\n
Action.c(197):     DNT: 1\r\n
Action.c(197):     User-Agent: Mozilla/5.0 (Windows NT 6.3; WOW64; Trident/7.0; rv:11.0) like Gecko\r\n
Action.c(197):     Accept-Encoding: gzip, deflate\r\n
Action.c(197):     Accept-Language: ru-RU\r\n
Action.c(197):     Accept: */*\r\n
Action.c(197):     Connection: Keep-Alive\r\n
Action.c(197):     Host: localhost:1080\r\n
Action.c(197):     Cookie: MSO=SID&1659362789; MTUserInfo=firstName&Masha&username&masha484&address2&Madrid&h
Action.c(197):     ash&52&address1&Pushkina&lastName&Nasha%0A\r\n
Action.c(197):     \r\n
Action.c(197): t=4208408ms: Already connected [1] to localhost:1080  	[MsgId: MMSG-26000]
Action.c(197): t=4208408ms: 451-byte request headers for "http://localhost:1080/WebTours/images/cancelallreservations.gif" (RelFrameId=, Internal ID=2275)
Action.c(197):     GET /WebTours/images/cancelallreservations.gif HTTP/1.1\r\n
Action.c(197):     Referer: http://localhost:1080/cgi-bin/itinerary.pl\r\n
Action.c(197):     DNT: 1\r\n
Action.c(197):     User-Agent: Mozilla/5.0 (Windows NT 6.3; WOW64; Trident/7.0; rv:11.0) like Gecko\r\n
Action.c(197):     Accept-Encoding: gzip, deflate\r\n
Action.c(197):     Accept-Language: ru-RU\r\n
Action.c(197):     Accept: */*\r\n
Action.c(197):     Connection: Keep-Alive\r\n
Action.c(197):     Host: localhost:1080\r\n
Action.c(197):     Cookie: MSO=SID&1659362789; MTUserInfo=firstName&Masha&username&masha484&address2&Madrid&h
Action.c(197):     ash&52&address1&Pushkina&lastName&Nasha%0A\r\n
Action.c(197):     \r\n
Action.c(197): t=4208409ms: 298-byte response headers for "http://localhost:1080/WebTours/images/cancelreservation.gif" (RelFrameId=, Internal ID=2274)
Action.c(197):     HTTP/1.1 200 OK\r\n
Action.c(197):     Date: Mon, 01 Aug 2022 14:06:31 GMT\r\n
Action.c(197):     Server: Apache/2.2.21 (Win32)\r\n
Action.c(197):     Last-Modified: Thu, 12 Jan 2012 13:30:28 GMT\r\n
Action.c(197):     ETag: "2200000004e652-33f-4b654c0620500"\r\n
Action.c(197):     Accept-Ranges: bytes\r\n
Action.c(197):     Content-Length: 831\r\n
Action.c(197):     Keep-Alive: timeout=5, max=87\r\n
Action.c(197):     Connection: Keep-Alive\r\n
Action.c(197):     Content-Type: image/gif\r\n
Action.c(197):     \r\n
Action.c(197): t=4208409ms: 831-byte response body for "http://localhost:1080/WebTours/images/cancelreservation.gif" (RelFrameId=, Internal ID=2274)
Action.c(197): t=4208409ms: Request done "http://localhost:1080/WebTours/images/cancelreservation.gif"  	[MsgId: MMSG-26000]
Action.c(197): t=4208409ms: 298-byte response headers for "http://localhost:1080/WebTours/images/cancelallreservations.gif" (RelFrameId=, Internal ID=2275)
Action.c(197):     HTTP/1.1 200 OK\r\n
Action.c(197):     Date: Mon, 01 Aug 2022 14:06:31 GMT\r\n
Action.c(197):     Server: Apache/2.2.21 (Win32)\r\n
Action.c(197):     Last-Modified: Thu, 12 Jan 2012 13:30:28 GMT\r\n
Action.c(197):     ETag: "1700000004e631-2e6-4b654c0620500"\r\n
Action.c(197):     Accept-Ranges: bytes\r\n
Action.c(197):     Content-Length: 742\r\n
Action.c(197):     Keep-Alive: timeout=5, max=93\r\n
Action.c(197):     Connection: Keep-Alive\r\n
Action.c(197):     Content-Type: image/gif\r\n
Action.c(197):     \r\n
Action.c(197): t=4208410ms: 742-byte response body for "http://localhost:1080/WebTours/images/cancelallreservations.gif" (RelFrameId=, Internal ID=2275)
Action.c(197): t=4208410ms: Request done "http://localhost:1080/WebTours/images/cancelallreservations.gif"  	[MsgId: MMSG-26000]
Action.c(197): Registered web_reg_find successful for "Text=Itinerary Button" (count=1)  	[MsgId: MMSG-26364]
Action.c(197): web_url("Itinerary Button") was successful, 652562 body bytes, 1619 header bytes, 743 chunking overhead bytes  	[MsgId: MMSG-26385]
Action.c(207): Notify: Transaction "clickItinerary" ended with a "Pass" status (Duration: 0,9505 Wasted Time: 0,0013).	[MsgId: MMSG-16871]
..\\Parametres\\common_lib.h(94): Notify: Transaction "logout" started.	[MsgId: MMSG-16999]
..\\Parametres\\common_lib.h(96): web_reg_find started  	[MsgId: MMSG-26355]
..\\Parametres\\common_lib.h(96): Registering web_reg_find was successful  	[MsgId: MMSG-26390]
..\\Parametres\\common_lib.h(99): web_url("SignOff Button") started  	[MsgId: MMSG-26355]
..\\Parametres\\common_lib.h(99): t=4208410ms: Already connected [0] to localhost:1080  	[MsgId: MMSG-26000]
..\\Parametres\\common_lib.h(99): t=4208411ms: 450-byte request headers for "http://localhost:1080/cgi-bin/welcome.pl?signOff=1" (RelFrameId=1, Internal ID=2276)
..\\Parametres\\common_lib.h(99):     GET /cgi-bin/welcome.pl?signOff=1 HTTP/1.1\r\n
..\\Parametres\\common_lib.h(99):     Referer: http://localhost:1080/cgi-bin/nav.pl?page=menu&in=home\r\n
..\\Parametres\\common_lib.h(99):     DNT: 1\r\n
..\\Parametres\\common_lib.h(99):     User-Agent: Mozilla/5.0 (Windows NT 6.3; WOW64; Trident/7.0; rv:11.0) like Gecko\r\n
..\\Parametres\\common_lib.h(99):     Accept-Encoding: gzip, deflate\r\n
..\\Parametres\\common_lib.h(99):     Accept-Language: ru-RU\r\n
..\\Parametres\\common_lib.h(99):     Accept: */*\r\n
..\\Parametres\\common_lib.h(99):     Connection: Keep-Alive\r\n
..\\Parametres\\common_lib.h(99):     Host: localhost:1080\r\n
..\\Parametres\\common_lib.h(99):     Cookie: MSO=SID&1659362789; MTUserInfo=firstName&Masha&username&masha484&address2&Madrid&h
..\\Parametres\\common_lib.h(99):     ash&52&address1&Pushkina&lastName&Nasha%0A\r\n
..\\Parametres\\common_lib.h(99):     \r\n
..\\Parametres\\common_lib.h(99): t=4208469ms: 327-byte response headers for "http://localhost:1080/cgi-bin/welcome.pl?signOff=1" (RelFrameId=1, Internal ID=2276)
..\\Parametres\\common_lib.h(99):     HTTP/1.1 200 OK\r\n
..\\Parametres\\common_lib.h(99):     Date: Mon, 01 Aug 2022 14:06:31 GMT\r\n
..\\Parametres\\common_lib.h(99):     Server: Apache/2.2.21 (Win32)\r\n
..\\Parametres\\common_lib.h(99):     Set-Cookie: MSO=SID&1659362791; path=/\r\n
..\\Parametres\\common_lib.h(99):     Set-Cookie: MTUserInfo=; path=/; expires=Sun, 31-Jul-2022 14:06:31 GMT\r\n
..\\Parametres\\common_lib.h(99):     Keep-Alive: timeout=5, max=86\r\n
..\\Parametres\\common_lib.h(99):     Connection: Keep-Alive\r\n
..\\Parametres\\common_lib.h(99):     Transfer-Encoding: chunked\r\n
..\\Parametres\\common_lib.h(99):     Content-Type: text/html; charset=ISO-8859-1\r\n
..\\Parametres\\common_lib.h(99):     \r\n
..\\Parametres\\common_lib.h(99): t=4208469ms: 5-byte chunked response overhead for "http://localhost:1080/cgi-bin/welcome.pl?signOff=1" (RelFrameId=1, Internal ID=2276)
..\\Parametres\\common_lib.h(99):     2ae\r\n
..\\Parametres\\common_lib.h(99): t=4208469ms: 2-byte chunked response overhead for "http://localhost:1080/cgi-bin/welcome.pl?signOff=1" (RelFrameId=1, Internal ID=2276)
..\\Parametres\\common_lib.h(99):     \r\n
..\\Parametres\\common_lib.h(99): t=4208469ms: 686-byte chunked response body for "http://localhost:1080/cgi-bin/welcome.pl?signOff=1" (RelFrameId=1, Internal ID=2276)
..\\Parametres\\common_lib.h(99):     <!-- \n
..\\Parametres\\common_lib.h(99):      A Session ID has been created and loaded into a cookie called MSO.\n
..\\Parametres\\common_lib.h(99):      Also, the server options have been loaded into the cookie called\n
..\\Parametres\\common_lib.h(99):      MSO as well.  The server options can be set via the Admin page.\n
..\\Parametres\\common_lib.h(99):      --->\n
..\\Parametres\\common_lib.h(99):     \n
..\\Parametres\\common_lib.h(99):     <html>\n
..\\Parametres\\common_lib.h(99):     <title>Web Tours</title>\n
..\\Parametres\\common_lib.h(99):        <!-- Frame Set -->\n
..\\Parametres\\common_lib.h(99):        <frameset cols="160,*" border="1" frameborder="1">\n
..\\Parametres\\common_lib.h(99):           <!-- Navigation Frame -->\n
..\\Parametres\\common_lib.h(99):           <frame src="nav.pl?in=home" name="navbar" marginheight="2" marginwidth="2" \n
..\\Parametres\\common_lib.h(99):                 noresize="noresize" scrolling="auto"/>\n
..\\Parametres\\common_lib.h(99):           <!-- Home Frame -->\n
..\\Parametres\\common_lib.h(99):           <frame src="/WebTours/home.html" name="info" marginheight="2" marginwidth="2" \n
..\\Parametres\\common_lib.h(99):                 noresize="noresize" scrolling="auto"/>\n
..\\Parametres\\common_lib.h(99):        </frameset>\n
..\\Parametres\\common_lib.h(99):     </html>\n
..\\Parametres\\common_lib.h(99):     \n
..\\Parametres\\common_lib.h(99):     </body>\n
..\\Parametres\\common_lib.h(99):     </html>
..\\Parametres\\common_lib.h(99): Detected non-resource "http://localhost:1080/cgi-bin/nav.pl?in=home" in "http://localhost:1080/cgi-bin/welcome.pl?signOff=1"  	[MsgId: MMSG-26574]
..\\Parametres\\common_lib.h(99): Detected non-resource "http://localhost:1080/WebTours/home.html" in "http://localhost:1080/cgi-bin/welcome.pl?signOff=1"  	[MsgId: MMSG-26574]
..\\Parametres\\common_lib.h(99): Retrieving data from cache for "http://localhost:1080/WebTours/home.html"  	[MsgId: MMSG-26558]
..\\Parametres\\common_lib.h(99): t=4208470ms: 1361-byte response body retrieved from cache for "http://localhost:1080/WebTours/home.html" (RelFrameId=1.2, Internal ID=2278)
..\\Parametres\\common_lib.h(99):     <HTML>\n
..\\Parametres\\common_lib.h(99):     <HEAD>\n
..\\Parametres\\common_lib.h(99):     \t<title>Web Tours</title>\n
..\\Parametres\\common_lib.h(99):     </HEAD>\n
..\\Parametres\\common_lib.h(99):     <style>\n
..\\Parametres\\common_lib.h(99):     \tblockquote {font-family: tahoma; font-size : 10pt}\n
..\\Parametres\\common_lib.h(99):     \tH1 {font-family: tahoma; font-size : 22pt; color: #003366}\n
..\\Parametres\\common_lib.h(99):     \tsmall {font-family: tahoma; font-size : 8pt}\n
..\\Parametres\\common_lib.h(99):     \tH3{font-family: tahoma; font-size : 10pt; color: black}\n
..\\Parametres\\common_lib.h(99):     \tA {FONT-WEIGHT: bold; FONT-SIZE: 10pt; COLOR: black; FONT-FAMILY: Tahoma; TEXT-DECORATIO
..\\Parametres\\common_lib.h(99):     N: none}\n
..\\Parametres\\common_lib.h(99):     \tA:hover{ FONT-WEIGHT: bold; FONT-SIZE: 10pt; COLOR: #993333; FONT-FAMILY: Tahoma;TEXT-DE
..\\Parametres\\common_lib.h(99):     CORATION: underline}\n
..\\Parametres\\common_lib.h(99):     \tTD {font-family: tahoma; font-size : 10pt; color: black}\n
..\\Parametres\\common_lib.h(99):     </style>\n
..\\Parametres\\common_lib.h(99):     <body bgcolor="#e0e7f1">\n
..\\Parametres\\common_lib.h(99):     <BR/>\n
..\\Parametres\\common_lib.h(99):     <BR/>\n
..\\Parametres\\common_lib.h(99):     <BR/>\n
..\\Parametres\\common_lib.h(99):     <br/>\n
..\\Parametres\\common_lib.h(99):     <table border="0">\n
..\\Parametres\\common_lib.h(99):     <tr><td></td></tr>\n
..\\Parametres\\common_lib.h(99):     <TR><TD></TD></TR>\n
..\\Parametres\\common_lib.h(99):     <TR><TD>\n
..\\Parametres\\common_lib.h(99):     <blockquote>\n
..\\Parametres\\common_lib.h(99):     <H1><b>Web Tours</b></H1>\n
..\\Parametres\\common_lib.h(99):     Welcome to the Web Tours site.\n
..\\Parametres\\common_lib.h(99):     <br/>\n
..\\Parametres\\common_lib.h(99):     To make reservations,please enter your account information to the left.\n
..\\Parametres\\common_lib.h(99):     <br/>\n
..\\Parametres\\common_lib.h(99):     If you haven't registered yet, <A href="/cgi-bin/login.pl?username=&amp;password=&amp;getI
..\\Parametres\\common_lib.h(99):     nfo=true" ><B>sign up now</B></A> to get access to all our resources.\n
..\\Parametres\\common_lib.h(99):     <br/>\n
..\\Parametres\\common_lib.h(99):     To configure the server options, use <A href="/cgi-bin/admin.pl" target="body" ><b>adminis
..\\Parametres\\common_lib.h(99):     tration</b></A> link.\n
..\\Parametres\\common_lib.h(99):     <br/><br/><br/><br/><br/><br/>\n
..\\Parametres\\common_lib.h(99):     <br/><small>\n
..\\Parametres\\common_lib.h(99):     This product uses parts of the SMT Kernel, Copyright (c) 1991-99 <A href="http://www.imati
..\\Parametres\\common_lib.h(99):     x.com" target="new"><B><small>iMatix Corporation</small></B></A> \n
..\\Parametres\\common_lib.h(99):     </small>\n
..\\Parametres\\common_lib.h(99):     </blockquote></TD>\n
..\\Parametres\\common_lib.h(99):     <TD></TD></TR>\n
..\\Parametres\\common_lib.h(99):     </table>\n
..\\Parametres\\common_lib.h(99):     </body>\n
..\\Parametres\\common_lib.h(99):     </HTML>\n
..\\Parametres\\common_lib.h(99): t=4208472ms: Already connected [1] to localhost:1080  	[MsgId: MMSG-26000]
..\\Parametres\\common_lib.h(99): t=4208472ms: 334-byte request headers for "http://localhost:1080/cgi-bin/nav.pl?in=home" (RelFrameId=1.1, Internal ID=2277)
..\\Parametres\\common_lib.h(99):     GET /cgi-bin/nav.pl?in=home HTTP/1.1\r\n
..\\Parametres\\common_lib.h(99):     Referer: http://localhost:1080/cgi-bin/welcome.pl?signOff=1\r\n
..\\Parametres\\common_lib.h(99):     DNT: 1\r\n
..\\Parametres\\common_lib.h(99):     User-Agent: Mozilla/5.0 (Windows NT 6.3; WOW64; Trident/7.0; rv:11.0) like Gecko\r\n
..\\Parametres\\common_lib.h(99):     Accept-Encoding: gzip, deflate\r\n
..\\Parametres\\common_lib.h(99):     Accept-Language: ru-RU\r\n
..\\Parametres\\common_lib.h(99):     Accept: */*\r\n
..\\Parametres\\common_lib.h(99):     Connection: Keep-Alive\r\n
..\\Parametres\\common_lib.h(99):     Host: localhost:1080\r\n
..\\Parametres\\common_lib.h(99):     Cookie: MSO=SID&1659362791\r\n
..\\Parametres\\common_lib.h(99):     \r\n
..\\Parametres\\common_lib.h(99): t=4208474ms: 5-byte chunked response overhead for "http://localhost:1080/cgi-bin/welcome.pl?signOff=1" (RelFrameId=1, Internal ID=2276)
..\\Parametres\\common_lib.h(99):     0\r\n
..\\Parametres\\common_lib.h(99):     \r\n
..\\Parametres\\common_lib.h(99): t=4208475ms: Request done "http://localhost:1080/cgi-bin/welcome.pl?signOff=1"  	[MsgId: MMSG-26000]
..\\Parametres\\common_lib.h(99): t=4208534ms: 255-byte response headers for "http://localhost:1080/cgi-bin/nav.pl?in=home" (RelFrameId=1.1, Internal ID=2277)
..\\Parametres\\common_lib.h(99):     HTTP/1.1 200 OK\r\n
..\\Parametres\\common_lib.h(99):     Date: Mon, 01 Aug 2022 14:06:31 GMT\r\n
..\\Parametres\\common_lib.h(99):     Server: Apache/2.2.21 (Win32)\r\n
..\\Parametres\\common_lib.h(99):     Expires: Sun, 31 Jul 2022 14:06:31 GMT\r\n
..\\Parametres\\common_lib.h(99):     Keep-Alive: timeout=5, max=92\r\n
..\\Parametres\\common_lib.h(99):     Connection: Keep-Alive\r\n
..\\Parametres\\common_lib.h(99):     Transfer-Encoding: chunked\r\n
..\\Parametres\\common_lib.h(99):     Content-Type: text/html; charset=ISO-8859-1\r\n
..\\Parametres\\common_lib.h(99):     \r\n
..\\Parametres\\common_lib.h(99): t=4208534ms: 5-byte chunked response overhead for "http://localhost:1080/cgi-bin/nav.pl?in=home" (RelFrameId=1.1, Internal ID=2277)
..\\Parametres\\common_lib.h(99):     5d2\r\n
..\\Parametres\\common_lib.h(99): t=4208534ms: 2-byte chunked response overhead for "http://localhost:1080/cgi-bin/nav.pl?in=home" (RelFrameId=1.1, Internal ID=2277)
..\\Parametres\\common_lib.h(99):     \r\n
..\\Parametres\\common_lib.h(99): t=4208534ms: 1490-byte chunked response body for "http://localhost:1080/cgi-bin/nav.pl?in=home" (RelFrameId=1.1, Internal ID=2277)
..\\Parametres\\common_lib.h(99):     <!DOCTYPE html\n
..\\Parametres\\common_lib.h(99):     \tPUBLIC "-//W3C//DTD XHTML 1.0 Transitional//EN"\n
..\\Parametres\\common_lib.h(99):     \t "http://www.w3.org/TR/xhtml1/DTD/xhtml1-transitional.dtd">\n
..\\Parametres\\common_lib.h(99):     <html xmlns="http://www.w3.org/1999/xhtml" lang="en-US" xml:lang="en-US">\n
..\\Parametres\\common_lib.h(99):     <head>\n
..\\Parametres\\common_lib.h(99):     <title>Web Tours Navigation Bar</title>\n
..\\Parametres\\common_lib.h(99):     <meta http-equiv="Content-Type" content="text/html; charset=iso-8859-1" />\n
..\\Parametres\\common_lib.h(99):     </head>\n
..\\Parametres\\common_lib.h(99):     <body bgcolor="#E0E7F1">\n
..\\Parametres\\common_lib.h(99):     <style>\n
..\\Parametres\\common_lib.h(99):     blockquote {font-family: tahoma; font-size : 10pt}\n
..\\Parametres\\common_lib.h(99):     H1 {font-family: tahoma; font-size : 22pt; color: #993333}\n
..\\Parametres\\common_lib.h(99):     H3 {font-family: tahoma; font-size : 10pt; color: black}\n
..\\Parametres\\common_lib.h(99):     small {font-family: tahoma; font-size : 8pt}\n
..\\Parametres\\common_lib.h(99):     </style>\n
..\\Parametres\\common_lib.h(99):     <form method="post" action="/cgi-bin/login.pl" target="body">\n
..\\Parametres\\common_lib.h(99):     <input type="hidden" name="userSession" value="134415.778938842zQVtAVVpzcQVzzzHtVtitpAzQHH
..\\Parametres\\common_lib.h(99):     f"/>\n
..\\Parametres\\common_lib.h(99):     <table border="0"><tr><td>&nbsp;</td>\n
..\\Parametres\\common_lib.h(99):     <td>&nbsp;</td></tr>\n
..\\Parametres\\common_lib.h(99):     <tr><td>&nbsp;</td>\n
..\\Parametres\\common_lib.h(99):     <td>&nbsp;</td></tr>\n
..\\Parametres\\common_lib.h(99):     <tr><td>&nbsp;</td>\n
..\\Parametres\\common_lib.h(99):     <td><small>&nbsp;Username</small></td></tr>\n
..\\Parametres\\common_lib.h(99):     <tr><td>&nbsp;</td>\n
..\\Parametres\\common_lib.h(99):     <td><input type="text" name="username" value="" size="14" maxlength="14"/></td></tr>\n
..\\Parametres\\common_lib.h(99):     <tr><td>&nbsp;</td>\n
..\\Parametres\\common_lib.h(99):     <td><small>&nbsp;Password</small></td>\n
..\\Parametres\\common_lib.h(99):     <tr><td>&nbsp;</td>\n
..\\Parametres\\common_lib.h(99):     <td><input type="password" name="password" value="" size="14" maxlength="14"/></td></tr>\n
..\\Parametres\\common_lib.h(99):     <tr><td>&nbsp;</td>\n
..\\Parametres\\common_lib.h(99):     <td>&nbsp;</td></tr>\n
..\\Parametres\\common_lib.h(99):     <tr><td>&nbsp;</td>\n
..\\Parametres\\common_lib.h(99):     <td><input type="image" name="login" value="Login" alt="Login" border="1" \n
..\\Parametres\\common_lib.h(99):     src="/WebTours/images/mer_login.gif"/></td></tr>\n
..\\Parametres\\common_lib.h(99):     <tr><td>&nbsp;</td><td>&nbsp;</td></tr>\n
..\\Parametres\\common_lib.h(99):     </table><input type="hidden" name="JSFormSubmit" value="off"/>\n
..\\Parametres\\common_lib.h(99):     </form>\n
..\\Parametres\\common_lib.h(99):     \n
..\\Parametres\\common_lib.h(99):     </body>\n
..\\Parametres\\common_lib.h(99):     </html>\n
..\\Parametres\\common_lib.h(99): Resource "http://localhost:1080/WebTours/images/mer_login.gif" is in the cache already and will not be downloaded again  	[MsgId: MMSG-26655]
..\\Parametres\\common_lib.h(99): t=4208539ms: 5-byte chunked response overhead for "http://localhost:1080/cgi-bin/nav.pl?in=home" (RelFrameId=1.1, Internal ID=2277)
..\\Parametres\\common_lib.h(99):     0\r\n
..\\Parametres\\common_lib.h(99):     \r\n
..\\Parametres\\common_lib.h(99): t=4208540ms: Request done "http://localhost:1080/cgi-bin/nav.pl?in=home"  	[MsgId: MMSG-26000]
..\\Parametres\\common_lib.h(99): Registered web_reg_find successful for "Text=Web Tours" (count=5)  	[MsgId: MMSG-26364]
..\\Parametres\\common_lib.h(99): web_url("SignOff Button") was successful, 2176 body bytes, 582 header bytes, 24 chunking overhead bytes  	[MsgId: MMSG-26385]
..\\Parametres\\common_lib.h(109): Notify: Transaction "logout" ended with a "Pass" status (Duration: 0,1296 Wasted Time: 0,0000).	[MsgId: MMSG-16871]
Action.c(211): Notify: Transaction "UC03_BuyTickets" ended with a "Pass" status (Duration: 1,9617 Wasted Time: 0,0035).	[MsgId: MMSG-16871]
Ending action Action.	[MsgId: MMSG-15918]
Ending iteration 67.	[MsgId: MMSG-15965]
Waiting 58,0340 seconds for iteration pacing.	[MsgId: MMSG-15996]
Action was aborted.	[MsgId: MMSG-10694]
Ending Vuser...	[MsgId: MMSG-15966]
Starting action vuser_end.	[MsgId: MMSG-15919]
Ending action vuser_end.	[MsgId: MMSG-15918]
Vuser Terminated.	[MsgId: MMSG-15963]
t=4212253ms: Closed connection [0] to localhost:1080 after completing 15 request(s)  	[MsgId: MMSG-26000]
t=4212254ms: Closed connection [1] to localhost:1080 after completing 9 request(s)  	[MsgId: MMSG-26000]
t=4212254ms: Closed connection [2] to localhost:1080 after completing 4 request(s)  	[MsgId: MMSG-26000]
t=4212255ms: Closed connection [3] to localhost:1080 after completing 3 request(s)  	[MsgId: MMSG-26000]
t=4212255ms: Closed connection [4] to localhost:1080 after completing 1 request(s)  	[MsgId: MMSG-26000]
t=4212256ms: Closed connection [5] to localhost:1080 after completing 1 request(s)  	[MsgId: MMSG-26000]
HTML-Mode memory management statistics: Reusable=91, NonReusable=0, CsMemBlockSize=4096, checks disabled  	[MsgId: MMSG-26000]
Vuser 14 (thread 2708), ended OK."	[MsgId: MMSG-10695]
