Action.c(197):       <b>Flight Details:</b><BR/>  <center>\n
Action.c(197):       07/19/2022\n
Action.c(197):      :  11pm : Flight 343 leaves Los Angeles  for Paris.<br>  </center>\n
Action.c(197):       </TD>\n
Action.c(197):     </TR>\n
Action.c(197):     \n
Action.c(197):     <TR bgcolor="#EFF2F7">\n
Action.c(197):       <TD COLSPAN="4">\n
Action.c(197):       <hr/>\n
Action.c(197):       </TD>\n
Action.c(197):     </TR>\n
Action.c(197):     \n
Action.c(197):     <!-- Flight #1 -->\n
Action.c(197):     <TR bgcolor="#EFF2F7">\n
Action.c(197):       <TD width="5%" rowspan="2" align="left" valign="top">\n
Action.c(197):     <b>\n
Action.c(197):     <label><input type="checkbox" name="214" value="on" /></label></font></b>\n
Action.c(197):     <input type="hidden" name="flightID" value="251563-1646-OD"  />\n
Action.c(197):       </TD>\n
Action.c(197):       <TD width="45%" valign="top">\n
Action.c(197):           <b>&nbsp;&nbsp;A None class ticket for :</b><br/>\n
Action.c(197):           <center><table border="0" width="85%"><tr><td>\n
Action.c(197):           <li><i>Oleg  Dolgov\n
Action.c(197):           <li><i></i>\n
Action.c(197):           </td></tr></table></center>\n
Action.c(197):       </TD>\n
Action.c(197):       <TD width="5%" >.<br/>.<br/>.<br/>.</TD>\n
Action.c(197):       <TD width="45%" valign=top><b>Invoice sent to:</b><br/>\n
Action.c(197):           <center>\n
Action.c(197):           <Table width="80%" cellspacing="0" > <tr> <td>\n
Action.c(197):               Oleg Dolgov\n
Action.c(197):     <br/>\n
Action.c(197):               Pushkina<br/>\n
Action.c(197):               Andorra<br/>\n
Action.c(197):               <br/>\n
Action.c(197):               Total Charge: $ 0 <BR/> (CC: x-0679)\n
Action.c(197):           </td> </tr> </table>\n
Action.c(197):           </center>\n
Action.c(197):       </TD>\n
Action.c(197):     </TR>\n
Action.c(197):     <TR bgcolor="#EFF2F7">\n
Action.c(197):       <TD COLSPAN="3">\n
Action.c(197):       <b>Flight Details:</b><BR/>  <center>\n
Action.c(197):       07/19/2022\n
Action.c(197):      :  5pm : Flight 222 leaves London  for London.<br>  </center>\n
Action.c(197):       </TD>\n
Action.c(197):     </TR>\n
Action.c(197):     \n
Action.c(197):     <TR bgcolor="#EFF2F7">\n
Action.c(197):       <TD COLSPAN="4">\n
Action.c(197):       <hr/>\n
Action.c(197):       </TD>\n
Action.c(197):     </TR>\n
Action.c(197):     \n
Action.c(197):     <!-- Flight #1 -->\n
Action.c(197):     <TR bgcolor="#EFF2F7">\n
Action.c(197):       <TD width="5%" rowspan="2" align="left" valign="top">\n
Action.c(197):     <b>\n
Action.c(197):     <label><input type="checkbox" name="215" value="on" /></label></font></b>\n
Action.c(197):     <input type="hidden" name="flightID" value="162054501-1653969-OD"  />\n
Action.c(197):       </TD>\n
Action.c(197):       <TD width="45%" valign="top">\n
Action.c(197):           <b>&nbsp;&nbsp;3 Window class tickets for :</b><br/>\n
Action.c(197):           <center><table border="0" width="85%"><tr><td>\n
Action.c(197):           <li><i>Oleg  Dolgov      <li><i>Petr Gleb      <li><i>Lena Ku\n
Action.c(197):           <li><i></i>\n
Action.c(197):           </td></tr></table></center>\n
Action.c(197):       </TD>\n
Action.c(197):       <TD width="5%" >.<br/>.<br/>.<br/>.</TD>\n
Action.c(197):       <TD width="45%" valign=top><b>Invoice sent to:</b><br/>\n
Action.c(197):           <center>\n
Action.c(197):           <Table width="80%" cellspacing="0" > <tr> <td>\n
Action.c(197):               Oleg Dolgov\n
Action.c(197):     <br/>\n
Action.c(197):               Novaya<br/>\n
Action.c(197):               Value<br/>\n
Action.c(197):               <br/>\n
Action.c(197):               Total Charge: $ 1599 <BR/> (CC: x-4375)\n
Action.c(197):           </td> </tr> </table>\n
Action.c(197):           </center>\n
Action.c(197):       </TD>\n
Action.c(197):     </TR>\n
Action.c(197):     <TR bgcolor="#EFF2F7">\n
Action.c(197):       <TD COLSPAN="3">\n
Action.c(197):       <b>Flight Details:</b><BR/>  <center>\n
Action.c(197):       07/19/2022\n
Action.c(197):      :  1pm : Flight 471 leaves Paris  for Seattle.<br>  </center>\n
Action.c(197):       </TD>\n
Action.c(197):     </TR>\n
Action.c(197):     \n
Action.c(197):     <TR bgcolor="#EFF2F7">\n
Action.c(197):       <TD COLSPAN="4">\n
Action.c(197):       <hr/>\n
Action.c(197):       </TD>\n
Action.c(197):     </TR>\n
Action.c(197):     \n
Action.c(197):     <!-- Flight #1 -->\n
Action.c(197):     <TR bgcolor="#EFF2F7">\n
Action.c(197):       <TD width="5%" rowspan="2" align="left" valign="top">\n
Action.c(197):     <b>\n
Action.c(197):     <label><input type="checkbox" name="216" value="on" /></label></font></b>\n
Action.c(197):     <input type="hidden" name="flightID" value="49044937-166202-OD"  />\n
Action.c(197):       </TD>\n
Action.c(197):       <TD width="45%" valign="top">\n
Action.c(197):           <b>&nbsp;&nbsp;2 Aisle class tickets for :</b><br/>\n
Action.c(197):           <center><table border="0" width="85%"><tr><td>\n
Action.c(197):           <li><i>Oleg  Dolgov      <li><i>Petr Gleb\n
Action.c(197):           <li><i></i>\n
Action.c(197):           </td></tr></table></center>\n
Action.c(197):       </TD>\n
Action.c(197):       <TD width="5%" >.<br/>.<br/>.<br/>.</TD>\n
Action.c(197):       <TD width="45%" valign=top><b>Invoice sent to:</b><br/>\n
Action.c(197):           <center>\n
Action.c(197):           <Table width="80%" cellspacing="0" > <tr> <td>\n
Action.c(197):               Oleg Dolgov\n
Action.c(197):     <br/>\n
Action.c(197):               Pushkina<br/>\n
Action.c(197):               Ottava<br/>\n
Action.c(197):               <br/>\n
Action.c(197):               Total Charge: $ 630 <BR/> (CC: x-1324)\n
Action.c(197):           </td> </tr> </table>\n
Action.c(197):           </center>\n
Action.c(197):       </TD>\n
Action.c(197):     </TR>\n
Action.c(197):     <TR bgcolor="#EFF2F7">\n
Action.c(197):       <TD COLSPAN="3">\n
Action.c(197):       <b>Flight Details:</b><BR/>  <center>\n
Action.c(197):       07/19/2022\n
Action.c(197):      :  11pm : Flight 213 leaves London  for Frankfurt.<br>  </center>\n
Action.c(197):       </TD>\n
Action.c(197):     </TR>\n
Action.c(197):     \n
Action.c(197):     <TR bgcolor="#EFF2F7">\n
Action.c(197):       <TD COLSPAN="4">\n
Action.c(197):       <hr/>\n
Action.c(197):       </TD>\n
Action.c(197):     </TR>\n
Action.c(197):     \n
Action.c(197):     <!-- Flight #1 -->\n
Action.c(197):     <TR bgcolor="#EFF2F7">\n
Action.c(197):       <TD width="5%" rowspan="2" align="left" valign="top">\n
Action.c(197):     <b>\n
Action.c(197):     <label><input type="checkbox" name="217" value="on" /></label></font></b>\n
Action.c(197):     <input type="hidden" name="flightID" value="208454547-166982-OD"  />\n
Action.c(197):       </TD>\n
Action.c(197):       <TD width="45%" valign="top">\n
Action.c(197):           <b>&nbsp;&nbsp;A Window class ticket for :</b><br/>\n
Action.c(197):           <center><table border="0" width="85%"><tr><td>\n
Action.c(197):           <li><i>Oleg  Dolgov\n
Action.c(197):           <li><i></i>\n
Action.c(197):           </td></tr></table></center>\n
Action.c(197):       </TD>\n
Action.c(197):       <TD width="5%" >.<br/>.<br/>.<br/>.</TD>\n
Action.c(197):       <TD width="45%" valign=top><b>Invoice sent to:</b><br/>\n
Action.c(197):           <center>\n
Action.c(197):           <Table width="80%" cellspacing="0" > <tr> <td>\n
Action.c(197):               Oleg Dolgov\n
Action.c(197):     <br/>\n
Action.c(197):               Novaya<br/>\n
Action.c(197):               Varshava<br/>\n
Action.c(197):               <br/>\n
Action.c(197):               Total Charge: $ 775 <BR/> (CC: x-5628)\n
Action.c(197):           </td> </tr> </table>\n
Action.c(197):           </center>\n
Action.c(197):       </TD>\n
Action.c(197):     </TR>\n
Action.c(197):     <TR bgcolor="#EFF2F7">\n
Action.c(197):       <TD COLSPAN="3">\n
Action.c(197):       <b>Flight Details:</b><BR/>  <center>\n
Action.c(197):       07/19/2022\n
Action.c(197):      :  5pm : Flight 272 leaves London  for Seattle.<br>  </center>\n
Action.c(197):       </TD>\n
Action.c(197):     </TR>\n
Action.c(197):     \n
Action.c(197):     <TR bgcolor="#EFF2F7">\n
Action.c(197):       <TD COLSPAN="4">\n
Action.c(197):       <hr/>\n
Action.c(197):       </TD>\n
Action.c(197):     </TR>\n
Action.c(197):     \n
Action.c(197):     <!-- Flight #1 -->\n
Action.c(197):     <TR bgcolor="#EFF2F7">\n
Action.c(197):       <TD width="5%" rowspan="2" align="left" valign="top">\n
Action.c(197):     <b>\n
Action.c(197):     <label><input type="checkbox" name="218" value="on" /></label></font></b>\n
Action.c(197):     <input type="hidden" name="flightID" value="136134944-1677001-OD"  />\n
Action.c(197):       </TD>\n
Action.c(197):       <TD width="45%" valign="top">\n
Action.c(197):           <b>&nbsp;&nbsp;2 Aisle class tickets for :</b><br/>\n
Action.c(197):           <center><table border="0" width="85%"><tr><td>\n
Action.c(197):           <li><i>Oleg  Dolgov      <li><i>Petr Gleb\n
Action.c(197):           <li><i></i>\n
Action.c(197):           </td></tr></table></center>\n
Action.c(197):       </TD>\n
Action.c(197):       <TD width="5%" >.<br/>.<br/>.<br/>.</TD>\n
Action.c(197):       <TD width="45%" valign=top><b>Invoice sent to:</b><br/>\n
Action.c(197):           <center>\n
Action.c(197):           <Table width="80%" cellspacing="0" > <tr> <td>\n
Action.c(197):               Oleg Dolgov\n
Action.c(197):     <br/>\n
Action.c(197):               Staraya<br/>\n
Action.c(197):               Value<br/>\n
Action.c(197):               <br/>\n
Action.c(197):               Total Charge: $ 1018 <BR/> (CC: x-3675)\n
Action.c(197):           </td> </tr> </table>\n
Action.c(197):           </center>\n
Action.c(197):       </TD>\n
Action.c(197):     </TR>\n
Action.c(197):     <TR bgcolor="#EFF2F7">\n
Action.c(197):       <TD COLSPAN="3">\n
Action.c(197):       <b>Flight Details:</b><BR/>  <center>\n
Action.c(197):       07/19/2022\n
Action.c(197):      :  11pm : Flight 643 leaves San Francisco  for Paris.<br>  </center>\n
Action.c(197):       </TD>\n
Action.c(197):     </TR>\n
Action.c(197):     \n
Action.c(197):     <TR bgcolor="#EFF2F7">\n
Action.c(197):       <TD COLSPAN="4">\n
Action.c(197):       <hr/>\n
Action.c(197):       </TD>\n
Action.c(197):     </TR>\n
Action.c(197):     \n
Action.c(197):     <!-- Flight #1 -->\n
Action.c(197):     <TR bgcolor="#EFF2F7">\n
Action.c(197):       <TD width="5%" rowspan="2" align="left" valign="top">\n
Action.c(197):     <b>\n
Action.c(197):     <label><input type="checkbox" name="219" value="on" /></label></font></b>\n
Action.c(197):     <input type="hidden" name="flightID" value="202619677-168484-OD"  />\n
Action.c(197):       </TD>\n
Action.c(197):       <TD width="45%" valign="top">\n
Action.c(197):           <b>&nbsp;&nbsp;A None class ticket for :</b><br/>\n
Action.c(197):           <center><table border="0" width="85%"><tr><td>\n
Action.c(197):           <li><i>Oleg  Dolgov\n
Action.c(197):           <li><i></i>\n
Action.c(197):           </td></tr></table></center>\n
Action.c(197):       </TD>\n
Action.c(197):       <TD width="5%" >.<br/>.<br/>.<br/>.</TD>\n
Action.c(197):       <TD width="45%" valign=top><b>Invoice sent to:</b><br/>\n
Action.c(197):           <center>\n
Action.c(197):           <Table width="80%" cellspacing="0" > <tr> <td>\n
Action.c(197):               Oleg Dolgov\n
Action.c(197):     <br/>\n
Action.c(197):               Otradnaya<br/>\n
Action.c(197):               Madrid<br/>\n
Action.c(197):               <br/>\n
Action.c(197):               Total Charge: $ 292 <BR/> (CC: x-5470)\n
Action.c(197):           </td> </tr> </table>\n
Action.c(197):           </center>\n
Action.c(197):       </TD>\n
Action.c(197):     </TR>\n
Action.c(197):     <TR bgcolor="#EFF2F7">\n
Action.c(197):       <TD COLSPAN="3">\n
Action.c(197):       <b>Flight Details:</b><BR/>  <center>\n
Action.c(197):       07/19/2022\n
Action.c(197):      :  1pm : Flight 731 leaves Seattle  for Los Angeles.<br>  </center>\n
Action.c(197):       </TD>\n
Action.c(197):     </TR>\n
Action.c(197):     \n
Action.c(197):     <TR bgcolor="#EFF2F7">\n
Action.c(197):       <TD COLSPAN="4">\n
Action.c(197):       <hr/>\n
Action.c(197):       </TD>\n
Action.c(197):     </TR>\n
Action.c(197):     \n
Action.c(197):     <!-- Flight #1 -->\n
Action.c(197):     <TR bgcolor="#EFF2F7">\n
Action.c(197):       <TD width="5%" rowspan="2" align="left" valign="top">\n
Action.c(197):     <b>\n
Action.c(197):     <label><input type="checkbox" name="220" value="on" /></label></font></b>\n
Action.c(197):     <input type="hidden" name="flightID" value="135100812-1692525-OD"  />\n
Action.c(197):       </TD>\n
Action.c(197):       <TD width="45%" valign="top">\n
Action.c(197):           <b>&nbsp;&nbsp;3 Aisle class tickets for :</b><br/>\n
Action.c(197):           <center><table border="0" width="85%"><tr><td>\n
Action.c(197):           <li><i>Oleg  Dolgov      <li><i>Petr Gleb      <li><i>Lena Ku\n
Action.c(197):           <li><i></i>\n
Action.c(197):           </td></tr></table></center>\n
Action.c(197):       </TD>\n
Action.c(197):       <TD width="5%" >.<br/>.<br/>.<br/>.</TD>\n
Action.c(197):       <TD width="45%" valign=top><b>Invoice sent to:</b><br/>\n
Action.c(197):           <center>\n
Action.c(197):           <Table width="80%" cellspacing="0" > <tr> <td>\n
Action.c(197):               Oleg Dolgov\n
Action.c(197):     <br/>\n
Action.c(197):               Otradnaya<br/>\n
Action.c(197):               Nicca<br/>\n
Action.c(197):               <br/>\n
Action.c(197):               Total Charge: $ 2832 <BR/> (CC: x-3647)\n
Action.c(197):           </td> </tr> </table>\n
Action.c(197):           </center>\n
Action.c(197):       </TD>\n
Action.c(197):     </TR>\n
Action.c(197):     <TR bgcolor="#EFF2F7">\n
Action.c(197):       <TD COLSPAN="3">\n
Action.c(197):       <b>Flight Details:</b><BR/>  <center>\n
Action.c(197):       07/19/2022\n
Action.c(197):      :  1pm : Flight 721 leaves Seattle  for London.<br>  </center>\n
Action.c(197):       </TD>\n
Action.c(197):     </TR>\n
Action.c(197):     \n
Action.c(197):     <TR bgcolor="#EFF2F7">\n
Action.c(197):       <TD COLSPAN="4">\n
Action.c(197):       <hr/>\n
Action.c(197):       </TD>\n
Action.c(197):     </TR>\n
Action.c(197):     \n
Action.c(197):     <!-- Flight #1 -->\n
Action.c(197):     <TR bgcolor="#EFF2F7">\n
Action.c(197):       <TD width="5%" rowspan="2" align="left" valign="top">\n
Action.c(197):     <b>\n
Action.c(197):     <label><input type="checkbox" name="221" value="on" /></label></font></b>\n
Action.c(197):     <input type="hidden" name="flightID" value="148819382-170024-OD"  />\n
Action.c(197):       </TD>\n
Action.c(197):       <TD width="45%" valign="top">\n
Action.c(197):           <b>&nbsp;&nbsp;A Window class ticket for :</b><br/>\n
Action.c(197):           <center><table border="0" width="85%"><tr><td>\n
Action.c(197):           <li><i>Oleg  Dolgov\n
Action.c(197):           <li><i></i>\n
Action.c(197):           </td></tr></table></center>\n
Action.c(197):       </TD>\n
Action.c(197):       <TD width="5%" >.<br/>.<br/>.<br/>.</TD>\n
Action.c(197):       <TD width="45%" valign=top><b>Invoice sent to:</b><br/>\n
Action.c(197):           <center>\n
Action.c(197):           <Table width="80%" cellspacing="0" > <tr> <td>\n
Action.c(197):               Oleg Dolgov\n
Action.c(197):     <br/>\n
Action.c(197):               
Action.c(197): t=1406321ms: 8-byte chunked response overhead for "http://localhost:1080/cgi-bin/itinerary.pl" (RelFrameId=1.2, Internal ID=776)
Action.c(197):     \r\n
Action.c(197):     1000\r\n
Action.c(197): t=1406322ms: 8-byte chunked response overhead for "http://localhost:1080/cgi-bin/itinerary.pl" (RelFrameId=1.2, Internal ID=776)
Action.c(197):     \r\n
Action.c(197):     1000\r\n
Action.c(197): t=1406322ms: 8-byte chunked response overhead for "http://localhost:1080/cgi-bin/itinerary.pl" (RelFrameId=1.2, Internal ID=776)
Action.c(197):     \r\n
Action.c(197):     3000\r\n
Action.c(197): t=1406322ms: 12263-byte chunked response body for "http://localhost:1080/cgi-bin/itinerary.pl" (RelFrameId=1.2, Internal ID=776)
Action.c(197):     Mira<br/>\n
Action.c(197):               Moscow<br/>\n
Action.c(197):               <br/>\n
Action.c(197):               Total Charge: $ 315 <BR/> (CC: x-4018)\n
Action.c(197):           </td> </tr> </table>\n
Action.c(197):           </center>\n
Action.c(197):       </TD>\n
Action.c(197):     </TR>\n
Action.c(197):     <TR bgcolor="#EFF2F7">\n
Action.c(197):       <TD COLSPAN="3">\n
Action.c(197):       <b>Flight Details:</b><BR/>  <center>\n
Action.c(197):       07/19/2022\n
Action.c(197):      :  11pm : Flight 123 leaves Frankfurt  for London.<br>  </center>\n
Action.c(197):       </TD>\n
Action.c(197):     </TR>\n
Action.c(197):     \n
Action.c(197):     <TR bgcolor="#EFF2F7">\n
Action.c(197):       <TD COLSPAN="4">\n
Action.c(197):       <hr/>\n
Action.c(197):       </TD>\n
Action.c(197):     </TR>\n
Action.c(197):     \n
Action.c(197):     <!-- Flight #1 -->\n
Action.c(197):     <TR bgcolor="#EFF2F7">\n
Action.c(197):       <TD width="5%" rowspan="2" align="left" valign="top">\n
Action.c(197):     <b>\n
Action.c(197):     <label><input type="checkbox" name="222" value="on" /></label></font></b>\n
Action.c(197):     <input type="hidden" name="flightID" value="268768277-170806-OD"  />\n
Action.c(197):       </TD>\n
Action.c(197):       <TD width="45%" valign="top">\n
Action.c(197):           <b>&nbsp;&nbsp;A Window class ticket for :</b><br/>\n
Action.c(197):           <center><table border="0" width="85%"><tr><td>\n
Action.c(197):           <li><i>Oleg  Dolgov\n
Action.c(197):           <li><i></i>\n
Action.c(197):           </td></tr></table></center>\n
Action.c(197):       </TD>\n
Action.c(197):       <TD width="5%" >.<br/>.<br/>.<br/>.</TD>\n
Action.c(197):       <TD width="45%" valign=top><b>Invoice sent to:</b><br/>\n
Action.c(197):           <center>\n
Action.c(197):           <Table width="80%" cellspacing="0" > <tr> <td>\n
Action.c(197):               Oleg Dolgov\n
Action.c(197):     <br/>\n
Action.c(197):               Pushkina<br/>\n
Action.c(197):               Andorra<br/>\n
Action.c(197):               <br/>\n
Action.c(197):               Total Charge: $ 489 <BR/> (CC: x-7256)\n
Action.c(197):           </td> </tr> </table>\n
Action.c(197):           </center>\n
Action.c(197):       </TD>\n
Action.c(197):     </TR>\n
Action.c(197):     <TR bgcolor="#EFF2F7">\n
Action.c(197):       <TD COLSPAN="3">\n
Action.c(197):       <b>Flight Details:</b><BR/>  <center>\n
Action.c(197):       07/19/2022\n
Action.c(197):      :  11pm : Flight 743 leaves Seattle  for Paris.<br>  </center>\n
Action.c(197):       </TD>\n
Action.c(197):     </TR>\n
Action.c(197):     \n
Action.c(197):     <TR bgcolor="#EFF2F7">\n
Action.c(197):       <TD COLSPAN="4">\n
Action.c(197):       <hr/>\n
Action.c(197):       </TD>\n
Action.c(197):     </TR>\n
Action.c(197):     \n
Action.c(197):     <!-- Flight #1 -->\n
Action.c(197):     <TR bgcolor="#EFF2F7">\n
Action.c(197):       <TD width="5%" rowspan="2" align="left" valign="top">\n
Action.c(197):     <b>\n
Action.c(197):     <label><input type="checkbox" name="223" value="on" /></label></font></b>\n
Action.c(197):     <input type="hidden" name="flightID" value="239763832-171575-OD"  />\n
Action.c(197):       </TD>\n
Action.c(197):       <TD width="45%" valign="top">\n
Action.c(197):           <b>&nbsp;&nbsp;A Window class ticket for :</b><br/>\n
Action.c(197):           <center><table border="0" width="85%"><tr><td>\n
Action.c(197):           <li><i>Oleg  Dolgov\n
Action.c(197):           <li><i></i>\n
Action.c(197):           </td></tr></table></center>\n
Action.c(197):       </TD>\n
Action.c(197):       <TD width="5%" >.<br/>.<br/>.<br/>.</TD>\n
Action.c(197):       <TD width="45%" valign=top><b>Invoice sent to:</b><br/>\n
Action.c(197):           <center>\n
Action.c(197):           <Table width="80%" cellspacing="0" > <tr> <td>\n
Action.c(197):               Oleg Dolgov\n
Action.c(197):     <br/>\n
Action.c(197):               Staraya<br/>\n
Action.c(197):               Moscow<br/>\n
Action.c(197):               <br/>\n
Action.c(197):               Total Charge: $ 479 <BR/> (CC: x-6473)\n
Action.c(197):           </td> </tr> </table>\n
Action.c(197):           </center>\n
Action.c(197):       </TD>\n
Action.c(197):     </TR>\n
Action.c(197):     <TR bgcolor="#EFF2F7">\n
Action.c(197):       <TD COLSPAN="3">\n
Action.c(197):       <b>Flight Details:</b><BR/>  <center>\n
Action.c(197):       07/19/2022\n
Action.c(197):      :  11pm : Flight 623 leaves San Francisco  for London.<br>  </center>\n
Action.c(197):       </TD>\n
Action.c(197):     </TR>\n
Action.c(197):     \n
Action.c(197):     <TR bgcolor="#EFF2F7">\n
Action.c(197):       <TD COLSPAN="4">\n
Action.c(197):       <hr/>\n
Action.c(197):       </TD>\n
Action.c(197):     </TR>\n
Action.c(197):     \n
Action.c(197):     <!-- Flight #1 -->\n
Action.c(197):     <TR bgcolor="#EFF2F7">\n
Action.c(197):       <TD width="5%" rowspan="2" align="left" valign="top">\n
Action.c(197):     <b>\n
Action.c(197):     <label><input type="checkbox" name="224" value="on" /></label></font></b>\n
Action.c(197):     <input type="hidden" name="flightID" value="304767428-1723207-OD"  />\n
Action.c(197):       </TD>\n
Action.c(197):       <TD width="45%" valign="top">\n
Action.c(197):           <b>&nbsp;&nbsp;3 Window class tickets for :</b><br/>\n
Action.c(197):           <center><table border="0" width="85%"><tr><td>\n
Action.c(197):           <li><i>Oleg  Dolgov      <li><i>Petr Gleb      <li><i>Lena Ku\n
Action.c(197):           <li><i></i>\n
Action.c(197):           </td></tr></table></center>\n
Action.c(197):       </TD>\n
Action.c(197):       <TD width="5%" >.<br/>.<br/>.<br/>.</TD>\n
Action.c(197):       <TD width="45%" valign=top><b>Invoice sent to:</b><br/>\n
Action.c(197):           <center>\n
Action.c(197):           <Table width="80%" cellspacing="0" > <tr> <td>\n
Action.c(197):               Oleg Dolgov\n
Action.c(197):     <br/>\n
Action.c(197):               Otradnaya<br/>\n
Action.c(197):               Moscow<br/>\n
Action.c(197):               <br/>\n
Action.c(197):               Total Charge: $ 1695 <BR/> (CC: x-8228)\n
Action.c(197):           </td> </tr> </table>\n
Action.c(197):           </center>\n
Action.c(197):       </TD>\n
Action.c(197):     </TR>\n
Action.c(197):     <TR bgcolor="#EFF2F7">\n
Action.c(197):       <TD COLSPAN="3">\n
Action.c(197):       <b>Flight Details:</b><BR/>  <center>\n
Action.c(197):       07/19/2022\n
Action.c(197):      :  8am : Flight 720 leaves Seattle  for London.<br>  </center>\n
Action.c(197):       </TD>\n
Action.c(197):     </TR>\n
Action.c(197):     \n
Action.c(197):     <TR bgcolor="#EFF2F7">\n
Action.c(197):       <TD COLSPAN="4">\n
Action.c(197):       <hr/>\n
Action.c(197):       </TD>\n
Action.c(197):     </TR>\n
Action.c(197):     \n
Action.c(197):     <!-- Flight #1 -->\n
Action.c(197):     <TR bgcolor="#EFF2F7">\n
Action.c(197):       <TD width="5%" rowspan="2" align="left" valign="top">\n
Action.c(197):     <b>\n
Action.c(197):     <label><input type="checkbox" name="225" value="on" /></label></font></b>\n
Action.c(197):     <input type="hidden" name="flightID" value="315712634-173098-OD"  />\n
Action.c(197):       </TD>\n
Action.c(197):       <TD width="45%" valign="top">\n
Action.c(197):           <b>&nbsp;&nbsp;2 Window class tickets for :</b><br/>\n
Action.c(197):           <center><table border="0" width="85%"><tr><td>\n
Action.c(197):           <li><i>Oleg  Dolgov      <li><i>Petr Gleb\n
Action.c(197):           <li><i></i>\n
Action.c(197):           </td></tr></table></center>\n
Action.c(197):       </TD>\n
Action.c(197):       <TD width="5%" >.<br/>.<br/>.<br/>.</TD>\n
Action.c(197):       <TD width="45%" valign=top><b>Invoice sent to:</b><br/>\n
Action.c(197):           <center>\n
Action.c(197):           <Table width="80%" cellspacing="0" > <tr> <td>\n
Action.c(197):               Oleg Dolgov\n
Action.c(197):     <br/>\n
Action.c(197):               Maya<br/>\n
Action.c(197):               Nicca<br/>\n
Action.c(197):               <br/>\n
Action.c(197):               Total Charge: $ 280 <BR/> (CC: x-8524)\n
Action.c(197):           </td> </tr> </table>\n
Action.c(197):           </center>\n
Action.c(197):       </TD>\n
Action.c(197):     </TR>\n
Action.c(197):     <TR bgcolor="#EFF2F7">\n
Action.c(197):       <TD COLSPAN="3">\n
Action.c(197):       <b>Flight Details:</b><BR/>  <center>\n
Action.c(197):       07/19/2022\n
Action.c(197):      :  1pm : Flight 241 leaves London  for Paris.<br>  </center>\n
Action.c(197):       </TD>\n
Action.c(197):     </TR>\n
Action.c(197):     \n
Action.c(197):     <TR bgcolor="#EFF2F7">\n
Action.c(197):       <TD COLSPAN="4">\n
Action.c(197):       <hr/>\n
Action.c(197):       </TD>\n
Action.c(197):     </TR>\n
Action.c(197):     \n
Action.c(197):     <!-- Flight #1 -->\n
Action.c(197):     <TR bgcolor="#EFF2F7">\n
Action.c(197):       <TD width="5%" rowspan="2" align="left" valign="top">\n
Action.c(197):     <b>\n
Action.c(197):     <label><input type="checkbox" name="226" value="on" /></label></font></b>\n
Action.c(197):     <input type="hidden" name="flightID" value="198346383-1738542-OD"  />\n
Action.c(197):       </TD>\n
Action.c(197):       <TD width="45%" valign="top">\n
Action.c(197):           <b>&nbsp;&nbsp;3 Window class tickets for :</b><br/>\n
Action.c(197):           <center><table border="0" width="85%"><tr><td>\n
Action.c(197):           <li><i>Oleg  Dolgov      <li><i>Petr Gleb      <li><i>Lena Ku\n
Action.c(197):           <li><i></i>\n
Action.c(197):           </td></tr></table></center>\n
Action.c(197):       </TD>\n
Action.c(197):       <TD width="5%" >.<br/>.<br/>.<br/>.</TD>\n
Action.c(197):       <TD width="45%" valign=top><b>Invoice sent to:</b><br/>\n
Action.c(197):           <center>\n
Action.c(197):           <Table width="80%" cellspacing="0" > <tr> <td>\n
Action.c(197):               Oleg Dolgov\n
Action.c(197):     <br/>\n
Action.c(197):               Krupskoi<br/>\n
Action.c(197):               Varshava<br/>\n
Action.c(197):               <br/>\n
Action.c(197):               Total Charge: $ 1053 <BR/> (CC: x-5355)\n
Action.c(197):           </td> </tr> </table>\n
Action.c(197):           </center>\n
Action.c(197):       </TD>\n
Action.c(197):     </TR>\n
Action.c(197):     <TR bgcolor="#EFF2F7">\n
Action.c(197):       <TD COLSPAN="3">\n
Action.c(197):       <b>Flight Details:</b><BR/>  <center>\n
Action.c(197):       07/19/2022\n
Action.c(197):      :  5pm : Flight 352 leaves Los Angeles  for Portland.<br>  </center>\n
Action.c(197):       </TD>\n
Action.c(197):     </TR>\n
Action.c(197):     \n
Action.c(197):     <TR bgcolor="#EFF2F7">\n
Action.c(197):       <TD COLSPAN="4">\n
Action.c(197):       <hr/>\n
Action.c(197):       </TD>\n
Action.c(197):     </TR>\n
Action.c(197):     \n
Action.c(197):     <!-- Flight #1 -->\n
Action.c(197):     <TR bgcolor="#EFF2F7">\n
Action.c(197):       <TD width="5%" rowspan="2" align="left" valign="top">\n
Action.c(197):     <b>\n
Action.c(197):     <label><input type="checkbox" name="227" value="on" /></label></font></b>\n
Action.c(197):     <input type="hidden" name="flightID" value="24691561-174627-OD"  />\n
Action.c(197):       </TD>\n
Action.c(197):       <TD width="45%" valign="top">\n
Action.c(197):           <b>&nbsp;&nbsp;A None class ticket for :</b><br/>\n
Action.c(197):           <center><table border="0" width="85%"><tr><td>\n
Action.c(197):           <li><i>Oleg  Dolgov\n
Action.c(197):           <li><i></i>\n
Action.c(197):           </td></tr></table></center>\n
Action.c(197):       </TD>\n
Action.c(197):       <TD width="5%" >.<br/>.<br/>.<br/>.</TD>\n
Action.c(197):       <TD width="45%" valign=top><b>Invoice sent to:</b><br/>\n
Action.c(197):           <center>\n
Action.c(197):           <Table width="80%" cellspacing="0" > <tr> <td>\n
Action.c(197):               Oleg Dolgov\n
Action.c(197):     <br/>\n
Action.c(197):               Colacola<br/>\n
Action.c(197):               Value<br/>\n
Action.c(197):               <br/>\n
Action.c(197):               Total Charge: $ 154 <BR/> (CC: x-0666)\n
Action.c(197):           </td> </tr> </table>\n
Action.c(197):           </center>\n
Action.c(197):       </TD>\n
Action.c(197):     </TR>\n
Action.c(197):     <TR bgcolor="#EFF2F7">\n
Action.c(197):       <TD COLSPAN="3">\n
Action.c(197):       <b>Flight Details:</b><BR/>  <center>\n
Action.c(197):       07/19/2022\n
Action.c(197):      :  5pm : Flight 672 leaves San Francisco  for Seattle.<br>  </center>\n
Action.c(197):       </TD>\n
Action.c(197):     </TR>\n
Action.c(197):     \n
Action.c(197):     <TR bgcolor="#EFF2F7">\n
Action.c(197):       <TD COLSPAN="4">\n
Action.c(197):       <hr/>\n
Action.c(197):       </TD>\n
Action.c(197):     </TR>\n
Action.c(197):     \n
Action.c(197):     <!-- Flight #1 -->\n
Action.c(197):     <TR bgcolor="#EFF2F7">\n
Action.c(197):       <TD width="5%" rowspan="2" align="left" valign="top">\n
Action.c(197):     <b>\n
Action.c(197):     <label><input type="checkbox" name="228" value="on" /></label></font></b>\n
Action.c(197):     <input type="hidden" name="flightID" value="46009289-175446-OD"  />\n
Action.c(197):       </TD>\n
Action.c(197):       <TD width="45%" valign="top">\n
Action.c(197):           <b>&nbsp;&nbsp;A Aisle class ticket for :</b><br/>\n
Action.c(197):           <center><table border="0" width="85%"><tr><td>\n
Action.c(197):           <li><i>Oleg  Dolgov\n
Action.c(197):           <li><i></i>\n
Action.c(197):           </td></tr></table></center>\n
Action.c(197):       </TD>\n
Action.c(197):       <TD width="5%" >.<br/>.<br/>.<br/>.</TD>\n
Action.c(197):       <TD width="45%" valign=top><b>Invoice sent to:</b><br/>\n
Action.c(197):           <center>\n
Action.c(197):           <Table width="80%" cellspacing="0" > <tr> <td>\n
Action.c(197):               Oleg Dolgov\n
Action.c(197):     <br/>\n
Action.c(197):               Krupskoi<br/>\n
Action.c(197):               Kiev<br/>\n
Action.c(197):               <br/>\n
Action.c(197):               Total Charge: $ 805 <BR/> (CC: x-1242)\n
Action.c(197):           </td> </tr> </table>\n
Action.c(197):           </center>\n
Action.c(197):       </TD>\n
Action.c(197):     </TR>\n
Action.c(197):     <TR bgcolor="#EFF2F7">\n
Action.c(197):       <TD COLSPAN="3">\n
Action.c(197):       <b>Flight Details:</b><BR/>  <center>\n
Action.c(197):       07/19/2022\n
Action.c(197):      :  8am : Flight 250 leaves London  for Portland.<br>  </center>\n
Action.c(197):       </TD>\n
Action.c(197):     </TR>\n
Action.c(197):     \n
Action.c(197):     <TR bgcolor="#EFF2F7">\n
Action.c(197):       <TD COLSPAN="4">\n
Action.c(197):       <hr/>\n
Action.c(197):       </TD>\n
Action.c(197):     </TR>\n
Action.c(197):     \n
Action.c(197):     <!-- Flight #1 -->\n
Action.c(197):     <TR bgcolor="#EFF2F7">\n
Action.c(197):       <TD width="5%" rowspan="2" align="left" valign="top">\n
Action.c(197):     <b>\n
Action.c(197):     <label><input type="checkbox" name="229" value="on" /></label></font></b>\n
Action.c(197):     <input type="hidden" name="flightID" value="2335304121-1761737-OD"  />\n
Action.c(197):       </TD>\n
Action.c(197):       <TD width="45%" valign="top">\n
Action.c(197):           <b>&nbsp;&nbsp;2 None class tickets for :</b><br/>\n
Action.c(197):           <center><table border="0" width="85%"><tr><td>\n
Action.c(197):           <li><i>Oleg  Dolgov      <li><i>Petr Gleb\n
Action.c(197):           <li><i></i>\n
Action.c(197):           </td></tr></table></center>\n
Action.c(197):       </TD>\n
Action.c(197):       <TD width="5%" >.<br/>.<br/>.<br/>.</TD>\n
Action.c(197):       <TD width="45%" valign=top><b>Invoice sent to:</b><br/>\n
Action.c(197):           <center>\n
Action.c(197):           <Table width="80%" cellspacing="0" > <tr> <td>\n
Action.c(197):               Oleg Dolgov\n
Action.c(197):     <br/>\n
Action.c(197):               Krupskoi<br/>\n
Action.c(197):               Varshava<br/>\n
Action.c(197):               <br/>\n
Action.c(197):               Total Charge: $ 2582 <BR/> (CC: x-6305)\n
Action.c(197):           </td> </tr> </table>\n
Action.c(197):           </center>\n
Action.c(197):       </TD>\n
Action.c(197):     </TR>\n
Action.c(197):     <TR bgcolor="#EFF2F7">\n
Action.c(197):       <TD COLSPAN="3">\n
Action.c(197):       <b>Flight Details:</b><BR/>  <center>\n
Action.c(197):       07/19/2022\n
Action.c(197):      :  1pm : Flight 321 leaves Los Angeles  for London.<br>  </center>\n
Action.c(197):       </TD>\n
Action.c(197):     </TR>\n
Action.c(197):     \n
Action.c(197):     <TR bgcolor="#EFF2F7">\n
Action.c(197):       <TD COLSPAN="4">\n
Action.c(197):       <hr/>\n
Action.c(197):       </TD>\n
Action.c(197):     </TR>\n
Action.c(197):     <TR>\n
Action.c(197):        <TD align="center" COLSPAN="4">\n
Action.c(197):        <b>A total of 229 scheduled flights.</font></b>\n
Action.c(197):        </TD>\n
Action.c(197):     </TR>\n
Action.c(197):     </TABLE>\n
Action.c(197):     \n
Action.c(197):     <TABLE WIDTH="87%" BORDER="0" CELLSPACING="0">\n
Action.c(197):     <TR>\n
Action.c(197):     <TD align="left" width="50%" >\n
Action.c(197):     <input type="image" name="removeFlights" src="/WebTours/images/cancelreservation.gif" bord
Action.c(197):     er="0" /></TD>\n
Action.c(197):     <TD align="right" width="50%" >\n
Action.c(197):     <input type="image" name="removeAllFlights" src="/WebTours/images/cancelallreservations.gi
Action.c(197):     f" border="0" /></TD>\n
Action.c(197):     </TABLE>\n
Action.c(197):     \n
Action.c(197):     <div><input type="hidden" name=".cgifields" value="127"  /><input type="hidden" name=".cgi
Action.c(197):     fields" value="32"  /><input type="hidden" name=".cgifields" value="90"  /><input type="hi
Action.c(197):     dden" name=".cgifields" value="206"  /><input type="hidden" name=".cgifields" value="118" 
Action.c(197):      /><input type="hidden" name=".cgifields" value="71"  /><input type="hidden" name=".cgifie
Action.c(197):     lds" value="102"  /><input type="hidden" name=".cgifields" value="200"  /><input type="hid
Action.c(197):     den" name=".cgifields" value="18"  /><input type="hidden" name=".cgifields" value="125"  /
Action.c(197):     ><input type="hidden" name=".cgifields" value="16"  /><input type="hidden" name=".cgifield
Action.c(197):     s" value="44"  /><input type="hidden" name=".cgifields" value="55"  /><input type="hidden"
Action.c(197):      name=".cgifields" value="84"  /><input type="hidden" name=".cgifields" value="27"  /><inp
Action.c(197):     ut type="hidden" name=".cgifields" value="190"  /><input type="hidden" name=".cgifields" v
Action.c(197):     alue="161"  /><input type="hidden" name=".cgifields" value="194"  /><input type="hidden" n
Action.c(197):     ame=".cgifields" value="95"  /><input type="hidden" name=".cgifields" value="57"  /><input
Action.c(197):      type="hidden" name=".cgifields" value="220"  /><input type="hidden" name=".cgifields" val
Action.c(197):     ue="20"  /><input type="hidden" name=".cgifields" value="163"  /><input type="hidden" name
Action.c(197):     =".cgifields" value="109"  /><input type="hidden" name=".cgifields" value="151"  /><input 
Action.c(197):     type="hidden" name=".cgifields" value="89"  /><input type="hidden" name=".cgifields" value
Action.c(197):     ="175"  /><input type="hidden" name=".cgifields" value="148"  /><input type="hidden" name=
Action.c(197):     ".cgifields" value="31"  /><input type="hidden" name=".cgifields" value="35"  /><input typ
Action.c(197):     e="hidden" name=".cgifields" value="11"  /><input type="hidden" name=".cgifields" value="2
Action.c(197):     08"  /><input type="hidden" name=".cgifields" value="78"  /><input type="hidden" name=".cg
Action.c(197):     ifields" value="93"  /><input type="hidden" name=".cgifields" value="106"  /><input type="
Action.c(197):     hidden" name=".cgifields" value="157"  /><input type="hidden" name=".cgifields" value="65"
Action.c(197):       /><input type="hidden" name=".cgifields" value="29"  /><input type="hidden" name=".cgifi
Action.c(197):     elds" value="197"  /><input type="hidden" name=".cgifields" value="203"  /><input type="hi
Action.c(197):     dden" name=".cgifields" value="138"  /><input type="hidden" name=".cgifields" value="199" 
Action.c(197):      /><input type="hidden" name=".cgifields" value="114"  /><input type="hidden" name=".cgifi
Action.c(197):     elds" value="226"  /><input type="hidden" name=".cgifields" value="58"  /><input type="hid
Action.c(197):     den" name=".cgifields" value="211"  /><input type="hidden" name=".cgifields" value="153"  
Action.c(197):     /><input type="hidden" name=".cgifields" value="15
Action.c(197): Found resource "http://localhost:1080/WebTours/images/cancelreservation.gif" in HTML "http://localhost:1080/cgi-bin/itinerary.pl"  	[MsgId: MMSG-26659]
Action.c(197): Found resource "http://localhost:1080/WebTours/images/cancelallreservations.gif" in HTML "http://localhost:1080/cgi-bin/itinerary.pl"  	[MsgId: MMSG-26659]
Action.c(197): t=1406337ms: 7-byte chunked response overhead for "http://localhost:1080/cgi-bin/itinerary.pl" (RelFrameId=1.2, Internal ID=776)
Action.c(197):     \r\n
Action.c(197):     3fe\r\n
Action.c(197): t=1406337ms: 7-byte chunked response overhead for "http://localhost:1080/cgi-bin/itinerary.pl" (RelFrameId=1.2, Internal ID=776)
Action.c(197):     \r\n
Action.c(197):     0\r\n
Action.c(197):     \r\n
Action.c(197): t=1406337ms: 9734-byte chunked response body for "http://localhost:1080/cgi-bin/itinerary.pl" (RelFrameId=1.2, Internal ID=776)
Action.c(197):     "  /><input type="hidden" name=".cgifields" value="137"  /><input type="hidden" name=".cgi
Action.c(197):     fields" value="81"  /><input type="hidden" name=".cgifields" value="60"  /><input type="hi
Action.c(197):     dden" name=".cgifields" value="101"  /><input type="hidden" name=".cgifields" value="73"  
Action.c(197):     /><input type="hidden" name=".cgifields" value="86"  /><input type="hidden" name=".cgifiel
Action.c(197):     ds" value="76"  /><input type="hidden" name=".cgifields" value="62"  /><input type="hidden
Action.c(197):     " name=".cgifields" value="67"  /><input type="hidden" name=".cgifields" value="204"  /><i
Action.c(197):     nput type="hidden" name=".cgifields" value="165"  /><input type="hidden" name=".cgifields"
Action.c(197):      value="198"  /><input type="hidden" name=".cgifields" value="139"  /><input type="hidden"
Action.c(197):      name=".cgifields" value="129"  /><input type="hidden" name=".cgifields" value="2"  /><inp
Action.c(197):     ut type="hidden" name=".cgifields" value="17"  /><input type="hidden" name=".cgifields" va
Action.c(197):     lue="186"  /><input type="hidden" name=".cgifields" value="110"  /><input type="hidden" na
Action.c(197):     me=".cgifields" value="82"  /><input type="hidden" name=".cgifields" value="147"  /><input
Action.c(197):      type="hidden" name=".cgifields" value="228"  /><input type="hidden" name=".cgifields" val
Action.c(197):     ue="218"  /><input type="hidden" name=".cgifields" value="202"  /><input type="hidden" nam
Action.c(197):     e=".cgifields" value="168"  /><input type="hidden" name=".cgifields" value="184"  /><input
Action.c(197):      type="hidden" name=".cgifields" value="135"  /><input type="hidden" name=".cgifields" val
Action.c(197):     ue="14"  /><input type="hidden" name=".cgifields" value="112"  /><input type="hidden" name
Action.c(197):     =".cgifields" value="69"  /><input type="hidden" name=".cgifields" value="191"  /><input t
Action.c(197):     ype="hidden" name=".cgifields" value="172"  /><input type="hidden" name=".cgifields" value
Action.c(197):     ="145"  /><input type="hidden" name=".cgifields" value="49"  /><input type="hidden" name="
Action.c(197):     .cgifields" value="178"  /><input type="hidden" name=".cgifields" value="24"  /><input typ
Action.c(197):     e="hidden" name=".cgifields" value="224"  /><input type="hidden" name=".cgifields" value="
Action.c(197):     187"  /><input type="hidden" name=".cgifields" value="140"  /><input type="hidden" name=".
Action.c(197):     cgifields" value="223"  /><input type="hidden" name=".cgifields" value="124"  /><input typ
Action.c(197):     e="hidden" name=".cgifields" value="104"  /><input type="hidden" name=".cgifields" value="
Action.c(197):     131"  /><input type="hidden" name=".cgifields" value="181"  /><input type="hidden" name=".
Action.c(197):     cgifields" value="121"  /><input type="hidden" name=".cgifields" value="79"  /><input type
Action.c(197):     ="hidden" name=".cgifields" value="212"  /><input type="hidden" name=".cgifields" value="1
Action.c(197):     54"  /><input type="hidden" name=".cgifields" value="23"  /><input type="hidden" name=".cg
Action.c(197):     ifields" value="96"  /><input type="hidden" name=".cgifields" value="126"  /><input type="
Action.c(197):     hidden" name=".cgifields" value="159"  /><input type="hidden" name=".cgifields" value="160
Action.c(197):     "  /><input type="hidden" name=".cgifields" value="176"  /><input type="hidden" name=".cgi
Action.c(197):     fields" value="47"  /><input type="hidden" name=".cgifields" value="8"  /><input type="hid
Action.c(197):     den" name=".cgifields" value="209"  /><input type="hidden" name=".cgifields" value="98"  /
Action.c(197):     ><input type="hidden" name=".cgifields" value="216"  /><input type="hidden" name=".cgifiel
Action.c(197):     ds" value="37"  /><input type="hidden" name=".cgifields" value="117"  /><input type="hidde
Action.c(197):     n" name=".cgifields" value="43"  /><input type="hidden" name=".cgifields" value="195"  /><
Action.c(197):     input type="hidden" name=".cgifields" value="5"  /><input type="hidden" name=".cgifields" 
Action.c(197):     value="170"  /><input type="hidden" name=".cgifields" value="33"  /><input type="hidden" n
Action.c(197):     ame=".cgifields" value="21"  /><input type="hidden" name=".cgifields" value="63"  /><input
Action.c(197):      type="hidden" name=".cgifields" value="7"  /><input type="hidden" name=".cgifields" value
Action.c(197):     ="227"  /><input type="hidden" name=".cgifields" value="26"  /><input type="hidden" name="
Action.c(197):     .cgifields" value="80"  /><input type="hidden" name=".cgifields" value="193"  /><input typ
Action.c(197):     e="hidden" name=".cgifields" value="119"  /><input type="hidden" name=".cgifields" value="
Action.c(197):     180"  /><input type="hidden" name=".cgifields" value="99"  /><input type="hidden" name=".c
Action.c(197):     gifields" value="179"  /><input type="hidden" name=".cgifields" value="162"  /><input type
Action.c(197):     ="hidden" name=".cgifields" value="72"  /><input type="hidden" name=".cgifields" value="74
Action.c(197):     "  /><input type="hidden" name=".cgifields" value="182"  /><input type="hidden" name=".cgi
Action.c(197):     fields" value="61"  /><input type="hidden" name=".cgifields" value="108"  /><input type="h
Action.c(197):     idden" name=".cgifields" value="115"  /><input type="hidden" name=".cgifields" value="92" 
Action.c(197):      /><input type="hidden" name=".cgifields" value="103"  /><input type="hidden" name=".cgifi
Action.c(197):     elds" value="201"  /><input type="hidden" name=".cgifields" value="10"  /><input type="hid
Action.c(197):     den" name=".cgifields" value="113"  /><input type="hidden" name=".cgifields" value="152"  
Action.c(197):     /><input type="hidden" name=".cgifields" value="189"  /><input type="hidden" name=".cgifie
Action.c(197):     lds" value="225"  /><input type="hidden" name=".cgifields" value="207"  /><input type="hid
Action.c(197):     den" name=".cgifields" value="142"  /><input type="hidden" name=".cgifields" value="91"  /
Action.c(197):     ><input type="hidden" name=".cgifields" value="167"  /><input type="hidden" name=".cgifiel
Action.c(197):     ds" value="48"  /><input type="hidden" name=".cgifields" value="107"  /><input type="hidde
Action.c(197):     n" name=".cgifields" value="87"  /><input type="hidden" name=".cgifields" value="174"  /><
Action.c(197):     input type="hidden" name=".cgifields" value="77"  /><input type="hidden" name=".cgifields"
Action.c(197):      value="214"  /><input type="hidden" name=".cgifields" value="133"  /><input type="hidden"
Action.c(197):      name=".cgifields" value="149"  /><input type="hidden" name=".cgifields" value="123"  /><i
Action.c(197):     nput type="hidden" name=".cgifields" value="221"  /><input type="hidden" name=".cgifields"
Action.c(197):      value="50"  /><input type="hidden" name=".cgifields" value="39"  /><input type="hidden" n
Action.c(197):     ame=".cgifields" value="210"  /><input type="hidden" name=".cgifields" value="64"  /><inpu
Action.c(197):     t type="hidden" name=".cgifields" value="97"  /><input type="hidden" name=".cgifields" val
Action.c(197):     ue="12"  /><input type="hidden" name=".cgifields" value="41"  /><input type="hidden" name=
Action.c(197):     ".cgifields" value="52"  /><input type="hidden" name=".cgifields" value="173"  /><input ty
Action.c(197):     pe="hidden" name=".cgifields" value="56"  /><input type="hidden" name=".cgifields" value="
Action.c(197):     229"  /><input type="hidden" name=".cgifields" value="45"  /><input type="hidden" name=".c
Action.c(197):     gifields" value="66"  /><input type="hidden" name=".cgifields" value="19"  /><input type="
Action.c(197):     hidden" name=".cgifields" value="54"  /><input type="hidden" name=".cgifields" value="70" 
Action.c(197):      /><input type="hidden" name=".cgifields" value="188"  /><input type="hidden" name=".cgifi
Action.c(197):     elds" value="68"  /><input type="hidden" name=".cgifields" value="166"  /><input type="hid
Action.c(197):     den" name=".cgifields" value="1"  /><input type="hidden" name=".cgifields" value="136"  />
Action.c(197):     <input type="hidden" name=".cgifields" value="88"  /><input type="hidden" name=".cgifields
Action.c(197):     " value="116"  /><input type="hidden" name=".cgifields" value="144"  /><input type="hidden
Action.c(197):     " name=".cgifields" value="141"  /><input type="hidden" name=".cgifields" value="30"  /><i
Action.c(197):     nput type="hidden" name=".cgifields" value="100"  /><input type="hidden" name=".cgifields"
Action.c(197):      value="222"  /><input type="hidden" name=".cgifields" value="25"  /><input type="hidden" 
Action.c(197):     name=".cgifields" value="128"  /><input type="hidden" name=".cgifields" value="28"  /><inp
Action.c(197):     ut type="hidden" name=".cgifields" value="120"  /><input type="hidden" name=".cgifields" v
Action.c(197):     alue="156"  /><input type="hidden" name=".cgifields" value="134"  /><input type="hidden" n
Action.c(197):     ame=".cgifields" value="40"  /><input type="hidden" name=".cgifields" value="75"  /><input
Action.c(197):      type="hidden" name=".cgifields" value="83"  /><input type="hidden" name=".cgifields" valu
Action.c(197):     e="192"  /><input type="hidden" name=".cgifields" value="59"  /><input type="hidden" name=
Action.c(197):     ".cgifields" value="215"  /><input type="hidden" name=".cgifields" value="177"  /><input t
Action.c(197):     ype="hidden" name=".cgifields" value="150"  /><input type="hidden" name=".cgifields" value
Action.c(197):     ="155"  /><input type="hidden" name=".cgifields" value="130"  /><input type="hidden" name=
Action.c(197):     ".cgifields" value="217"  /><input type="hidden" name=".cgifields" value="53"  /><input ty
Action.c(197):     pe="hidden" name=".cgifields" value="122"  /><input type="hidden" name=".cgifields" value=
Action.c(197):     "143"  /><input type="hidden" name=".cgifields" value="205"  /><input type="hidden" name="
Action.c(197):     .cgifields" value="158"  /><input type="hidden" name=".cgifields" value="42"  /><input typ
Action.c(197):     e="hidden" name=".cgifields" value="22"  /><input type="hidden" name=".cgifields" value="2
Action.c(197):     19"  /><input type="hidden" name=".cgifields" value="46"  /><input type="hidden" name=".cg
Action.c(197):     ifields" value="13"  /><input type="hidden" name=".cgifields" value="105"  /><input type="
Action.c(197):     hidden" name=".cgifields" value="6"  /><input type="hidden" name=".cgifields" value="85"  
Action.c(197):     /><input type="hidden" name=".cgifields" value="185"  /><input type="hidden" name=".cgifie
Action.c(197):     lds" value="36"  /><input type="hidden" name=".cgifields" value="3"  /><input type="hidden
Action.c(197):     " name=".cgifields" value="213"  /><input type="hidden" name=".cgifields" value="183"  /><
Action.c(197):     input type="hidden" name=".cgifields" value="94"  /><input type="hidden" name=".cgifields"
Action.c(197):      value="146"  /><input type="hidden" name=".cgifields" value="51"  /><input type="hidden" 
Action.c(197):     name=".cgifields" value="9"  /><input type="hidden" name=".cgifields" value="111"  /><inpu
Action.c(197):     t type="hidden" name=".cgifields" value="38"  /><input type="hidden" name=".cgifields" val
Action.c(197):     ue="4"  /><input type="hidden" name=".cgifields" value="34"  /><input type="hidden" name="
Action.c(197):     .cgifields" value="169"  /><input type="hidden" name=".cgifields" value="164"  /><input ty
Action.c(197):     pe="hidden" name=".cgifields" value="132"  /><input type="hidden" name=".cgifields" value=
Action.c(197):     "196"  /><input type="hidden" name=".cgifields" value="171"  /></div></form>\n
Action.c(197):     \n
Action.c(197):     </center>\n
Action.c(197):     \n
Action.c(197):     </body>\n
Action.c(197):     </html>
Action.c(197): t=1406342ms: Request done "http://localhost:1080/cgi-bin/itinerary.pl"  	[MsgId: MMSG-26000]
Action.c(197): t=1406342ms: Closed connection [2] to localhost:1080 after completing 1 request(s)  	[MsgId: MMSG-26000]
Action.c(197): t=1406342ms: Server localhost has shut down connection [2] prematurely (after receiving complete response of previous request)  	[MsgId: MMSG-26000]
Action.c(197): t=1406343ms: Closed connection [1] to localhost:1080 after completing 2 request(s)  	[MsgId: MMSG-26000]
Action.c(197): t=1406343ms: Connecting [1] to host 127.0.0.1:1080  	[MsgId: MMSG-26000]
Action.c(197): t=1406343ms: Connecting [3] to host 127.0.0.1:1080  	[MsgId: MMSG-26000]
Action.c(197): t=1406344ms: 299-byte response headers for "http://localhost:1080/WebTours/images/in_itinerary.gif" (RelFrameId=, Internal ID=777)
Action.c(197):     HTTP/1.1 200 OK\r\n
Action.c(197):     Date: Mon, 18 Jul 2022 12:15:49 GMT\r\n
Action.c(197):     Server: Apache/2.2.21 (Win32)\r\n
Action.c(197):     Last-Modified: Thu, 12 Jan 2012 13:30:28 GMT\r\n
Action.c(197):     ETag: "3a00000004ebc8-2dd-4b654c0620500"\r\n
Action.c(197):     Accept-Ranges: bytes\r\n
Action.c(197):     Content-Length: 733\r\n
Action.c(197):     Keep-Alive: timeout=5, max=100\r\n
Action.c(197):     Connection: Keep-Alive\r\n
Action.c(197):     Content-Type: image/gif\r\n
Action.c(197):     \r\n
Action.c(197): t=1406344ms: 733-byte response body for "http://localhost:1080/WebTours/images/in_itinerary.gif" (RelFrameId=, Internal ID=777)
Action.c(197): t=1406344ms: Request done "http://localhost:1080/WebTours/images/in_itinerary.gif"  	[MsgId: MMSG-26000]
Action.c(197): t=1406345ms: Connected socket [1] from 127.0.0.1:48610 to 127.0.0.1:1080 in 2 ms  	[MsgId: MMSG-26000]
Action.c(197): t=1406345ms: 443-byte request headers for "http://localhost:1080/WebTours/images/cancelreservation.gif" (RelFrameId=, Internal ID=778)
Action.c(197):     GET /WebTours/images/cancelreservation.gif HTTP/1.1\r\n
Action.c(197):     Referer: http://localhost:1080/cgi-bin/itinerary.pl\r\n
Action.c(197):     DNT: 1\r\n
Action.c(197):     User-Agent: Mozilla/5.0 (Windows NT 6.3; WOW64; Trident/7.0; rv:11.0) like Gecko\r\n
Action.c(197):     Accept-Encoding: gzip, deflate\r\n
Action.c(197):     Accept-Language: ru-RU\r\n
Action.c(197):     Accept: */*\r\n
Action.c(197):     Connection: Keep-Alive\r\n
Action.c(197):     Host: localhost:1080\r\n
Action.c(197):     Cookie: MSO=SID&1658146515; MTUserInfo=firstName&Oleg&username&oleg54&address2&Kiev&hash&2
Action.c(197):     0&address1&Stepnaya&lastName&Dolgov%0A\r\n
Action.c(197):     \r\n
Action.c(197): t=1406345ms: Connected socket [3] from 127.0.0.1:48611 to 127.0.0.1:1080 in 2 ms  	[MsgId: MMSG-26000]
Action.c(197): t=1406345ms: 447-byte request headers for "http://localhost:1080/WebTours/images/cancelallreservations.gif" (RelFrameId=, Internal ID=779)
Action.c(197):     GET /WebTours/images/cancelallreservations.gif HTTP/1.1\r\n
Action.c(197):     Referer: http://localhost:1080/cgi-bin/itinerary.pl\r\n
Action.c(197):     DNT: 1\r\n
Action.c(197):     User-Agent: Mozilla/5.0 (Windows NT 6.3; WOW64; Trident/7.0; rv:11.0) like Gecko\r\n
Action.c(197):     Accept-Encoding: gzip, deflate\r\n
Action.c(197):     Accept-Language: ru-RU\r\n
Action.c(197):     Accept: */*\r\n
Action.c(197):     Connection: Keep-Alive\r\n
Action.c(197):     Host: localhost:1080\r\n
Action.c(197):     Cookie: MSO=SID&1658146515; MTUserInfo=firstName&Oleg&username&oleg54&address2&Kiev&hash&2
Action.c(197):     0&address1&Stepnaya&lastName&Dolgov%0A\r\n
Action.c(197):     \r\n
Action.c(197): t=1406902ms: Inactive socket [0] was closed by localhost:1080, probably due to Keep-Alive timeout  	[MsgId: MMSG-26000]
Action.c(197): t=1406903ms: Closed connection [0] to localhost:1080 after completing 1 request(s)  	[MsgId: MMSG-26000]
Action.c(197): t=1407282ms: 299-byte response headers for "http://localhost:1080/WebTours/images/cancelallreservations.gif" (RelFrameId=, Internal ID=779)
Action.c(197):     HTTP/1.1 200 OK\r\n
Action.c(197):     Date: Mon, 18 Jul 2022 12:15:54 GMT\r\n
Action.c(197):     Server: Apache/2.2.21 (Win32)\r\n
Action.c(197):     Last-Modified: Thu, 12 Jan 2012 13:30:28 GMT\r\n
Action.c(197):     ETag: "1700000004e631-2e6-4b654c0620500"\r\n
Action.c(197):     Accept-Ranges: bytes\r\n
Action.c(197):     Content-Length: 742\r\n
Action.c(197):     Keep-Alive: timeout=5, max=100\r\n
Action.c(197):     Connection: Keep-Alive\r\n
Action.c(197):     Content-Type: image/gif\r\n
Action.c(197):     \r\n
Action.c(197): t=1407294ms: 742-byte response body for "http://localhost:1080/WebTours/images/cancelallreservations.gif" (RelFrameId=, Internal ID=779)
Action.c(197): t=1407294ms: Request done "http://localhost:1080/WebTours/images/cancelallreservations.gif"  	[MsgId: MMSG-26000]
Action.c(197): t=1407294ms: 299-byte response headers for "http://localhost:1080/WebTours/images/cancelreservation.gif" (RelFrameId=, Internal ID=778)
Action.c(197):     HTTP/1.1 200 OK\r\n
Action.c(197):     Date: Mon, 18 Jul 2022 12:15:54 GMT\r\n
Action.c(197):     Server: Apache/2.2.21 (Win32)\r\n
Action.c(197):     Last-Modified: Thu, 12 Jan 2012 13:30:28 GMT\r\n
Action.c(197):     ETag: "2200000004e652-33f-4b654c0620500"\r\n
Action.c(197):     Accept-Ranges: bytes\r\n
Action.c(197):     Content-Length: 831\r\n
Action.c(197):     Keep-Alive: timeout=5, max=100\r\n
Action.c(197):     Connection: Keep-Alive\r\n
Action.c(197):     Content-Type: image/gif\r\n
Action.c(197):     \r\n
Action.c(197): t=1407295ms: 831-byte response body for "http://localhost:1080/WebTours/images/cancelreservation.gif" (RelFrameId=, Internal ID=778)
Action.c(197): t=1407295ms: Request done "http://localhost:1080/WebTours/images/cancelreservation.gif"  	[MsgId: MMSG-26000]
Action.c(197): Registered web_reg_find successful for "Text=Itinerary Button" (count=1)  	[MsgId: MMSG-26364]
Action.c(197): web_url("Itinerary Button") was successful, 271517 body bytes, 1623 header bytes, 405 chunking overhead bytes  	[MsgId: MMSG-26385]
Action.c(207): Notify: Transaction "clickItinerary" ended with a "Pass" status (Duration: 15,4995 Wasted Time: 0,0006).	[MsgId: MMSG-16871]
..\\Parametres\\common_lib.h(94): Notify: Transaction "logout" started.	[MsgId: MMSG-16999]
..\\Parametres\\common_lib.h(96): web_reg_find started  	[MsgId: MMSG-26355]
..\\Parametres\\common_lib.h(96): Registering web_reg_find was successful  	[MsgId: MMSG-26390]
..\\Parametres\\common_lib.h(99): web_url("SignOff Button") started  	[MsgId: MMSG-26355]
..\\Parametres\\common_lib.h(99): t=1407296ms: Already connected [1] to localhost:1080  	[MsgId: MMSG-26000]
..\\Parametres\\common_lib.h(99): t=1407296ms: 446-byte request headers for "http://localhost:1080/cgi-bin/welcome.pl?signOff=1" (RelFrameId=1, Internal ID=780)
..\\Parametres\\common_lib.h(99):     GET /cgi-bin/welcome.pl?signOff=1 HTTP/1.1\r\n
..\\Parametres\\common_lib.h(99):     Referer: http://localhost:1080/cgi-bin/nav.pl?page=menu&in=home\r\n
..\\Parametres\\common_lib.h(99):     DNT: 1\r\n
..\\Parametres\\common_lib.h(99):     User-Agent: Mozilla/5.0 (Windows NT 6.3; WOW64; Trident/7.0; rv:11.0) like Gecko\r\n
..\\Parametres\\common_lib.h(99):     Accept-Encoding: gzip, deflate\r\n
..\\Parametres\\common_lib.h(99):     Accept-Language: ru-RU\r\n
..\\Parametres\\common_lib.h(99):     Accept: */*\r\n
..\\Parametres\\common_lib.h(99):     Connection: Keep-Alive\r\n
..\\Parametres\\common_lib.h(99):     Host: localhost:1080\r\n
..\\Parametres\\common_lib.h(99):     Cookie: MSO=SID&1658146515; MTUserInfo=firstName&Oleg&username&oleg54&address2&Kiev&hash&2
..\\Parametres\\common_lib.h(99):     0&address1&Stepnaya&lastName&Dolgov%0A\r\n
..\\Parametres\\common_lib.h(99):     \r\n
..\\Parametres\\common_lib.h(99): t=1412266ms: 327-byte response headers for "http://localhost:1080/cgi-bin/welcome.pl?signOff=1" (RelFrameId=1, Internal ID=780)
..\\Parametres\\common_lib.h(99):     HTTP/1.1 200 OK\r\n
..\\Parametres\\common_lib.h(99):     Date: Mon, 18 Jul 2022 12:15:55 GMT\r\n
..\\Parametres\\common_lib.h(99):     Server: Apache/2.2.21 (Win32)\r\n
..\\Parametres\\common_lib.h(99):     Set-Cookie: MSO=SID&1658146559; path=/\r\n
..\\Parametres\\common_lib.h(99):     Set-Cookie: MTUserInfo=; path=/; expires=Sun, 17-Jul-2022 12:16:00 GMT\r\n
..\\Parametres\\common_lib.h(99):     Keep-Alive: timeout=5, max=99\r\n
..\\Parametres\\common_lib.h(99):     Connection: Keep-Alive\r\n
..\\Parametres\\common_lib.h(99):     Transfer-Encoding: chunked\r\n
..\\Parametres\\common_lib.h(99):     Content-Type: text/html; charset=ISO-8859-1\r\n
..\\Parametres\\common_lib.h(99):     \r\n
..\\Parametres\\common_lib.h(99): t=1412266ms: 5-byte chunked response overhead for "http://localhost:1080/cgi-bin/welcome.pl?signOff=1" (RelFrameId=1, Internal ID=780)
..\\Parametres\\common_lib.h(99):     2ae\r\n
..\\Parametres\\common_lib.h(99): t=1412266ms: 2-byte chunked response overhead for "http://localhost:1080/cgi-bin/welcome.pl?signOff=1" (RelFrameId=1, Internal ID=780)
..\\Parametres\\common_lib.h(99):     \r\n
..\\Parametres\\common_lib.h(99): t=1412266ms: 686-byte chunked response body for "http://localhost:1080/cgi-bin/welcome.pl?signOff=1" (RelFrameId=1, Internal ID=780)
..\\Parametres\\common_lib.h(99):     <!-- \n
..\\Parametres\\common_lib.h(99):      A Session ID has been created and loaded into a cookie called MSO.\n
..\\Parametres\\common_lib.h(99):      Also, the server options have been loaded into the cookie called\n
..\\Parametres\\common_lib.h(99):      MSO as well.  The server options can be set via the Admin page.\n
..\\Parametres\\common_lib.h(99):      --->\n
..\\Parametres\\common_lib.h(99):     \n
..\\Parametres\\common_lib.h(99):     <html>\n
..\\Parametres\\common_lib.h(99):     <title>Web Tours</title>\n
..\\Parametres\\common_lib.h(99):        <!-- Frame Set -->\n
..\\Parametres\\common_lib.h(99):        <frameset cols="160,*" border="1" frameborder="1">\n
..\\Parametres\\common_lib.h(99):           <!-- Navigation Frame -->\n
..\\Parametres\\common_lib.h(99):           <frame src="nav.pl?in=home" name="navbar" marginheight="2" marginwidth="2" \n
..\\Parametres\\common_lib.h(99):                 noresize="noresize" scrolling="auto"/>\n
..\\Parametres\\common_lib.h(99):           <!-- Home Frame -->\n
..\\Parametres\\common_lib.h(99):           <frame src="/WebTours/home.html" name="info" marginheight="2" marginwidth="2" \n
..\\Parametres\\common_lib.h(99):                 noresize="noresize" scrolling="auto"/>\n
..\\Parametres\\common_lib.h(99):        </frameset>\n
..\\Parametres\\common_lib.h(99):     </html>\n
..\\Parametres\\common_lib.h(99):     \n
..\\Parametres\\common_lib.h(99):     </body>\n
..\\Parametres\\common_lib.h(99):     </html>
..\\Parametres\\common_lib.h(99): Detected non-resource "http://localhost:1080/cgi-bin/nav.pl?in=home" in "http://localhost:1080/cgi-bin/welcome.pl?signOff=1"  	[MsgId: MMSG-26574]
..\\Parametres\\common_lib.h(99): Detected non-resource "http://localhost:1080/WebTours/home.html" in "http://localhost:1080/cgi-bin/welcome.pl?signOff=1"  	[MsgId: MMSG-26574]
..\\Parametres\\common_lib.h(99): Retrieving data from cache for "http://localhost:1080/WebTours/home.html"  	[MsgId: MMSG-26558]
..\\Parametres\\common_lib.h(99): t=1412268ms: 1361-byte response body retrieved from cache for "http://localhost:1080/WebTours/home.html" (RelFrameId=1.2, Internal ID=782)
..\\Parametres\\common_lib.h(99):     <HTML>\n
..\\Parametres\\common_lib.h(99):     <HEAD>\n
..\\Parametres\\common_lib.h(99):     \t<title>Web Tours</title>\n
..\\Parametres\\common_lib.h(99):     </HEAD>\n
..\\Parametres\\common_lib.h(99):     <style>\n
..\\Parametres\\common_lib.h(99):     \tblockquote {font-family: tahoma; font-size : 10pt}\n
..\\Parametres\\common_lib.h(99):     \tH1 {font-family: tahoma; font-size : 22pt; color: #003366}\n
..\\Parametres\\common_lib.h(99):     \tsmall {font-family: tahoma; font-size : 8pt}\n
..\\Parametres\\common_lib.h(99):     \tH3{font-family: tahoma; font-size : 10pt; color: black}\n
..\\Parametres\\common_lib.h(99):     \tA {FONT-WEIGHT: bold; FONT-SIZE: 10pt; COLOR: black; FONT-FAMILY: Tahoma; TEXT-DECORATIO
..\\Parametres\\common_lib.h(99):     N: none}\n
..\\Parametres\\common_lib.h(99):     \tA:hover{ FONT-WEIGHT: bold; FONT-SIZE: 10pt; COLOR: #993333; FONT-FAMILY: Tahoma;TEXT-DE
..\\Parametres\\common_lib.h(99):     CORATION: underline}\n
..\\Parametres\\common_lib.h(99):     \tTD {font-family: tahoma; font-size : 10pt; color: black}\n
..\\Parametres\\common_lib.h(99):     </style>\n
..\\Parametres\\common_lib.h(99):     <body bgcolor="#e0e7f1">\n
..\\Parametres\\common_lib.h(99):     <BR/>\n
..\\Parametres\\common_lib.h(99):     <BR/>\n
..\\Parametres\\common_lib.h(99):     <BR/>\n
..\\Parametres\\common_lib.h(99):     <br/>\n
..\\Parametres\\common_lib.h(99):     <table border="0">\n
..\\Parametres\\common_lib.h(99):     <tr><td></td></tr>\n
..\\Parametres\\common_lib.h(99):     <TR><TD></TD></TR>\n
..\\Parametres\\common_lib.h(99):     <TR><TD>\n
..\\Parametres\\common_lib.h(99):     <blockquote>\n
..\\Parametres\\common_lib.h(99):     <H1><b>Web Tours</b></H1>\n
..\\Parametres\\common_lib.h(99):     Welcome to the Web Tours site.\n
..\\Parametres\\common_lib.h(99):     <br/>\n
..\\Parametres\\common_lib.h(99):     To make reservations,please enter your account information to the left.\n
..\\Parametres\\common_lib.h(99):     <br/>\n
..\\Parametres\\common_lib.h(99):     If you haven't registered yet, <A href="/cgi-bin/login.pl?username=&amp;password=&amp;getI
..\\Parametres\\common_lib.h(99):     nfo=true" ><B>sign up now</B></A> to get access to all our resources.\n
..\\Parametres\\common_lib.h(99):     <br/>\n
..\\Parametres\\common_lib.h(99):     To configure the server options, use <A href="/cgi-bin/admin.pl" target="body" ><b>adminis
..\\Parametres\\common_lib.h(99):     tration</b></A> link.\n
..\\Parametres\\common_lib.h(99):     <br/><br/><br/><br/><br/><br/>\n
..\\Parametres\\common_lib.h(99):     <br/><small>\n
..\\Parametres\\common_lib.h(99):     This product uses parts of the SMT Kernel, Copyright (c) 1991-99 <A href="http://www.imati
..\\Parametres\\common_lib.h(99):     x.com" target="new"><B><small>iMatix Corporation</small></B></A> \n
..\\Parametres\\common_lib.h(99):     </small>\n
..\\Parametres\\common_lib.h(99):     </blockquote></TD>\n
..\\Parametres\\common_lib.h(99):     <TD></TD></TR>\n
..\\Parametres\\common_lib.h(99):     </table>\n
..\\Parametres\\common_lib.h(99):     </body>\n
..\\Parametres\\common_lib.h(99):     </HTML>\n
..\\Parametres\\common_lib.h(99): t=1412270ms: Already connected [3] to localhost:1080  	[MsgId: MMSG-26000]
..\\Parametres\\common_lib.h(99): t=1412270ms: 334-byte request headers for "http://localhost:1080/cgi-bin/nav.pl?in=home" (RelFrameId=1.1, Internal ID=781)
..\\Parametres\\common_lib.h(99):     GET /cgi-bin/nav.pl?in=home HTTP/1.1\r\n
..\\Parametres\\common_lib.h(99):     Referer: http://localhost:1080/cgi-bin/welcome.pl?signOff=1\r\n
..\\Parametres\\common_lib.h(99):     DNT: 1\r\n
..\\Parametres\\common_lib.h(99):     User-Agent: Mozilla/5.0 (Windows NT 6.3; WOW64; Trident/7.0; rv:11.0) like Gecko\r\n
..\\Parametres\\common_lib.h(99):     Accept-Encoding: gzip, deflate\r\n
..\\Parametres\\common_lib.h(99):     Accept-Language: ru-RU\r\n
..\\Parametres\\common_lib.h(99):     Accept: */*\r\n
..\\Parametres\\common_lib.h(99):     Connection: Keep-Alive\r\n
..\\Parametres\\common_lib.h(99):     Host: localhost:1080\r\n
..\\Parametres\\common_lib.h(99):     Cookie: MSO=SID&1658146559\r\n
..\\Parametres\\common_lib.h(99):     \r\n
..\\Parametres\\common_lib.h(99): t=1413259ms: 5-byte chunked response overhead for "http://localhost:1080/cgi-bin/welcome.pl?signOff=1" (RelFrameId=1, Internal ID=780)
..\\Parametres\\common_lib.h(99):     0\r\n
..\\Parametres\\common_lib.h(99):     \r\n
..\\Parametres\\common_lib.h(99): t=1413259ms: Request done "http://localhost:1080/cgi-bin/welcome.pl?signOff=1"  	[MsgId: MMSG-26000]
..\\Parametres\\common_lib.h(99): t=1416955ms: 255-byte response headers for "http://localhost:1080/cgi-bin/nav.pl?in=home" (RelFrameId=1.1, Internal ID=781)
..\\Parametres\\common_lib.h(99):     HTTP/1.1 200 OK\r\n
..\\Parametres\\common_lib.h(99):     Date: Mon, 18 Jul 2022 12:16:00 GMT\r\n
..\\Parametres\\common_lib.h(99):     Server: Apache/2.2.21 (Win32)\r\n
..\\Parametres\\common_lib.h(99):     Expires: Sun, 17 Jul 2022 12:16:05 GMT\r\n
..\\Parametres\\common_lib.h(99):     Keep-Alive: timeout=5, max=99\r\n
..\\Parametres\\common_lib.h(99):     Connection: Keep-Alive\r\n
..\\Parametres\\common_lib.h(99):     Transfer-Encoding: chunked\r\n
..\\Parametres\\common_lib.h(99):     Content-Type: text/html; charset=ISO-8859-1\r\n
..\\Parametres\\common_lib.h(99):     \r\n
..\\Parametres\\common_lib.h(99): t=1416960ms: 5-byte chunked response overhead for "http://localhost:1080/cgi-bin/nav.pl?in=home" (RelFrameId=1.1, Internal ID=781)
..\\Parametres\\common_lib.h(99):     5d1\r\n
..\\Parametres\\common_lib.h(99): t=1416960ms: 2-byte chunked response overhead for "http://localhost:1080/cgi-bin/nav.pl?in=home" (RelFrameId=1.1, Internal ID=781)
..\\Parametres\\common_lib.h(99):     \r\n
..\\Parametres\\common_lib.h(99): t=1416960ms: 1489-byte chunked response body for "http://localhost:1080/cgi-bin/nav.pl?in=home" (RelFrameId=1.1, Internal ID=781)
..\\Parametres\\common_lib.h(99):     <!DOCTYPE html\n
..\\Parametres\\common_lib.h(99):     \tPUBLIC "-//W3C//DTD XHTML 1.0 Transitional//EN"\n
..\\Parametres\\common_lib.h(99):     \t "http://www.w3.org/TR/xhtml1/DTD/xhtml1-transitional.dtd">\n
..\\Parametres\\common_lib.h(99):     <html xmlns="http://www.w3.org/1999/xhtml" lang="en-US" xml:lang="en-US">\n
..\\Parametres\\common_lib.h(99):     <head>\n
..\\Parametres\\common_lib.h(99):     <title>Web Tours Navigation Bar</title>\n
..\\Parametres\\common_lib.h(99):     <meta http-equiv="Content-Type" content="text/html; charset=iso-8859-1" />\n
..\\Parametres\\common_lib.h(99):     </head>\n
..\\Parametres\\common_lib.h(99):     <body bgcolor="#E0E7F1">\n
..\\Parametres\\common_lib.h(99):     <style>\n
..\\Parametres\\common_lib.h(99):     blockquote {font-family: tahoma; font-size : 10pt}\n
..\\Parametres\\common_lib.h(99):     H1 {font-family: tahoma; font-size : 22pt; color: #993333}\n
..\\Parametres\\common_lib.h(99):     H3 {font-family: tahoma; font-size : 10pt; color: black}\n
..\\Parametres\\common_lib.h(99):     small {font-family: tahoma; font-size : 8pt}\n
..\\Parametres\\common_lib.h(99):     </style>\n
..\\Parametres\\common_lib.h(99):     <form method="post" action="/cgi-bin/login.pl" target="body">\n
..\\Parametres\\common_lib.h(99):     <input type="hidden" name="userSession" value="134317.25872823zQAiQtDpQQfiDDDDtVtfDpzzDQHf
..\\Parametres\\common_lib.h(99):     "/>\n
..\\Parametres\\common_lib.h(99):     <table border="0"><tr><td>&nbsp;</td>\n
..\\Parametres\\common_lib.h(99):     <td>&nbsp;</td></tr>\n
..\\Parametres\\common_lib.h(99):     <tr><td>&nbsp;</td>\n
..\\Parametres\\common_lib.h(99):     <td>&nbsp;</td></tr>\n
..\\Parametres\\common_lib.h(99):     <tr><td>&nbsp;</td>\n
..\\Parametres\\common_lib.h(99):     <td><small>&nbsp;Username</small></td></tr>\n
..\\Parametres\\common_lib.h(99):     <tr><td>&nbsp;</td>\n
..\\Parametres\\common_lib.h(99):     <td><input type="text" name="username" value="" size="14" maxlength="14"/></td></tr>\n
..\\Parametres\\common_lib.h(99):     <tr><td>&nbsp;</td>\n
..\\Parametres\\common_lib.h(99):     <td><small>&nbsp;Password</small></td>\n
..\\Parametres\\common_lib.h(99):     <tr><td>&nbsp;</td>\n
..\\Parametres\\common_lib.h(99):     <td><input type="password" name="password" value="" size="14" maxlength="14"/></td></tr>\n
..\\Parametres\\common_lib.h(99):     <tr><td>&nbsp;</td>\n
..\\Parametres\\common_lib.h(99):     <td>&nbsp;</td></tr>\n
..\\Parametres\\common_lib.h(99):     <tr><td>&nbsp;</td>\n
..\\Parametres\\common_lib.h(99):     <td><input type="image" name="login" value="Login" alt="Login" border="1" \n
..\\Parametres\\common_lib.h(99):     src="/WebTours/images/mer_login.gif"/></td></tr>\n
..\\Parametres\\common_lib.h(99):     <tr><td>&nbsp;</td><td>&nbsp;</td></tr>\n
..\\Parametres\\common_lib.h(99):     </table><input type="hidden" name="JSFormSubmit" value="off"/>\n
..\\Parametres\\common_lib.h(99):     </form>\n
..\\Parametres\\common_lib.h(99):     \n
..\\Parametres\\common_lib.h(99):     </body>\n
..\\Parametres\\common_lib.h(99):     </html>\n
..\\Parametres\\common_lib.h(99): Resource "http://localhost:1080/WebTours/images/mer_login.gif" is in the cache already and will not be downloaded again  	[MsgId: MMSG-26655]
..\\Parametres\\common_lib.h(99): t=1416964ms: 5-byte chunked response overhead for "http://localhost:1080/cgi-bin/nav.pl?in=home" (RelFrameId=1.1, Internal ID=781)
..\\Parametres\\common_lib.h(99):     0\r\n
..\\Parametres\\common_lib.h(99):     \r\n
..\\Parametres\\common_lib.h(99): t=1416965ms: Request done "http://localhost:1080/cgi-bin/nav.pl?in=home"  	[MsgId: MMSG-26000]
..\\Parametres\\common_lib.h(99): Registered web_reg_find successful for "Text=Web Tours" (count=5)  	[MsgId: MMSG-26364]
..\\Parametres\\common_lib.h(99): web_url("SignOff Button") was successful, 2175 body bytes, 582 header bytes, 24 chunking overhead bytes  	[MsgId: MMSG-26385]
..\\Parametres\\common_lib.h(109): Notify: Transaction "logout" ended with a "Pass" status (Duration: 9,6696 Wasted Time: 0,0000).	[MsgId: MMSG-16871]
Action.c(211): Notify: Transaction "UC03_BuyTickets" ended with a "Pass" status (Duration: 52,0284 Wasted Time: 0,0202).	[MsgId: MMSG-16871]
Ending action Action.	[MsgId: MMSG-15918]
Action was aborted.	[MsgId: MMSG-10694]
Ending Vuser...	[MsgId: MMSG-15966]
Starting action vuser_end.	[MsgId: MMSG-15919]
Ending action vuser_end.	[MsgId: MMSG-15918]
Vuser Terminated.	[MsgId: MMSG-15963]
t=1416966ms: Closed connection [1] to localhost:1080 after completing 2 request(s)  	[MsgId: MMSG-26000]
t=1416966ms: Closed connection [3] to localhost:1080 after completing 2 request(s)  	[MsgId: MMSG-26000]
HTML-Mode memory management statistics: Reusable=42, NonReusable=0, CsMemBlockSize=4096, checks disabled  	[MsgId: MMSG-26000]
Vuser 2 (thread 3632), ended OK."	[MsgId: MMSG-10695]
