Action.c(197):           <li><i></i>\n
Action.c(197):           </td></tr></table></center>\n
Action.c(197):       </TD>\n
Action.c(197):       <TD width="5%" >.<br/>.<br/>.<br/>.</TD>\n
Action.c(197):       <TD width="45%" valign=top><b>Invoice sent to:</b><br/>\n
Action.c(197):           <center>\n
Action.c(197):           <Table width="80%" cellspacing="0" > <tr> <td>\n
Action.c(197):               Lucifer Dennica\n
Action.c(197):     <br/>\n
Action.c(197):               Lenina<br/>\n
Action.c(197):               Bern<br/>\n
Action.c(197):               <br/>\n
Action.c(197):               Total Charge: $ 4263 <BR/> (CC: x-3614)\n
Action.c(197):           </td> </tr> </table>\n
Action.c(197):           </center>\n
Action.c(197):       </TD>\n
Action.c(197):     </TR>\n
Action.c(197):     <TR bgcolor="#EFF2F7">\n
Action.c(197):       <TD COLSPAN="3">\n
Action.c(197):       <b>Flight Details:</b><BR/>  <center>\n
Action.c(197):       07/19/2022\n
Action.c(197):      :  5pm : Flight 872 leaves Sydney  for Seattle.<br>  </center>\n
Action.c(197):       </TD>\n
Action.c(197):     </TR>\n
Action.c(197):     \n
Action.c(197):     <TR bgcolor="#EFF2F7">\n
Action.c(197):       <TD COLSPAN="4">\n
Action.c(197):       <hr/>\n
Action.c(197):       </TD>\n
Action.c(197):     </TR>\n
Action.c(197):     \n
Action.c(197):     <!-- Flight #1 -->\n
Action.c(197):     <TR bgcolor="#EFF2F7">\n
Action.c(197):       <TD width="5%" rowspan="2" align="left" valign="top">\n
Action.c(197):     <b>\n
Action.c(197):     <label><input type="checkbox" name="176" value="on" /></label></font></b>\n
Action.c(197):     <input type="hidden" name="flightID" value="265098227-135405-LD"  />\n
Action.c(197):       </TD>\n
Action.c(197):       <TD width="45%" valign="top">\n
Action.c(197):           <b>&nbsp;&nbsp;2 Window class tickets for :</b><br/>\n
Action.c(197):           <center><table border="0" width="85%"><tr><td>\n
Action.c(197):           <li><i>Lucifer  Dennica      <li><i>K Mefodiev\n
Action.c(197):           <li><i></i>\n
Action.c(197):           </td></tr></table></center>\n
Action.c(197):       </TD>\n
Action.c(197):       <TD width="5%" >.<br/>.<br/>.<br/>.</TD>\n
Action.c(197):       <TD width="45%" valign=top><b>Invoice sent to:</b><br/>\n
Action.c(197):           <center>\n
Action.c(197):           <Table width="80%" cellspacing="0" > <tr> <td>\n
Action.c(197):               Lucifer Dennica\n
Action.c(197):     <br/>\n
Action.c(197):               Stepnaya<br/>\n
Action.c(197):               Varshava<br/>\n
Action.c(197):               <br/>\n
Action.c(197):               Total Charge: $ 268 <BR/> (CC: x-7157)\n
Action.c(197):           </td> </tr> </table>\n
Action.c(197):           </center>\n
Action.c(197):       </TD>\n
Action.c(197):     </TR>\n
Action.c(197):     <TR bgcolor="#EFF2F7">\n
Action.c(197):       <TD COLSPAN="3">\n
Action.c(197):       <b>Flight Details:</b><BR/>  <center>\n
Action.c(197):       07/19/2022\n
Action.c(197):      :  5pm : Flight 652 leaves San Francisco  for Portland.<br>  </center>\n
Action.c(197):       </TD>\n
Action.c(197):     </TR>\n
Action.c(197):     \n
Action.c(197):     <TR bgcolor="#EFF2F7">\n
Action.c(197):       <TD COLSPAN="4">\n
Action.c(197):       <hr/>\n
Action.c(197):       </TD>\n
Action.c(197):     </TR>\n
Action.c(197):     \n
Action.c(197):     <!-- Flight #1 -->\n
Action.c(197):     <TR bgcolor="#EFF2F7">\n
Action.c(197):       <TD width="5%" rowspan="2" align="left" valign="top">\n
Action.c(197):     <b>\n
Action.c(197):     <label><input type="checkbox" name="177" value="on" /></label></font></b>\n
Action.c(197):     <input type="hidden" name="flightID" value="283849005-136165-LD"  />\n
Action.c(197):       </TD>\n
Action.c(197):       <TD width="45%" valign="top">\n
Action.c(197):           <b>&nbsp;&nbsp;A Aisle class ticket for :</b><br/>\n
Action.c(197):           <center><table border="0" width="85%"><tr><td>\n
Action.c(197):           <li><i>Lucifer  Dennica\n
Action.c(197):           <li><i></i>\n
Action.c(197):           </td></tr></table></center>\n
Action.c(197):       </TD>\n
Action.c(197):       <TD width="5%" >.<br/>.<br/>.<br/>.</TD>\n
Action.c(197):       <TD width="45%" valign=top><b>Invoice sent to:</b><br/>\n
Action.c(197):           <center>\n
Action.c(197):           <Table width="80%" cellspacing="0" > <tr> <td>\n
Action.c(197):               Lucifer Dennica\n
Action.c(197):     <br/>\n
Action.c(197):               Colacola<br/>\n
Action.c(197):               Moscow<br/>\n
Action.c(197):               <br/>\n
Action.c(197):               Total Charge: $ 153 <BR/> (CC: x-7663)\n
Action.c(197):           </td> </tr> </table>\n
Action.c(197):           </center>\n
Action.c(197):       </TD>\n
Action.c(197):     </TR>\n
Action.c(197):     <TR bgcolor="#EFF2F7">\n
Action.c(197):       <TD COLSPAN="3">\n
Action.c(197):       <b>Flight Details:</b><BR/>  <center>\n
Action.c(197):       07/19/2022\n
Action.c(197):      :  11pm : Flight 923 leaves Zurich  for London.<br>  </center>\n
Action.c(197):       </TD>\n
Action.c(197):     </TR>\n
Action.c(197):     \n
Action.c(197):     <TR bgcolor="#EFF2F7">\n
Action.c(197):       <TD COLSPAN="4">\n
Action.c(197):       <hr/>\n
Action.c(197):       </TD>\n
Action.c(197):     </TR>\n
Action.c(197):     \n
Action.c(197):     <!-- Flight #1 -->\n
Action.c(197):     <TR bgcolor="#EFF2F7">\n
Action.c(197):       <TD width="5%" rowspan="2" align="left" valign="top">\n
Action.c(197):     <b>\n
Action.c(197):     <label><input type="checkbox" name="178" value="on" /></label></font></b>\n
Action.c(197):     <input type="hidden" name="flightID" value="183442341-136939-LD"  />\n
Action.c(197):       </TD>\n
Action.c(197):       <TD width="45%" valign="top">\n
Action.c(197):           <b>&nbsp;&nbsp;A Aisle class ticket for :</b><br/>\n
Action.c(197):           <center><table border="0" width="85%"><tr><td>\n
Action.c(197):           <li><i>Lucifer  Dennica\n
Action.c(197):           <li><i></i>\n
Action.c(197):           </td></tr></table></center>\n
Action.c(197):       </TD>\n
Action.c(197):       <TD width="5%" >.<br/>.<br/>.<br/>.</TD>\n
Action.c(197):       <TD width="45%" valign=top><b>Invoice sent to:</b><br/>\n
Action.c(197):           <center>\n
Action.c(197):           <Tabl
Action.c(197): t=1366774ms: 8-byte chunked response overhead for "http://localhost:1080/cgi-bin/itinerary.pl" (RelFrameId=1.2, Internal ID=776)
Action.c(197):     \r\n
Action.c(197):     1000\r\n
Action.c(197): t=1366774ms: 8-byte chunked response overhead for "http://localhost:1080/cgi-bin/itinerary.pl" (RelFrameId=1.2, Internal ID=776)
Action.c(197):     \r\n
Action.c(197):     1000\r\n
Action.c(197): t=1366774ms: 8-byte chunked response overhead for "http://localhost:1080/cgi-bin/itinerary.pl" (RelFrameId=1.2, Internal ID=776)
Action.c(197):     \r\n
Action.c(197):     1000\r\n
Action.c(197): t=1366775ms: 12263-byte chunked response body for "http://localhost:1080/cgi-bin/itinerary.pl" (RelFrameId=1.2, Internal ID=776)
Action.c(197):     e width="80%" cellspacing="0" > <tr> <td>\n
Action.c(197):               Lucifer Dennica\n
Action.c(197):     <br/>\n
Action.c(197):               Maya<br/>\n
Action.c(197):               Madrid<br/>\n
Action.c(197):               <br/>\n
Action.c(197):               Total Charge: $ 219 <BR/> (CC: x-4952)\n
Action.c(197):           </td> </tr> </table>\n
Action.c(197):           </center>\n
Action.c(197):       </TD>\n
Action.c(197):     </TR>\n
Action.c(197):     <TR bgcolor="#EFF2F7">\n
Action.c(197):       <TD COLSPAN="3">\n
Action.c(197):       <b>Flight Details:</b><BR/>  <center>\n
Action.c(197):       07/19/2022\n
Action.c(197):      :  11pm : Flight 943 leaves Zurich  for Paris.<br>  </center>\n
Action.c(197):       </TD>\n
Action.c(197):     </TR>\n
Action.c(197):     \n
Action.c(197):     <TR bgcolor="#EFF2F7">\n
Action.c(197):       <TD COLSPAN="4">\n
Action.c(197):       <hr/>\n
Action.c(197):       </TD>\n
Action.c(197):     </TR>\n
Action.c(197):     \n
Action.c(197):     <!-- Flight #1 -->\n
Action.c(197):     <TR bgcolor="#EFF2F7">\n
Action.c(197):       <TD width="5%" rowspan="2" align="left" valign="top">\n
Action.c(197):     <b>\n
Action.c(197):     <label><input type="checkbox" name="179" value="on" /></label></font></b>\n
Action.c(197):     <input type="hidden" name="flightID" value="70474513-1377209-LD"  />\n
Action.c(197):       </TD>\n
Action.c(197):       <TD width="45%" valign="top">\n
Action.c(197):           <b>&nbsp;&nbsp;2 Window class tickets for :</b><br/>\n
Action.c(197):           <center><table border="0" width="85%"><tr><td>\n
Action.c(197):           <li><i>Lucifer  Dennica      <li><i>K Mefodiev\n
Action.c(197):           <li><i></i>\n
Action.c(197):           </td></tr></table></center>\n
Action.c(197):       </TD>\n
Action.c(197):       <TD width="5%" >.<br/>.<br/>.<br/>.</TD>\n
Action.c(197):       <TD width="45%" valign=top><b>Invoice sent to:</b><br/>\n
Action.c(197):           <center>\n
Action.c(197):           <Table width="80%" cellspacing="0" > <tr> <td>\n
Action.c(197):               Lucifer Dennica\n
Action.c(197):     <br/>\n
Action.c(197):               Novaya<br/>\n
Action.c(197):               Bern<br/>\n
Action.c(197):               <br/>\n
Action.c(197):               Total Charge: $ 3722 <BR/> (CC: x-0190)\n
Action.c(197):           </td> </tr> </table>\n
Action.c(197):           </center>\n
Action.c(197):       </TD>\n
Action.c(197):     </TR>\n
Action.c(197):     <TR bgcolor="#EFF2F7">\n
Action.c(197):       <TD COLSPAN="3">\n
Action.c(197):       <b>Flight Details:</b><BR/>  <center>\n
Action.c(197):       07/19/2022\n
Action.c(197):      :  1pm : Flight 281 leaves London  for Sydney.<br>  </center>\n
Action.c(197):       </TD>\n
Action.c(197):     </TR>\n
Action.c(197):     \n
Action.c(197):     <TR bgcolor="#EFF2F7">\n
Action.c(197):       <TD COLSPAN="4">\n
Action.c(197):       <hr/>\n
Action.c(197):       </TD>\n
Action.c(197):     </TR>\n
Action.c(197):     \n
Action.c(197):     <!-- Flight #1 -->\n
Action.c(197):     <TR bgcolor="#EFF2F7">\n
Action.c(197):       <TD width="5%" rowspan="2" align="left" valign="top">\n
Action.c(197):     <b>\n
Action.c(197):     <label><input type="checkbox" name="180" value="on" /></label></font></b>\n
Action.c(197):     <input type="hidden" name="flightID" value="305870079-138471-LD"  />\n
Action.c(197):       </TD>\n
Action.c(197):       <TD width="45%" valign="top">\n
Action.c(197):           <b>&nbsp;&nbsp;A None class ticket for :</b><br/>\n
Action.c(197):           <center><table border="0" width="85%"><tr><td>\n
Action.c(197):           <li><i>Lucifer  Dennica\n
Action.c(197):           <li><i></i>\n
Action.c(197):           </td></tr></table></center>\n
Action.c(197):       </TD>\n
Action.c(197):       <TD width="5%" >.<br/>.<br/>.<br/>.</TD>\n
Action.c(197):       <TD width="45%" valign=top><b>Invoice sent to:</b><br/>\n
Action.c(197):           <center>\n
Action.c(197):           <Table width="80%" cellspacing="0" > <tr> <td>\n
Action.c(197):               Lucifer Dennica\n
Action.c(197):     <br/>\n
Action.c(197):               Colacola<br/>\n
Action.c(197):               Andorra<br/>\n
Action.c(197):               <br/>\n
Action.c(197):               Total Charge: $ 135 <BR/> (CC: x-8258)\n
Action.c(197):           </td> </tr> </table>\n
Action.c(197):           </center>\n
Action.c(197):       </TD>\n
Action.c(197):     </TR>\n
Action.c(197):     <TR bgcolor="#EFF2F7">\n
Action.c(197):       <TD COLSPAN="3">\n
Action.c(197):       <b>Flight Details:</b><BR/>  <center>\n
Action.c(197):       07/19/2022\n
Action.c(197):      :  5pm : Flight 492 leaves Paris  for Zurich.<br>  </center>\n
Action.c(197):       </TD>\n
Action.c(197):     </TR>\n
Action.c(197):     \n
Action.c(197):     <TR bgcolor="#EFF2F7">\n
Action.c(197):       <TD COLSPAN="4">\n
Action.c(197):       <hr/>\n
Action.c(197):       </TD>\n
Action.c(197):     </TR>\n
Action.c(197):     \n
Action.c(197):     <!-- Flight #1 -->\n
Action.c(197):     <TR bgcolor="#EFF2F7">\n
Action.c(197):       <TD width="5%" rowspan="2" align="left" valign="top">\n
Action.c(197):     <b>\n
Action.c(197):     <label><input type="checkbox" name="181" value="on" /></label></font></b>\n
Action.c(197):     <input type="hidden" name="flightID" value="1555267-1392-LD"  />\n
Action.c(197):       </TD>\n
Action.c(197):       <TD width="45%" valign="top">\n
Action.c(197):           <b>&nbsp;&nbsp;3 Window class tickets for :</b><br/>\n
Action.c(197):           <center><table border="0" width="85%"><tr><td>\n
Action.c(197):           <li><i>Lucifer  Dennica      <li><i>K Mefodiev      <li><i>Mas Nasha\n
Action.c(197):           <li><i></i>\n
Action.c(197):           </td></tr></table></center>\n
Action.c(197):       </TD>\n
Action.c(197):       <TD width="5%" >.<br/>.<br/>.<br/>.</TD>\n
Action.c(197):       <TD width="45%" valign=top><b>Invoice sent to:</b><br/>\n
Action.c(197):           <center>\n
Action.c(197):           <Table width="80%" cellspacing="0" > <tr> <td>\n
Action.c(197):               Lucifer Dennica\n
Action.c(197):     <br/>\n
Action.c(197):               Lenina<br/>\n
Action.c(197):               Riga<br/>\n
Action.c(197):               <br/>\n
Action.c(197):               Total Charge: $ 0 <BR/> (CC: x-4199)\n
Action.c(197):           </td> </tr> </table>\n
Action.c(197):           </center>\n
Action.c(197):       </TD>\n
Action.c(197):     </TR>\n
Action.c(197):     <TR bgcolor="#EFF2F7">\n
Action.c(197):       <TD COLSPAN="3">\n
Action.c(197):       <b>Flight Details:</b><BR/>  <center>\n
Action.c(197):       07/19/2022\n
Action.c(197):      :  11pm : Flight 223 leaves London  for London.<br>  </center>\n
Action.c(197):       </TD>\n
Action.c(197):     </TR>\n
Action.c(197):     \n
Action.c(197):     <TR bgcolor="#EFF2F7">\n
Action.c(197):       <TD COLSPAN="4">\n
Action.c(197):       <hr/>\n
Action.c(197):       </TD>\n
Action.c(197):     </TR>\n
Action.c(197):     \n
Action.c(197):     <!-- Flight #1 -->\n
Action.c(197):     <TR bgcolor="#EFF2F7">\n
Action.c(197):       <TD width="5%" rowspan="2" align="left" valign="top">\n
Action.c(197):     <b>\n
Action.c(197):     <label><input type="checkbox" name="182" value="on" /></label></font></b>\n
Action.c(197):     <input type="hidden" name="flightID" value="255795967-140019-LD"  />\n
Action.c(197):       </TD>\n
Action.c(197):       <TD width="45%" valign="top">\n
Action.c(197):           <b>&nbsp;&nbsp;2 Aisle class tickets for :</b><br/>\n
Action.c(197):           <center><table border="0" width="85%"><tr><td>\n
Action.c(197):           <li><i>Lucifer  Dennica      <li><i>K Mefodiev\n
Action.c(197):           <li><i></i>\n
Action.c(197):           </td></tr></table></center>\n
Action.c(197):       </TD>\n
Action.c(197):       <TD width="5%" >.<br/>.<br/>.<br/>.</TD>\n
Action.c(197):       <TD width="45%" valign=top><b>Invoice sent to:</b><br/>\n
Action.c(197):           <center>\n
Action.c(197):           <Table width="80%" cellspacing="0" > <tr> <td>\n
Action.c(197):               Lucifer Dennica\n
Action.c(197):     <br/>\n
Action.c(197):               Colacola<br/>\n
Action.c(197):               Madrid<br/>\n
Action.c(197):               <br/>\n
Action.c(197):               Total Charge: $ 254 <BR/> (CC: x-6906)\n
Action.c(197):           </td> </tr> </table>\n
Action.c(197):           </center>\n
Action.c(197):       </TD>\n
Action.c(197):     </TR>\n
Action.c(197):     <TR bgcolor="#EFF2F7">\n
Action.c(197):       <TD COLSPAN="3">\n
Action.c(197):       <b>Flight Details:</b><BR/>  <center>\n
Action.c(197):       07/19/2022\n
Action.c(197):      :  1pm : Flight 491 leaves Paris  for Zurich.<br>  </center>\n
Action.c(197):       </TD>\n
Action.c(197):     </TR>\n
Action.c(197):     \n
Action.c(197):     <TR bgcolor="#EFF2F7">\n
Action.c(197):       <TD COLSPAN="4">\n
Action.c(197):       <hr/>\n
Action.c(197):       </TD>\n
Action.c(197):     </TR>\n
Action.c(197):     \n
Action.c(197):     <!-- Flight #1 -->\n
Action.c(197):     <TR bgcolor="#EFF2F7">\n
Action.c(197):       <TD width="5%" rowspan="2" align="left" valign="top">\n
Action.c(197):     <b>\n
Action.c(197):     <label><input type="checkbox" name="183" value="on" /></label></font></b>\n
Action.c(197):     <input type="hidden" name="flightID" value="3697288928-1407938-LD"  />\n
Action.c(197):       </TD>\n
Action.c(197):       <TD width="45%" valign="top">\n
Action.c(197):           <b>&nbsp;&nbsp;3 Window class tickets for :</b><br/>\n
Action.c(197):           <center><table border="0" width="85%"><tr><td>\n
Action.c(197):           <li><i>Lucifer  Dennica      <li><i>K Mefodiev      <li><i>Mas Nasha\n
Action.c(197):           <li><i></i>\n
Action.c(197):           </td></tr></table></center>\n
Action.c(197):       </TD>\n
Action.c(197):       <TD width="5%" >.<br/>.<br/>.<br/>.</TD>\n
Action.c(197):       <TD width="45%" valign=top><b>Invoice sent to:</b><br/>\n
Action.c(197):           <center>\n
Action.c(197):           <Table width="80%" cellspacing="0" > <tr> <td>\n
Action.c(197):               Lucifer Dennica\n
Action.c(197):     <br/>\n
Action.c(197):               Maya<br/>\n
Action.c(197):               Riga<br/>\n
Action.c(197):               <br/>\n
Action.c(197):               Total Charge: $ 3201 <BR/> (CC: x-9982)\n
Action.c(197):           </td> </tr> </table>\n
Action.c(197):           </center>\n
Action.c(197):       </TD>\n
Action.c(197):     </TR>\n
Action.c(197):     <TR bgcolor="#EFF2F7">\n
Action.c(197):       <TD COLSPAN="3">\n
Action.c(197):       <b>Flight Details:</b><BR/>  <center>\n
Action.c(197):       07/19/2022\n
Action.c(197):      :  8am : Flight 680 leaves San Francisco  for Sydney.<br>  </center>\n
Action.c(197):       </TD>\n
Action.c(197):     </TR>\n
Action.c(197):     \n
Action.c(197):     <TR bgcolor="#EFF2F7">\n
Action.c(197):       <TD COLSPAN="4">\n
Action.c(197):       <hr/>\n
Action.c(197):       </TD>\n
Action.c(197):     </TR>\n
Action.c(197):     \n
Action.c(197):     <!-- Flight #1 -->\n
Action.c(197):     <TR bgcolor="#EFF2F7">\n
Action.c(197):       <TD width="5%" rowspan="2" align="left" valign="top">\n
Action.c(197):     <b>\n
Action.c(197):     <label><input type="checkbox" name="184" value="on" /></label></font></b>\n
Action.c(197):     <input type="hidden" name="flightID" value="1857489-1415-LD"  />\n
Action.c(197):       </TD>\n
Action.c(197):       <TD width="45%" valign="top">\n
Action.c(197):           <b>&nbsp;&nbsp;A None class ticket for :</b><br/>\n
Action.c(197):           <center><table border="0" width="85%"><tr><td>\n
Action.c(197):           <li><i>Lucifer  Dennica\n
Action.c(197):           <li><i></i>\n
Action.c(197):           </td></tr></table></center>\n
Action.c(197):       </TD>\n
Action.c(197):       <TD width="5%" >.<br/>.<br/>.<br/>.</TD>\n
Action.c(197):       <TD width="45%" valign=top><b>Invoice sent to:</b><br/>\n
Action.c(197):           <center>\n
Action.c(197):           <Table width="80%" cellspacing="0" > <tr> <td>\n
Action.c(197):               Lucifer Dennica\n
Action.c(197):     <br/>\n
Action.c(197):               Krupskoi<br/>\n
Action.c(197):               Bern<br/>\n
Action.c(197):               <br/>\n
Action.c(197):               Total Charge: $ 0 <BR/> (CC: x-5015)\n
Action.c(197):           </td> </tr> </table>\n
Action.c(197):           </center>\n
Action.c(197):       </TD>\n
Action.c(197):     </TR>\n
Action.c(197):     <TR bgcolor="#EFF2F7">\n
Action.c(197):       <TD COLSPAN="3">\n
Action.c(197):       <b>Flight Details:</b><BR/>  <center>\n
Action.c(197):       07/19/2022\n
Action.c(197):      :  5pm : Flight 222 leaves London  for London.<br>  </center>\n
Action.c(197):       </TD>\n
Action.c(197):     </TR>\n
Action.c(197):     \n
Action.c(197):     <TR bgcolor="#EFF2F7">\n
Action.c(197):       <TD COLSPAN="4">\n
Action.c(197):       <hr/>\n
Action.c(197):       </TD>\n
Action.c(197):     </TR>\n
Action.c(197):     \n
Action.c(197):     <!-- Flight #1 -->\n
Action.c(197):     <TR bgcolor="#EFF2F7">\n
Action.c(197):       <TD width="5%" rowspan="2" align="left" valign="top">\n
Action.c(197):     <b>\n
Action.c(197):     <label><input type="checkbox" name="185" value="on" /></label></font></b>\n
Action.c(197):     <input type="hidden" name="flightID" value="5190379-142326-LD"  />\n
Action.c(197):       </TD>\n
Action.c(197):       <TD width="45%" valign="top">\n
Action.c(197):           <b>&nbsp;&nbsp;A None class ticket for :</b><br/>\n
Action.c(197):           <center><table border="0" width="85%"><tr><td>\n
Action.c(197):           <li><i>Lucifer  Dennica\n
Action.c(197):           <li><i></i>\n
Action.c(197):           </td></tr></table></center>\n
Action.c(197):       </TD>\n
Action.c(197):       <TD width="5%" >.<br/>.<br/>.<br/>.</TD>\n
Action.c(197):       <TD width="45%" valign=top><b>Invoice sent to:</b><br/>\n
Action.c(197):           <center>\n
Action.c(197):           <Table width="80%" cellspacing="0" > <tr> <td>\n
Action.c(197):               Lucifer Dennica\n
Action.c(197):     <br/>\n
Action.c(197):               Mira<br/>\n
Action.c(197):               Ottava<br/>\n
Action.c(197):               <br/>\n
Action.c(197):               Total Charge: $ 241 <BR/> (CC: x-0140)\n
Action.c(197):           </td> </tr> </table>\n
Action.c(197):           </center>\n
Action.c(197):       </TD>\n
Action.c(197):     </TR>\n
Action.c(197):     <TR bgcolor="#EFF2F7">\n
Action.c(197):       <TD COLSPAN="3">\n
Action.c(197):       <b>Flight Details:</b><BR/>  <center>\n
Action.c(197):       07/19/2022\n
Action.c(197):      :  8am : Flight 140 leaves Frankfurt  for Paris.<br>  </center>\n
Action.c(197):       </TD>\n
Action.c(197):     </TR>\n
Action.c(197):     \n
Action.c(197):     <TR bgcolor="#EFF2F7">\n
Action.c(197):       <TD COLSPAN="4">\n
Action.c(197):       <hr/>\n
Action.c(197):       </TD>\n
Action.c(197):     </TR>\n
Action.c(197):     \n
Action.c(197):     <!-- Flight #1 -->\n
Action.c(197):     <TR bgcolor="#EFF2F7">\n
Action.c(197):       <TD width="5%" rowspan="2" align="left" valign="top">\n
Action.c(197):     <b>\n
Action.c(197):     <label><input type="checkbox" name="186" value="on" /></label></font></b>\n
Action.c(197):     <input type="hidden" name="flightID" value="277627417-143118-LD"  />\n
Action.c(197):       </TD>\n
Action.c(197):       <TD width="45%" valign="top">\n
Action.c(197):           <b>&nbsp;&nbsp;2 None class tickets for :</b><br/>\n
Action.c(197):           <center><table border="0" width="85%"><tr><td>\n
Action.c(197):           <li><i>Lucifer  Dennica      <li><i>K Mefodiev\n
Action.c(197):           <li><i></i>\n
Action.c(197):           </td></tr></table></center>\n
Action.c(197):       </TD>\n
Action.c(197):       <TD width="5%" >.<br/>.<br/>.<br/>.</TD>\n
Action.c(197):       <TD width="45%" valign=top><b>Invoice sent to:</b><br/>\n
Action.c(197):           <center>\n
Action.c(197):           <Table width="80%" cellspacing="0" > <tr> <td>\n
Action.c(197):               Lucifer Dennica\n
Action.c(197):     <br/>\n
Action.c(197):               Staraya<br/>\n
Action.c(197):               Ottava<br/>\n
Action.c(197):               <br/>\n
Action.c(197):               Total Charge: $ 536 <BR/> (CC: x-7495)\n
Action.c(197):           </td> </tr> </table>\n
Action.c(197):           </center>\n
Action.c(197):       </TD>\n
Action.c(197):     </TR>\n
Action.c(197):     <TR bgcolor="#EFF2F7">\n
Action.c(197):       <TD COLSPAN="3">\n
Action.c(197):       <b>Flight Details:</b><BR/>  <center>\n
Action.c(197):       07/19/2022\n
Action.c(197):      :  8am : Flight 940 leaves Zurich  for Paris.<br>  </center>\n
Action.c(197):       </TD>\n
Action.c(197):     </TR>\n
Action.c(197):     \n
Action.c(197):     <TR bgcolor="#EFF2F7">\n
Action.c(197):       <TD COLSPAN="4">\n
Action.c(197):       <hr/>\n
Action.c(197):       </TD>\n
Action.c(197):     </TR>\n
Action.c(197):     \n
Action.c(197):     <!-- Flight #1 -->\n
Action.c(197):     <TR bgcolor="#EFF2F7">\n
Action.c(197):       <TD width="5%" rowspan="2" align="left" valign="top">\n
Action.c(197):     <b>\n
Action.c(197):     <label><input type="checkbox" name="187" value="on" /></label></font></b>\n
Action.c(197):     <input type="hidden" name="flightID" value="213972983-1438548-LD"  />\n
Action.c(197):       </TD>\n
Action.c(197):       <TD width="45%" valign="top">\n
Action.c(197):           <b>&nbsp;&nbsp;2 Aisle class tickets for :</b><br/>\n
Action.c(197):           <center><table border="0" width="85%"><tr><td>\n
Action.c(197):           <li><i>Lucifer  Dennica      <li><i>K Mefodiev\n
Action.c(197):           <li><i></i>\n
Action.c(197):           </td></tr></table></center>\n
Action.c(197):       </TD>\n
Action.c(197):       <TD width="5%" >.<br/>.<br/>.<br/>.</TD>\n
Action.c(197):       <TD width="45%" valign=top><b>Invoice sent to:</b><br/>\n
Action.c(197):           <center>\n
Action.c(197):           <Table width="80%" cellspacing="0" > <tr> <td>\n
Action.c(197):               Lucifer Dennica\n
Action.c(197):     <br/>\n
Action.c(197):               Lenina<br/>\n
Action.c(197):               Andorra<br/>\n
Action.c(197):               <br/>\n
Action.c(197):               Total Charge: $ 1130 <BR/> (CC: x-5777)\n
Action.c(197):           </td> </tr> </table>\n
Action.c(197):           </center>\n
Action.c(197):       </TD>\n
Action.c(197):     </TR>\n
Action.c(197):     <TR bgcolor="#EFF2F7">\n
Action.c(197):       <TD COLSPAN="3">\n
Action.c(197):       <b>Flight Details:</b><BR/>  <center>\n
Action.c(197):       07/19/2022\n
Action.c(197):      :  8am : Flight 270 leaves London  for Seattle.<br>  </center>\n
Action.c(197):       </TD>\n
Action.c(197):     </TR>\n
Action.c(197):     \n
Action.c(197):     <TR bgcolor="#EFF2F7">\n
Action.c(197):       <TD COLSPAN="4">\n
Action.c(197):       <hr/>\n
Action.c(197):       </TD>\n
Action.c(197):     </TR>\n
Action.c(197):     \n
Action.c(197):     <!-- Flight #1 -->\n
Action.c(197):     <TR bgcolor="#EFF2F7">\n
Action.c(197):       <TD width="5%" rowspan="2" align="left" valign="top">\n
Action.c(197):     <b>\n
Action.c(197):     <label><input type="checkbox" name="188" value="on" /></label></font></b>\n
Action.c(197):     <input type="hidden" name="flightID" value="43907794-144686-LD"  />\n
Action.c(197):       </TD>\n
Action.c(197):       <TD width="45%" valign="top">\n
Action.c(197):           <b>&nbsp;&nbsp;2 Window class tickets for :</b><br/>\n
Action.c(197):           <center><table border="0" width="85%"><tr><td>\n
Action.c(197):           <li><i>Lucifer  Dennica      <li><i>K Mefodiev\n
Action.c(197):           <li><i></i>\n
Action.c(197):           </td></tr></table></center>\n
Action.c(197):       </TD>\n
Action.c(197):       <TD width="5%" >.<br/>.<br/>.<br/>.</TD>\n
Action.c(197):       <TD width="45%" valign=top><b>Invoice sent to:</b><br/>\n
Action.c(197):           <center>\n
Action.c(197):           <Table width="80%" cellspacing="0" > <tr> <td>\n
Action.c(197):               Lucifer Dennica\n
Action.c(197):     <br/>\n
Action.c(197):               Staraya<br/>\n
Action.c(197):               Madrid<br/>\n
Action.c(197):               <br/>\n
Action.c(197):               Total Charge: $ 928 <BR/> (CC: x-1185)\n
Action.c(197):           </td> </tr> </table>\n
Action.c(197):           </center>\n
Action.c(197):       </TD>\n
Action.c(197):     </TR>\n
Action.c(197):     <TR bgcolor="#EFF2F7">\n
Action.c(197):       <TD COLSPAN="3">\n
Action.c(197):       <b>Flight Details:</b><BR/>  <center>\n
Action.c(197):       07/19/2022\n
Action.c(197):      :  8am : Flight 510 leaves Portland  for Frankfurt.<br>  </center>\n
Action.c(197):       </TD>\n
Action.c(197):     </TR>\n
Action.c(197):     \n
Action.c(197):     <TR bgcolor="#EFF2F7">\n
Action.c(197):       <TD COLSPAN="4">\n
Action.c(197):       <hr/>\n
Action.c(197):       </TD>\n
Action.c(197):     </TR>\n
Action.c(197):     \n
Action.c(197):     <!-- Flight #1 -->\n
Action.c(197):     <TR bgcolor="#EFF2F7">\n
Action.c(197):       <TD width="5%" rowspan="2" align="left" valign="top">\n
Action.c(197):     <b>\n
Action.c(197):     <label><input type="checkbox" name="189" value="on" /></label></font></b>\n
Action.c(197):     <input type="hidden" name="flightID" value="2951522-1453-LD"  />\n
Action.c(197):       </TD>\n
Action.c(197):       <TD width="45%" valign="top">\n
Action.c(197):           <b>&nbsp;&nbsp;A None class ticket for :</b><br/>\n
Action.c(197):           <center><table border="0" width="85%"><tr><td>\n
Action.c(197):           <li><i>Lucifer  Dennica\n
Action.c(197):           <li><i></i>\n
Action.c(197):           </td></tr></table></center>\n
Action.c(197):       </TD>\n
Action.c(197):       <TD width="5%" >.<br/>.<br/>.<br/>.</TD>\n
Action.c(197):       <TD width="45%" valign=top><b>Invoice sent to:</b><br/>\n
Action.c(197):           <center>\n
Action.c(197):           <Table width="80%" cellspacing="0" > <tr> <td>\n
Action.c(197):               Lucifer Dennic
Action.c(197): t=1366792ms: 8-byte chunked response overhead for "http://localhost:1080/cgi-bin/itinerary.pl" (RelFrameId=1.2, Internal ID=776)
Action.c(197):     \r\n
Action.c(197):     1000\r\n
Action.c(197): t=1366792ms: 8-byte chunked response overhead for "http://localhost:1080/cgi-bin/itinerary.pl" (RelFrameId=1.2, Internal ID=776)
Action.c(197):     \r\n
Action.c(197):     1000\r\n
Action.c(197): t=1366792ms: 8-byte chunked response overhead for "http://localhost:1080/cgi-bin/itinerary.pl" (RelFrameId=1.2, Internal ID=776)
Action.c(197):     \r\n
Action.c(197):     3000\r\n
Action.c(197): t=1366792ms: 12263-byte chunked response body for "http://localhost:1080/cgi-bin/itinerary.pl" (RelFrameId=1.2, Internal ID=776)
Action.c(197):     a\n
Action.c(197):     <br/>\n
Action.c(197):               Stepnaya<br/>\n
Action.c(197):               Andorra<br/>\n
Action.c(197):               <br/>\n
Action.c(197):               Total Charge: $ 0 <BR/> (CC: x-7969)\n
Action.c(197):           </td> </tr> </table>\n
Action.c(197):           </center>\n
Action.c(197):       </TD>\n
Action.c(197):     </TR>\n
Action.c(197):     <TR bgcolor="#EFF2F7">\n
Action.c(197):       <TD COLSPAN="3">\n
Action.c(197):       <b>Flight Details:</b><BR/>  <center>\n
Action.c(197):       07/19/2022\n
Action.c(197):      :  8am : Flight 110 leaves Frankfurt  for Frankfurt.<br>  </center>\n
Action.c(197):       </TD>\n
Action.c(197):     </TR>\n
Action.c(197):     \n
Action.c(197):     <TR bgcolor="#EFF2F7">\n
Action.c(197):       <TD COLSPAN="4">\n
Action.c(197):       <hr/>\n
Action.c(197):       </TD>\n
Action.c(197):     </TR>\n
Action.c(197):     \n
Action.c(197):     <!-- Flight #1 -->\n
Action.c(197):     <TR bgcolor="#EFF2F7">\n
Action.c(197):       <TD width="5%" rowspan="2" align="left" valign="top">\n
Action.c(197):     <b>\n
Action.c(197):     <label><input type="checkbox" name="190" value="on" /></label></font></b>\n
Action.c(197):     <input type="hidden" name="flightID" value="1404900053-1461872-LD"  />\n
Action.c(197):       </TD>\n
Action.c(197):       <TD width="45%" valign="top">\n
Action.c(197):           <b>&nbsp;&nbsp;3 Aisle class tickets for :</b><br/>\n
Action.c(197):           <center><table border="0" width="85%"><tr><td>\n
Action.c(197):           <li><i>Lucifer  Dennica      <li><i>K Mefodiev      <li><i>Mas Nasha\n
Action.c(197):           <li><i></i>\n
Action.c(197):           </td></tr></table></center>\n
Action.c(197):       </TD>\n
Action.c(197):       <TD width="5%" >.<br/>.<br/>.<br/>.</TD>\n
Action.c(197):       <TD width="45%" valign=top><b>Invoice sent to:</b><br/>\n
Action.c(197):           <center>\n
Action.c(197):           <Table width="80%" cellspacing="0" > <tr> <td>\n
Action.c(197):               Lucifer Dennica\n
Action.c(197):     <br/>\n
Action.c(197):               Mira<br/>\n
Action.c(197):               Nicca<br/>\n
Action.c(197):               <br/>\n
Action.c(197):               Total Charge: $ 4347 <BR/> (CC: x-3793)\n
Action.c(197):           </td> </tr> </table>\n
Action.c(197):           </center>\n
Action.c(197):       </TD>\n
Action.c(197):     </TR>\n
Action.c(197):     <TR bgcolor="#EFF2F7">\n
Action.c(197):       <TD COLSPAN="3">\n
Action.c(197):       <b>Flight Details:</b><BR/>  <center>\n
Action.c(197):       07/19/2022\n
Action.c(197):      :  8am : Flight 230 leaves London  for Los Angeles.<br>  </center>\n
Action.c(197):       </TD>\n
Action.c(197):     </TR>\n
Action.c(197):     \n
Action.c(197):     <TR bgcolor="#EFF2F7">\n
Action.c(197):       <TD COLSPAN="4">\n
Action.c(197):       <hr/>\n
Action.c(197):       </TD>\n
Action.c(197):     </TR>\n
Action.c(197):     \n
Action.c(197):     <!-- Flight #1 -->\n
Action.c(197):     <TR bgcolor="#EFF2F7">\n
Action.c(197):       <TD width="5%" rowspan="2" align="left" valign="top">\n
Action.c(197):     <b>\n
Action.c(197):     <label><input type="checkbox" name="191" value="on" /></label></font></b>\n
Action.c(197):     <input type="hidden" name="flightID" value="143647132-1469361-LD"  />\n
Action.c(197):       </TD>\n
Action.c(197):       <TD width="45%" valign="top">\n
Action.c(197):           <b>&nbsp;&nbsp;3 Window class tickets for :</b><br/>\n
Action.c(197):           <center><table border="0" width="85%"><tr><td>\n
Action.c(197):           <li><i>Lucifer  Dennica      <li><i>K Mefodiev      <li><i>Mas Nasha\n
Action.c(197):           <li><i></i>\n
Action.c(197):           </td></tr></table></center>\n
Action.c(197):       </TD>\n
Action.c(197):       <TD width="5%" >.<br/>.<br/>.<br/>.</TD>\n
Action.c(197):       <TD width="45%" valign=top><b>Invoice sent to:</b><br/>\n
Action.c(197):           <center>\n
Action.c(197):           <Table width="80%" cellspacing="0" > <tr> <td>\n
Action.c(197):               Lucifer Dennica\n
Action.c(197):     <br/>\n
Action.c(197):               Mira<br/>\n
Action.c(197):               Riga<br/>\n
Action.c(197):               <br/>\n
Action.c(197):               Total Charge: $ 1695 <BR/> (CC: x-3878)\n
Action.c(197):           </td> </tr> </table>\n
Action.c(197):           </center>\n
Action.c(197):       </TD>\n
Action.c(197):     </TR>\n
Action.c(197):     <TR bgcolor="#EFF2F7">\n
Action.c(197):       <TD COLSPAN="3">\n
Action.c(197):       <b>Flight Details:</b><BR/>  <center>\n
Action.c(197):       07/19/2022\n
Action.c(197):      :  5pm : Flight 472 leaves Paris  for Seattle.<br>  </center>\n
Action.c(197):       </TD>\n
Action.c(197):     </TR>\n
Action.c(197):     \n
Action.c(197):     <TR bgcolor="#EFF2F7">\n
Action.c(197):       <TD COLSPAN="4">\n
Action.c(197):       <hr/>\n
Action.c(197):       </TD>\n
Action.c(197):     </TR>\n
Action.c(197):     \n
Action.c(197):     <!-- Flight #1 -->\n
Action.c(197):     <TR bgcolor="#EFF2F7">\n
Action.c(197):       <TD width="5%" rowspan="2" align="left" valign="top">\n
Action.c(197):     <b>\n
Action.c(197):     <label><input type="checkbox" name="192" value="on" /></label></font></b>\n
Action.c(197):     <input type="hidden" name="flightID" value="84285997-1477068-LD"  />\n
Action.c(197):       </TD>\n
Action.c(197):       <TD width="45%" valign="top">\n
Action.c(197):           <b>&nbsp;&nbsp;2 Aisle class tickets for :</b><br/>\n
Action.c(197):           <center><table border="0" width="85%"><tr><td>\n
Action.c(197):           <li><i>Lucifer  Dennica      <li><i>K Mefodiev\n
Action.c(197):           <li><i></i>\n
Action.c(197):           </td></tr></table></center>\n
Action.c(197):       </TD>\n
Action.c(197):       <TD width="5%" >.<br/>.<br/>.<br/>.</TD>\n
Action.c(197):       <TD width="45%" valign=top><b>Invoice sent to:</b><br/>\n
Action.c(197):           <center>\n
Action.c(197):           <Table width="80%" cellspacing="0" > <tr> <td>\n
Action.c(197):               Lucifer Dennica\n
Action.c(197):     <br/>\n
Action.c(197):               Pushkina<br/>\n
Action.c(197):               Varshava<br/>\n
Action.c(197):               <br/>\n
Action.c(197):               Total Charge: $ 1888 <BR/> (CC: x-2275)\n
Action.c(197):           </td> </tr> </table>\n
Action.c(197):           </center>\n
Action.c(197):       </TD>\n
Action.c(197):     </TR>\n
Action.c(197):     <TR bgcolor="#EFF2F7">\n
Action.c(197):       <TD COLSPAN="3">\n
Action.c(197):       <b>Flight Details:</b><BR/>  <center>\n
Action.c(197):       07/19/2022\n
Action.c(197):      :  1pm : Flight 721 leaves Seattle  for London.<br>  </center>\n
Action.c(197):       </TD>\n
Action.c(197):     </TR>\n
Action.c(197):     \n
Action.c(197):     <TR bgcolor="#EFF2F7">\n
Action.c(197):       <TD COLSPAN="4">\n
Action.c(197):       <hr/>\n
Action.c(197):       </TD>\n
Action.c(197):     </TR>\n
Action.c(197):     \n
Action.c(197):     <!-- Flight #1 -->\n
Action.c(197):     <TR bgcolor="#EFF2F7">\n
Action.c(197):       <TD width="5%" rowspan="2" align="left" valign="top">\n
Action.c(197):     <b>\n
Action.c(197):     <label><input type="checkbox" name="193" value="on" /></label></font></b>\n
Action.c(197):     <input type="hidden" name="flightID" value="142423363-1484741-LD"  />\n
Action.c(197):       </TD>\n
Action.c(197):       <TD width="45%" valign="top">\n
Action.c(197):           <b>&nbsp;&nbsp;2 Aisle class tickets for :</b><br/>\n
Action.c(197):           <center><table border="0" width="85%"><tr><td>\n
Action.c(197):           <li><i>Lucifer  Dennica      <li><i>K Mefodiev\n
Action.c(197):           <li><i></i>\n
Action.c(197):           </td></tr></table></center>\n
Action.c(197):       </TD>\n
Action.c(197):       <TD width="5%" >.<br/>.<br/>.<br/>.</TD>\n
Action.c(197):       <TD width="45%" valign=top><b>Invoice sent to:</b><br/>\n
Action.c(197):           <center>\n
Action.c(197):           <Table width="80%" cellspacing="0" > <tr> <td>\n
Action.c(197):               Lucifer Dennica\n
Action.c(197):     <br/>\n
Action.c(197):               Colacola<br/>\n
Action.c(197):               Kiev<br/>\n
Action.c(197):               <br/>\n
Action.c(197):               Total Charge: $ 1644 <BR/> (CC: x-3845)\n
Action.c(197):           </td> </tr> </table>\n
Action.c(197):           </center>\n
Action.c(197):       </TD>\n
Action.c(197):     </TR>\n
Action.c(197):     <TR bgcolor="#EFF2F7">\n
Action.c(197):       <TD COLSPAN="3">\n
Action.c(197):       <b>Flight Details:</b><BR/>  <center>\n
Action.c(197):       07/19/2022\n
Action.c(197):      :  8am : Flight 430 leaves Paris  for Los Angeles.<br>  </center>\n
Action.c(197):       </TD>\n
Action.c(197):     </TR>\n
Action.c(197):     \n
Action.c(197):     <TR bgcolor="#EFF2F7">\n
Action.c(197):       <TD COLSPAN="4">\n
Action.c(197):       <hr/>\n
Action.c(197):       </TD>\n
Action.c(197):     </TR>\n
Action.c(197):     \n
Action.c(197):     <!-- Flight #1 -->\n
Action.c(197):     <TR bgcolor="#EFF2F7">\n
Action.c(197):       <TD width="5%" rowspan="2" align="left" valign="top">\n
Action.c(197):     <b>\n
Action.c(197):     <label><input type="checkbox" name="194" value="on" /></label></font></b>\n
Action.c(197):     <input type="hidden" name="flightID" value="290485935-149271-LD"  />\n
Action.c(197):       </TD>\n
Action.c(197):       <TD width="45%" valign="top">\n
Action.c(197):           <b>&nbsp;&nbsp;2 None class tickets for :</b><br/>\n
Action.c(197):           <center><table border="0" width="85%"><tr><td>\n
Action.c(197):           <li><i>Lucifer  Dennica      <li><i>K Mefodiev\n
Action.c(197):           <li><i></i>\n
Action.c(197):           </td></tr></table></center>\n
Action.c(197):       </TD>\n
Action.c(197):       <TD width="5%" >.<br/>.<br/>.<br/>.</TD>\n
Action.c(197):       <TD width="45%" valign=top><b>Invoice sent to:</b><br/>\n
Action.c(197):           <center>\n
Action.c(197):           <Table width="80%" cellspacing="0" > <tr> <td>\n
Action.c(197):               Lucifer Dennica\n
Action.c(197):     <br/>\n
Action.c(197):               Krupskoi<br/>\n
Action.c(197):               Kiev<br/>\n
Action.c(197):               <br/>\n
Action.c(197):               Total Charge: $ 532 <BR/> (CC: x-7843)\n
Action.c(197):           </td> </tr> </table>\n
Action.c(197):           </center>\n
Action.c(197):       </TD>\n
Action.c(197):     </TR>\n
Action.c(197):     <TR bgcolor="#EFF2F7">\n
Action.c(197):       <TD COLSPAN="3">\n
Action.c(197):       <b>Flight Details:</b><BR/>  <center>\n
Action.c(197):       07/19/2022\n
Action.c(197):      :  8am : Flight 120 leaves Frankfurt  for London.<br>  </center>\n
Action.c(197):       </TD>\n
Action.c(197):     </TR>\n
Action.c(197):     \n
Action.c(197):     <TR bgcolor="#EFF2F7">\n
Action.c(197):       <TD COLSPAN="4">\n
Action.c(197):       <hr/>\n
Action.c(197):       </TD>\n
Action.c(197):     </TR>\n
Action.c(197):     \n
Action.c(197):     <!-- Flight #1 -->\n
Action.c(197):     <TR bgcolor="#EFF2F7">\n
Action.c(197):       <TD width="5%" rowspan="2" align="left" valign="top">\n
Action.c(197):     <b>\n
Action.c(197):     <label><input type="checkbox" name="195" value="on" /></label></font></b>\n
Action.c(197):     <input type="hidden" name="flightID" value="302312318-150046-LD"  />\n
Action.c(197):       </TD>\n
Action.c(197):       <TD width="45%" valign="top">\n
Action.c(197):           <b>&nbsp;&nbsp;A Aisle class ticket for :</b><br/>\n
Action.c(197):           <center><table border="0" width="85%"><tr><td>\n
Action.c(197):           <li><i>Lucifer  Dennica\n
Action.c(197):           <li><i></i>\n
Action.c(197):           </td></tr></table></center>\n
Action.c(197):       </TD>\n
Action.c(197):       <TD width="5%" >.<br/>.<br/>.<br/>.</TD>\n
Action.c(197):       <TD width="45%" valign=top><b>Invoice sent to:</b><br/>\n
Action.c(197):           <center>\n
Action.c(197):           <Table width="80%" cellspacing="0" > <tr> <td>\n
Action.c(197):               Lucifer Dennica\n
Action.c(197):     <br/>\n
Action.c(197):               Stepnaya<br/>\n
Action.c(197):               Madrid<br/>\n
Action.c(197):               <br/>\n
Action.c(197):               Total Charge: $ 601 <BR/> (CC: x-8162)\n
Action.c(197):           </td> </tr> </table>\n
Action.c(197):           </center>\n
Action.c(197):       </TD>\n
Action.c(197):     </TR>\n
Action.c(197):     <TR bgcolor="#EFF2F7">\n
Action.c(197):       <TD COLSPAN="3">\n
Action.c(197):       <b>Flight Details:</b><BR/>  <center>\n
Action.c(197):       07/19/2022\n
Action.c(197):      :  5pm : Flight 432 leaves Paris  for Los Angeles.<br>  </center>\n
Action.c(197):       </TD>\n
Action.c(197):     </TR>\n
Action.c(197):     \n
Action.c(197):     <TR bgcolor="#EFF2F7">\n
Action.c(197):       <TD COLSPAN="4">\n
Action.c(197):       <hr/>\n
Action.c(197):       </TD>\n
Action.c(197):     </TR>\n
Action.c(197):     \n
Action.c(197):     <!-- Flight #1 -->\n
Action.c(197):     <TR bgcolor="#EFF2F7">\n
Action.c(197):       <TD width="5%" rowspan="2" align="left" valign="top">\n
Action.c(197):     <b>\n
Action.c(197):     <label><input type="checkbox" name="196" value="on" /></label></font></b>\n
Action.c(197):     <input type="hidden" name="flightID" value="166655961-1507913-LD"  />\n
Action.c(197):       </TD>\n
Action.c(197):       <TD width="45%" valign="top">\n
Action.c(197):           <b>&nbsp;&nbsp;3 Window class tickets for :</b><br/>\n
Action.c(197):           <center><table border="0" width="85%"><tr><td>\n
Action.c(197):           <li><i>Lucifer  Dennica      <li><i>K Mefodiev      <li><i>Mas Nasha\n
Action.c(197):           <li><i></i>\n
Action.c(197):           </td></tr></table></center>\n
Action.c(197):       </TD>\n
Action.c(197):       <TD width="5%" >.<br/>.<br/>.<br/>.</TD>\n
Action.c(197):       <TD width="45%" valign=top><b>Invoice sent to:</b><br/>\n
Action.c(197):           <center>\n
Action.c(197):           <Table width="80%" cellspacing="0" > <tr> <td>\n
Action.c(197):               Lucifer Dennica\n
Action.c(197):     <br/>\n
Action.c(197):               Maya<br/>\n
Action.c(197):               Madrid<br/>\n
Action.c(197):               <br/>\n
Action.c(197):               Total Charge: $ 2871 <BR/> (CC: x-4499)\n
Action.c(197):           </td> </tr> </table>\n
Action.c(197):           </center>\n
Action.c(197):       </TD>\n
Action.c(197):     </TR>\n
Action.c(197):     <TR bgcolor="#EFF2F7">\n
Action.c(197):       <TD COLSPAN="3">\n
Action.c(197):       <b>Flight Details:</b><BR/>  <center>\n
Action.c(197):       07/19/2022\n
Action.c(197):      :  8am : Flight 710 leaves Seattle  for Frankfurt.<br>  </center>\n
Action.c(197):       </TD>\n
Action.c(197):     </TR>\n
Action.c(197):     \n
Action.c(197):     <TR bgcolor="#EFF2F7">\n
Action.c(197):       <TD COLSPAN="4">\n
Action.c(197):       <hr/>\n
Action.c(197):       </TD>\n
Action.c(197):     </TR>\n
Action.c(197):     \n
Action.c(197):     <!-- Flight #1 -->\n
Action.c(197):     <TR bgcolor="#EFF2F7">\n
Action.c(197):       <TD width="5%" rowspan="2" align="left" valign="top">\n
Action.c(197):     <b>\n
Action.c(197):     <label><input type="checkbox" name="197" value="on" /></label></font></b>\n
Action.c(197):     <input type="hidden" name="flightID" value="343822275-1515496-LD"  />\n
Action.c(197):       </TD>\n
Action.c(197):       <TD width="45%" valign="top">\n
Action.c(197):           <b>&nbsp;&nbsp;A Aisle class ticket for :</b><br/>\n
Action.c(197):           <center><table border="0" width="85%"><tr><td>\n
Action.c(197):           <li><i>Lucifer  Dennica\n
Action.c(197):           <li><i></i>\n
Action.c(197):           </td></tr></table></center>\n
Action.c(197):       </TD>\n
Action.c(197):       <TD width="5%" >.<br/>.<br/>.<br/>.</TD>\n
Action.c(197):       <TD width="45%" valign=top><b>Invoice sent to:</b><br/>\n
Action.c(197):           <center>\n
Action.c(197):           <Table width="80%" cellspacing="0" > <tr> <td>\n
Action.c(197):               Lucifer Dennica\n
Action.c(197):     <br/>\n
Action.c(197):               Mira<br/>\n
Action.c(197):               Madrid<br/>\n
Action.c(197):               <br/>\n
Action.c(197):               Total Charge: $ 1449 <BR/> (CC: x-0928)\n
Action.c(197):           </td> </tr> </table>\n
Action.c(197):           </center>\n
Action.c(197):       </TD>\n
Action.c(197):     </TR>\n
Action.c(197):     <TR bgcolor="#EFF2F7">\n
Action.c(197):       <TD COLSPAN="3">\n
Action.c(197):       <b>Flight Details:</b><BR/>  <center>\n
Action.c(197):       07/19/2022\n
Action.c(197):      :  8am : Flight 320 leaves Los Angeles  for London.<br>  </center>\n
Action.c(197):       </TD>\n
Action.c(197):     </TR>\n
Action.c(197):     \n
Action.c(197):     <TR bgcolor="#EFF2F7">\n
Action.c(197):       <TD COLSPAN="4">\n
Action.c(197):       <hr/>\n
Action.c(197):       </TD>\n
Action.c(197):     </TR>\n
Action.c(197):     \n
Action.c(197):     <!-- Flight #1 -->\n
Action.c(197):     <TR bgcolor="#EFF2F7">\n
Action.c(197):       <TD width="5%" rowspan="2" align="left" valign="top">\n
Action.c(197):     <b>\n
Action.c(197):     <label><input type="checkbox" name="198" value="on" /></label></font></b>\n
Action.c(197):     <input type="hidden" name="flightID" value="72824908-1523159-LD"  />\n
Action.c(197):       </TD>\n
Action.c(197):       <TD width="45%" valign="top">\n
Action.c(197):           <b>&nbsp;&nbsp;2 Window class tickets for :</b><br/>\n
Action.c(197):           <center><table border="0" width="85%"><tr><td>\n
Action.c(197):           <li><i>Lucifer  Dennica      <li><i>K Mefodiev\n
Action.c(197):           <li><i></i>\n
Action.c(197):           </td></tr></table></center>\n
Action.c(197):       </TD>\n
Action.c(197):       <TD width="5%" >.<br/>.<br/>.<br/>.</TD>\n
Action.c(197):       <TD width="45%" valign=top><b>Invoice sent to:</b><br/>\n
Action.c(197):           <center>\n
Action.c(197):           <Table width="80%" cellspacing="0" > <tr> <td>\n
Action.c(197):               Lucifer Dennica\n
Action.c(197):     <br/>\n
Action.c(197):               Lenina<br/>\n
Action.c(197):               Nicca<br/>\n
Action.c(197):               <br/>\n
Action.c(197):               Total Charge: $ 1068 <BR/> (CC: x-1966)\n
Action.c(197):           </td> </tr> </table>\n
Action.c(197):           </center>\n
Action.c(197):       </TD>\n
Action.c(197):     </TR>\n
Action.c(197):     <TR bgcolor="#EFF2F7">\n
Action.c(197):       <TD COLSPAN="3">\n
Action.c(197):       <b>Flight Details:</b><BR/>  <center>\n
Action.c(197):       07/19/2022\n
Action.c(197):      :  5pm : Flight 272 leaves London  for Seattle.<br>  </center>\n
Action.c(197):       </TD>\n
Action.c(197):     </TR>\n
Action.c(197):     \n
Action.c(197):     <TR bgcolor="#EFF2F7">\n
Action.c(197):       <TD COLSPAN="4">\n
Action.c(197):       <hr/>\n
Action.c(197):       </TD>\n
Action.c(197):     </TR>\n
Action.c(197):     \n
Action.c(197):     <!-- Flight #1 -->\n
Action.c(197):     <TR bgcolor="#EFF2F7">\n
Action.c(197):       <TD width="5%" rowspan="2" align="left" valign="top">\n
Action.c(197):     <b>\n
Action.c(197):     <label><input type="checkbox" name="199" value="on" /></label></font></b>\n
Action.c(197):     <input type="hidden" name="flightID" value="50464120-153116-LD"  />\n
Action.c(197):       </TD>\n
Action.c(197):       <TD width="45%" valign="top">\n
Action.c(197):           <b>&nbsp;&nbsp;2 Window class tickets for :</b><br/>\n
Action.c(197):           <center><table border="0" width="85%"><tr><td>\n
Action.c(197):           <li><i>Lucifer  Dennica      <li><i>K Mefodiev\n
Action.c(197):           <li><i></i>\n
Action.c(197):           </td></tr></table></center>\n
Action.c(197):       </TD>\n
Action.c(197):       <TD width="5%" >.<br/>.<br/>.<br/>.</TD>\n
Action.c(197):       <TD width="45%" valign=top><b>Invoice sent to:</b><br/>\n
Action.c(197):           <center>\n
Action.c(197):           <Table width="80%" cellspacing="0" > <tr> <td>\n
Action.c(197):               Lucifer Dennica\n
Action.c(197):     <br/>\n
Action.c(197):               Maya<br/>\n
Action.c(197):               Nicca<br/>\n
Action.c(197):               <br/>\n
Action.c(197):               Total Charge: $ 510 <BR/> (CC: x-1362)\n
Action.c(197):           </td> </tr> </table>\n
Action.c(197):           </center>\n
Action.c(197):       </TD>\n
Action.c(197):     </TR>\n
Action.c(197):     <TR bgcolor="#EFF2F7">\n
Action.c(197):       <TD COLSPAN="3">\n
Action.c(197):       <b>Flight Details:</b><BR/>  <center>\n
Action.c(197):       07/19/2022\n
Action.c(197):      :  1pm : Flight 531 leaves Portland  for Los Angeles.<br>  </center>\n
Action.c(197):       </TD>\n
Action.c(197):     </TR>\n
Action.c(197):     \n
Action.c(197):     <TR bgcolor="#EFF2F7">\n
Action.c(197):       <TD COLSPAN="4">\n
Action.c(197):       <hr/>\n
Action.c(197):       </TD>\n
Action.c(197):     </TR>\n
Action.c(197):     <TR>\n
Action.c(197):        <TD align="center" COLSPAN="4">\n
Action.c(197):        <b>A total of 199 scheduled flights.</font></b>\n
Action.c(197):        </TD>\n
Action.c(197):     </TR>\n
Action.c(197):     </TABLE>\n
Action.c(197):     \n
Action.c(197):     <TABLE WIDTH="87%" BORDER="0" CELLSPACING="0">\n
Action.c(197):     <TR>\n
Action.c(197):     <TD align="left" width="50%" >\n
Action.c(197):     <input type="image" name="removeFlights" src="/WebTours/images/cancelreservation.gif" bord
Action.c(197):     er="0" /></TD>\n
Action.c(197):     <TD align="right" width="50%" >\n
Action.c(197):     <input type="image" name="removeAllFlights" src="/WebTours/images/cancelallreservations.gi
Action.c(197):     f" border="0" /></TD>\n
Action.c(197):     </TABLE>\n
Action.c(197):     \n
Action.c(197):     <div><input type="hidden" name=".cgifields" value="127"  /><input type="hidden" name=".cgi
Action.c(197):     fields" value="32"  /><input type="hidden" name=".cgifields" value="90"  /><input type="hi
Action.c(197):     dden" nam
Action.c(197): Found resource "http://localhost:1080/WebTours/images/cancelreservation.gif" in HTML "http://localhost:1080/cgi-bin/itinerary.pl"  	[MsgId: MMSG-26659]
Action.c(197): Found resource "http://localhost:1080/WebTours/images/cancelallreservations.gif" in HTML "http://localhost:1080/cgi-bin/itinerary.pl"  	[MsgId: MMSG-26659]
Action.c(197): t=1366809ms: 7-byte chunked response overhead for "http://localhost:1080/cgi-bin/itinerary.pl" (RelFrameId=1.2, Internal ID=776)
Action.c(197):     \r\n
Action.c(197):     21d\r\n
Action.c(197): t=1366809ms: 7-byte chunked response overhead for "http://localhost:1080/cgi-bin/itinerary.pl" (RelFrameId=1.2, Internal ID=776)
Action.c(197):     \r\n
Action.c(197):     0\r\n
Action.c(197):     \r\n
Action.c(197): t=1366809ms: 10495-byte chunked response body for "http://localhost:1080/cgi-bin/itinerary.pl" (RelFrameId=1.2, Internal ID=776)
Action.c(197):     e=".cgifields" value="118"  /><input type="hidden" name=".cgifields" value="71"  /><input 
Action.c(197):     type="hidden" name=".cgifields" value="102"  /><input type="hidden" name=".cgifields" valu
Action.c(197):     e="18"  /><input type="hidden" name=".cgifields" value="125"  /><input type="hidden" name=
Action.c(197):     ".cgifields" value="16"  /><input type="hidden" name=".cgifields" value="44"  /><input typ
Action.c(197):     e="hidden" name=".cgifields" value="55"  /><input type="hidden" name=".cgifields" value="8
Action.c(197):     4"  /><input type="hidden" name=".cgifields" value="27"  /><input type="hidden" name=".cgi
Action.c(197):     fields" value="190"  /><input type="hidden" name=".cgifields" value="161"  /><input type="
Action.c(197):     hidden" name=".cgifields" value="194"  /><input type="hidden" name=".cgifields" value="95"
Action.c(197):       /><input type="hidden" name=".cgifields" value="57"  /><input type="hidden" name=".cgifi
Action.c(197):     elds" value="20"  /><input type="hidden" name=".cgifields" value="163"  /><input type="hid
Action.c(197):     den" name=".cgifields" value="109"  /><input type="hidden" name=".cgifields" value="151"  
Action.c(197):     /><input type="hidden" name=".cgifields" value="89"  /><input type="hidden" name=".cgifiel
Action.c(197):     ds" value="175"  /><input type="hidden" name=".cgifields" value="148"  /><input type="hidd
Action.c(197):     en" name=".cgifields" value="31"  /><input type="hidden" name=".cgifields" value="35"  /><
Action.c(197):     input type="hidden" name=".cgifields" value="11"  /><input type="hidden" name=".cgifields"
Action.c(197):      value="78"  /><input type="hidden" name=".cgifields" value="93"  /><input type="hidden" n
Action.c(197):     ame=".cgifields" value="106"  /><input type="hidden" name=".cgifields" value="157"  /><inp
Action.c(197):     ut type="hidden" name=".cgifields" value="65"  /><input type="hidden" name=".cgifields" va
Action.c(197):     lue="29"  /><input type="hidden" name=".cgifields" value="197"  /><input type="hidden" nam
Action.c(197):     e=".cgifields" value="138"  /><input type="hidden" name=".cgifields" value="199"  /><input
Action.c(197):      type="hidden" name=".cgifields" value="114"  /><input type="hidden" name=".cgifields" val
Action.c(197):     ue="58"  /><input type="hidden" name=".cgifields" value="153"  /><input type="hidden" name
Action.c(197):     =".cgifields" value="15"  /><input type="hidden" name=".cgifields" value="137"  /><input t
Action.c(197):     ype="hidden" name=".cgifields" value="81"  /><input type="hidden" name=".cgifields" value=
Action.c(197):     "60"  /><input type="hidden" name=".cgifields" value="101"  /><input type="hidden" name=".
Action.c(197):     cgifields" value="73"  /><input type="hidden" name=".cgifields" value="86"  /><input type=
Action.c(197):     "hidden" name=".cgifields" value="76"  /><input type="hidden" name=".cgifields" value="62"
Action.c(197):       /><input type="hidden" name=".cgifields" value="67"  /><input type="hidden" name=".cgifi
Action.c(197):     elds" value="165"  /><input type="hidden" name=".cgifields" value="198"  /><input type="hi
Action.c(197):     dden" name=".cgifields" value="139"  /><input type="hidden" name=".cgifields" value="129" 
Action.c(197):      /><input type="hidden" name=".cgifields" value="2"  /><input type="hidden" name=".cgifiel
Action.c(197):     ds" value="17"  /><input type="hidden" name=".cgifields" value="186"  /><input type="hidde
Action.c(197):     n" name=".cgifields" value="110"  /><input type="hidden" name=".cgifields" value="82"  /><
Action.c(197):     input type="hidden" name=".cgifields" value="147"  /><input type="hidden" name=".cgifields
Action.c(197):     " value="168"  /><input type="hidden" name=".cgifields" value="184"  /><input type="hidden
Action.c(197):     " name=".cgifields" value="135"  /><input type="hidden" name=".cgifields" value="14"  /><i
Action.c(197):     nput type="hidden" name=".cgifields" value="112"  /><input type="hidden" name=".cgifields"
Action.c(197):      value="69"  /><input type="hidden" name=".cgifields" value="191"  /><input type="hidden" 
Action.c(197):     name=".cgifields" value="172"  /><input type="hidden" name=".cgifields" value="145"  /><in
Action.c(197):     put type="hidden" name=".cgifields" value="49"  /><input type="hidden" name=".cgifields" v
Action.c(197):     alue="178"  /><input type="hidden" name=".cgifields" value="24"  /><input type="hidden" na
Action.c(197):     me=".cgifields" value="187"  /><input type="hidden" name=".cgifields" value="140"  /><inpu
Action.c(197):     t type="hidden" name=".cgifields" value="124"  /><input type="hidden" name=".cgifields" va
Action.c(197):     lue="104"  /><input type="hidden" name=".cgifields" value="131"  /><input type="hidden" na
Action.c(197):     me=".cgifields" value="181"  /><input type="hidden" name=".cgifields" value="121"  /><inpu
Action.c(197):     t type="hidden" name=".cgifields" value="79"  /><input type="hidden" name=".cgifields" val
Action.c(197):     ue="154"  /><input type="hidden" name=".cgifields" value="23"  /><input type="hidden" name
Action.c(197):     =".cgifields" value="96"  /><input type="hidden" name=".cgifields" value="126"  /><input t
Action.c(197):     ype="hidden" name=".cgifields" value="159"  /><input type="hidden" name=".cgifields" value
Action.c(197):     ="160"  /><input type="hidden" name=".cgifields" value="176"  /><input type="hidden" name=
Action.c(197):     ".cgifields" value="47"  /><input type="hidden" name=".cgifields" value="8"  /><input type
Action.c(197):     ="hidden" name=".cgifields" value="98"  /><input type="hidden" name=".cgifields" value="37
Action.c(197):     "  /><input type="hidden" name=".cgifields" value="117"  /><input type="hidden" name=".cgi
Action.c(197):     fields" value="43"  /><input type="hidden" name=".cgifields" value="195"  /><input type="h
Action.c(197):     idden" name=".cgifields" value="5"  /><input type="hidden" name=".cgifields" value="170"  
Action.c(197):     /><input type="hidden" name=".cgifields" value="33"  /><input type="hidden" name=".cgifiel
Action.c(197):     ds" value="21"  /><input type="hidden" name=".cgifields" value="63"  /><input type="hidden
Action.c(197):     " name=".cgifields" value="7"  /><input type="hidden" name=".cgifields" value="26"  /><inp
Action.c(197):     ut type="hidden" name=".cgifields" value="80"  /><input type="hidden" name=".cgifields" va
Action.c(197):     lue="193"  /><input type="hidden" name=".cgifields" value="119"  /><input type="hidden" na
Action.c(197):     me=".cgifields" value="180"  /><input type="hidden" name=".cgifields" value="99"  /><input
Action.c(197):      type="hidden" name=".cgifields" value="179"  /><input type="hidden" name=".cgifields" val
Action.c(197):     ue="162"  /><input type="hidden" name=".cgifields" value="72"  /><input type="hidden" name
Action.c(197):     =".cgifields" value="74"  /><input type="hidden" name=".cgifields" value="182"  /><input t
Action.c(197):     ype="hidden" name=".cgifields" value="61"  /><input type="hidden" name=".cgifields" value=
Action.c(197):     "108"  /><input type="hidden" name=".cgifields" value="115"  /><input type="hidden" name="
Action.c(197):     .cgifields" value="92"  /><input type="hidden" name=".cgifields" value="103"  /><input typ
Action.c(197):     e="hidden" name=".cgifields" value="10"  /><input type="hidden" name=".cgifields" value="1
Action.c(197):     13"  /><input type="hidden" name=".cgifields" value="152"  /><input type="hidden" name=".c
Action.c(197):     gifields" value="189"  /><input type="hidden" name=".cgifields" value="142"  /><input type
Action.c(197):     ="hidden" name=".cgifields" value="91"  /><input type="hidden" name=".cgifields" value="16
Action.c(197):     7"  /><input type="hidden" name=".cgifields" value="48"  /><input type="hidden" name=".cgi
Action.c(197):     fields" value="107"  /><input type="hidden" name=".cgifields" value="87"  /><input type="h
Action.c(197):     idden" name=".cgifields" value="174"  /><input type="hidden" name=".cgifields" value="77" 
Action.c(197):      /><input type="hidden" name=".cgifields" value="133"  /><input type="hidden" name=".cgifi
Action.c(197):     elds" value="149"  /><input type="hidden" name=".cgifields" value="123"  /><input type="hi
Action.c(197):     dden" name=".cgifields" value="50"  /><input type="hidden" name=".cgifields" value="39"  /
Action.c(197):     ><input type="hidden" name=".cgifields" value="64"  /><input type="hidden" name=".cgifield
Action.c(197):     s" value="97"  /><input type="hidden" name=".cgifields" value="12"  /><input type="hidden"
Action.c(197):      name=".cgifields" value="41"  /><input type="hidden" name=".cgifields" value="52"  /><inp
Action.c(197):     ut type="hidden" name=".cgifields" value="173"  /><input type="hidden" name=".cgifields" v
Action.c(197):     alue="56"  /><input type="hidden" name=".cgifields" value="45"  /><input type="hidden" nam
Action.c(197):     e=".cgifields" value="66"  /><input type="hidden" name=".cgifields" value="19"  /><input t
Action.c(197):     ype="hidden" name=".cgifields" value="54"  /><input type="hidden" name=".cgifields" value=
Action.c(197):     "70"  /><input type="hidden" name=".cgifields" value="188"  /><input type="hidden" name=".
Action.c(197):     cgifields" value="68"  /><input type="hidden" name=".cgifields" value="166"  /><input type
Action.c(197):     ="hidden" name=".cgifields" value="1"  /><input type="hidden" name=".cgifields" value="136
Action.c(197):     "  /><input type="hidden" name=".cgifields" value="88"  /><input type="hidden" name=".cgif
Action.c(197):     ields" value="116"  /><input type="hidden" name=".cgifields" value="144"  /><input type="h
Action.c(197):     idden" name=".cgifields" value="141"  /><input type="hidden" name=".cgifields" value="30" 
Action.c(197):      /><input type="hidden" name=".cgifields" value="100"  /><input type="hidden" name=".cgifi
Action.c(197):     elds" value="25"  /><input type="hidden" name=".cgifields" value="128"  /><input type="hid
Action.c(197):     den" name=".cgifields" value="28"  /><input type="hidden" name=".cgifields" value="120"  /
Action.c(197):     ><input type="hidden" name=".cgifields" value="156"  /><input type="hidden" name=".cgifiel
Action.c(197):     ds" value="134"  /><input type="hidden" name=".cgifields" value="40"  /><input type="hidde
Action.c(197):     n" name=".cgifields" value="75"  /><input type="hidden" name=".cgifields" value="83"  /><i
Action.c(197):     nput type="hidden" name=".cgifields" value="192"  /><input type="hidden" name=".cgifields"
Action.c(197):      value="59"  /><input type="hidden" name=".cgifields" value="177"  /><input type="hidden" 
Action.c(197):     name=".cgifields" value="150"  /><input type="hidden" name=".cgifields" value="155"  /><in
Action.c(197):     put type="hidden" name=".cgifields" value="130"  /><input type="hidden" name=".cgifields" 
Action.c(197):     value="53"  /><input type="hidden" name=".cgifields" value="122"  /><input type="hidden" n
Action.c(197):     ame=".cgifields" value="143"  /><input type="hidden" name=".cgifields" value="158"  /><inp
Action.c(197):     ut type="hidden" name=".cgifields" value="42"  /><input type="hidden" name=".cgifields" va
Action.c(197):     lue="22"  /><input type="hidden" name=".cgifields" value="46"  /><input type="hidden" name
Action.c(197):     =".cgifields" value="13"  /><input type="hidden" name=".cgifields" value="105"  /><input t
Action.c(197):     ype="hidden" name=".cgifields" value="6"  /><input type="hidden" name=".cgifields" value="
Action.c(197):     85"  /><input type="hidden" name=".cgifields" value="185"  /><input type="hidden" name=".c
Action.c(197):     gifields" value="36"  /><input type="hidden" name=".cgifields" value="3"  /><input type="h
Action.c(197):     idden" name=".cgifields" value="183"  /><input type="hidden" name=".cgifields" value="94" 
Action.c(197):      /><input type="hidden" name=".cgifields" value="146"  /><input type="hidden" name=".cgifi
Action.c(197):     elds" value="51"  /><input type="hidden" name=".cgifields" value="9"  /><input type="hidde
Action.c(197):     n" name=".cgifields" value="111"  /><input type="hidden" name=".cgifields" value="38"  /><
Action.c(197):     input type="hidden" name=".cgifields" value="4"  /><input type="hidden" name=".cgifields" 
Action.c(197):     value="34"  /><input type="hidden" name=".cgifields" value="169"  /><input type="hidden" n
Action.c(197):     ame=".cgifields" value="164"  /><input type="hidden" name=".cgifields" value="132"  /><inp
Action.c(197):     ut type="hidden" name=".cgifields" value="196"  /><input type="hidden" name=".cgifields" v
Action.c(197):     alue="171"  /></div></form>\n
Action.c(197):     \n
Action.c(197):     </center>\n
Action.c(197):     \n
Action.c(197):     </body>\n
Action.c(197):     </html>
Action.c(197): t=1367577ms: Request done "http://localhost:1080/cgi-bin/itinerary.pl"  	[MsgId: MMSG-26000]
Action.c(197): t=1367577ms: Already connected [0] to localhost:1080  	[MsgId: MMSG-26000]
Action.c(197): t=1367577ms: 454-byte request headers for "http://localhost:1080/WebTours/images/cancelreservation.gif" (RelFrameId=, Internal ID=778)
Action.c(197):     GET /WebTours/images/cancelreservation.gif HTTP/1.1\r\n
Action.c(197):     Referer: http://localhost:1080/cgi-bin/itinerary.pl\r\n
Action.c(197):     DNT: 1\r\n
Action.c(197):     User-Agent: Mozilla/5.0 (Windows NT 6.3; WOW64; Trident/7.0; rv:11.0) like Gecko\r\n
Action.c(197):     Accept-Encoding: gzip, deflate\r\n
Action.c(197):     Accept-Language: ru-RU\r\n
Action.c(197):     Accept: */*\r\n
Action.c(197):     Connection: Keep-Alive\r\n
Action.c(197):     Host: localhost:1080\r\n
Action.c(197):     Cookie: MSO=SID&1658141201; MTUserInfo=firstName&Lucifer&username&lucifer666&address2&Mosc
Action.c(197):     ow&hash&118&address1&Pushkina&lastName&Dennica%0A\r\n
Action.c(197):     \r\n
Action.c(197): t=1367578ms: Already connected [1] to localhost:1080  	[MsgId: MMSG-26000]
Action.c(197): t=1367579ms: 458-byte request headers for "http://localhost:1080/WebTours/images/cancelallreservations.gif" (RelFrameId=, Internal ID=779)
Action.c(197):     GET /WebTours/images/cancelallreservations.gif HTTP/1.1\r\n
Action.c(197):     Referer: http://localhost:1080/cgi-bin/itinerary.pl\r\n
Action.c(197):     DNT: 1\r\n
Action.c(197):     User-Agent: Mozilla/5.0 (Windows NT 6.3; WOW64; Trident/7.0; rv:11.0) like Gecko\r\n
Action.c(197):     Accept-Encoding: gzip, deflate\r\n
Action.c(197):     Accept-Language: ru-RU\r\n
Action.c(197):     Accept: */*\r\n
Action.c(197):     Connection: Keep-Alive\r\n
Action.c(197):     Host: localhost:1080\r\n
Action.c(197):     Cookie: MSO=SID&1658141201; MTUserInfo=firstName&Lucifer&username&lucifer666&address2&Mosc
Action.c(197):     ow&hash&118&address1&Pushkina&lastName&Dennica%0A\r\n
Action.c(197):     \r\n
Action.c(197): t=1367581ms: 298-byte response headers for "http://localhost:1080/WebTours/images/cancelreservation.gif" (RelFrameId=, Internal ID=778)
Action.c(197):     HTTP/1.1 200 OK\r\n
Action.c(197):     Date: Mon, 18 Jul 2022 10:46:43 GMT\r\n
Action.c(197):     Server: Apache/2.2.21 (Win32)\r\n
Action.c(197):     Last-Modified: Thu, 12 Jan 2012 13:30:28 GMT\r\n
Action.c(197):     ETag: "2200000004e652-33f-4b654c0620500"\r\n
Action.c(197):     Accept-Ranges: bytes\r\n
Action.c(197):     Content-Length: 831\r\n
Action.c(197):     Keep-Alive: timeout=5, max=87\r\n
Action.c(197):     Connection: Keep-Alive\r\n
Action.c(197):     Content-Type: image/gif\r\n
Action.c(197):     \r\n
Action.c(197): t=1367582ms: 831-byte response body for "http://localhost:1080/WebTours/images/cancelreservation.gif" (RelFrameId=, Internal ID=778)
Action.c(197): t=1367582ms: Request done "http://localhost:1080/WebTours/images/cancelreservation.gif"  	[MsgId: MMSG-26000]
Action.c(197): t=1367583ms: 298-byte response headers for "http://localhost:1080/WebTours/images/cancelallreservations.gif" (RelFrameId=, Internal ID=779)
Action.c(197):     HTTP/1.1 200 OK\r\n
Action.c(197):     Date: Mon, 18 Jul 2022 10:46:43 GMT\r\n
Action.c(197):     Server: Apache/2.2.21 (Win32)\r\n
Action.c(197):     Last-Modified: Thu, 12 Jan 2012 13:30:28 GMT\r\n
Action.c(197):     ETag: "1700000004e631-2e6-4b654c0620500"\r\n
Action.c(197):     Accept-Ranges: bytes\r\n
Action.c(197):     Content-Length: 742\r\n
Action.c(197):     Keep-Alive: timeout=5, max=93\r\n
Action.c(197):     Connection: Keep-Alive\r\n
Action.c(197):     Content-Type: image/gif\r\n
Action.c(197):     \r\n
Action.c(197): t=1367583ms: 742-byte response body for "http://localhost:1080/WebTours/images/cancelallreservations.gif" (RelFrameId=, Internal ID=779)
Action.c(197): t=1367584ms: Request done "http://localhost:1080/WebTours/images/cancelallreservations.gif"  	[MsgId: MMSG-26000]
Action.c(197): Registered web_reg_find successful for "Text=Itinerary Button" (count=1)  	[MsgId: MMSG-26364]
Action.c(197): web_url("Itinerary Button") was successful, 238268 body bytes, 1619 header bytes, 475 chunking overhead bytes  	[MsgId: MMSG-26385]
Action.c(207): Notify: Transaction "clickItinerary" ended with a "Pass" status (Duration: 1,3295 Wasted Time: 0,0006).	[MsgId: MMSG-16871]
..\\Parametres\\common_lib.h(94): Notify: Transaction "logout" started.	[MsgId: MMSG-16999]
..\\Parametres\\common_lib.h(96): web_reg_find started  	[MsgId: MMSG-26355]
..\\Parametres\\common_lib.h(96): Registering web_reg_find was successful  	[MsgId: MMSG-26390]
..\\Parametres\\common_lib.h(99): web_url("SignOff Button") started  	[MsgId: MMSG-26355]
..\\Parametres\\common_lib.h(99): t=1367585ms: Already connected [0] to localhost:1080  	[MsgId: MMSG-26000]
..\\Parametres\\common_lib.h(99): t=1367585ms: 457-byte request headers for "http://localhost:1080/cgi-bin/welcome.pl?signOff=1" (RelFrameId=1, Internal ID=780)
..\\Parametres\\common_lib.h(99):     GET /cgi-bin/welcome.pl?signOff=1 HTTP/1.1\r\n
..\\Parametres\\common_lib.h(99):     Referer: http://localhost:1080/cgi-bin/nav.pl?page=menu&in=home\r\n
..\\Parametres\\common_lib.h(99):     DNT: 1\r\n
..\\Parametres\\common_lib.h(99):     User-Agent: Mozilla/5.0 (Windows NT 6.3; WOW64; Trident/7.0; rv:11.0) like Gecko\r\n
..\\Parametres\\common_lib.h(99):     Accept-Encoding: gzip, deflate\r\n
..\\Parametres\\common_lib.h(99):     Accept-Language: ru-RU\r\n
..\\Parametres\\common_lib.h(99):     Accept: */*\r\n
..\\Parametres\\common_lib.h(99):     Connection: Keep-Alive\r\n
..\\Parametres\\common_lib.h(99):     Host: localhost:1080\r\n
..\\Parametres\\common_lib.h(99):     Cookie: MSO=SID&1658141201; MTUserInfo=firstName&Lucifer&username&lucifer666&address2&Mosc
..\\Parametres\\common_lib.h(99):     ow&hash&118&address1&Pushkina&lastName&Dennica%0A\r\n
..\\Parametres\\common_lib.h(99):     \r\n
..\\Parametres\\common_lib.h(99): t=1367659ms: 327-byte response headers for "http://localhost:1080/cgi-bin/welcome.pl?signOff=1" (RelFrameId=1, Internal ID=780)
..\\Parametres\\common_lib.h(99):     HTTP/1.1 200 OK\r\n
..\\Parametres\\common_lib.h(99):     Date: Mon, 18 Jul 2022 10:46:43 GMT\r\n
..\\Parametres\\common_lib.h(99):     Server: Apache/2.2.21 (Win32)\r\n
..\\Parametres\\common_lib.h(99):     Set-Cookie: MSO=SID&1658141203; path=/\r\n
..\\Parametres\\common_lib.h(99):     Set-Cookie: MTUserInfo=; path=/; expires=Sun, 17-Jul-2022 10:46:43 GMT\r\n
..\\Parametres\\common_lib.h(99):     Keep-Alive: timeout=5, max=86\r\n
..\\Parametres\\common_lib.h(99):     Connection: Keep-Alive\r\n
..\\Parametres\\common_lib.h(99):     Transfer-Encoding: chunked\r\n
..\\Parametres\\common_lib.h(99):     Content-Type: text/html; charset=ISO-8859-1\r\n
..\\Parametres\\common_lib.h(99):     \r\n
..\\Parametres\\common_lib.h(99): t=1367659ms: 5-byte chunked response overhead for "http://localhost:1080/cgi-bin/welcome.pl?signOff=1" (RelFrameId=1, Internal ID=780)
..\\Parametres\\common_lib.h(99):     2ae\r\n
..\\Parametres\\common_lib.h(99): t=1367659ms: 2-byte chunked response overhead for "http://localhost:1080/cgi-bin/welcome.pl?signOff=1" (RelFrameId=1, Internal ID=780)
..\\Parametres\\common_lib.h(99):     \r\n
..\\Parametres\\common_lib.h(99): t=1367660ms: 686-byte chunked response body for "http://localhost:1080/cgi-bin/welcome.pl?signOff=1" (RelFrameId=1, Internal ID=780)
..\\Parametres\\common_lib.h(99):     <!-- \n
..\\Parametres\\common_lib.h(99):      A Session ID has been created and loaded into a cookie called MSO.\n
..\\Parametres\\common_lib.h(99):      Also, the server options have been loaded into the cookie called\n
..\\Parametres\\common_lib.h(99):      MSO as well.  The server options can be set via the Admin page.\n
..\\Parametres\\common_lib.h(99):      --->\n
..\\Parametres\\common_lib.h(99):     \n
..\\Parametres\\common_lib.h(99):     <html>\n
..\\Parametres\\common_lib.h(99):     <title>Web Tours</title>\n
..\\Parametres\\common_lib.h(99):        <!-- Frame Set -->\n
..\\Parametres\\common_lib.h(99):        <frameset cols="160,*" border="1" frameborder="1">\n
..\\Parametres\\common_lib.h(99):           <!-- Navigation Frame -->\n
..\\Parametres\\common_lib.h(99):           <frame src="nav.pl?in=home" name="navbar" marginheight="2" marginwidth="2" \n
..\\Parametres\\common_lib.h(99):                 noresize="noresize" scrolling="auto"/>\n
..\\Parametres\\common_lib.h(99):           <!-- Home Frame -->\n
..\\Parametres\\common_lib.h(99):           <frame src="/WebTours/home.html" name="info" marginheight="2" marginwidth="2" \n
..\\Parametres\\common_lib.h(99):                 noresize="noresize" scrolling="auto"/>\n
..\\Parametres\\common_lib.h(99):        </frameset>\n
..\\Parametres\\common_lib.h(99):     </html>\n
..\\Parametres\\common_lib.h(99):     \n
..\\Parametres\\common_lib.h(99):     </body>\n
..\\Parametres\\common_lib.h(99):     </html>
..\\Parametres\\common_lib.h(99): Detected non-resource "http://localhost:1080/cgi-bin/nav.pl?in=home" in "http://localhost:1080/cgi-bin/welcome.pl?signOff=1"  	[MsgId: MMSG-26574]
..\\Parametres\\common_lib.h(99): Detected non-resource "http://localhost:1080/WebTours/home.html" in "http://localhost:1080/cgi-bin/welcome.pl?signOff=1"  	[MsgId: MMSG-26574]
..\\Parametres\\common_lib.h(99): Retrieving data from cache for "http://localhost:1080/WebTours/home.html"  	[MsgId: MMSG-26558]
..\\Parametres\\common_lib.h(99): t=1367661ms: 1361-byte response body retrieved from cache for "http://localhost:1080/WebTours/home.html" (RelFrameId=1.2, Internal ID=782)
..\\Parametres\\common_lib.h(99):     <HTML>\n
..\\Parametres\\common_lib.h(99):     <HEAD>\n
..\\Parametres\\common_lib.h(99):     \t<title>Web Tours</title>\n
..\\Parametres\\common_lib.h(99):     </HEAD>\n
..\\Parametres\\common_lib.h(99):     <style>\n
..\\Parametres\\common_lib.h(99):     \tblockquote {font-family: tahoma; font-size : 10pt}\n
..\\Parametres\\common_lib.h(99):     \tH1 {font-family: tahoma; font-size : 22pt; color: #003366}\n
..\\Parametres\\common_lib.h(99):     \tsmall {font-family: tahoma; font-size : 8pt}\n
..\\Parametres\\common_lib.h(99):     \tH3{font-family: tahoma; font-size : 10pt; color: black}\n
..\\Parametres\\common_lib.h(99):     \tA {FONT-WEIGHT: bold; FONT-SIZE: 10pt; COLOR: black; FONT-FAMILY: Tahoma; TEXT-DECORATIO
..\\Parametres\\common_lib.h(99):     N: none}\n
..\\Parametres\\common_lib.h(99):     \tA:hover{ FONT-WEIGHT: bold; FONT-SIZE: 10pt; COLOR: #993333; FONT-FAMILY: Tahoma;TEXT-DE
..\\Parametres\\common_lib.h(99):     CORATION: underline}\n
..\\Parametres\\common_lib.h(99):     \tTD {font-family: tahoma; font-size : 10pt; color: black}\n
..\\Parametres\\common_lib.h(99):     </style>\n
..\\Parametres\\common_lib.h(99):     <body bgcolor="#e0e7f1">\n
..\\Parametres\\common_lib.h(99):     <BR/>\n
..\\Parametres\\common_lib.h(99):     <BR/>\n
..\\Parametres\\common_lib.h(99):     <BR/>\n
..\\Parametres\\common_lib.h(99):     <br/>\n
..\\Parametres\\common_lib.h(99):     <table border="0">\n
..\\Parametres\\common_lib.h(99):     <tr><td></td></tr>\n
..\\Parametres\\common_lib.h(99):     <TR><TD></TD></TR>\n
..\\Parametres\\common_lib.h(99):     <TR><TD>\n
..\\Parametres\\common_lib.h(99):     <blockquote>\n
..\\Parametres\\common_lib.h(99):     <H1><b>Web Tours</b></H1>\n
..\\Parametres\\common_lib.h(99):     Welcome to the Web Tours site.\n
..\\Parametres\\common_lib.h(99):     <br/>\n
..\\Parametres\\common_lib.h(99):     To make reservations,please enter your account information to the left.\n
..\\Parametres\\common_lib.h(99):     <br/>\n
..\\Parametres\\common_lib.h(99):     If you haven't registered yet, <A href="/cgi-bin/login.pl?username=&amp;password=&amp;getI
..\\Parametres\\common_lib.h(99):     nfo=true" ><B>sign up now</B></A> to get access to all our resources.\n
..\\Parametres\\common_lib.h(99):     <br/>\n
..\\Parametres\\common_lib.h(99):     To configure the server options, use <A href="/cgi-bin/admin.pl" target="body" ><b>adminis
..\\Parametres\\common_lib.h(99):     tration</b></A> link.\n
..\\Parametres\\common_lib.h(99):     <br/><br/><br/><br/><br/><br/>\n
..\\Parametres\\common_lib.h(99):     <br/><small>\n
..\\Parametres\\common_lib.h(99):     This product uses parts of the SMT Kernel, Copyright (c) 1991-99 <A href="http://www.imati
..\\Parametres\\common_lib.h(99):     x.com" target="new"><B><small>iMatix Corporation</small></B></A> \n
..\\Parametres\\common_lib.h(99):     </small>\n
..\\Parametres\\common_lib.h(99):     </blockquote></TD>\n
..\\Parametres\\common_lib.h(99):     <TD></TD></TR>\n
..\\Parametres\\common_lib.h(99):     </table>\n
..\\Parametres\\common_lib.h(99):     </body>\n
..\\Parametres\\common_lib.h(99):     </HTML>\n
..\\Parametres\\common_lib.h(99): t=1367662ms: Already connected [1] to localhost:1080  	[MsgId: MMSG-26000]
..\\Parametres\\common_lib.h(99): t=1367662ms: 334-byte request headers for "http://localhost:1080/cgi-bin/nav.pl?in=home" (RelFrameId=1.1, Internal ID=781)
..\\Parametres\\common_lib.h(99):     GET /cgi-bin/nav.pl?in=home HTTP/1.1\r\n
..\\Parametres\\common_lib.h(99):     Referer: http://localhost:1080/cgi-bin/welcome.pl?signOff=1\r\n
..\\Parametres\\common_lib.h(99):     DNT: 1\r\n
..\\Parametres\\common_lib.h(99):     User-Agent: Mozilla/5.0 (Windows NT 6.3; WOW64; Trident/7.0; rv:11.0) like Gecko\r\n
..\\Parametres\\common_lib.h(99):     Accept-Encoding: gzip, deflate\r\n
..\\Parametres\\common_lib.h(99):     Accept-Language: ru-RU\r\n
..\\Parametres\\common_lib.h(99):     Accept: */*\r\n
..\\Parametres\\common_lib.h(99):     Connection: Keep-Alive\r\n
..\\Parametres\\common_lib.h(99):     Host: localhost:1080\r\n
..\\Parametres\\common_lib.h(99):     Cookie: MSO=SID&1658141203\r\n
..\\Parametres\\common_lib.h(99):     \r\n
..\\Parametres\\common_lib.h(99): t=1367665ms: 5-byte chunked response overhead for "http://localhost:1080/cgi-bin/welcome.pl?signOff=1" (RelFrameId=1, Internal ID=780)
..\\Parametres\\common_lib.h(99):     0\r\n
..\\Parametres\\common_lib.h(99):     \r\n
..\\Parametres\\common_lib.h(99): t=1367665ms: Request done "http://localhost:1080/cgi-bin/welcome.pl?signOff=1"  	[MsgId: MMSG-26000]
..\\Parametres\\common_lib.h(99): t=1367731ms: 255-byte response headers for "http://localhost:1080/cgi-bin/nav.pl?in=home" (RelFrameId=1.1, Internal ID=781)
..\\Parametres\\common_lib.h(99):     HTTP/1.1 200 OK\r\n
..\\Parametres\\common_lib.h(99):     Date: Mon, 18 Jul 2022 10:46:43 GMT\r\n
..\\Parametres\\common_lib.h(99):     Server: Apache/2.2.21 (Win32)\r\n
..\\Parametres\\common_lib.h(99):     Expires: Sun, 17 Jul 2022 10:46:43 GMT\r\n
..\\Parametres\\common_lib.h(99):     Keep-Alive: timeout=5, max=92\r\n
..\\Parametres\\common_lib.h(99):     Connection: Keep-Alive\r\n
..\\Parametres\\common_lib.h(99):     Transfer-Encoding: chunked\r\n
..\\Parametres\\common_lib.h(99):     Content-Type: text/html; charset=ISO-8859-1\r\n
..\\Parametres\\common_lib.h(99):     \r\n
..\\Parametres\\common_lib.h(99): t=1367732ms: 5-byte chunked response overhead for "http://localhost:1080/cgi-bin/nav.pl?in=home" (RelFrameId=1.1, Internal ID=781)
..\\Parametres\\common_lib.h(99):     5d2\r\n
..\\Parametres\\common_lib.h(99): t=1367732ms: 2-byte chunked response overhead for "http://localhost:1080/cgi-bin/nav.pl?in=home" (RelFrameId=1.1, Internal ID=781)
..\\Parametres\\common_lib.h(99):     \r\n
..\\Parametres\\common_lib.h(99): t=1367732ms: 1490-byte chunked response body for "http://localhost:1080/cgi-bin/nav.pl?in=home" (RelFrameId=1.1, Internal ID=781)
..\\Parametres\\common_lib.h(99):     <!DOCTYPE html\n
..\\Parametres\\common_lib.h(99):     \tPUBLIC "-//W3C//DTD XHTML 1.0 Transitional//EN"\n
..\\Parametres\\common_lib.h(99):     \t "http://www.w3.org/TR/xhtml1/DTD/xhtml1-transitional.dtd">\n
..\\Parametres\\common_lib.h(99):     <html xmlns="http://www.w3.org/1999/xhtml" lang="en-US" xml:lang="en-US">\n
..\\Parametres\\common_lib.h(99):     <head>\n
..\\Parametres\\common_lib.h(99):     <title>Web Tours Navigation Bar</title>\n
..\\Parametres\\common_lib.h(99):     <meta http-equiv="Content-Type" content="text/html; charset=iso-8859-1" />\n
..\\Parametres\\common_lib.h(99):     </head>\n
..\\Parametres\\common_lib.h(99):     <body bgcolor="#E0E7F1">\n
..\\Parametres\\common_lib.h(99):     <style>\n
..\\Parametres\\common_lib.h(99):     blockquote {font-family: tahoma; font-size : 10pt}\n
..\\Parametres\\common_lib.h(99):     H1 {font-family: tahoma; font-size : 22pt; color: #993333}\n
..\\Parametres\\common_lib.h(99):     H3 {font-family: tahoma; font-size : 10pt; color: black}\n
..\\Parametres\\common_lib.h(99):     small {font-family: tahoma; font-size : 8pt}\n
..\\Parametres\\common_lib.h(99):     </style>\n
..\\Parametres\\common_lib.h(99):     <form method="post" action="/cgi-bin/login.pl" target="body">\n
..\\Parametres\\common_lib.h(99):     <input type="hidden" name="userSession" value="134316.824868368zQAiQcVpzHQVzzzHtVtfDpfDAAH
..\\Parametres\\common_lib.h(99):     f"/>\n
..\\Parametres\\common_lib.h(99):     <table border="0"><tr><td>&nbsp;</td>\n
..\\Parametres\\common_lib.h(99):     <td>&nbsp;</td></tr>\n
..\\Parametres\\common_lib.h(99):     <tr><td>&nbsp;</td>\n
..\\Parametres\\common_lib.h(99):     <td>&nbsp;</td></tr>\n
..\\Parametres\\common_lib.h(99):     <tr><td>&nbsp;</td>\n
..\\Parametres\\common_lib.h(99):     <td><small>&nbsp;Username</small></td></tr>\n
..\\Parametres\\common_lib.h(99):     <tr><td>&nbsp;</td>\n
..\\Parametres\\common_lib.h(99):     <td><input type="text" name="username" value="" size="14" maxlength="14"/></td></tr>\n
..\\Parametres\\common_lib.h(99):     <tr><td>&nbsp;</td>\n
..\\Parametres\\common_lib.h(99):     <td><small>&nbsp;Password</small></td>\n
..\\Parametres\\common_lib.h(99):     <tr><td>&nbsp;</td>\n
..\\Parametres\\common_lib.h(99):     <td><input type="password" name="password" value="" size="14" maxlength="14"/></td></tr>\n
..\\Parametres\\common_lib.h(99):     <tr><td>&nbsp;</td>\n
..\\Parametres\\common_lib.h(99):     <td>&nbsp;</td></tr>\n
..\\Parametres\\common_lib.h(99):     <tr><td>&nbsp;</td>\n
..\\Parametres\\common_lib.h(99):     <td><input type="image" name="login" value="Login" alt="Login" border="1" \n
..\\Parametres\\common_lib.h(99):     src="/WebTours/images/mer_login.gif"/></td></tr>\n
..\\Parametres\\common_lib.h(99):     <tr><td>&nbsp;</td><td>&nbsp;</td></tr>\n
..\\Parametres\\common_lib.h(99):     </table><input type="hidden" name="JSFormSubmit" value="off"/>\n
..\\Parametres\\common_lib.h(99):     </form>\n
..\\Parametres\\common_lib.h(99):     \n
..\\Parametres\\common_lib.h(99):     </body>\n
..\\Parametres\\common_lib.h(99):     </html>\n
..\\Parametres\\common_lib.h(99): Resource "http://localhost:1080/WebTours/images/mer_login.gif" is in the cache already and will not be downloaded again  	[MsgId: MMSG-26655]
..\\Parametres\\common_lib.h(99): t=1367738ms: 5-byte chunked response overhead for "http://localhost:1080/cgi-bin/nav.pl?in=home" (RelFrameId=1.1, Internal ID=781)
..\\Parametres\\common_lib.h(99):     0\r\n
..\\Parametres\\common_lib.h(99):     \r\n
..\\Parametres\\common_lib.h(99): t=1367738ms: Request done "http://localhost:1080/cgi-bin/nav.pl?in=home"  	[MsgId: MMSG-26000]
..\\Parametres\\common_lib.h(99): Registered web_reg_find successful for "Text=Web Tours" (count=5)  	[MsgId: MMSG-26364]
..\\Parametres\\common_lib.h(99): web_url("SignOff Button") was successful, 2176 body bytes, 582 header bytes, 24 chunking overhead bytes  	[MsgId: MMSG-26385]
..\\Parametres\\common_lib.h(109): Notify: Transaction "logout" ended with a "Pass" status (Duration: 0,1539 Wasted Time: 0,0000).	[MsgId: MMSG-16871]
Action.c(211): Notify: Transaction "UC03_BuyTickets" ended with a "Pass" status (Duration: 2,5534 Wasted Time: 0,0034).	[MsgId: MMSG-16871]
Ending action Action.	[MsgId: MMSG-15918]
Ending iteration 23.	[MsgId: MMSG-15965]
Waiting 57,4400 seconds for iteration pacing.	[MsgId: MMSG-15996]
Action was aborted.	[MsgId: MMSG-10694]
Ending Vuser...	[MsgId: MMSG-15966]
Starting action vuser_end.	[MsgId: MMSG-15919]
Ending action vuser_end.	[MsgId: MMSG-15918]
Vuser Terminated.	[MsgId: MMSG-15963]
t=1385102ms: Closed connection [0] to localhost:1080 after completing 14 request(s)  	[MsgId: MMSG-26000]
t=1385103ms: Closed connection [1] to localhost:1080 after completing 9 request(s)  	[MsgId: MMSG-26000]
t=1385103ms: Closed connection [2] to localhost:1080 after completing 4 request(s)  	[MsgId: MMSG-26000]
t=1385104ms: Closed connection [3] to localhost:1080 after completing 4 request(s)  	[MsgId: MMSG-26000]
t=1385104ms: Closed connection [4] to localhost:1080 after completing 1 request(s)  	[MsgId: MMSG-26000]
t=1385105ms: Closed connection [5] to localhost:1080 after completing 1 request(s)  	[MsgId: MMSG-26000]
HTML-Mode memory management statistics: Reusable=39, NonReusable=0, CsMemBlockSize=4096, checks disabled  	[MsgId: MMSG-26000]
Vuser 1 (thread 9120), ended OK."	[MsgId: MMSG-10695]
Action was aborted.	[MsgId: MMSG-10694]
Ending Vuser...	[MsgId: MMSG-15966]
Starting action vuser_end.	[MsgId: MMSG-15919]
Ending action vuser_end.	[MsgId: MMSG-15918]
Vuser Terminated.	[MsgId: MMSG-15963]
t=1410243ms: Closed connection [0] to localhost:1080 after completing 15 request(s)  	[MsgId: MMSG-26000]
t=1410243ms: Closed connection [1] to localhost:1080 after completing 9 request(s)  	[MsgId: MMSG-26000]
t=1410244ms: Closed connection [2] to localhost:1080 after completing 4 request(s)  	[MsgId: MMSG-26000]
t=1410244ms: Closed connection [3] to localhost:1080 after completing 3 request(s)  	[MsgId: MMSG-26000]
t=1410244ms: Closed connection [4] to localhost:1080 after completing 1 request(s)  	[MsgId: MMSG-26000]
t=1410244ms: Closed connection [5] to localhost:1080 after completing 1 request(s)  	[MsgId: MMSG-26000]
HTML-Mode memory management statistics: Reusable=40, NonReusable=0, CsMemBlockSize=4096, checks disabled  	[MsgId: MMSG-26000]
Vuser 2 (thread 7644), ended OK."	[MsgId: MMSG-10695]
