..\\Parametres\\common_lib.h(102):     <tr><td>&nbsp;</td>\n
..\\Parametres\\common_lib.h(102):     <td><small>&nbsp;Username</small></td></tr>\n
..\\Parametres\\common_lib.h(102):     <tr><td>&nbsp;</td>\n
..\\Parametres\\common_lib.h(102):     <td><input type="text" name="username" value="" size="14" maxlength="14"/></td></tr>\n
..\\Parametres\\common_lib.h(102):     <tr><td>&nbsp;</td>\n
..\\Parametres\\common_lib.h(102):     <td><small>&nbsp;Password</small></td>\n
..\\Parametres\\common_lib.h(102):     <tr><td>&nbsp;</td>\n
..\\Parametres\\common_lib.h(102):     <td><input type="password" name="password" value="" size="14" maxlength="14"/></td></tr>\n
..\\Parametres\\common_lib.h(102):     <tr><td>&nbsp;</td>\n
..\\Parametres\\common_lib.h(102):     <td>&nbsp;</td></tr>\n
..\\Parametres\\common_lib.h(102):     <tr><td>&nbsp;</td>\n
..\\Parametres\\common_lib.h(102):     <td><input type="image" name="login" value="Login" alt="Login" border="1" \n
..\\Parametres\\common_lib.h(102):     src="/WebTours/images/mer_login.gif"/></td></tr>\n
..\\Parametres\\common_lib.h(102):     <tr><td>&nbsp;</td><td>&nbsp;</td></tr>\n
..\\Parametres\\common_lib.h(102):     </table><input type="hidden" name="JSFormSubmit" value="off"/>\n
..\\Parametres\\common_lib.h(102):     </form>\n
..\\Parametres\\common_lib.h(102):     \n
..\\Parametres\\common_lib.h(102):     </body>\n
..\\Parametres\\common_lib.h(102):     </html>\n
..\\Parametres\\common_lib.h(102): Resource "http://localhost:1080/WebTours/images/mer_login.gif" is in the cache already and will not be downloaded again  	[MsgId: MMSG-26655]
..\\Parametres\\common_lib.h(102): t=1166926ms: 5-byte chunked response overhead for "http://localhost:1080/cgi-bin/nav.pl?in=home" (RelFrameId=1.1, Internal ID=679)
..\\Parametres\\common_lib.h(102):     0\r\n
..\\Parametres\\common_lib.h(102):     \r\n
..\\Parametres\\common_lib.h(102): t=1166926ms: Request done "http://localhost:1080/cgi-bin/nav.pl?in=home"  	[MsgId: MMSG-26000]
..\\Parametres\\common_lib.h(102): Registered web_reg_find successful for "Text=Web Tours" (count=5)  	[MsgId: MMSG-26364]
..\\Parametres\\common_lib.h(102): web_url("SignOff Button") was successful, 2176 body bytes, 584 header bytes, 24 chunking overhead bytes  	[MsgId: MMSG-26385]
..\\Parametres\\common_lib.h(112): Notify: Transaction "logout" ended with a "Pass" status (Duration: 0,1623 Wasted Time: 0,0000).	[MsgId: MMSG-16871]
Action.c(166): Notify: Transaction "UC03_BuyTickets" ended with a "Pass" status (Duration: 26,4037 Think Time: 25,0418 Wasted Time: 0,0030).	[MsgId: MMSG-16870]
Ending action Action.	[MsgId: MMSG-15918]
Action was aborted.	[MsgId: MMSG-10694]
Ending Vuser...	[MsgId: MMSG-15966]
Starting action vuser_end.	[MsgId: MMSG-15919]
Ending action vuser_end.	[MsgId: MMSG-15918]
Vuser Terminated.	[MsgId: MMSG-15963]
t=1166927ms: Closed connection [0] to localhost:1080 after completing 1 request(s)  	[MsgId: MMSG-26000]
t=1166927ms: Closed connection [1] to localhost:1080 after completing 1 request(s)  	[MsgId: MMSG-26000]
HTML-Mode memory management statistics: Reusable=9, NonReusable=0, CsMemBlockSize=4096, checks disabled  	[MsgId: MMSG-26000]
Vuser 0 (thread 5612), ended OK."	[MsgId: MMSG-10695]
Action.c(15): Notify: Transaction "UC03_BuyTickets" ended with a "Stop" status (Duration: 9,6233 Think Time: 5,0031 Wasted Time: 0,0016).	[MsgId: MMSG-16870]
Abort was called from an action.	[MsgId: MMSG-10447]
Ending Vuser...	[MsgId: MMSG-15966]
Starting action vuser_end.	[MsgId: MMSG-15919]
Ending action vuser_end.	[MsgId: MMSG-15918]
Vuser Terminated.	[MsgId: MMSG-15963]
Action.c(15): t=1169260ms: Closed connection [0] to localhost:1080 after completing 5 request(s)  	[MsgId: MMSG-26000]
Action.c(15): t=1169260ms: Closed connection [1] to localhost:1080 after completing 1 request(s)  	[MsgId: MMSG-26000]
Action.c(15): t=1169260ms: Closed connection [2] to localhost:1080 after completing 1 request(s)  	[MsgId: MMSG-26000]
Action.c(15): t=1169260ms: Closed connection [3] to localhost:1080 after completing 1 request(s)  	[MsgId: MMSG-26000]
Action.c(15): t=1169261ms: Closed connection [4] to localhost:1080 after completing 1 request(s)  	[MsgId: MMSG-26000]
Action.c(15): t=1169261ms: Closed connection [5] to localhost:1080 after completing 1 request(s)  	[MsgId: MMSG-26000]
HTML-Mode memory management statistics: Reusable=9, NonReusable=0, CsMemBlockSize=4096, checks disabled  	[MsgId: MMSG-26000]
Vuser 1 (thread 4968), ended OK."	[MsgId: MMSG-10695]
