Virtual User Script started at: 05.07.2022 11:34:40	[MsgId: MMSG-15967]
Starting action vuser_init.	[MsgId: MMSG-15919]
Web Turbo Replay of LoadRunner 2020.0.0 for Windows 8.1; build 793 (ноя 27 2019 19:51:20)  	[MsgId: MMSG-26983]
Run mode: HTML  	[MsgId: MMSG-26993]
Replay user agent: Mozilla/5.0 (Windows NT 10.0; WOW64; Trident/7.0; rv:11.0) like Gecko  	[MsgId: MMSG-26988]
Runtime Settings file: "C:\Users\Гульнара\AppData\Local\Temp\lr5tmpdir271.774\lrcfgoew.775\cfgAct.776"  	[MsgId: MMSG-27141]
Ending action vuser_init.	[MsgId: MMSG-15918]
Running Vuser...	[MsgId: MMSG-15964]
Starting iteration 1.	[MsgId: MMSG-15968]
Maximum number of concurrent connections per server: 6  	[MsgId: MMSG-26989]
Starting action Action.	[MsgId: MMSG-15919]
Action.c(4): Notify: Transaction "UC05_Itinerary" started.	[MsgId: MMSG-16999]
..\\Parametres\\common_lib.h(2): Notify: Transaction "homePage" started.	[MsgId: MMSG-16999]
..\\Parametres\\common_lib.h(4): web_add_auto_header("DNT") started  	[MsgId: MMSG-26355]
..\\Parametres\\common_lib.h(4): web_add_auto_header("DNT") was successful  	[MsgId: MMSG-26392]
..\\Parametres\\common_lib.h(7): web_reg_find started  	[MsgId: MMSG-26355]
..\\Parametres\\common_lib.h(7): Registering web_reg_find was successful  	[MsgId: MMSG-26390]
..\\Parametres\\common_lib.h(10): web_reg_save_param_attrib started  	[MsgId: MMSG-26355]
..\\Parametres\\common_lib.h(10): Registering web_reg_save_param_attrib was successful  	[MsgId: MMSG-26390]
..\\Parametres\\common_lib.h(21): web_url("WebTours") started  	[MsgId: MMSG-26355]
..\\Parametres\\common_lib.h(21): Detected non-resource "http://localhost:1080/WebTours/header.html" in "http://localhost:1080/WebTours/"  	[MsgId: MMSG-26574]
..\\Parametres\\common_lib.h(21): Detected non-resource "http://localhost:1080/cgi-bin/welcome.pl?signOff=true" in "http://localhost:1080/WebTours/"  	[MsgId: MMSG-26574]
..\\Parametres\\common_lib.h(21): Found resource "http://localhost:1080/WebTours/images/hp_logo.png" in HTML "http://localhost:1080/WebTours/header.html"  	[MsgId: MMSG-26659]
..\\Parametres\\common_lib.h(21): Found resource "http://localhost:1080/WebTours/images/webtours.png" in HTML "http://localhost:1080/WebTours/header.html"  	[MsgId: MMSG-26659]
..\\Parametres\\common_lib.h(21): Detected non-resource "http://localhost:1080/cgi-bin/nav.pl?in=home" in "http://localhost:1080/cgi-bin/welcome.pl?signOff=true"  	[MsgId: MMSG-26574]
..\\Parametres\\common_lib.h(21): Detected non-resource "http://localhost:1080/WebTours/home.html" in "http://localhost:1080/cgi-bin/welcome.pl?signOff=true"  	[MsgId: MMSG-26574]
..\\Parametres\\common_lib.h(21): Found resource "http://localhost:1080/WebTours/images/mer_login.gif" in HTML "http://localhost:1080/cgi-bin/nav.pl?in=home"  	[MsgId: MMSG-26659]
..\\Parametres\\common_lib.h(21): Registered web_reg_find successful for "Text=Welcome to the Web Tours site" (count=1)  	[MsgId: MMSG-26364]
..\\Parametres\\common_lib.h(21): web_url("WebTours") was successful, 10077 body bytes, 2378 header bytes, 24 chunking overhead bytes  	[MsgId: MMSG-26385]
..\\Parametres\\common_lib.h(31): web_set_sockets_option started  	[MsgId: MMSG-26355]
..\\Parametres\\common_lib.h(31): web_set_sockets_option was successful  	[MsgId: MMSG-26392]
..\\Parametres\\common_lib.h(33): Notify: Transaction "homePage" ended with a "Pass" status (Duration: 0,1583 Wasted Time: 0,0146).	[MsgId: MMSG-16871]
..\\Parametres\\common_lib.h(67): Notify: Transaction "login" started.	[MsgId: MMSG-16999]
..\\Parametres\\common_lib.h(69): web_reg_find started  	[MsgId: MMSG-26355]
..\\Parametres\\common_lib.h(69): Registering web_reg_find was successful  	[MsgId: MMSG-26390]
..\\Parametres\\common_lib.h(72): web_submit_data("login.pl_2") started  	[MsgId: MMSG-26355]
..\\Parametres\\common_lib.h(72): Detected non-resource "http://localhost:1080/cgi-bin/nav.pl?page=menu&in=home" in "http://localhost:1080/cgi-bin/login.pl"  	[MsgId: MMSG-26574]
..\\Parametres\\common_lib.h(72): Detected non-resource "http://localhost:1080/cgi-bin/login.pl?intro=true" in "http://localhost:1080/cgi-bin/login.pl"  	[MsgId: MMSG-26574]
..\\Parametres\\common_lib.h(72): Found resource "http://localhost:1080/WebTours/images/flights.gif" in HTML "http://localhost:1080/cgi-bin/nav.pl?page=menu&in=home"  	[MsgId: MMSG-26659]
..\\Parametres\\common_lib.h(72): Found resource "http://localhost:1080/WebTours/images/itinerary.gif" in HTML "http://localhost:1080/cgi-bin/nav.pl?page=menu&in=home"  	[MsgId: MMSG-26659]
..\\Parametres\\common_lib.h(72): Found resource "http://localhost:1080/WebTours/images/in_home.gif" in HTML "http://localhost:1080/cgi-bin/nav.pl?page=menu&in=home"  	[MsgId: MMSG-26659]
..\\Parametres\\common_lib.h(72): Found resource "http://localhost:1080/WebTours/images/signoff.gif" in HTML "http://localhost:1080/cgi-bin/nav.pl?page=menu&in=home"  	[MsgId: MMSG-26659]
..\\Parametres\\common_lib.h(72): Registered web_reg_find successful for "Text=<blockquote>Welcome, <b>olya84</b>, to the Web Tours reservation pages." (count=1)  	[MsgId: MMSG-26364]
..\\Parametres\\common_lib.h(72): web_submit_data("login.pl_2") was successful, 5781 body bytes, 2048 header bytes, 36 chunking overhead bytes  	[MsgId: MMSG-26385]
..\\Parametres\\common_lib.h(89): Notify: Transaction "login" ended with a "Pass" status (Duration: 0,2245 Wasted Time: 0,0000).	[MsgId: MMSG-16871]
Action.c(10): lr_think_time: 5,00 seconds.	[MsgId: MMSG-15948]
Action.c(12): Notify: Transaction "clickItinerary" started.	[MsgId: MMSG-16999]
Action.c(14): web_reg_find started  	[MsgId: MMSG-26355]
Action.c(14): Registering web_reg_find was successful  	[MsgId: MMSG-26390]
Action.c(16): web_url("welcome.pl") started  	[MsgId: MMSG-26355]
Action.c(16): Detected non-resource "http://localhost:1080/cgi-bin/nav.pl?page=menu&in=itinerary" in "http://localhost:1080/cgi-bin/welcome.pl?page=itinerary"  	[MsgId: MMSG-26574]
Action.c(16): Detected non-resource "http://localhost:1080/cgi-bin/itinerary.pl" in "http://localhost:1080/cgi-bin/welcome.pl?page=itinerary"  	[MsgId: MMSG-26574]
Action.c(16): Resource "http://localhost:1080/WebTours/images/flights.gif" is in the cache already and will not be downloaded again  	[MsgId: MMSG-26655]
Action.c(16): Found resource "http://localhost:1080/WebTours/images/in_itinerary.gif" in HTML "http://localhost:1080/cgi-bin/nav.pl?page=menu&in=itinerary"  	[MsgId: MMSG-26659]
Action.c(16): Found resource "http://localhost:1080/WebTours/images/home.gif" in HTML "http://localhost:1080/cgi-bin/nav.pl?page=menu&in=itinerary"  	[MsgId: MMSG-26659]
Action.c(16): Resource "http://localhost:1080/WebTours/images/signoff.gif" is in the cache already and will not be downloaded again  	[MsgId: MMSG-26655]
Action.c(16): Found resource "http://localhost:1080/WebTours/images/cancelreservation.gif" in HTML "http://localhost:1080/cgi-bin/itinerary.pl"  	[MsgId: MMSG-26659]
Action.c(16): Found resource "http://localhost:1080/WebTours/images/cancelallreservations.gif" in HTML "http://localhost:1080/cgi-bin/itinerary.pl"  	[MsgId: MMSG-26659]
Action.c(16): Registered web_reg_find successful for "Text=Itinerary" (count=3)  	[MsgId: MMSG-26364]
Action.c(16): web_url("welcome.pl") was successful, 42336 body bytes, 1921 header bytes, 107 chunking overhead bytes  	[MsgId: MMSG-26385]
Action.c(27): Notify: Transaction "clickItinerary" ended with a "Pass" status (Duration: 0,1857 Wasted Time: 0,0001).	[MsgId: MMSG-16871]
Action.c(29): Notify: Transaction "UC05_Itinerary" ended with a "Pass" status (Duration: 5,5759 Think Time: 5,0067 Wasted Time: 0,0148).	[MsgId: MMSG-16870]
Ending action Action.	[MsgId: MMSG-15918]
Ending iteration 1.	[MsgId: MMSG-15965]
Waiting 84,4230 seconds for iteration pacing.	[MsgId: MMSG-15996]
Starting iteration 2.	[MsgId: MMSG-15968]
Starting action Action.	[MsgId: MMSG-15919]
Action.c(4): Notify: Transaction "UC05_Itinerary" started.	[MsgId: MMSG-16999]
..\\Parametres\\common_lib.h(2): Notify: Transaction "homePage" started.	[MsgId: MMSG-16999]
..\\Parametres\\common_lib.h(4): web_add_auto_header("DNT") started  	[MsgId: MMSG-26355]
..\\Parametres\\common_lib.h(4): web_add_auto_header("DNT") was successful  	[MsgId: MMSG-26392]
..\\Parametres\\common_lib.h(7): web_reg_find started  	[MsgId: MMSG-26355]
..\\Parametres\\common_lib.h(7): Registering web_reg_find was successful  	[MsgId: MMSG-26390]
..\\Parametres\\common_lib.h(10): web_reg_save_param_attrib started  	[MsgId: MMSG-26355]
..\\Parametres\\common_lib.h(10): Registering web_reg_save_param_attrib was successful  	[MsgId: MMSG-26390]
..\\Parametres\\common_lib.h(21): web_url("WebTours") started  	[MsgId: MMSG-26355]
..\\Parametres\\common_lib.h(21): Detected non-resource "http://localhost:1080/WebTours/header.html" in "http://localhost:1080/WebTours/"  	[MsgId: MMSG-26574]
..\\Parametres\\common_lib.h(21): Detected non-resource "http://localhost:1080/cgi-bin/welcome.pl?signOff=true" in "http://localhost:1080/WebTours/"  	[MsgId: MMSG-26574]
..\\Parametres\\common_lib.h(21): Found resource "http://localhost:1080/WebTours/images/hp_logo.png" in HTML "http://localhost:1080/WebTours/header.html"  	[MsgId: MMSG-26659]
..\\Parametres\\common_lib.h(21): Found resource "http://localhost:1080/WebTours/images/webtours.png" in HTML "http://localhost:1080/WebTours/header.html"  	[MsgId: MMSG-26659]
..\\Parametres\\common_lib.h(21): Detected non-resource "http://localhost:1080/cgi-bin/nav.pl?in=home" in "http://localhost:1080/cgi-bin/welcome.pl?signOff=true"  	[MsgId: MMSG-26574]
..\\Parametres\\common_lib.h(21): Detected non-resource "http://localhost:1080/WebTours/home.html" in "http://localhost:1080/cgi-bin/welcome.pl?signOff=true"  	[MsgId: MMSG-26574]
..\\Parametres\\common_lib.h(21): Found resource "http://localhost:1080/WebTours/images/mer_login.gif" in HTML "http://localhost:1080/cgi-bin/nav.pl?in=home"  	[MsgId: MMSG-26659]
..\\Parametres\\common_lib.h(21): Registered web_reg_find successful for "Text=Welcome to the Web Tours site" (count=1)  	[MsgId: MMSG-26364]
..\\Parametres\\common_lib.h(21): web_url("WebTours") was successful, 10077 body bytes, 2378 header bytes, 24 chunking overhead bytes  	[MsgId: MMSG-26385]
..\\Parametres\\common_lib.h(31): web_set_sockets_option started  	[MsgId: MMSG-26355]
..\\Parametres\\common_lib.h(31): web_set_sockets_option was successful  	[MsgId: MMSG-26392]
..\\Parametres\\common_lib.h(33): Notify: Transaction "homePage" ended with a "Pass" status (Duration: 0,1624 Wasted Time: 0,0015).	[MsgId: MMSG-16871]
..\\Parametres\\common_lib.h(67): Notify: Transaction "login" started.	[MsgId: MMSG-16999]
..\\Parametres\\common_lib.h(69): web_reg_find started  	[MsgId: MMSG-26355]
..\\Parametres\\common_lib.h(69): Registering web_reg_find was successful  	[MsgId: MMSG-26390]
..\\Parametres\\common_lib.h(72): web_submit_data("login.pl_2") started  	[MsgId: MMSG-26355]
..\\Parametres\\common_lib.h(72): Detected non-resource "http://localhost:1080/cgi-bin/nav.pl?page=menu&in=home" in "http://localhost:1080/cgi-bin/login.pl"  	[MsgId: MMSG-26574]
..\\Parametres\\common_lib.h(72): Detected non-resource "http://localhost:1080/cgi-bin/login.pl?intro=true" in "http://localhost:1080/cgi-bin/login.pl"  	[MsgId: MMSG-26574]
..\\Parametres\\common_lib.h(72): Found resource "http://localhost:1080/WebTours/images/flights.gif" in HTML "http://localhost:1080/cgi-bin/nav.pl?page=menu&in=home"  	[MsgId: MMSG-26659]
..\\Parametres\\common_lib.h(72): Found resource "http://localhost:1080/WebTours/images/itinerary.gif" in HTML "http://localhost:1080/cgi-bin/nav.pl?page=menu&in=home"  	[MsgId: MMSG-26659]
..\\Parametres\\common_lib.h(72): Found resource "http://localhost:1080/WebTours/images/in_home.gif" in HTML "http://localhost:1080/cgi-bin/nav.pl?page=menu&in=home"  	[MsgId: MMSG-26659]
..\\Parametres\\common_lib.h(72): Found resource "http://localhost:1080/WebTours/images/signoff.gif" in HTML "http://localhost:1080/cgi-bin/nav.pl?page=menu&in=home"  	[MsgId: MMSG-26659]
..\\Parametres\\common_lib.h(72): Registered web_reg_find successful for "Text=<blockquote>Welcome, <b>kirill1d</b>, to the Web Tours reservation pages." (count=1)  	[MsgId: MMSG-26364]
..\\Parametres\\common_lib.h(72): web_submit_data("login.pl_2") was successful, 5783 body bytes, 2056 header bytes, 36 chunking overhead bytes  	[MsgId: MMSG-26385]
..\\Parametres\\common_lib.h(89): Notify: Transaction "login" ended with a "Pass" status (Duration: 0,2270 Wasted Time: 0,0000).	[MsgId: MMSG-16871]
Action.c(10): lr_think_time: 5,00 seconds.	[MsgId: MMSG-15948]
Action.c(12): Notify: Transaction "clickItinerary" started.	[MsgId: MMSG-16999]
Action.c(14): web_reg_find started  	[MsgId: MMSG-26355]
Action.c(14): Registering web_reg_find was successful  	[MsgId: MMSG-26390]
Action.c(16): web_url("welcome.pl") started  	[MsgId: MMSG-26355]
Action.c(16): Detected non-resource "http://localhost:1080/cgi-bin/nav.pl?page=menu&in=itinerary" in "http://localhost:1080/cgi-bin/welcome.pl?page=itinerary"  	[MsgId: MMSG-26574]
Action.c(16): Detected non-resource "http://localhost:1080/cgi-bin/itinerary.pl" in "http://localhost:1080/cgi-bin/welcome.pl?page=itinerary"  	[MsgId: MMSG-26574]
Action.c(16): Resource "http://localhost:1080/WebTours/images/flights.gif" is in the cache already and will not be downloaded again  	[MsgId: MMSG-26655]
Action.c(16): Found resource "http://localhost:1080/WebTours/images/in_itinerary.gif" in HTML "http://localhost:1080/cgi-bin/nav.pl?page=menu&in=itinerary"  	[MsgId: MMSG-26659]
Action.c(16): Found resource "http://localhost:1080/WebTours/images/home.gif" in HTML "http://localhost:1080/cgi-bin/nav.pl?page=menu&in=itinerary"  	[MsgId: MMSG-26659]
Action.c(16): Resource "http://localhost:1080/WebTours/images/signoff.gif" is in the cache already and will not be downloaded again  	[MsgId: MMSG-26655]
Action.c(16): Found resource "http://localhost:1080/WebTours/images/cancelreservation.gif" in HTML "http://localhost:1080/cgi-bin/itinerary.pl"  	[MsgId: MMSG-26659]
Action.c(16): Found resource "http://localhost:1080/WebTours/images/cancelallreservations.gif" in HTML "http://localhost:1080/cgi-bin/itinerary.pl"  	[MsgId: MMSG-26659]
Action.c(16): Registered web_reg_find successful for "Text=Itinerary" (count=3)  	[MsgId: MMSG-26364]
Action.c(16): web_url("welcome.pl") was successful, 41651 body bytes, 1921 header bytes, 99 chunking overhead bytes  	[MsgId: MMSG-26385]
Action.c(27): Notify: Transaction "clickItinerary" ended with a "Pass" status (Duration: 0,2030 Wasted Time: 0,0001).	[MsgId: MMSG-16871]
Action.c(29): Notify: Transaction "UC05_Itinerary" ended with a "Pass" status (Duration: 5,5996 Think Time: 5,0067 Wasted Time: 0,0017).	[MsgId: MMSG-16870]
Ending action Action.	[MsgId: MMSG-15918]
Ending iteration 2.	[MsgId: MMSG-15965]
Waiting 84,3970 seconds for iteration pacing.	[MsgId: MMSG-15996]
Starting iteration 3.	[MsgId: MMSG-15968]
Starting action Action.	[MsgId: MMSG-15919]
Action.c(4): Notify: Transaction "UC05_Itinerary" started.	[MsgId: MMSG-16999]
..\\Parametres\\common_lib.h(2): Notify: Transaction "homePage" started.	[MsgId: MMSG-16999]
..\\Parametres\\common_lib.h(4): web_add_auto_header("DNT") started  	[MsgId: MMSG-26355]
..\\Parametres\\common_lib.h(4): web_add_auto_header("DNT") was successful  	[MsgId: MMSG-26392]
..\\Parametres\\common_lib.h(7): web_reg_find started  	[MsgId: MMSG-26355]
..\\Parametres\\common_lib.h(7): Registering web_reg_find was successful  	[MsgId: MMSG-26390]
..\\Parametres\\common_lib.h(10): web_reg_save_param_attrib started  	[MsgId: MMSG-26355]
..\\Parametres\\common_lib.h(10): Registering web_reg_save_param_attrib was successful  	[MsgId: MMSG-26390]
..\\Parametres\\common_lib.h(21): web_url("WebTours") started  	[MsgId: MMSG-26355]
..\\Parametres\\common_lib.h(21): Detected non-resource "http://localhost:1080/WebTours/header.html" in "http://localhost:1080/WebTours/"  	[MsgId: MMSG-26574]
..\\Parametres\\common_lib.h(21): Detected non-resource "http://localhost:1080/cgi-bin/welcome.pl?signOff=true" in "http://localhost:1080/WebTours/"  	[MsgId: MMSG-26574]
..\\Parametres\\common_lib.h(21): Found resource "http://localhost:1080/WebTours/images/hp_logo.png" in HTML "http://localhost:1080/WebTours/header.html"  	[MsgId: MMSG-26659]
..\\Parametres\\common_lib.h(21): Found resource "http://localhost:1080/WebTours/images/webtours.png" in HTML "http://localhost:1080/WebTours/header.html"  	[MsgId: MMSG-26659]
..\\Parametres\\common_lib.h(21): Detected non-resource "http://localhost:1080/cgi-bin/nav.pl?in=home" in "http://localhost:1080/cgi-bin/welcome.pl?signOff=true"  	[MsgId: MMSG-26574]
..\\Parametres\\common_lib.h(21): Detected non-resource "http://localhost:1080/WebTours/home.html" in "http://localhost:1080/cgi-bin/welcome.pl?signOff=true"  	[MsgId: MMSG-26574]
..\\Parametres\\common_lib.h(21): Found resource "http://localhost:1080/WebTours/images/mer_login.gif" in HTML "http://localhost:1080/cgi-bin/nav.pl?in=home"  	[MsgId: MMSG-26659]
..\\Parametres\\common_lib.h(21): Registered web_reg_find successful for "Text=Welcome to the Web Tours site" (count=1)  	[MsgId: MMSG-26364]
..\\Parametres\\common_lib.h(21): web_url("WebTours") was successful, 10078 body bytes, 2378 header bytes, 24 chunking overhead bytes  	[MsgId: MMSG-26385]
..\\Parametres\\common_lib.h(31): web_set_sockets_option started  	[MsgId: MMSG-26355]
..\\Parametres\\common_lib.h(31): web_set_sockets_option was successful  	[MsgId: MMSG-26392]
..\\Parametres\\common_lib.h(33): Notify: Transaction "homePage" ended with a "Pass" status (Duration: 0,1464 Wasted Time: 0,0008).	[MsgId: MMSG-16871]
..\\Parametres\\common_lib.h(67): Notify: Transaction "login" started.	[MsgId: MMSG-16999]
..\\Parametres\\common_lib.h(69): web_reg_find started  	[MsgId: MMSG-26355]
..\\Parametres\\common_lib.h(69): Registering web_reg_find was successful  	[MsgId: MMSG-26390]
..\\Parametres\\common_lib.h(72): web_submit_data("login.pl_2") started  	[MsgId: MMSG-26355]
..\\Parametres\\common_lib.h(72): Detected non-resource "http://localhost:1080/cgi-bin/nav.pl?page=menu&in=home" in "http://localhost:1080/cgi-bin/login.pl"  	[MsgId: MMSG-26574]
..\\Parametres\\common_lib.h(72): Detected non-resource "http://localhost:1080/cgi-bin/login.pl?intro=true" in "http://localhost:1080/cgi-bin/login.pl"  	[MsgId: MMSG-26574]
..\\Parametres\\common_lib.h(72): Found resource "http://localhost:1080/WebTours/images/flights.gif" in HTML "http://localhost:1080/cgi-bin/nav.pl?page=menu&in=home"  	[MsgId: MMSG-26659]
..\\Parametres\\common_lib.h(72): Found resource "http://localhost:1080/WebTours/images/itinerary.gif" in HTML "http://localhost:1080/cgi-bin/nav.pl?page=menu&in=home"  	[MsgId: MMSG-26659]
..\\Parametres\\common_lib.h(72): Found resource "http://localhost:1080/WebTours/images/in_home.gif" in HTML "http://localhost:1080/cgi-bin/nav.pl?page=menu&in=home"  	[MsgId: MMSG-26659]
..\\Parametres\\common_lib.h(72): Found resource "http://localhost:1080/WebTours/images/signoff.gif" in HTML "http://localhost:1080/cgi-bin/nav.pl?page=menu&in=home"  	[MsgId: MMSG-26659]
..\\Parametres\\common_lib.h(72): Registered web_reg_find successful for "Text=<blockquote>Welcome, <b>artem478</b>, to the Web Tours reservation pages." (count=1)  	[MsgId: MMSG-26364]
..\\Parametres\\common_lib.h(72): web_submit_data("login.pl_2") was successful, 5783 body bytes, 2053 header bytes, 36 chunking overhead bytes  	[MsgId: MMSG-26385]
..\\Parametres\\common_lib.h(89): Notify: Transaction "login" ended with a "Pass" status (Duration: 0,2207 Wasted Time: 0,0000).	[MsgId: MMSG-16871]
Action.c(10): lr_think_time: 5,00 seconds.	[MsgId: MMSG-15948]
Action.c(12): Notify: Transaction "clickItinerary" started.	[MsgId: MMSG-16999]
Action.c(14): web_reg_find started  	[MsgId: MMSG-26355]
Action.c(14): Registering web_reg_find was successful  	[MsgId: MMSG-26390]
Action.c(16): web_url("welcome.pl") started  	[MsgId: MMSG-26355]
Action.c(16): Detected non-resource "http://localhost:1080/cgi-bin/nav.pl?page=menu&in=itinerary" in "http://localhost:1080/cgi-bin/welcome.pl?page=itinerary"  	[MsgId: MMSG-26574]
Action.c(16): Detected non-resource "http://localhost:1080/cgi-bin/itinerary.pl" in "http://localhost:1080/cgi-bin/welcome.pl?page=itinerary"  	[MsgId: MMSG-26574]
Action.c(16): Resource "http://localhost:1080/WebTours/images/flights.gif" is in the cache already and will not be downloaded again  	[MsgId: MMSG-26655]
Action.c(16): Found resource "http://localhost:1080/WebTours/images/in_itinerary.gif" in HTML "http://localhost:1080/cgi-bin/nav.pl?page=menu&in=itinerary"  	[MsgId: MMSG-26659]
Action.c(16): Found resource "http://localhost:1080/WebTours/images/home.gif" in HTML "http://localhost:1080/cgi-bin/nav.pl?page=menu&in=itinerary"  	[MsgId: MMSG-26659]
Action.c(16): Resource "http://localhost:1080/WebTours/images/signoff.gif" is in the cache already and will not be downloaded again  	[MsgId: MMSG-26655]
Action.c(16): Found resource "http://localhost:1080/WebTours/images/cancelreservation.gif" in HTML "http://localhost:1080/cgi-bin/itinerary.pl"  	[MsgId: MMSG-26659]
Action.c(16): Found resource "http://localhost:1080/WebTours/images/cancelallreservations.gif" in HTML "http://localhost:1080/cgi-bin/itinerary.pl"  	[MsgId: MMSG-26659]
Action.c(16): Registered web_reg_find successful for "Text=Itinerary" (count=3)  	[MsgId: MMSG-26364]
Action.c(16): web_url("welcome.pl") was successful, 50579 body bytes, 1921 header bytes, 123 chunking overhead bytes  	[MsgId: MMSG-26385]
Action.c(27): Notify: Transaction "clickItinerary" ended with a "Pass" status (Duration: 0,1535 Wasted Time: 0,0001).	[MsgId: MMSG-16871]
Action.c(29): Notify: Transaction "UC05_Itinerary" ended with a "Pass" status (Duration: 5,5275 Think Time: 5,0063 Wasted Time: 0,0010).	[MsgId: MMSG-16870]
Ending action Action.	[MsgId: MMSG-15918]
Ending iteration 3.	[MsgId: MMSG-15965]
Waiting 84,4710 seconds for iteration pacing.	[MsgId: MMSG-15996]
Starting iteration 4.	[MsgId: MMSG-15968]
Starting action Action.	[MsgId: MMSG-15919]
Action.c(4): Notify: Transaction "UC05_Itinerary" started.	[MsgId: MMSG-16999]
..\\Parametres\\common_lib.h(2): Notify: Transaction "homePage" started.	[MsgId: MMSG-16999]
..\\Parametres\\common_lib.h(4): web_add_auto_header("DNT") started  	[MsgId: MMSG-26355]
..\\Parametres\\common_lib.h(4): web_add_auto_header("DNT") was successful  	[MsgId: MMSG-26392]
..\\Parametres\\common_lib.h(7): web_reg_find started  	[MsgId: MMSG-26355]
..\\Parametres\\common_lib.h(7): Registering web_reg_find was successful  	[MsgId: MMSG-26390]
..\\Parametres\\common_lib.h(10): web_reg_save_param_attrib started  	[MsgId: MMSG-26355]
..\\Parametres\\common_lib.h(10): Registering web_reg_save_param_attrib was successful  	[MsgId: MMSG-26390]
..\\Parametres\\common_lib.h(21): web_url("WebTours") started  	[MsgId: MMSG-26355]
..\\Parametres\\common_lib.h(21): Detected non-resource "http://localhost:1080/WebTours/header.html" in "http://localhost:1080/WebTours/"  	[MsgId: MMSG-26574]
..\\Parametres\\common_lib.h(21): Detected non-resource "http://localhost:1080/cgi-bin/welcome.pl?signOff=true" in "http://localhost:1080/WebTours/"  	[MsgId: MMSG-26574]
..\\Parametres\\common_lib.h(21): Found resource "http://localhost:1080/WebTours/images/hp_logo.png" in HTML "http://localhost:1080/WebTours/header.html"  	[MsgId: MMSG-26659]
..\\Parametres\\common_lib.h(21): Found resource "http://localhost:1080/WebTours/images/webtours.png" in HTML "http://localhost:1080/WebTours/header.html"  	[MsgId: MMSG-26659]
..\\Parametres\\common_lib.h(21): Detected non-resource "http://localhost:1080/cgi-bin/nav.pl?in=home" in "http://localhost:1080/cgi-bin/welcome.pl?signOff=true"  	[MsgId: MMSG-26574]
..\\Parametres\\common_lib.h(21): Detected non-resource "http://localhost:1080/WebTours/home.html" in "http://localhost:1080/cgi-bin/welcome.pl?signOff=true"  	[MsgId: MMSG-26574]
..\\Parametres\\common_lib.h(21): Found resource "http://localhost:1080/WebTours/images/mer_login.gif" in HTML "http://localhost:1080/cgi-bin/nav.pl?in=home"  	[MsgId: MMSG-26659]
..\\Parametres\\common_lib.h(21): Registered web_reg_find successful for "Text=Welcome to the Web Tours site" (count=1)  	[MsgId: MMSG-26364]
..\\Parametres\\common_lib.h(21): web_url("WebTours") was successful, 10079 body bytes, 2378 header bytes, 24 chunking overhead bytes  	[MsgId: MMSG-26385]
..\\Parametres\\common_lib.h(31): web_set_sockets_option started  	[MsgId: MMSG-26355]
..\\Parametres\\common_lib.h(31): web_set_sockets_option was successful  	[MsgId: MMSG-26392]
..\\Parametres\\common_lib.h(33): Notify: Transaction "homePage" ended with a "Pass" status (Duration: 0,1606 Wasted Time: 0,0013).	[MsgId: MMSG-16871]
..\\Parametres\\common_lib.h(67): Notify: Transaction "login" started.	[MsgId: MMSG-16999]
..\\Parametres\\common_lib.h(69): web_reg_find started  	[MsgId: MMSG-26355]
..\\Parametres\\common_lib.h(69): Registering web_reg_find was successful  	[MsgId: MMSG-26390]
..\\Parametres\\common_lib.h(72): web_submit_data("login.pl_2") started  	[MsgId: MMSG-26355]
..\\Parametres\\common_lib.h(72): Detected non-resource "http://localhost:1080/cgi-bin/nav.pl?page=menu&in=home" in "http://localhost:1080/cgi-bin/login.pl"  	[MsgId: MMSG-26574]
..\\Parametres\\common_lib.h(72): Detected non-resource "http://localhost:1080/cgi-bin/login.pl?intro=true" in "http://localhost:1080/cgi-bin/login.pl"  	[MsgId: MMSG-26574]
..\\Parametres\\common_lib.h(72): Found resource "http://localhost:1080/WebTours/images/flights.gif" in HTML "http://localhost:1080/cgi-bin/nav.pl?page=menu&in=home"  	[MsgId: MMSG-26659]
..\\Parametres\\common_lib.h(72): Found resource "http://localhost:1080/WebTours/images/itinerary.gif" in HTML "http://localhost:1080/cgi-bin/nav.pl?page=menu&in=home"  	[MsgId: MMSG-26659]
..\\Parametres\\common_lib.h(72): Found resource "http://localhost:1080/WebTours/images/in_home.gif" in HTML "http://localhost:1080/cgi-bin/nav.pl?page=menu&in=home"  	[MsgId: MMSG-26659]
..\\Parametres\\common_lib.h(72): Found resource "http://localhost:1080/WebTours/images/signoff.gif" in HTML "http://localhost:1080/cgi-bin/nav.pl?page=menu&in=home"  	[MsgId: MMSG-26659]
..\\Parametres\\common_lib.h(72): Registered web_reg_find successful for "Text=<blockquote>Welcome, <b>olya84</b>, to the Web Tours reservation pages." (count=1)  	[MsgId: MMSG-26364]
..\\Parametres\\common_lib.h(72): web_submit_data("login.pl_2") was successful, 5781 body bytes, 2048 header bytes, 36 chunking overhead bytes  	[MsgId: MMSG-26385]
..\\Parametres\\common_lib.h(89): Notify: Transaction "login" ended with a "Pass" status (Duration: 0,2155 Wasted Time: 0,0000).	[MsgId: MMSG-16871]
Action.c(10): lr_think_time: 5,00 seconds.	[MsgId: MMSG-15948]
Action.c(12): Notify: Transaction "clickItinerary" started.	[MsgId: MMSG-16999]
Action.c(14): web_reg_find started  	[MsgId: MMSG-26355]
Action.c(14): Registering web_reg_find was successful  	[MsgId: MMSG-26390]
Action.c(16): web_url("welcome.pl") started  	[MsgId: MMSG-26355]
Action.c(16): Detected non-resource "http://localhost:1080/cgi-bin/nav.pl?page=menu&in=itinerary" in "http://localhost:1080/cgi-bin/welcome.pl?page=itinerary"  	[MsgId: MMSG-26574]
Action.c(16): Detected non-resource "http://localhost:1080/cgi-bin/itinerary.pl" in "http://localhost:1080/cgi-bin/welcome.pl?page=itinerary"  	[MsgId: MMSG-26574]
Action.c(16): Resource "http://localhost:1080/WebTours/images/flights.gif" is in the cache already and will not be downloaded again  	[MsgId: MMSG-26655]
Action.c(16): Found resource "http://localhost:1080/WebTours/images/in_itinerary.gif" in HTML "http://localhost:1080/cgi-bin/nav.pl?page=menu&in=itinerary"  	[MsgId: MMSG-26659]
Action.c(16): Found resource "http://localhost:1080/WebTours/images/home.gif" in HTML "http://localhost:1080/cgi-bin/nav.pl?page=menu&in=itinerary"  	[MsgId: MMSG-26659]
Action.c(16): Resource "http://localhost:1080/WebTours/images/signoff.gif" is in the cache already and will not be downloaded again  	[MsgId: MMSG-26655]
Action.c(16): Found resource "http://localhost:1080/WebTours/images/cancelreservation.gif" in HTML "http://localhost:1080/cgi-bin/itinerary.pl"  	[MsgId: MMSG-26659]
Action.c(16): Found resource "http://localhost:1080/WebTours/images/cancelallreservations.gif" in HTML "http://localhost:1080/cgi-bin/itinerary.pl"  	[MsgId: MMSG-26659]
Action.c(16): Registered web_reg_find successful for "Text=Itinerary" (count=3)  	[MsgId: MMSG-26364]
Action.c(16): web_url("welcome.pl") was successful, 43471 body bytes, 1921 header bytes, 107 chunking overhead bytes  	[MsgId: MMSG-26385]
Action.c(27): Notify: Transaction "clickItinerary" ended with a "Pass" status (Duration: 0,1737 Wasted Time: 0,0001).	[MsgId: MMSG-16871]
Action.c(29): Notify: Transaction "UC05_Itinerary" ended with a "Pass" status (Duration: 5,5464 Think Time: 4,9957 Wasted Time: 0,0015).	[MsgId: MMSG-16870]
Ending action Action.	[MsgId: MMSG-15918]
Ending iteration 4.	[MsgId: MMSG-15965]
Waiting 84,4500 seconds for iteration pacing.	[MsgId: MMSG-15996]
Starting iteration 5.	[MsgId: MMSG-15968]
Starting action Action.	[MsgId: MMSG-15919]
Action.c(4): Notify: Transaction "UC05_Itinerary" started.	[MsgId: MMSG-16999]
..\\Parametres\\common_lib.h(2): Notify: Transaction "homePage" started.	[MsgId: MMSG-16999]
..\\Parametres\\common_lib.h(4): web_add_auto_header("DNT") started  	[MsgId: MMSG-26355]
..\\Parametres\\common_lib.h(4): web_add_auto_header("DNT") was successful  	[MsgId: MMSG-26392]
..\\Parametres\\common_lib.h(7): web_reg_find started  	[MsgId: MMSG-26355]
..\\Parametres\\common_lib.h(7): Registering web_reg_find was successful  	[MsgId: MMSG-26390]
..\\Parametres\\common_lib.h(10): web_reg_save_param_attrib started  	[MsgId: MMSG-26355]
..\\Parametres\\common_lib.h(10): Registering web_reg_save_param_attrib was successful  	[MsgId: MMSG-26390]
..\\Parametres\\common_lib.h(21): web_url("WebTours") started  	[MsgId: MMSG-26355]
..\\Parametres\\common_lib.h(21): Detected non-resource "http://localhost:1080/WebTours/header.html" in "http://localhost:1080/WebTours/"  	[MsgId: MMSG-26574]
..\\Parametres\\common_lib.h(21): Detected non-resource "http://localhost:1080/cgi-bin/welcome.pl?signOff=true" in "http://localhost:1080/WebTours/"  	[MsgId: MMSG-26574]
..\\Parametres\\common_lib.h(21): Found resource "http://localhost:1080/WebTours/images/hp_logo.png" in HTML "http://localhost:1080/WebTours/header.html"  	[MsgId: MMSG-26659]
..\\Parametres\\common_lib.h(21): Found resource "http://localhost:1080/WebTours/images/webtours.png" in HTML "http://localhost:1080/WebTours/header.html"  	[MsgId: MMSG-26659]
..\\Parametres\\common_lib.h(21): Detected non-resource "http://localhost:1080/cgi-bin/nav.pl?in=home" in "http://localhost:1080/cgi-bin/welcome.pl?signOff=true"  	[MsgId: MMSG-26574]
..\\Parametres\\common_lib.h(21): Detected non-resource "http://localhost:1080/WebTours/home.html" in "http://localhost:1080/cgi-bin/welcome.pl?signOff=true"  	[MsgId: MMSG-26574]
..\\Parametres\\common_lib.h(21): Found resource "http://localhost:1080/WebTours/images/mer_login.gif" in HTML "http://localhost:1080/cgi-bin/nav.pl?in=home"  	[MsgId: MMSG-26659]
..\\Parametres\\common_lib.h(21): Registered web_reg_find successful for "Text=Welcome to the Web Tours site" (count=1)  	[MsgId: MMSG-26364]
..\\Parametres\\common_lib.h(21): web_url("WebTours") was successful, 10077 body bytes, 2378 header bytes, 24 chunking overhead bytes  	[MsgId: MMSG-26385]
..\\Parametres\\common_lib.h(31): web_set_sockets_option started  	[MsgId: MMSG-26355]
..\\Parametres\\common_lib.h(31): web_set_sockets_option was successful  	[MsgId: MMSG-26392]
..\\Parametres\\common_lib.h(33): Notify: Transaction "homePage" ended with a "Pass" status (Duration: 0,1942 Wasted Time: 0,0009).	[MsgId: MMSG-16871]
..\\Parametres\\common_lib.h(67): Notify: Transaction "login" started.	[MsgId: MMSG-16999]
..\\Parametres\\common_lib.h(69): web_reg_find started  	[MsgId: MMSG-26355]
..\\Parametres\\common_lib.h(69): Registering web_reg_find was successful  	[MsgId: MMSG-26390]
..\\Parametres\\common_lib.h(72): web_submit_data("login.pl_2") started  	[MsgId: MMSG-26355]
..\\Parametres\\common_lib.h(72): Detected non-resource "http://localhost:1080/cgi-bin/nav.pl?page=menu&in=home" in "http://localhost:1080/cgi-bin/login.pl"  	[MsgId: MMSG-26574]
..\\Parametres\\common_lib.h(72): Detected non-resource "http://localhost:1080/cgi-bin/login.pl?intro=true" in "http://localhost:1080/cgi-bin/login.pl"  	[MsgId: MMSG-26574]
..\\Parametres\\common_lib.h(72): Found resource "http://localhost:1080/WebTours/images/flights.gif" in HTML "http://localhost:1080/cgi-bin/nav.pl?page=menu&in=home"  	[MsgId: MMSG-26659]
..\\Parametres\\common_lib.h(72): Found resource "http://localhost:1080/WebTours/images/itinerary.gif" in HTML "http://localhost:1080/cgi-bin/nav.pl?page=menu&in=home"  	[MsgId: MMSG-26659]
..\\Parametres\\common_lib.h(72): Found resource "http://localhost:1080/WebTours/images/in_home.gif" in HTML "http://localhost:1080/cgi-bin/nav.pl?page=menu&in=home"  	[MsgId: MMSG-26659]
..\\Parametres\\common_lib.h(72): Found resource "http://localhost:1080/WebTours/images/signoff.gif" in HTML "http://localhost:1080/cgi-bin/nav.pl?page=menu&in=home"  	[MsgId: MMSG-26659]
..\\Parametres\\common_lib.h(72): Registered web_reg_find successful for "Text=<blockquote>Welcome, <b>lena54</b>, to the Web Tours reservation pages." (count=1)  	[MsgId: MMSG-26364]
..\\Parametres\\common_lib.h(72): web_submit_data("login.pl_2") was successful, 5781 body bytes, 2051 header bytes, 36 chunking overhead bytes  	[MsgId: MMSG-26385]
..\\Parametres\\common_lib.h(89): Notify: Transaction "login" ended with a "Pass" status (Duration: 0,2078 Wasted Time: 0,0000).	[MsgId: MMSG-16871]
Action.c(10): lr_think_time: 5,00 seconds.	[MsgId: MMSG-15948]
Action.c(12): Notify: Transaction "clickItinerary" started.	[MsgId: MMSG-16999]
Action.c(14): web_reg_find started  	[MsgId: MMSG-26355]
Action.c(14): Registering web_reg_find was successful  	[MsgId: MMSG-26390]
Action.c(16): web_url("welcome.pl") started  	[MsgId: MMSG-26355]
Action.c(16): Detected non-resource "http://localhost:1080/cgi-bin/nav.pl?page=menu&in=itinerary" in "http://localhost:1080/cgi-bin/welcome.pl?page=itinerary"  	[MsgId: MMSG-26574]
Action.c(16): Detected non-resource "http://localhost:1080/cgi-bin/itinerary.pl" in "http://localhost:1080/cgi-bin/welcome.pl?page=itinerary"  	[MsgId: MMSG-26574]
Action.c(16): Resource "http://localhost:1080/WebTours/images/flights.gif" is in the cache already and will not be downloaded again  	[MsgId: MMSG-26655]
Action.c(16): Found resource "http://localhost:1080/WebTours/images/in_itinerary.gif" in HTML "http://localhost:1080/cgi-bin/nav.pl?page=menu&in=itinerary"  	[MsgId: MMSG-26659]
Action.c(16): Found resource "http://localhost:1080/WebTours/images/home.gif" in HTML "http://localhost:1080/cgi-bin/nav.pl?page=menu&in=itinerary"  	[MsgId: MMSG-26659]
Action.c(16): Resource "http://localhost:1080/WebTours/images/signoff.gif" is in the cache already and will not be downloaded again  	[MsgId: MMSG-26655]
Action.c(16): Found resource "http://localhost:1080/WebTours/images/cancelreservation.gif" in HTML "http://localhost:1080/cgi-bin/itinerary.pl"  	[MsgId: MMSG-26659]
Action.c(16): Found resource "http://localhost:1080/WebTours/images/cancelallreservations.gif" in HTML "http://localhost:1080/cgi-bin/itinerary.pl"  	[MsgId: MMSG-26659]
Action.c(16): Registered web_reg_find successful for "Text=Itinerary" (count=3)  	[MsgId: MMSG-26364]
Action.c(16): web_url("welcome.pl") was successful, 45882 body bytes, 1921 header bytes, 107 chunking overhead bytes  	[MsgId: MMSG-26385]
Action.c(27): Notify: Transaction "clickItinerary" ended with a "Pass" status (Duration: 0,1997 Wasted Time: 0,0001).	[MsgId: MMSG-16871]
Action.c(29): Notify: Transaction "UC05_Itinerary" ended with a "Pass" status (Duration: 5,6044 Think Time: 5,0020 Wasted Time: 0,0011).	[MsgId: MMSG-16870]
Ending action Action.	[MsgId: MMSG-15918]
Ending iteration 5.	[MsgId: MMSG-15965]
Waiting 84,3930 seconds for iteration pacing.	[MsgId: MMSG-15996]
Ending Vuser...	[MsgId: MMSG-15966]
Starting action vuser_end.	[MsgId: MMSG-15919]
Ending action vuser_end.	[MsgId: MMSG-15918]
Vuser Terminated.	[MsgId: MMSG-15963]
