Virtual User Script started at: 25.07.2022 15:07:41	[MsgId: MMSG-15967]
Starting action vuser_init.	[MsgId: MMSG-15919]
Web Turbo Replay of LoadRunner 2020.0.0 for Windows 8.1; build 793 (ноя 27 2019 19:51:20)  	[MsgId: MMSG-26983]
Run mode: HTML  	[MsgId: MMSG-26993]
Replay user agent: Mozilla/5.0 (Windows NT 10.0; WOW64; Trident/7.0; rv:11.0) like Gecko  	[MsgId: MMSG-26988]
Runtime Settings file: "C:\Users\Гульнара\AppData\Local\Temp\lr5tmpdir2TN.106\lrcfgTC5.107\cfgph0.108"  	[MsgId: MMSG-27141]
Ending action vuser_init.	[MsgId: MMSG-15918]
Running Vuser...	[MsgId: MMSG-15964]
Starting iteration 1.	[MsgId: MMSG-15968]
Maximum number of concurrent connections per server: 6  	[MsgId: MMSG-26989]
Starting action Action.	[MsgId: MMSG-15919]
Action.c(4): Notify: Transaction "UC05_Itinerary" started.	[MsgId: MMSG-16999]
..\\Parametres\\common_lib.h(2): Notify: Transaction "homePage" started.	[MsgId: MMSG-16999]
..\\Parametres\\common_lib.h(4): web_add_auto_header("DNT") started  	[MsgId: MMSG-26355]
..\\Parametres\\common_lib.h(4): web_add_auto_header("DNT") was successful  	[MsgId: MMSG-26392]
..\\Parametres\\common_lib.h(7): web_reg_find started  	[MsgId: MMSG-26355]
..\\Parametres\\common_lib.h(7): Registering web_reg_find was successful  	[MsgId: MMSG-26390]
..\\Parametres\\common_lib.h(10): web_reg_save_param_attrib started  	[MsgId: MMSG-26355]
..\\Parametres\\common_lib.h(10): Registering web_reg_save_param_attrib was successful  	[MsgId: MMSG-26390]
..\\Parametres\\common_lib.h(21): web_url("WebTours") started  	[MsgId: MMSG-26355]
..\\Parametres\\common_lib.h(21): Detected non-resource "http://localhost:1080/WebTours/header.html" in "http://localhost:1080/WebTours/"  	[MsgId: MMSG-26574]
..\\Parametres\\common_lib.h(21): Detected non-resource "http://localhost:1080/cgi-bin/welcome.pl?signOff=true" in "http://localhost:1080/WebTours/"  	[MsgId: MMSG-26574]
..\\Parametres\\common_lib.h(21): Found resource "http://localhost:1080/WebTours/images/hp_logo.png" in HTML "http://localhost:1080/WebTours/header.html"  	[MsgId: MMSG-26659]
..\\Parametres\\common_lib.h(21): Found resource "http://localhost:1080/WebTours/images/webtours.png" in HTML "http://localhost:1080/WebTours/header.html"  	[MsgId: MMSG-26659]
..\\Parametres\\common_lib.h(21): Detected non-resource "http://localhost:1080/cgi-bin/nav.pl?in=home" in "http://localhost:1080/cgi-bin/welcome.pl?signOff=true"  	[MsgId: MMSG-26574]
..\\Parametres\\common_lib.h(21): Detected non-resource "http://localhost:1080/WebTours/home.html" in "http://localhost:1080/cgi-bin/welcome.pl?signOff=true"  	[MsgId: MMSG-26574]
..\\Parametres\\common_lib.h(21): Found resource "http://localhost:1080/WebTours/images/mer_login.gif" in HTML "http://localhost:1080/cgi-bin/nav.pl?in=home"  	[MsgId: MMSG-26659]
..\\Parametres\\common_lib.h(21): Registered web_reg_find successful for "Text=Welcome to the Web Tours site" (count=1)  	[MsgId: MMSG-26364]
..\\Parametres\\common_lib.h(21): web_url("WebTours") was successful, 10080 body bytes, 2378 header bytes, 24 chunking overhead bytes  	[MsgId: MMSG-26385]
..\\Parametres\\common_lib.h(31): web_set_sockets_option started  	[MsgId: MMSG-26355]
..\\Parametres\\common_lib.h(31): web_set_sockets_option was successful  	[MsgId: MMSG-26392]
..\\Parametres\\common_lib.h(33): Notify: Transaction "homePage" ended with a "Pass" status (Duration: 0,1802 Wasted Time: 0,0158).	[MsgId: MMSG-16871]
..\\Parametres\\common_lib.h(66): Notify: Transaction "login" started.	[MsgId: MMSG-16999]
..\\Parametres\\common_lib.h(68): web_reg_find started  	[MsgId: MMSG-26355]
..\\Parametres\\common_lib.h(68): Registering web_reg_find was successful  	[MsgId: MMSG-26390]
..\\Parametres\\common_lib.h(71): web_submit_data("login.pl_2") started  	[MsgId: MMSG-26355]
..\\Parametres\\common_lib.h(71): Detected non-resource "http://localhost:1080/cgi-bin/nav.pl?page=menu&in=home" in "http://localhost:1080/cgi-bin/login.pl"  	[MsgId: MMSG-26574]
..\\Parametres\\common_lib.h(71): Detected non-resource "http://localhost:1080/cgi-bin/login.pl?intro=true" in "http://localhost:1080/cgi-bin/login.pl"  	[MsgId: MMSG-26574]
..\\Parametres\\common_lib.h(71): Found resource "http://localhost:1080/WebTours/images/flights.gif" in HTML "http://localhost:1080/cgi-bin/nav.pl?page=menu&in=home"  	[MsgId: MMSG-26659]
..\\Parametres\\common_lib.h(71): Found resource "http://localhost:1080/WebTours/images/itinerary.gif" in HTML "http://localhost:1080/cgi-bin/nav.pl?page=menu&in=home"  	[MsgId: MMSG-26659]
..\\Parametres\\common_lib.h(71): Found resource "http://localhost:1080/WebTours/images/in_home.gif" in HTML "http://localhost:1080/cgi-bin/nav.pl?page=menu&in=home"  	[MsgId: MMSG-26659]
..\\Parametres\\common_lib.h(71): Found resource "http://localhost:1080/WebTours/images/signoff.gif" in HTML "http://localhost:1080/cgi-bin/nav.pl?page=menu&in=home"  	[MsgId: MMSG-26659]
..\\Parametres\\common_lib.h(71): Registered web_reg_find successful for "Text=<blockquote>Welcome, <b>kirill1d</b>, to the Web Tours reservation pages." (count=1)  	[MsgId: MMSG-26364]
..\\Parametres\\common_lib.h(71): web_submit_data("login.pl_2") was successful, 5783 body bytes, 2056 header bytes, 36 chunking overhead bytes  	[MsgId: MMSG-26385]
..\\Parametres\\common_lib.h(88): Notify: Transaction "login" ended with a "Pass" status (Duration: 0,1765 Wasted Time: 0,0000).	[MsgId: MMSG-16871]
Action.c(10): Notify: Transaction "clickItinerary" started.	[MsgId: MMSG-16999]
Action.c(12): web_reg_find started  	[MsgId: MMSG-26355]
Action.c(12): Registering web_reg_find was successful  	[MsgId: MMSG-26390]
Action.c(14): web_url("Itinerary Button") started  	[MsgId: MMSG-26355]
Action.c(14): Detected non-resource "http://localhost:1080/cgi-bin/nav.pl?page=menu&in=itinerary" in "http://localhost:1080/cgi-bin/welcome.pl?page=itinerary"  	[MsgId: MMSG-26574]
Action.c(14): Detected non-resource "http://localhost:1080/cgi-bin/itinerary.pl" in "http://localhost:1080/cgi-bin/welcome.pl?page=itinerary"  	[MsgId: MMSG-26574]
Action.c(14): Resource "http://localhost:1080/WebTours/images/flights.gif" is in the cache already and will not be downloaded again  	[MsgId: MMSG-26655]
Action.c(14): Found resource "http://localhost:1080/WebTours/images/in_itinerary.gif" in HTML "http://localhost:1080/cgi-bin/nav.pl?page=menu&in=itinerary"  	[MsgId: MMSG-26659]
Action.c(14): Found resource "http://localhost:1080/WebTours/images/home.gif" in HTML "http://localhost:1080/cgi-bin/nav.pl?page=menu&in=itinerary"  	[MsgId: MMSG-26659]
Action.c(14): Resource "http://localhost:1080/WebTours/images/signoff.gif" is in the cache already and will not be downloaded again  	[MsgId: MMSG-26655]
Action.c(14): Found resource "http://localhost:1080/WebTours/images/cancelreservation.gif" in HTML "http://localhost:1080/cgi-bin/itinerary.pl"  	[MsgId: MMSG-26659]
Action.c(14): Found resource "http://localhost:1080/WebTours/images/cancelallreservations.gif" in HTML "http://localhost:1080/cgi-bin/itinerary.pl"  	[MsgId: MMSG-26659]
Action.c(14): Registered web_reg_find successful for "Text=Flights List" (count=1)  	[MsgId: MMSG-26364]
Action.c(14): web_url("Itinerary Button") was successful, 443884 body bytes, 1917 header bytes, 859 chunking overhead bytes  	[MsgId: MMSG-26385]
Action.c(24): Notify: Transaction "clickItinerary" ended with a "Pass" status (Duration: 0,2541 Wasted Time: 0,0013).	[MsgId: MMSG-16871]
Action.c(26): Notify: Transaction "UC05_Itinerary" ended with a "Pass" status (Duration: 0,6112 Wasted Time: 0,0171).	[MsgId: MMSG-16871]
Ending action Action.	[MsgId: MMSG-15918]
Ending iteration 1.	[MsgId: MMSG-15965]
Waiting 89,3880 seconds for iteration pacing.	[MsgId: MMSG-15996]
Starting iteration 2.	[MsgId: MMSG-15968]
Starting action Action.	[MsgId: MMSG-15919]
Action.c(4): Notify: Transaction "UC05_Itinerary" started.	[MsgId: MMSG-16999]
..\\Parametres\\common_lib.h(2): Notify: Transaction "homePage" started.	[MsgId: MMSG-16999]
..\\Parametres\\common_lib.h(4): web_add_auto_header("DNT") started  	[MsgId: MMSG-26355]
..\\Parametres\\common_lib.h(4): web_add_auto_header("DNT") was successful  	[MsgId: MMSG-26392]
..\\Parametres\\common_lib.h(7): web_reg_find started  	[MsgId: MMSG-26355]
..\\Parametres\\common_lib.h(7): Registering web_reg_find was successful  	[MsgId: MMSG-26390]
..\\Parametres\\common_lib.h(10): web_reg_save_param_attrib started  	[MsgId: MMSG-26355]
..\\Parametres\\common_lib.h(10): Registering web_reg_save_param_attrib was successful  	[MsgId: MMSG-26390]
..\\Parametres\\common_lib.h(21): web_url("WebTours") started  	[MsgId: MMSG-26355]
..\\Parametres\\common_lib.h(21): Detected non-resource "http://localhost:1080/WebTours/header.html" in "http://localhost:1080/WebTours/"  	[MsgId: MMSG-26574]
..\\Parametres\\common_lib.h(21): Detected non-resource "http://localhost:1080/cgi-bin/welcome.pl?signOff=true" in "http://localhost:1080/WebTours/"  	[MsgId: MMSG-26574]
..\\Parametres\\common_lib.h(21): Found resource "http://localhost:1080/WebTours/images/hp_logo.png" in HTML "http://localhost:1080/WebTours/header.html"  	[MsgId: MMSG-26659]
..\\Parametres\\common_lib.h(21): Found resource "http://localhost:1080/WebTours/images/webtours.png" in HTML "http://localhost:1080/WebTours/header.html"  	[MsgId: MMSG-26659]
..\\Parametres\\common_lib.h(21): Detected non-resource "http://localhost:1080/cgi-bin/nav.pl?in=home" in "http://localhost:1080/cgi-bin/welcome.pl?signOff=true"  	[MsgId: MMSG-26574]
..\\Parametres\\common_lib.h(21): Detected non-resource "http://localhost:1080/WebTours/home.html" in "http://localhost:1080/cgi-bin/welcome.pl?signOff=true"  	[MsgId: MMSG-26574]
..\\Parametres\\common_lib.h(21): Found resource "http://localhost:1080/WebTours/images/mer_login.gif" in HTML "http://localhost:1080/cgi-bin/nav.pl?in=home"  	[MsgId: MMSG-26659]
..\\Parametres\\common_lib.h(21): Registered web_reg_find successful for "Text=Welcome to the Web Tours site" (count=1)  	[MsgId: MMSG-26364]
..\\Parametres\\common_lib.h(21): web_url("WebTours") was successful, 10080 body bytes, 2378 header bytes, 24 chunking overhead bytes  	[MsgId: MMSG-26385]
..\\Parametres\\common_lib.h(31): web_set_sockets_option started  	[MsgId: MMSG-26355]
..\\Parametres\\common_lib.h(31): web_set_sockets_option was successful  	[MsgId: MMSG-26392]
..\\Parametres\\common_lib.h(33): Notify: Transaction "homePage" ended with a "Pass" status (Duration: 0,1622 Wasted Time: 0,0014).	[MsgId: MMSG-16871]
..\\Parametres\\common_lib.h(66): Notify: Transaction "login" started.	[MsgId: MMSG-16999]
..\\Parametres\\common_lib.h(68): web_reg_find started  	[MsgId: MMSG-26355]
..\\Parametres\\common_lib.h(68): Registering web_reg_find was successful  	[MsgId: MMSG-26390]
..\\Parametres\\common_lib.h(71): web_submit_data("login.pl_2") started  	[MsgId: MMSG-26355]
..\\Parametres\\common_lib.h(71): Detected non-resource "http://localhost:1080/cgi-bin/nav.pl?page=menu&in=home" in "http://localhost:1080/cgi-bin/login.pl"  	[MsgId: MMSG-26574]
..\\Parametres\\common_lib.h(71): Detected non-resource "http://localhost:1080/cgi-bin/login.pl?intro=true" in "http://localhost:1080/cgi-bin/login.pl"  	[MsgId: MMSG-26574]
..\\Parametres\\common_lib.h(71): Found resource "http://localhost:1080/WebTours/images/flights.gif" in HTML "http://localhost:1080/cgi-bin/nav.pl?page=menu&in=home"  	[MsgId: MMSG-26659]
..\\Parametres\\common_lib.h(71): Found resource "http://localhost:1080/WebTours/images/itinerary.gif" in HTML "http://localhost:1080/cgi-bin/nav.pl?page=menu&in=home"  	[MsgId: MMSG-26659]
..\\Parametres\\common_lib.h(71): Found resource "http://localhost:1080/WebTours/images/in_home.gif" in HTML "http://localhost:1080/cgi-bin/nav.pl?page=menu&in=home"  	[MsgId: MMSG-26659]
..\\Parametres\\common_lib.h(71): Found resource "http://localhost:1080/WebTours/images/signoff.gif" in HTML "http://localhost:1080/cgi-bin/nav.pl?page=menu&in=home"  	[MsgId: MMSG-26659]
..\\Parametres\\common_lib.h(71): Registered web_reg_find successful for "Text=<blockquote>Welcome, <b>sergei5646</b>, to the Web Tours reservation pages." (count=1)  	[MsgId: MMSG-26364]
..\\Parametres\\common_lib.h(71): web_submit_data("login.pl_2") was successful, 5785 body bytes, 2060 header bytes, 36 chunking overhead bytes  	[MsgId: MMSG-26385]
..\\Parametres\\common_lib.h(88): Notify: Transaction "login" ended with a "Pass" status (Duration: 0,2041 Wasted Time: 0,0000).	[MsgId: MMSG-16871]
Action.c(10): Notify: Transaction "clickItinerary" started.	[MsgId: MMSG-16999]
Action.c(12): web_reg_find started  	[MsgId: MMSG-26355]
Action.c(12): Registering web_reg_find was successful  	[MsgId: MMSG-26390]
Action.c(14): web_url("Itinerary Button") started  	[MsgId: MMSG-26355]
Action.c(14): Detected non-resource "http://localhost:1080/cgi-bin/nav.pl?page=menu&in=itinerary" in "http://localhost:1080/cgi-bin/welcome.pl?page=itinerary"  	[MsgId: MMSG-26574]
Action.c(14): Detected non-resource "http://localhost:1080/cgi-bin/itinerary.pl" in "http://localhost:1080/cgi-bin/welcome.pl?page=itinerary"  	[MsgId: MMSG-26574]
Action.c(14): Resource "http://localhost:1080/WebTours/images/flights.gif" is in the cache already and will not be downloaded again  	[MsgId: MMSG-26655]
Action.c(14): Found resource "http://localhost:1080/WebTours/images/in_itinerary.gif" in HTML "http://localhost:1080/cgi-bin/nav.pl?page=menu&in=itinerary"  	[MsgId: MMSG-26659]
Action.c(14): Found resource "http://localhost:1080/WebTours/images/home.gif" in HTML "http://localhost:1080/cgi-bin/nav.pl?page=menu&in=itinerary"  	[MsgId: MMSG-26659]
Action.c(14): Resource "http://localhost:1080/WebTours/images/signoff.gif" is in the cache already and will not be downloaded again  	[MsgId: MMSG-26655]
Action.c(14): Found resource "http://localhost:1080/WebTours/images/cancelreservation.gif" in HTML "http://localhost:1080/cgi-bin/itinerary.pl"  	[MsgId: MMSG-26659]
Action.c(14): Found resource "http://localhost:1080/WebTours/images/cancelallreservations.gif" in HTML "http://localhost:1080/cgi-bin/itinerary.pl"  	[MsgId: MMSG-26659]
Action.c(14): Registered web_reg_find successful for "Text=Flights List" (count=1)  	[MsgId: MMSG-26364]
Action.c(14): web_url("Itinerary Button") was successful, 445646 body bytes, 1917 header bytes, 859 chunking overhead bytes  	[MsgId: MMSG-26385]
Action.c(24): Notify: Transaction "clickItinerary" ended with a "Pass" status (Duration: 0,2529 Wasted Time: 0,0014).	[MsgId: MMSG-16871]
Action.c(26): Notify: Transaction "UC05_Itinerary" ended with a "Pass" status (Duration: 0,6196 Wasted Time: 0,0028).	[MsgId: MMSG-16871]
Ending action Action.	[MsgId: MMSG-15918]
Ending iteration 2.	[MsgId: MMSG-15965]
Waiting 89,3760 seconds for iteration pacing.	[MsgId: MMSG-15996]
Starting iteration 3.	[MsgId: MMSG-15968]
Starting action Action.	[MsgId: MMSG-15919]
Action.c(4): Notify: Transaction "UC05_Itinerary" started.	[MsgId: MMSG-16999]
..\\Parametres\\common_lib.h(2): Notify: Transaction "homePage" started.	[MsgId: MMSG-16999]
..\\Parametres\\common_lib.h(4): web_add_auto_header("DNT") started  	[MsgId: MMSG-26355]
..\\Parametres\\common_lib.h(4): web_add_auto_header("DNT") was successful  	[MsgId: MMSG-26392]
..\\Parametres\\common_lib.h(7): web_reg_find started  	[MsgId: MMSG-26355]
..\\Parametres\\common_lib.h(7): Registering web_reg_find was successful  	[MsgId: MMSG-26390]
..\\Parametres\\common_lib.h(10): web_reg_save_param_attrib started  	[MsgId: MMSG-26355]
..\\Parametres\\common_lib.h(10): Registering web_reg_save_param_attrib was successful  	[MsgId: MMSG-26390]
..\\Parametres\\common_lib.h(21): web_url("WebTours") started  	[MsgId: MMSG-26355]
..\\Parametres\\common_lib.h(21): Detected non-resource "http://localhost:1080/WebTours/header.html" in "http://localhost:1080/WebTours/"  	[MsgId: MMSG-26574]
..\\Parametres\\common_lib.h(21): Detected non-resource "http://localhost:1080/cgi-bin/welcome.pl?signOff=true" in "http://localhost:1080/WebTours/"  	[MsgId: MMSG-26574]
..\\Parametres\\common_lib.h(21): Found resource "http://localhost:1080/WebTours/images/hp_logo.png" in HTML "http://localhost:1080/WebTours/header.html"  	[MsgId: MMSG-26659]
..\\Parametres\\common_lib.h(21): Found resource "http://localhost:1080/WebTours/images/webtours.png" in HTML "http://localhost:1080/WebTours/header.html"  	[MsgId: MMSG-26659]
..\\Parametres\\common_lib.h(21): Detected non-resource "http://localhost:1080/cgi-bin/nav.pl?in=home" in "http://localhost:1080/cgi-bin/welcome.pl?signOff=true"  	[MsgId: MMSG-26574]
..\\Parametres\\common_lib.h(21): Detected non-resource "http://localhost:1080/WebTours/home.html" in "http://localhost:1080/cgi-bin/welcome.pl?signOff=true"  	[MsgId: MMSG-26574]
..\\Parametres\\common_lib.h(21): Found resource "http://localhost:1080/WebTours/images/mer_login.gif" in HTML "http://localhost:1080/cgi-bin/nav.pl?in=home"  	[MsgId: MMSG-26659]
..\\Parametres\\common_lib.h(21): Registered web_reg_find successful for "Text=Welcome to the Web Tours site" (count=1)  	[MsgId: MMSG-26364]
..\\Parametres\\common_lib.h(21): web_url("WebTours") was successful, 10080 body bytes, 2378 header bytes, 24 chunking overhead bytes  	[MsgId: MMSG-26385]
..\\Parametres\\common_lib.h(31): web_set_sockets_option started  	[MsgId: MMSG-26355]
..\\Parametres\\common_lib.h(31): web_set_sockets_option was successful  	[MsgId: MMSG-26392]
..\\Parametres\\common_lib.h(33): Notify: Transaction "homePage" ended with a "Pass" status (Duration: 0,1623 Wasted Time: 0,0009).	[MsgId: MMSG-16871]
..\\Parametres\\common_lib.h(66): Notify: Transaction "login" started.	[MsgId: MMSG-16999]
..\\Parametres\\common_lib.h(68): web_reg_find started  	[MsgId: MMSG-26355]
..\\Parametres\\common_lib.h(68): Registering web_reg_find was successful  	[MsgId: MMSG-26390]
..\\Parametres\\common_lib.h(71): web_submit_data("login.pl_2") started  	[MsgId: MMSG-26355]
..\\Parametres\\common_lib.h(71): Detected non-resource "http://localhost:1080/cgi-bin/nav.pl?page=menu&in=home" in "http://localhost:1080/cgi-bin/login.pl"  	[MsgId: MMSG-26574]
..\\Parametres\\common_lib.h(71): Detected non-resource "http://localhost:1080/cgi-bin/login.pl?intro=true" in "http://localhost:1080/cgi-bin/login.pl"  	[MsgId: MMSG-26574]
..\\Parametres\\common_lib.h(71): Found resource "http://localhost:1080/WebTours/images/flights.gif" in HTML "http://localhost:1080/cgi-bin/nav.pl?page=menu&in=home"  	[MsgId: MMSG-26659]
..\\Parametres\\common_lib.h(71): Found resource "http://localhost:1080/WebTours/images/itinerary.gif" in HTML "http://localhost:1080/cgi-bin/nav.pl?page=menu&in=home"  	[MsgId: MMSG-26659]
..\\Parametres\\common_lib.h(71): Found resource "http://localhost:1080/WebTours/images/in_home.gif" in HTML "http://localhost:1080/cgi-bin/nav.pl?page=menu&in=home"  	[MsgId: MMSG-26659]
..\\Parametres\\common_lib.h(71): Found resource "http://localhost:1080/WebTours/images/signoff.gif" in HTML "http://localhost:1080/cgi-bin/nav.pl?page=menu&in=home"  	[MsgId: MMSG-26659]
..\\Parametres\\common_lib.h(71): Registered web_reg_find successful for "Text=<blockquote>Welcome, <b>masha484</b>, to the Web Tours reservation pages." (count=1)  	[MsgId: MMSG-26364]
..\\Parametres\\common_lib.h(71): web_submit_data("login.pl_2") was successful, 5783 body bytes, 2055 header bytes, 36 chunking overhead bytes  	[MsgId: MMSG-26385]
..\\Parametres\\common_lib.h(88): Notify: Transaction "login" ended with a "Pass" status (Duration: 0,2243 Wasted Time: 0,0000).	[MsgId: MMSG-16871]
Action.c(10): Notify: Transaction "clickItinerary" started.	[MsgId: MMSG-16999]
Action.c(12): web_reg_find started  	[MsgId: MMSG-26355]
Action.c(12): Registering web_reg_find was successful  	[MsgId: MMSG-26390]
Action.c(14): web_url("Itinerary Button") started  	[MsgId: MMSG-26355]
Action.c(14): Detected non-resource "http://localhost:1080/cgi-bin/nav.pl?page=menu&in=itinerary" in "http://localhost:1080/cgi-bin/welcome.pl?page=itinerary"  	[MsgId: MMSG-26574]
Action.c(14): Detected non-resource "http://localhost:1080/cgi-bin/itinerary.pl" in "http://localhost:1080/cgi-bin/welcome.pl?page=itinerary"  	[MsgId: MMSG-26574]
Action.c(14): Resource "http://localhost:1080/WebTours/images/flights.gif" is in the cache already and will not be downloaded again  	[MsgId: MMSG-26655]
Action.c(14): Found resource "http://localhost:1080/WebTours/images/in_itinerary.gif" in HTML "http://localhost:1080/cgi-bin/nav.pl?page=menu&in=itinerary"  	[MsgId: MMSG-26659]
Action.c(14): Found resource "http://localhost:1080/WebTours/images/home.gif" in HTML "http://localhost:1080/cgi-bin/nav.pl?page=menu&in=itinerary"  	[MsgId: MMSG-26659]
Action.c(14): Resource "http://localhost:1080/WebTours/images/signoff.gif" is in the cache already and will not be downloaded again  	[MsgId: MMSG-26655]
Action.c(14): Found resource "http://localhost:1080/WebTours/images/cancelreservation.gif" in HTML "http://localhost:1080/cgi-bin/itinerary.pl"  	[MsgId: MMSG-26659]
Action.c(14): Found resource "http://localhost:1080/WebTours/images/cancelallreservations.gif" in HTML "http://localhost:1080/cgi-bin/itinerary.pl"  	[MsgId: MMSG-26659]
Action.c(14): Registered web_reg_find successful for "Text=Flights List" (count=1)  	[MsgId: MMSG-26364]
Action.c(14): web_url("Itinerary Button") was successful, 485456 body bytes, 1917 header bytes, 931 chunking overhead bytes  	[MsgId: MMSG-26385]
Action.c(24): Notify: Transaction "clickItinerary" ended with a "Pass" status (Duration: 0,3261 Wasted Time: 0,0015).	[MsgId: MMSG-16871]
Action.c(26): Notify: Transaction "UC05_Itinerary" ended with a "Pass" status (Duration: 0,7131 Wasted Time: 0,0025).	[MsgId: MMSG-16871]
Ending action Action.	[MsgId: MMSG-15918]
Ending iteration 3.	[MsgId: MMSG-15965]
Waiting 89,2850 seconds for iteration pacing.	[MsgId: MMSG-15996]
Starting iteration 4.	[MsgId: MMSG-15968]
Starting action Action.	[MsgId: MMSG-15919]
Action.c(4): Notify: Transaction "UC05_Itinerary" started.	[MsgId: MMSG-16999]
..\\Parametres\\common_lib.h(2): Notify: Transaction "homePage" started.	[MsgId: MMSG-16999]
..\\Parametres\\common_lib.h(4): web_add_auto_header("DNT") started  	[MsgId: MMSG-26355]
..\\Parametres\\common_lib.h(4): web_add_auto_header("DNT") was successful  	[MsgId: MMSG-26392]
..\\Parametres\\common_lib.h(7): web_reg_find started  	[MsgId: MMSG-26355]
..\\Parametres\\common_lib.h(7): Registering web_reg_find was successful  	[MsgId: MMSG-26390]
..\\Parametres\\common_lib.h(10): web_reg_save_param_attrib started  	[MsgId: MMSG-26355]
..\\Parametres\\common_lib.h(10): Registering web_reg_save_param_attrib was successful  	[MsgId: MMSG-26390]
..\\Parametres\\common_lib.h(21): web_url("WebTours") started  	[MsgId: MMSG-26355]
..\\Parametres\\common_lib.h(21): Detected non-resource "http://localhost:1080/WebTours/header.html" in "http://localhost:1080/WebTours/"  	[MsgId: MMSG-26574]
..\\Parametres\\common_lib.h(21): Detected non-resource "http://localhost:1080/cgi-bin/welcome.pl?signOff=true" in "http://localhost:1080/WebTours/"  	[MsgId: MMSG-26574]
..\\Parametres\\common_lib.h(21): Found resource "http://localhost:1080/WebTours/images/hp_logo.png" in HTML "http://localhost:1080/WebTours/header.html"  	[MsgId: MMSG-26659]
..\\Parametres\\common_lib.h(21): Found resource "http://localhost:1080/WebTours/images/webtours.png" in HTML "http://localhost:1080/WebTours/header.html"  	[MsgId: MMSG-26659]
..\\Parametres\\common_lib.h(21): Detected non-resource "http://localhost:1080/cgi-bin/nav.pl?in=home" in "http://localhost:1080/cgi-bin/welcome.pl?signOff=true"  	[MsgId: MMSG-26574]
..\\Parametres\\common_lib.h(21): Detected non-resource "http://localhost:1080/WebTours/home.html" in "http://localhost:1080/cgi-bin/welcome.pl?signOff=true"  	[MsgId: MMSG-26574]
..\\Parametres\\common_lib.h(21): Found resource "http://localhost:1080/WebTours/images/mer_login.gif" in HTML "http://localhost:1080/cgi-bin/nav.pl?in=home"  	[MsgId: MMSG-26659]
..\\Parametres\\common_lib.h(21): Registered web_reg_find successful for "Text=Welcome to the Web Tours site" (count=1)  	[MsgId: MMSG-26364]
..\\Parametres\\common_lib.h(21): web_url("WebTours") was successful, 10080 body bytes, 2378 header bytes, 24 chunking overhead bytes  	[MsgId: MMSG-26385]
..\\Parametres\\common_lib.h(31): web_set_sockets_option started  	[MsgId: MMSG-26355]
..\\Parametres\\common_lib.h(31): web_set_sockets_option was successful  	[MsgId: MMSG-26392]
..\\Parametres\\common_lib.h(33): Notify: Transaction "homePage" ended with a "Pass" status (Duration: 0,1686 Wasted Time: 0,0015).	[MsgId: MMSG-16871]
..\\Parametres\\common_lib.h(66): Notify: Transaction "login" started.	[MsgId: MMSG-16999]
..\\Parametres\\common_lib.h(68): web_reg_find started  	[MsgId: MMSG-26355]
..\\Parametres\\common_lib.h(68): Registering web_reg_find was successful  	[MsgId: MMSG-26390]
..\\Parametres\\common_lib.h(71): web_submit_data("login.pl_2") started  	[MsgId: MMSG-26355]
..\\Parametres\\common_lib.h(71): Detected non-resource "http://localhost:1080/cgi-bin/nav.pl?page=menu&in=home" in "http://localhost:1080/cgi-bin/login.pl"  	[MsgId: MMSG-26574]
..\\Parametres\\common_lib.h(71): Detected non-resource "http://localhost:1080/cgi-bin/login.pl?intro=true" in "http://localhost:1080/cgi-bin/login.pl"  	[MsgId: MMSG-26574]
..\\Parametres\\common_lib.h(71): Found resource "http://localhost:1080/WebTours/images/flights.gif" in HTML "http://localhost:1080/cgi-bin/nav.pl?page=menu&in=home"  	[MsgId: MMSG-26659]
..\\Parametres\\common_lib.h(71): Found resource "http://localhost:1080/WebTours/images/itinerary.gif" in HTML "http://localhost:1080/cgi-bin/nav.pl?page=menu&in=home"  	[MsgId: MMSG-26659]
..\\Parametres\\common_lib.h(71): Found resource "http://localhost:1080/WebTours/images/in_home.gif" in HTML "http://localhost:1080/cgi-bin/nav.pl?page=menu&in=home"  	[MsgId: MMSG-26659]
..\\Parametres\\common_lib.h(71): Found resource "http://localhost:1080/WebTours/images/signoff.gif" in HTML "http://localhost:1080/cgi-bin/nav.pl?page=menu&in=home"  	[MsgId: MMSG-26659]
..\\Parametres\\common_lib.h(71): Registered web_reg_find successful for "Text=<blockquote>Welcome, <b>oleg54</b>, to the Web Tours reservation pages." (count=1)  	[MsgId: MMSG-26364]
..\\Parametres\\common_lib.h(71): web_submit_data("login.pl_2") was successful, 5781 body bytes, 2050 header bytes, 36 chunking overhead bytes  	[MsgId: MMSG-26385]
..\\Parametres\\common_lib.h(88): Notify: Transaction "login" ended with a "Pass" status (Duration: 0,2521 Wasted Time: 0,0001).	[MsgId: MMSG-16871]
Action.c(10): Notify: Transaction "clickItinerary" started.	[MsgId: MMSG-16999]
Action.c(12): web_reg_find started  	[MsgId: MMSG-26355]
Action.c(12): Registering web_reg_find was successful  	[MsgId: MMSG-26390]
Action.c(14): web_url("Itinerary Button") started  	[MsgId: MMSG-26355]
Action.c(14): Detected non-resource "http://localhost:1080/cgi-bin/nav.pl?page=menu&in=itinerary" in "http://localhost:1080/cgi-bin/welcome.pl?page=itinerary"  	[MsgId: MMSG-26574]
Action.c(14): Detected non-resource "http://localhost:1080/cgi-bin/itinerary.pl" in "http://localhost:1080/cgi-bin/welcome.pl?page=itinerary"  	[MsgId: MMSG-26574]
Action.c(14): Resource "http://localhost:1080/WebTours/images/flights.gif" is in the cache already and will not be downloaded again  	[MsgId: MMSG-26655]
Action.c(14): Found resource "http://localhost:1080/WebTours/images/in_itinerary.gif" in HTML "http://localhost:1080/cgi-bin/nav.pl?page=menu&in=itinerary"  	[MsgId: MMSG-26659]
Action.c(14): Found resource "http://localhost:1080/WebTours/images/home.gif" in HTML "http://localhost:1080/cgi-bin/nav.pl?page=menu&in=itinerary"  	[MsgId: MMSG-26659]
Action.c(14): Resource "http://localhost:1080/WebTours/images/signoff.gif" is in the cache already and will not be downloaded again  	[MsgId: MMSG-26655]
Action.c(14): Found resource "http://localhost:1080/WebTours/images/cancelreservation.gif" in HTML "http://localhost:1080/cgi-bin/itinerary.pl"  	[MsgId: MMSG-26659]
Action.c(14): Found resource "http://localhost:1080/WebTours/images/cancelallreservations.gif" in HTML "http://localhost:1080/cgi-bin/itinerary.pl"  	[MsgId: MMSG-26659]
Action.c(14): Registered web_reg_find successful for "Text=Flights List" (count=1)  	[MsgId: MMSG-26364]
Action.c(14): web_url("Itinerary Button") was successful, 490121 body bytes, 1917 header bytes, 939 chunking overhead bytes  	[MsgId: MMSG-26385]
Action.c(24): Notify: Transaction "clickItinerary" ended with a "Pass" status (Duration: 0,2867 Wasted Time: 0,0014).	[MsgId: MMSG-16871]
Action.c(26): Notify: Transaction "UC05_Itinerary" ended with a "Pass" status (Duration: 0,7080 Wasted Time: 0,0030).	[MsgId: MMSG-16871]
Ending action Action.	[MsgId: MMSG-15918]
Ending iteration 4.	[MsgId: MMSG-15965]
Waiting 89,2890 seconds for iteration pacing.	[MsgId: MMSG-15996]
Starting iteration 5.	[MsgId: MMSG-15968]
Starting action Action.	[MsgId: MMSG-15919]
Action.c(4): Notify: Transaction "UC05_Itinerary" started.	[MsgId: MMSG-16999]
..\\Parametres\\common_lib.h(2): Notify: Transaction "homePage" started.	[MsgId: MMSG-16999]
..\\Parametres\\common_lib.h(4): web_add_auto_header("DNT") started  	[MsgId: MMSG-26355]
..\\Parametres\\common_lib.h(4): web_add_auto_header("DNT") was successful  	[MsgId: MMSG-26392]
..\\Parametres\\common_lib.h(7): web_reg_find started  	[MsgId: MMSG-26355]
..\\Parametres\\common_lib.h(7): Registering web_reg_find was successful  	[MsgId: MMSG-26390]
..\\Parametres\\common_lib.h(10): web_reg_save_param_attrib started  	[MsgId: MMSG-26355]
..\\Parametres\\common_lib.h(10): Registering web_reg_save_param_attrib was successful  	[MsgId: MMSG-26390]
..\\Parametres\\common_lib.h(21): web_url("WebTours") started  	[MsgId: MMSG-26355]
..\\Parametres\\common_lib.h(21): Detected non-resource "http://localhost:1080/WebTours/header.html" in "http://localhost:1080/WebTours/"  	[MsgId: MMSG-26574]
..\\Parametres\\common_lib.h(21): Detected non-resource "http://localhost:1080/cgi-bin/welcome.pl?signOff=true" in "http://localhost:1080/WebTours/"  	[MsgId: MMSG-26574]
..\\Parametres\\common_lib.h(21): Found resource "http://localhost:1080/WebTours/images/hp_logo.png" in HTML "http://localhost:1080/WebTours/header.html"  	[MsgId: MMSG-26659]
..\\Parametres\\common_lib.h(21): Found resource "http://localhost:1080/WebTours/images/webtours.png" in HTML "http://localhost:1080/WebTours/header.html"  	[MsgId: MMSG-26659]
..\\Parametres\\common_lib.h(21): Detected non-resource "http://localhost:1080/cgi-bin/nav.pl?in=home" in "http://localhost:1080/cgi-bin/welcome.pl?signOff=true"  	[MsgId: MMSG-26574]
..\\Parametres\\common_lib.h(21): Detected non-resource "http://localhost:1080/WebTours/home.html" in "http://localhost:1080/cgi-bin/welcome.pl?signOff=true"  	[MsgId: MMSG-26574]
..\\Parametres\\common_lib.h(21): Found resource "http://localhost:1080/WebTours/images/mer_login.gif" in HTML "http://localhost:1080/cgi-bin/nav.pl?in=home"  	[MsgId: MMSG-26659]
..\\Parametres\\common_lib.h(21): Registered web_reg_find successful for "Text=Welcome to the Web Tours site" (count=1)  	[MsgId: MMSG-26364]
..\\Parametres\\common_lib.h(21): web_url("WebTours") was successful, 10080 body bytes, 2378 header bytes, 24 chunking overhead bytes  	[MsgId: MMSG-26385]
..\\Parametres\\common_lib.h(31): web_set_sockets_option started  	[MsgId: MMSG-26355]
..\\Parametres\\common_lib.h(31): web_set_sockets_option was successful  	[MsgId: MMSG-26392]
..\\Parametres\\common_lib.h(33): Notify: Transaction "homePage" ended with a "Pass" status (Duration: 0,1614 Wasted Time: 0,0008).	[MsgId: MMSG-16871]
..\\Parametres\\common_lib.h(66): Notify: Transaction "login" started.	[MsgId: MMSG-16999]
..\\Parametres\\common_lib.h(68): web_reg_find started  	[MsgId: MMSG-26355]
..\\Parametres\\common_lib.h(68): Registering web_reg_find was successful  	[MsgId: MMSG-26390]
..\\Parametres\\common_lib.h(71): web_submit_data("login.pl_2") started  	[MsgId: MMSG-26355]
..\\Parametres\\common_lib.h(71): Detected non-resource "http://localhost:1080/cgi-bin/nav.pl?page=menu&in=home" in "http://localhost:1080/cgi-bin/login.pl"  	[MsgId: MMSG-26574]
..\\Parametres\\common_lib.h(71): Detected non-resource "http://localhost:1080/cgi-bin/login.pl?intro=true" in "http://localhost:1080/cgi-bin/login.pl"  	[MsgId: MMSG-26574]
..\\Parametres\\common_lib.h(71): Found resource "http://localhost:1080/WebTours/images/flights.gif" in HTML "http://localhost:1080/cgi-bin/nav.pl?page=menu&in=home"  	[MsgId: MMSG-26659]
..\\Parametres\\common_lib.h(71): Found resource "http://localhost:1080/WebTours/images/itinerary.gif" in HTML "http://localhost:1080/cgi-bin/nav.pl?page=menu&in=home"  	[MsgId: MMSG-26659]
..\\Parametres\\common_lib.h(71): Found resource "http://localhost:1080/WebTours/images/in_home.gif" in HTML "http://localhost:1080/cgi-bin/nav.pl?page=menu&in=home"  	[MsgId: MMSG-26659]
..\\Parametres\\common_lib.h(71): Found resource "http://localhost:1080/WebTours/images/signoff.gif" in HTML "http://localhost:1080/cgi-bin/nav.pl?page=menu&in=home"  	[MsgId: MMSG-26659]
..\\Parametres\\common_lib.h(71): Registered web_reg_find successful for "Text=<blockquote>Welcome, <b>jojo</b>, to the Web Tours reservation pages." (count=1)  	[MsgId: MMSG-26364]
..\\Parametres\\common_lib.h(71): web_submit_data("login.pl_2") was successful, 5779 body bytes, 2047 header bytes, 36 chunking overhead bytes  	[MsgId: MMSG-26385]
..\\Parametres\\common_lib.h(88): Notify: Transaction "login" ended with a "Pass" status (Duration: 0,2007 Wasted Time: 0,0000).	[MsgId: MMSG-16871]
Action.c(10): Notify: Transaction "clickItinerary" started.	[MsgId: MMSG-16999]
Action.c(12): web_reg_find started  	[MsgId: MMSG-26355]
Action.c(12): Registering web_reg_find was successful  	[MsgId: MMSG-26390]
Action.c(14): web_url("Itinerary Button") started  	[MsgId: MMSG-26355]
Action.c(14): Detected non-resource "http://localhost:1080/cgi-bin/nav.pl?page=menu&in=itinerary" in "http://localhost:1080/cgi-bin/welcome.pl?page=itinerary"  	[MsgId: MMSG-26574]
Action.c(14): Detected non-resource "http://localhost:1080/cgi-bin/itinerary.pl" in "http://localhost:1080/cgi-bin/welcome.pl?page=itinerary"  	[MsgId: MMSG-26574]
Action.c(14): Resource "http://localhost:1080/WebTours/images/flights.gif" is in the cache already and will not be downloaded again  	[MsgId: MMSG-26655]
Action.c(14): Found resource "http://localhost:1080/WebTours/images/in_itinerary.gif" in HTML "http://localhost:1080/cgi-bin/nav.pl?page=menu&in=itinerary"  	[MsgId: MMSG-26659]
Action.c(14): Found resource "http://localhost:1080/WebTours/images/home.gif" in HTML "http://localhost:1080/cgi-bin/nav.pl?page=menu&in=itinerary"  	[MsgId: MMSG-26659]
Action.c(14): Resource "http://localhost:1080/WebTours/images/signoff.gif" is in the cache already and will not be downloaded again  	[MsgId: MMSG-26655]
Action.c(14): Found resource "http://localhost:1080/WebTours/images/cancelreservation.gif" in HTML "http://localhost:1080/cgi-bin/itinerary.pl"  	[MsgId: MMSG-26659]
Action.c(14): Found resource "http://localhost:1080/WebTours/images/cancelallreservations.gif" in HTML "http://localhost:1080/cgi-bin/itinerary.pl"  	[MsgId: MMSG-26659]
Action.c(14): Registered web_reg_find successful for "Text=Flights List" (count=1)  	[MsgId: MMSG-26364]
Action.c(14): web_url("Itinerary Button") was successful, 448600 body bytes, 1917 header bytes, 867 chunking overhead bytes  	[MsgId: MMSG-26385]
Action.c(24): Notify: Transaction "clickItinerary" ended with a "Pass" status (Duration: 0,2514 Wasted Time: 0,0013).	[MsgId: MMSG-16871]
Action.c(26): Notify: Transaction "UC05_Itinerary" ended with a "Pass" status (Duration: 0,6140 Wasted Time: 0,0021).	[MsgId: MMSG-16871]
Ending action Action.	[MsgId: MMSG-15918]
Ending iteration 5.	[MsgId: MMSG-15965]
Waiting 89,3800 seconds for iteration pacing.	[MsgId: MMSG-15996]
Ending Vuser...	[MsgId: MMSG-15966]
Starting action vuser_end.	[MsgId: MMSG-15919]
Ending action vuser_end.	[MsgId: MMSG-15918]
Vuser Terminated.	[MsgId: MMSG-15963]
