Start auto log messages stack - Iteration 3.	[MsgId: MMSG-10545]
Action.c(24): lr_think_time: 5,00 seconds.	[MsgId: MMSG-15948]
..\\Parametres\\common_lib.h(39): Notify: Transaction "regProfile" started.	[MsgId: MMSG-16999]
..\\Parametres\\common_lib.h(41): web_reg_find started  	[MsgId: MMSG-26355]
..\\Parametres\\common_lib.h(41): Registering web_reg_find was successful  	[MsgId: MMSG-26390]
..\\Parametres\\common_lib.h(43): web_submit_data("login.pl") started  	[MsgId: MMSG-26355]
..\\Parametres\\common_lib.h(43): Resource "http://localhost:1080/WebTours/profileValidate.js" is in the cache already and will not be downloaded again  	[MsgId: MMSG-26655]
..\\Parametres\\common_lib.h(43): Resource "http://localhost:1080/WebTours/images/button_next.gif" is in the cache already and will not be downloaded again  	[MsgId: MMSG-26655]
..\\Parametres\\common_lib.h(43): Error -26366: "Text=<blockquote>Thank you, <b>lucifer666</b>, for registering and welcome" not found for web_reg_find  	[MsgId: MERR-26366]
End auto log messages stack.	[MsgId: MMSG-10544]


Start auto log messages stack - Iteration 4.	[MsgId: MMSG-10545]
Action.c(24): lr_think_time: 5,00 seconds.	[MsgId: MMSG-15948]
..\\Parametres\\common_lib.h(39): Notify: Transaction "regProfile" started.	[MsgId: MMSG-16999]
..\\Parametres\\common_lib.h(41): web_reg_find started  	[MsgId: MMSG-26355]
..\\Parametres\\common_lib.h(41): Registering web_reg_find was successful  	[MsgId: MMSG-26390]
..\\Parametres\\common_lib.h(43): web_submit_data("login.pl") started  	[MsgId: MMSG-26355]
..\\Parametres\\common_lib.h(43): Resource "http://localhost:1080/WebTours/profileValidate.js" is in the cache already and will not be downloaded again  	[MsgId: MMSG-26655]
..\\Parametres\\common_lib.h(43): Resource "http://localhost:1080/WebTours/images/button_next.gif" is in the cache already and will not be downloaded again  	[MsgId: MMSG-26655]
..\\Parametres\\common_lib.h(43): Error -26366: "Text=<blockquote>Thank you, <b>lena54</b>, for registering and welcome" not found for web_reg_find  	[MsgId: MERR-26366]
End auto log messages stack.	[MsgId: MMSG-10544]


Start auto log messages stack - Iteration 5.	[MsgId: MMSG-10545]
Action.c(24): lr_think_time: 5,00 seconds.	[MsgId: MMSG-15948]
..\\Parametres\\common_lib.h(39): Notify: Transaction "regProfile" started.	[MsgId: MMSG-16999]
..\\Parametres\\common_lib.h(41): web_reg_find started  	[MsgId: MMSG-26355]
..\\Parametres\\common_lib.h(41): Registering web_reg_find was successful  	[MsgId: MMSG-26390]
..\\Parametres\\common_lib.h(43): web_submit_data("login.pl") started  	[MsgId: MMSG-26355]
..\\Parametres\\common_lib.h(43): Resource "http://localhost:1080/WebTours/profileValidate.js" is in the cache already and will not be downloaded again  	[MsgId: MMSG-26655]
..\\Parametres\\common_lib.h(43): Resource "http://localhost:1080/WebTours/images/button_next.gif" is in the cache already and will not be downloaded again  	[MsgId: MMSG-26655]
..\\Parametres\\common_lib.h(43): Error -26366: "Text=<blockquote>Thank you, <b>artem478</b>, for registering and welcome" not found for web_reg_find  	[MsgId: MERR-26366]
End auto log messages stack.	[MsgId: MMSG-10544]


Start auto log messages stack - Iteration 6.	[MsgId: MMSG-10545]
Action.c(24): lr_think_time: 5,00 seconds.	[MsgId: MMSG-15948]
..\\Parametres\\common_lib.h(39): Notify: Transaction "regProfile" started.	[MsgId: MMSG-16999]
..\\Parametres\\common_lib.h(41): web_reg_find started  	[MsgId: MMSG-26355]
..\\Parametres\\common_lib.h(41): Registering web_reg_find was successful  	[MsgId: MMSG-26390]
..\\Parametres\\common_lib.h(43): web_submit_data("login.pl") started  	[MsgId: MMSG-26355]
..\\Parametres\\common_lib.h(43): Resource "http://localhost:1080/WebTours/profileValidate.js" is in the cache already and will not be downloaded again  	[MsgId: MMSG-26655]
..\\Parametres\\common_lib.h(43): Resource "http://localhost:1080/WebTours/images/button_next.gif" is in the cache already and will not be downloaded again  	[MsgId: MMSG-26655]
..\\Parametres\\common_lib.h(43): Error -26366: "Text=<blockquote>Thank you, <b>sergei5646</b>, for registering and welcome" not found for web_reg_find  	[MsgId: MERR-26366]
End auto log messages stack.	[MsgId: MMSG-10544]


Start auto log messages stack - Iteration 7.	[MsgId: MMSG-10545]
Action.c(24): lr_think_time: 5,00 seconds.	[MsgId: MMSG-15948]
..\\Parametres\\common_lib.h(39): Notify: Transaction "regProfile" started.	[MsgId: MMSG-16999]
..\\Parametres\\common_lib.h(41): web_reg_find started  	[MsgId: MMSG-26355]
..\\Parametres\\common_lib.h(41): Registering web_reg_find was successful  	[MsgId: MMSG-26390]
..\\Parametres\\common_lib.h(43): web_submit_data("login.pl") started  	[MsgId: MMSG-26355]
..\\Parametres\\common_lib.h(43): Resource "http://localhost:1080/WebTours/profileValidate.js" is in the cache already and will not be downloaded again  	[MsgId: MMSG-26655]
..\\Parametres\\common_lib.h(43): Resource "http://localhost:1080/WebTours/images/button_next.gif" is in the cache already and will not be downloaded again  	[MsgId: MMSG-26655]
..\\Parametres\\common_lib.h(43): Error -26366: "Text=<blockquote>Thank you, <b>artem478</b>, for registering and welcome" not found for web_reg_find  	[MsgId: MERR-26366]
End auto log messages stack.	[MsgId: MMSG-10544]


