C:\\Users\\\303\363\353\374\355\340\360\340\\Desktop\\LoadRunner\\LoadRunner_Works\\\321\352\360\350\357\362\373\\common_lib.h(21): web_url("WebTours") highest severity level was "ERROR", 0 body bytes, 0 header bytes  	[MsgId: MMSG-26388]
C:\\Users\\\303\363\353\374\355\340\360\340\\Desktop\\LoadRunner\\LoadRunner_Works\\\321\352\360\350\357\362\373\\common_lib.h(21): Notify: Transaction "homePage" ended with a "Fail" status (Duration: 1,0337 Wasted Time: 0,0007).	[MsgId: MMSG-16871]
C:\\Users\\\303\363\353\374\355\340\360\340\\Desktop\\LoadRunner\\LoadRunner_Works\\\321\352\360\350\357\362\373\\common_lib.h(21): Notify: Transaction "homePage" has 3 error message(s).	[MsgId: MMSG-16818]
C:\\Users\\\303\363\353\374\355\340\360\340\\Desktop\\LoadRunner\\LoadRunner_Works\\\321\352\360\350\357\362\373\\common_lib.h(21): Notify: The 1st error message associated with transaction "homePage" is "Error -27792: Failed to connect to server "localhost:1080": [10061] Connection refused"	[MsgId: MMSG-16819]
C:\\Users\\\303\363\353\374\355\340\360\340\\Desktop\\LoadRunner\\LoadRunner_Works\\\321\352\360\350\357\362\373\\common_lib.h(21): Notify: The 2nd error message associated with transaction "homePage" is "Error -26366: "Text=Welcome to the Web Tours site" not found for web_reg_find"	[MsgId: MMSG-16819]
C:\\Users\\\303\363\353\374\355\340\360\340\\Desktop\\LoadRunner\\LoadRunner_Works\\\321\352\360\350\357\362\373\\common_lib.h(21): Notify: The 3rd error message associated with transaction "homePage" is "Error -26374: The above "not found" error(s) may be explained by header and body byte counts being 0 and 0, respectively."	[MsgId: MMSG-16819]
C:\\Users\\\303\363\353\374\355\340\360\340\\Desktop\\LoadRunner\\LoadRunner_Works\\\321\352\360\350\357\362\373\\common_lib.h(21): Notify: Transaction "UC04_DeleteTickets" ended with a "Fail" status (Duration: 1,0338 Wasted Time: 0,0007).	[MsgId: MMSG-16871]
C:\\Users\\\303\363\353\374\355\340\360\340\\Desktop\\LoadRunner\\LoadRunner_Works\\\321\352\360\350\357\362\373\\common_lib.h(21): Notify: Transaction "UC04_DeleteTickets" has 3 error message(s).	[MsgId: MMSG-16818]
C:\\Users\\\303\363\353\374\355\340\360\340\\Desktop\\LoadRunner\\LoadRunner_Works\\\321\352\360\350\357\362\373\\common_lib.h(21): Notify: The 1st error message associated with transaction "UC04_DeleteTickets" is "Error -27792: Failed to connect to server "localhost:1080": [10061] Connection refused"	[MsgId: MMSG-16819]
C:\\Users\\\303\363\353\374\355\340\360\340\\Desktop\\LoadRunner\\LoadRunner_Works\\\321\352\360\350\357\362\373\\common_lib.h(21): Notify: The 2nd error message associated with transaction "UC04_DeleteTickets" is "Error -26366: "Text=Welcome to the Web Tours site" not found for web_reg_find"	[MsgId: MMSG-16819]
C:\\Users\\\303\363\353\374\355\340\360\340\\Desktop\\LoadRunner\\LoadRunner_Works\\\321\352\360\350\357\362\373\\common_lib.h(21): Notify: The 3rd error message associated with transaction "UC04_DeleteTickets" is "Error -26374: The above "not found" error(s) may be explained by header and body byte counts being 0 and 0, respectively."	[MsgId: MMSG-16819]
Ending action Action.	[MsgId: MMSG-15918]
Ending iteration 61.	[MsgId: MMSG-15965]
Starting iteration 62.	[MsgId: MMSG-15968]
C:\\Users\\\303\363\353\374\355\340\360\340\\Desktop\\LoadRunner\\LoadRunner_Works\\\321\352\360\350\357\362\373\\common_lib.h(21): Resetting all proxy auto-configuration information  	[MsgId: MMSG-26000]
Notify: Next row for parameter Username = 6 [table  = Username].	[MsgId: MMSG-13876]
Notify: Getting new value for parameter 'Username': table = '..\Parametres\data.dat' column = '0' row = '6'.	[MsgId: MMSG-13877]
Notify: Next row for parameter Password = 6 [table  = Password].	[MsgId: MMSG-13876]
Notify: Getting new value for parameter 'Password': table = '..\Parametres\data.dat' column = '3' row = '6'.	[MsgId: MMSG-13877]
Starting action Action.	[MsgId: MMSG-15919]
Action.c(6): web_set_max_html_param_len started  	[MsgId: MMSG-26355]
Action.c(6): web_set_max_html_param_len was successful  	[MsgId: MMSG-26392]
Action.c(8): Notify: Transaction "UC04_DeleteTickets" started.	[MsgId: MMSG-16999]
C:\\Users\\\303\363\353\374\355\340\360\340\\Desktop\\LoadRunner\\LoadRunner_Works\\\321\352\360\350\357\362\373\\common_lib.h(2): Notify: Transaction "homePage" started.	[MsgId: MMSG-16999]
C:\\Users\\\303\363\353\374\355\340\360\340\\Desktop\\LoadRunner\\LoadRunner_Works\\\321\352\360\350\357\362\373\\common_lib.h(4): web_add_auto_header("DNT") started  	[MsgId: MMSG-26355]
C:\\Users\\\303\363\353\374\355\340\360\340\\Desktop\\LoadRunner\\LoadRunner_Works\\\321\352\360\350\357\362\373\\common_lib.h(4): An unrecognized header ("DNT") is being added  	[MsgId: MMSG-26595]
C:\\Users\\\303\363\353\374\355\340\360\340\\Desktop\\LoadRunner\\LoadRunner_Works\\\321\352\360\350\357\362\373\\common_lib.h(4): "DNT: 1" header registered for adding to requests from all following Action functions  	[MsgId: MMSG-26505]
C:\\Users\\\303\363\353\374\355\340\360\340\\Desktop\\LoadRunner\\LoadRunner_Works\\\321\352\360\350\357\362\373\\common_lib.h(4): web_add_auto_header("DNT") was successful  	[MsgId: MMSG-26392]
C:\\Users\\\303\363\353\374\355\340\360\340\\Desktop\\LoadRunner\\LoadRunner_Works\\\321\352\360\350\357\362\373\\common_lib.h(7): web_reg_find started  	[MsgId: MMSG-26355]
C:\\Users\\\303\363\353\374\355\340\360\340\\Desktop\\LoadRunner\\LoadRunner_Works\\\321\352\360\350\357\362\373\\common_lib.h(7): Registering web_reg_find was successful  	[MsgId: MMSG-26390]
C:\\Users\\\303\363\353\374\355\340\360\340\\Desktop\\LoadRunner\\LoadRunner_Works\\\321\352\360\350\357\362\373\\common_lib.h(10): web_reg_save_param_attrib started  	[MsgId: MMSG-26355]
C:\\Users\\\303\363\353\374\355\340\360\340\\Desktop\\LoadRunner\\LoadRunner_Works\\\321\352\360\350\357\362\373\\common_lib.h(10): Registering web_reg_save_param_attrib was successful  	[MsgId: MMSG-26390]
C:\\Users\\\303\363\353\374\355\340\360\340\\Desktop\\LoadRunner\\LoadRunner_Works\\\321\352\360\350\357\362\373\\common_lib.h(21): web_url("WebTours") started  	[MsgId: MMSG-26355]
C:\\Users\\\303\363\353\374\355\340\360\340\\Desktop\\LoadRunner\\LoadRunner_Works\\\321\352\360\350\357\362\373\\common_lib.h(21): t=71338ms: Connecting [0] to host 127.0.0.1:1080  	[MsgId: MMSG-26000]
C:\\Users\\\303\363\353\374\355\340\360\340\\Desktop\\LoadRunner\\LoadRunner_Works\\\321\352\360\350\357\362\373\\common_lib.h(21): Error -27792: Failed to connect to server "localhost:1080": [10061] Connection refused  	[MsgId: MERR-27792]
C:\\Users\\\303\363\353\374\355\340\360\340\\Desktop\\LoadRunner\\LoadRunner_Works\\\321\352\360\350\357\362\373\\common_lib.h(21): t=71558ms: Closed connection [0] to localhost:1080 after completing 0 request(s)  	[MsgId: MMSG-26000]
C:\\Users\\\303\363\353\374\355\340\360\340\\Desktop\\LoadRunner\\LoadRunner_Works\\\321\352\360\350\357\362\373\\common_lib.h(21): Search registration for "userSession" parameter is filtered by "Content Type"  	[MsgId: MMSG-26000]
C:\\Users\\\303\363\353\374\355\340\360\340\\Desktop\\LoadRunner\\LoadRunner_Works\\\321\352\360\350\357\362\373\\common_lib.h(21): Notify: Saving Parameter "userSession = ".	[MsgId: MMSG-13798]
C:\\Users\\\303\363\353\374\355\340\360\340\\Desktop\\LoadRunner\\LoadRunner_Works\\\321\352\360\350\357\362\373\\common_lib.h(21): Error -35048: No match found for the requested parameter "userSession". Check whether the tag with specific attributes exists in the response data  	[MsgId: MERR-35048]
C:\\Users\\\303\363\353\374\355\340\360\340\\Desktop\\LoadRunner\\LoadRunner_Works\\\321\352\360\350\357\362\373\\common_lib.h(21): Error -26366: "Text=Welcome to the Web Tours site" not found for web_reg_find  	[MsgId: MERR-26366]
C:\\Users\\\303\363\353\374\355\340\360\340\\Desktop\\LoadRunner\\LoadRunner_Works\\\321\352\360\350\357\362\373\\common_lib.h(21): Error -26374: The above "not found" error(s) may be explained by header and body byte counts being 0 and 0, respectively.  	[MsgId: MERR-26374]
C:\\Users\\\303\363\353\374\355\340\360\340\\Desktop\\LoadRunner\\LoadRunner_Works\\\321\352\360\350\357\362\373\\common_lib.h(21): web_url("WebTours") highest severity level was "ERROR", 0 body bytes, 0 header bytes  	[MsgId: MMSG-26388]
C:\\Users\\\303\363\353\374\355\340\360\340\\Desktop\\LoadRunner\\LoadRunner_Works\\\321\352\360\350\357\362\373\\common_lib.h(21): Notify: Transaction "homePage" ended with a "Fail" status (Duration: 1,0156 Wasted Time: 0,0009).	[MsgId: MMSG-16871]
C:\\Users\\\303\363\353\374\355\340\360\340\\Desktop\\LoadRunner\\LoadRunner_Works\\\321\352\360\350\357\362\373\\common_lib.h(21): Notify: Transaction "homePage" has 3 error message(s).	[MsgId: MMSG-16818]
C:\\Users\\\303\363\353\374\355\340\360\340\\Desktop\\LoadRunner\\LoadRunner_Works\\\321\352\360\350\357\362\373\\common_lib.h(21): Notify: The 1st error message associated with transaction "homePage" is "Error -27792: Failed to connect to server "localhost:1080": [10061] Connection refused"	[MsgId: MMSG-16819]
C:\\Users\\\303\363\353\374\355\340\360\340\\Desktop\\LoadRunner\\LoadRunner_Works\\\321\352\360\350\357\362\373\\common_lib.h(21): Notify: The 2nd error message associated with transaction "homePage" is "Error -26366: "Text=Welcome to the Web Tours site" not found for web_reg_find"	[MsgId: MMSG-16819]
C:\\Users\\\303\363\353\374\355\340\360\340\\Desktop\\LoadRunner\\LoadRunner_Works\\\321\352\360\350\357\362\373\\common_lib.h(21): Notify: The 3rd error message associated with transaction "homePage" is "Error -26374: The above "not found" error(s) may be explained by header and body byte counts being 0 and 0, respectively."	[MsgId: MMSG-16819]
C:\\Users\\\303\363\353\374\355\340\360\340\\Desktop\\LoadRunner\\LoadRunner_Works\\\321\352\360\350\357\362\373\\common_lib.h(21): Notify: Transaction "UC04_DeleteTickets" ended with a "Fail" status (Duration: 1,0158 Wasted Time: 0,0009).	[MsgId: MMSG-16871]
C:\\Users\\\303\363\353\374\355\340\360\340\\Desktop\\LoadRunner\\LoadRunner_Works\\\321\352\360\350\357\362\373\\common_lib.h(21): Notify: Transaction "UC04_DeleteTickets" has 3 error message(s).	[MsgId: MMSG-16818]
C:\\Users\\\303\363\353\374\355\340\360\340\\Desktop\\LoadRunner\\LoadRunner_Works\\\321\352\360\350\357\362\373\\common_lib.h(21): Notify: The 1st error message associated with transaction "UC04_DeleteTickets" is "Error -27792: Failed to connect to server "localhost:1080": [10061] Connection refused"	[MsgId: MMSG-16819]
C:\\Users\\\303\363\353\374\355\340\360\340\\Desktop\\LoadRunner\\LoadRunner_Works\\\321\352\360\350\357\362\373\\common_lib.h(21): Notify: The 2nd error message associated with transaction "UC04_DeleteTickets" is "Error -26366: "Text=Welcome to the Web Tours site" not found for web_reg_find"	[MsgId: MMSG-16819]
C:\\Users\\\303\363\353\374\355\340\360\340\\Desktop\\LoadRunner\\LoadRunner_Works\\\321\352\360\350\357\362\373\\common_lib.h(21): Notify: The 3rd error message associated with transaction "UC04_DeleteTickets" is "Error -26374: The above "not found" error(s) may be explained by header and body byte counts being 0 and 0, respectively."	[MsgId: MMSG-16819]
Ending action Action.	[MsgId: MMSG-15918]
Ending iteration 66.	[MsgId: MMSG-15965]
Starting iteration 67.	[MsgId: MMSG-15968]
C:\\Users\\\303\363\353\374\355\340\360\340\\Desktop\\LoadRunner\\LoadRunner_Works\\\321\352\360\350\357\362\373\\common_lib.h(21): Resetting all proxy auto-configuration information  	[MsgId: MMSG-26000]
Notify: Next row for parameter Username = 9 [table  = Username].	[MsgId: MMSG-13876]
Notify: Getting new value for parameter 'Username': table = '..\Parametres\data.dat' column = '0' row = '9'.	[MsgId: MMSG-13877]
Notify: Next row for parameter Password = 9 [table  = Password].	[MsgId: MMSG-13876]
Notify: Getting new value for parameter 'Password': table = '..\Parametres\data.dat' column = '3' row = '9'.	[MsgId: MMSG-13877]
Starting action Action.	[MsgId: MMSG-15919]
Action.c(6): web_set_max_html_param_len started  	[MsgId: MMSG-26355]
Action.c(6): web_set_max_html_param_len was successful  	[MsgId: MMSG-26392]
Action.c(8): Notify: Transaction "UC04_DeleteTickets" started.	[MsgId: MMSG-16999]
C:\\Users\\\303\363\353\374\355\340\360\340\\Desktop\\LoadRunner\\LoadRunner_Works\\\321\352\360\350\357\362\373\\common_lib.h(2): Notify: Transaction "homePage" started.	[MsgId: MMSG-16999]
C:\\Users\\\303\363\353\374\355\340\360\340\\Desktop\\LoadRunner\\LoadRunner_Works\\\321\352\360\350\357\362\373\\common_lib.h(4): web_add_auto_header("DNT") started  	[MsgId: MMSG-26355]
C:\\Users\\\303\363\353\374\355\340\360\340\\Desktop\\LoadRunner\\LoadRunner_Works\\\321\352\360\350\357\362\373\\common_lib.h(4): An unrecognized header ("DNT") is being added  	[MsgId: MMSG-26595]
C:\\Users\\\303\363\353\374\355\340\360\340\\Desktop\\LoadRunner\\LoadRunner_Works\\\321\352\360\350\357\362\373\\common_lib.h(4): "DNT: 1" header registered for adding to requests from all following Action functions  	[MsgId: MMSG-26505]
C:\\Users\\\303\363\353\374\355\340\360\340\\Desktop\\LoadRunner\\LoadRunner_Works\\\321\352\360\350\357\362\373\\common_lib.h(4): web_add_auto_header("DNT") was successful  	[MsgId: MMSG-26392]
C:\\Users\\\303\363\353\374\355\340\360\340\\Desktop\\LoadRunner\\LoadRunner_Works\\\321\352\360\350\357\362\373\\common_lib.h(7): web_reg_find started  	[MsgId: MMSG-26355]
C:\\Users\\\303\363\353\374\355\340\360\340\\Desktop\\LoadRunner\\LoadRunner_Works\\\321\352\360\350\357\362\373\\common_lib.h(7): Registering web_reg_find was successful  	[MsgId: MMSG-26390]
C:\\Users\\\303\363\353\374\355\340\360\340\\Desktop\\LoadRunner\\LoadRunner_Works\\\321\352\360\350\357\362\373\\common_lib.h(10): web_reg_save_param_attrib started  	[MsgId: MMSG-26355]
C:\\Users\\\303\363\353\374\355\340\360\340\\Desktop\\LoadRunner\\LoadRunner_Works\\\321\352\360\350\357\362\373\\common_lib.h(10): Registering web_reg_save_param_attrib was successful  	[MsgId: MMSG-26390]
C:\\Users\\\303\363\353\374\355\340\360\340\\Desktop\\LoadRunner\\LoadRunner_Works\\\321\352\360\350\357\362\373\\common_lib.h(21): web_url("WebTours") started  	[MsgId: MMSG-26355]
C:\\Users\\\303\363\353\374\355\340\360\340\\Desktop\\LoadRunner\\LoadRunner_Works\\\321\352\360\350\357\362\373\\common_lib.h(21): t=71568ms: Connecting [0] to host 127.0.0.1:1080  	[MsgId: MMSG-26000]
C:\\Users\\\303\363\353\374\355\340\360\340\\Desktop\\LoadRunner\\LoadRunner_Works\\\321\352\360\350\357\362\373\\common_lib.h(21): Error -27792: Failed to connect to server "localhost:1080": [10061] Connection refused  	[MsgId: MERR-27792]
C:\\Users\\\303\363\353\374\355\340\360\340\\Desktop\\LoadRunner\\LoadRunner_Works\\\321\352\360\350\357\362\373\\common_lib.h(21): t=72346ms: Closed connection [0] to localhost:1080 after completing 0 request(s)  	[MsgId: MMSG-26000]
C:\\Users\\\303\363\353\374\355\340\360\340\\Desktop\\LoadRunner\\LoadRunner_Works\\\321\352\360\350\357\362\373\\common_lib.h(21): Search registration for "userSession" parameter is filtered by "Content Type"  	[MsgId: MMSG-26000]
C:\\Users\\\303\363\353\374\355\340\360\340\\Desktop\\LoadRunner\\LoadRunner_Works\\\321\352\360\350\357\362\373\\common_lib.h(21): Notify: Saving Parameter "userSession = ".	[MsgId: MMSG-13798]
C:\\Users\\\303\363\353\374\355\340\360\340\\Desktop\\LoadRunner\\LoadRunner_Works\\\321\352\360\350\357\362\373\\common_lib.h(21): Error -35048: No match found for the requested parameter "userSession". Check whether the tag with specific attributes exists in the response data  	[MsgId: MERR-35048]
C:\\Users\\\303\363\353\374\355\340\360\340\\Desktop\\LoadRunner\\LoadRunner_Works\\\321\352\360\350\357\362\373\\common_lib.h(21): Error -26366: "Text=Welcome to the Web Tours site" not found for web_reg_find  	[MsgId: MERR-26366]
C:\\Users\\\303\363\353\374\355\340\360\340\\Desktop\\LoadRunner\\LoadRunner_Works\\\321\352\360\350\357\362\373\\common_lib.h(21): Error -26374: The above "not found" error(s) may be explained by header and body byte counts being 0 and 0, respectively.  	[MsgId: MERR-26374]
C:\\Users\\\303\363\353\374\355\340\360\340\\Desktop\\LoadRunner\\LoadRunner_Works\\\321\352\360\350\357\362\373\\common_lib.h(21): web_url("WebTours") highest severity level was "ERROR", 0 body bytes, 0 header bytes  	[MsgId: MMSG-26388]
C:\\Users\\\303\363\353\374\355\340\360\340\\Desktop\\LoadRunner\\LoadRunner_Works\\\321\352\360\350\357\362\373\\common_lib.h(21): Notify: Transaction "homePage" ended with a "Fail" status (Duration: 1,0157 Wasted Time: 0,0006).	[MsgId: MMSG-16871]
C:\\Users\\\303\363\353\374\355\340\360\340\\Desktop\\LoadRunner\\LoadRunner_Works\\\321\352\360\350\357\362\373\\common_lib.h(21): Notify: Transaction "homePage" has 3 error message(s).	[MsgId: MMSG-16818]
C:\\Users\\\303\363\353\374\355\340\360\340\\Desktop\\LoadRunner\\LoadRunner_Works\\\321\352\360\350\357\362\373\\common_lib.h(21): Notify: The 1st error message associated with transaction "homePage" is "Error -27792: Failed to connect to server "localhost:1080": [10061] Connection refused"	[MsgId: MMSG-16819]
C:\\Users\\\303\363\353\374\355\340\360\340\\Desktop\\LoadRunner\\LoadRunner_Works\\\321\352\360\350\357\362\373\\common_lib.h(21): Notify: The 2nd error message associated with transaction "homePage" is "Error -26366: "Text=Welcome to the Web Tours site" not found for web_reg_find"	[MsgId: MMSG-16819]
C:\\Users\\\303\363\353\374\355\340\360\340\\Desktop\\LoadRunner\\LoadRunner_Works\\\321\352\360\350\357\362\373\\common_lib.h(21): Notify: The 3rd error message associated with transaction "homePage" is "Error -26374: The above "not found" error(s) may be explained by header and body byte counts being 0 and 0, respectively."	[MsgId: MMSG-16819]
C:\\Users\\\303\363\353\374\355\340\360\340\\Desktop\\LoadRunner\\LoadRunner_Works\\\321\352\360\350\357\362\373\\common_lib.h(21): Notify: Transaction "UC04_DeleteTickets" ended with a "Fail" status (Duration: 1,0158 Wasted Time: 0,0006).	[MsgId: MMSG-16871]
C:\\Users\\\303\363\353\374\355\340\360\340\\Desktop\\LoadRunner\\LoadRunner_Works\\\321\352\360\350\357\362\373\\common_lib.h(21): Notify: Transaction "UC04_DeleteTickets" has 3 error message(s).	[MsgId: MMSG-16818]
C:\\Users\\\303\363\353\374\355\340\360\340\\Desktop\\LoadRunner\\LoadRunner_Works\\\321\352\360\350\357\362\373\\common_lib.h(21): Notify: The 1st error message associated with transaction "UC04_DeleteTickets" is "Error -27792: Failed to connect to server "localhost:1080": [10061] Connection refused"	[MsgId: MMSG-16819]
C:\\Users\\\303\363\353\374\355\340\360\340\\Desktop\\LoadRunner\\LoadRunner_Works\\\321\352\360\350\357\362\373\\common_lib.h(21): Notify: The 2nd error message associated with transaction "UC04_DeleteTickets" is "Error -26366: "Text=Welcome to the Web Tours site" not found for web_reg_find"	[MsgId: MMSG-16819]
C:\\Users\\\303\363\353\374\355\340\360\340\\Desktop\\LoadRunner\\LoadRunner_Works\\\321\352\360\350\357\362\373\\common_lib.h(21): Notify: The 3rd error message associated with transaction "UC04_DeleteTickets" is "Error -26374: The above "not found" error(s) may be explained by header and body byte counts being 0 and 0, respectively."	[MsgId: MMSG-16819]
Ending action Action.	[MsgId: MMSG-15918]
Action was aborted.	[MsgId: MMSG-10694]
Ending Vuser...	[MsgId: MMSG-15966]
Starting action vuser_end.	[MsgId: MMSG-15919]
Ending action vuser_end.	[MsgId: MMSG-15918]
Vuser Terminated.	[MsgId: MMSG-15963]
HTML-Mode memory management statistics: Reusable=0, NonReusable=0, CsMemBlockSize=4096, checks disabled  	[MsgId: MMSG-26000]
Vuser 1 (thread 13384), ended OK."	[MsgId: MMSG-10695]
C:\\Users\\\303\363\353\374\355\340\360\340\\Desktop\\LoadRunner\\LoadRunner_Works\\\321\352\360\350\357\362\373\\common_lib.h(21): Error -27792: Failed to connect to server "localhost:1080": [10061] Connection refused  	[MsgId: MERR-27792]
C:\\Users\\\303\363\353\374\355\340\360\340\\Desktop\\LoadRunner\\LoadRunner_Works\\\321\352\360\350\357\362\373\\common_lib.h(21): t=72575ms: Closed connection [0] to localhost:1080 after completing 0 request(s)  	[MsgId: MMSG-26000]
C:\\Users\\\303\363\353\374\355\340\360\340\\Desktop\\LoadRunner\\LoadRunner_Works\\\321\352\360\350\357\362\373\\common_lib.h(21): Search registration for "userSession" parameter is filtered by "Content Type"  	[MsgId: MMSG-26000]
C:\\Users\\\303\363\353\374\355\340\360\340\\Desktop\\LoadRunner\\LoadRunner_Works\\\321\352\360\350\357\362\373\\common_lib.h(21): Notify: Saving Parameter "userSession = ".	[MsgId: MMSG-13798]
C:\\Users\\\303\363\353\374\355\340\360\340\\Desktop\\LoadRunner\\LoadRunner_Works\\\321\352\360\350\357\362\373\\common_lib.h(21): Error -35048: No match found for the requested parameter "userSession". Check whether the tag with specific attributes exists in the response data  	[MsgId: MERR-35048]
C:\\Users\\\303\363\353\374\355\340\360\340\\Desktop\\LoadRunner\\LoadRunner_Works\\\321\352\360\350\357\362\373\\common_lib.h(21): Error -26366: "Text=Welcome to the Web Tours site" not found for web_reg_find  	[MsgId: MERR-26366]
C:\\Users\\\303\363\353\374\355\340\360\340\\Desktop\\LoadRunner\\LoadRunner_Works\\\321\352\360\350\357\362\373\\common_lib.h(21): Error -26374: The above "not found" error(s) may be explained by header and body byte counts being 0 and 0, respectively.  	[MsgId: MERR-26374]
C:\\Users\\\303\363\353\374\355\340\360\340\\Desktop\\LoadRunner\\LoadRunner_Works\\\321\352\360\350\357\362\373\\common_lib.h(21): web_url("WebTours") highest severity level was "ERROR", 0 body bytes, 0 header bytes  	[MsgId: MMSG-26388]
C:\\Users\\\303\363\353\374\355\340\360\340\\Desktop\\LoadRunner\\LoadRunner_Works\\\321\352\360\350\357\362\373\\common_lib.h(21): Notify: Transaction "homePage" ended with a "Fail" status (Duration: 1,0180 Wasted Time: 0,0008).	[MsgId: MMSG-16871]
C:\\Users\\\303\363\353\374\355\340\360\340\\Desktop\\LoadRunner\\LoadRunner_Works\\\321\352\360\350\357\362\373\\common_lib.h(21): Notify: Transaction "homePage" has 3 error message(s).	[MsgId: MMSG-16818]
C:\\Users\\\303\363\353\374\355\340\360\340\\Desktop\\LoadRunner\\LoadRunner_Works\\\321\352\360\350\357\362\373\\common_lib.h(21): Notify: The 1st error message associated with transaction "homePage" is "Error -27792: Failed to connect to server "localhost:1080": [10061] Connection refused"	[MsgId: MMSG-16819]
C:\\Users\\\303\363\353\374\355\340\360\340\\Desktop\\LoadRunner\\LoadRunner_Works\\\321\352\360\350\357\362\373\\common_lib.h(21): Notify: The 2nd error message associated with transaction "homePage" is "Error -26366: "Text=Welcome to the Web Tours site" not found for web_reg_find"	[MsgId: MMSG-16819]
C:\\Users\\\303\363\353\374\355\340\360\340\\Desktop\\LoadRunner\\LoadRunner_Works\\\321\352\360\350\357\362\373\\common_lib.h(21): Notify: The 3rd error message associated with transaction "homePage" is "Error -26374: The above "not found" error(s) may be explained by header and body byte counts being 0 and 0, respectively."	[MsgId: MMSG-16819]
C:\\Users\\\303\363\353\374\355\340\360\340\\Desktop\\LoadRunner\\LoadRunner_Works\\\321\352\360\350\357\362\373\\common_lib.h(21): Notify: Transaction "UC04_DeleteTickets" ended with a "Fail" status (Duration: 1,0181 Wasted Time: 0,0008).	[MsgId: MMSG-16871]
C:\\Users\\\303\363\353\374\355\340\360\340\\Desktop\\LoadRunner\\LoadRunner_Works\\\321\352\360\350\357\362\373\\common_lib.h(21): Notify: Transaction "UC04_DeleteTickets" has 3 error message(s).	[MsgId: MMSG-16818]
C:\\Users\\\303\363\353\374\355\340\360\340\\Desktop\\LoadRunner\\LoadRunner_Works\\\321\352\360\350\357\362\373\\common_lib.h(21): Notify: The 1st error message associated with transaction "UC04_DeleteTickets" is "Error -27792: Failed to connect to server "localhost:1080": [10061] Connection refused"	[MsgId: MMSG-16819]
C:\\Users\\\303\363\353\374\355\340\360\340\\Desktop\\LoadRunner\\LoadRunner_Works\\\321\352\360\350\357\362\373\\common_lib.h(21): Notify: The 2nd error message associated with transaction "UC04_DeleteTickets" is "Error -26366: "Text=Welcome to the Web Tours site" not found for web_reg_find"	[MsgId: MMSG-16819]
C:\\Users\\\303\363\353\374\355\340\360\340\\Desktop\\LoadRunner\\LoadRunner_Works\\\321\352\360\350\357\362\373\\common_lib.h(21): Notify: The 3rd error message associated with transaction "UC04_DeleteTickets" is "Error -26374: The above "not found" error(s) may be explained by header and body byte counts being 0 and 0, respectively."	[MsgId: MMSG-16819]
Ending action Action.	[MsgId: MMSG-15918]
Action was aborted.	[MsgId: MMSG-10694]
Ending Vuser...	[MsgId: MMSG-15966]
Starting action vuser_end.	[MsgId: MMSG-15919]
Ending action vuser_end.	[MsgId: MMSG-15918]
Vuser Terminated.	[MsgId: MMSG-15963]
HTML-Mode memory management statistics: Reusable=0, NonReusable=0, CsMemBlockSize=4096, checks disabled  	[MsgId: MMSG-26000]
Vuser 0 (thread 15212), ended OK."	[MsgId: MMSG-10695]
