Action.c(44):           </td></tr></table></center>\n
Action.c(44):       </TD>\n
Action.c(44):       <TD width="5%" >.<br/>.<br/>.<br/>.</TD>\n
Action.c(44):       <TD width="45%" valign=top><b>Invoice sent to:</b><br/>\n
Action.c(44):           <center>\n
Action.c(44):           <Table width="80%" cellspacing="0" > <tr> <td>\n
Action.c(44):               Sergei Sergeev\n
Action.c(44):     <br/>\n
Action.c(44):               Lenina<br/>\n
Action.c(44):               Nicca<br/>\n
Action.c(44):               <br/>\n
Action.c(44):               Total Charge: $ 579 <BR/> (CC: x-7922)\n
Action.c(44):           </td> </tr> </table>\n
Action.c(44):           </center>\n
Action.c(44):       </TD>\n
Action.c(44):     </TR>\n
Action.c(44):     <TR bgcolor="#EFF2F7">\n
Action.c(44):       <TD COLSPAN="3">\n
Action.c(44):       <b>Flight Details:</b><BR/>  <center>\n
Action.c(44):       07/19/2022\n
Action.c(44):      :  5pm : Flight 242 leaves London  for Paris.<br>  </center>\n
Action.c(44):       </TD>\n
Action.c(44):     </TR>\n
Action.c(44):     \n
Action.c(44):     <TR bgcolor="#EFF2F7">\n
Action.c(44):       <TD COLSPAN="4">\n
Action.c(44):       <hr/>\n
Action.c(44):       </TD>\n
Action.c(44):     </TR>\n
Action.c(44):     \n
Action.c(44):     <!-- Flight #1 -->\n
Action.c(44):     <TR bgcolor="#EFF2F7">\n
Action.c(44):       <TD width="5%" rowspan="2" align="left" valign="top">\n
Action.c(44):     <b>\n
Action.c(44):     <label><input type="checkbox" name="217" value="on" /></label></font></b>\n
Action.c(44):     <input type="hidden" name="flightID" value="216491247-1669337-SS"  />\n
Action.c(44):       </TD>\n
Action.c(44):       <TD width="45%" valign="top">\n
Action.c(44):           <b>&nbsp;&nbsp;2 Window class tickets for :</b><br/>\n
Action.c(44):           <center><table border="0" width="85%"><tr><td>\n
Action.c(44):           <li><i>Sergei  Sergeev      <li><i>Sergei Ser\n
Action.c(44):           <li><i></i>\n
Action.c(44):           </td></tr></table></center>\n
Action.c(44):       </TD>\n
Action.c(44):       <TD width="5%" >.<br/>.<br/>.<br/>.</TD>\n
Action.c(44):       <TD width="45%" valign=top><b>Invoice sent to:</b><br/>\n
Action.c(44):           <center>\n
Action.c(44):           <Table width="80%" cellspacing="0" > <tr> <td>\n
Action.c(44):               Sergei Sergeev\n
Action.c(44):     <br/>\n
Action.c(44):               Maya<br/>\n
Action.c(44):               Madrid<br/>\n
Action.c(44):               <br/>\n
Action.c(44):               Total Charge: $ 1390 <BR/> (CC: x-5845)\n
Action.c(44):           </td> </tr> </table>\n
Action.c(44):           </center>\n
Action.c(44):       </TD>\n
Action.c(44):     </TR>\n
Action.c(44):     <TR bgcolor="#EFF2F7">\n
Action.c(44):       <TD COLSPAN="3">\n
Action.c(44):       <b>Flight Details:</b><BR/>  <center>\n
Action.c(44):       07/19/2022\n
Action.c(44):      :  11pm : Flight 263 leaves London  for San Francisco.<br>  </center>\n
Action.c(44):       </TD>\n
Action.c(44):     </TR>\n
Action.c(44):     \n
Action.c(44):     <TR bgcolor="#EFF2F7">\n
Action.c(44):       <TD COLSPAN="4">\n
Action.c(44):       <hr/>\n
Action.c(44):       </TD>\n
Action.c(44):     </TR>\n
Action.c(44):     <TR>\n
Action.c(44):        <TD align="center" COLSPAN="4">\n
Action.c(44):        <b>A total of 217 scheduled flights.</font></b>\n
Action.c(44):        </TD>\n
Action.c(44):     </TR>\n
Action.c(44):     </TABLE>\n
Action.c(44):     \n
Action.c(44):     <TABLE WIDTH="87%" BORDER="0" CELLSPACING="0">\n
Action.c(44):     <TR>\n
Action.c(44):     <TD align="left" width="50%" >\n
Action.c(44):     <input type="image" name="removeFlights" src="/WebTours/images/cancelreservation.gif" bord
Action.c(44):     er="0" /></TD>\n
Action.c(44):     <TD align="right" width="50%" >\n
Action.c(44):     <input type="image" name="removeAllFlights" src="/WebTours/images/cancelallreservations.gi
Action.c(44):     f" border="0" /></TD>\n
Action.c(44):     </TABLE>\n
Action.c(44):     \n
Action.c(44):     <div><input type="hidden" name=".cgifields" value="127"  /><input type="hidden" name=".cgi
Action.c(44):     fields" value="32"  /><input type="hidden" name=".cgifields" value="90"  /><input type="hi
Action.c(44):     dden" name=".cgifields" value="206"  /><input type="hidden" name=".cgifields" value="118" 
Action.c(44):      /><input type="hidden" name=".cgifields" value="71"  /><input type="hidden" name=".cgifie
Action.c(44):     lds" value="102"  /><input type="hidden" name=".cgifields" value="200"  /><input type="hid
Action.c(44):     den" name=".cgifields" value="18"  /><input type="hidden" name=".cgifields" value="125"  /
Action.c(44):     ><input type="hidden" name=".cgifields" value="16"  /><input type="hidden" name=".cgifield
Action.c(44):     s" value="44"  /><input type="hidden" name=".cgifields" value="55"  /><input type="hidden"
Action.c(44):      name=".cgifields" value="84"  /><input type="hidden" name=".cgifields" value="27"  /><inp
Action.c(44):     ut type="hidden" name=".cgifields" value="190"  /><input type="hidden" name=".cgifields" v
Action.c(44):     alue="161"  /><input type="hidden" name=".cgifields" value="194"  /><input type="hidden" n
Action.c(44):     ame=".cgifields" value="95"  /><input type="hidden" name=".cgifields" value="57"  /><input
Action.c(44):      type="hidden" name=".cgifields" value="20"  /><input type="hidden" name=".cgifields" valu
Action.c(44):     e="163"  /><input type="hidden" name=".cgifields" value="109"  /><input type="hidden" name
Action.c(44):     =".cgifields" value="151"  /><input type="hidden" name=".cgifields" value="89"  /><input t
Action.c(44):     ype="hidden" name=".cgifields" value="175"  /><input type="hidden" name=".cgifields" value
Action.c(44):     ="148"  /><input type="hidden" name=".cgifields" value="31"  /><input type="hidden" name="
Action.c(44):     .cgifields" value="35"  /><input type="hidden" name=".cgifields" value="11"  /><input type
Action.c(44):     ="hidden" name=".cgifields" value="208"  /><input type="hidden" name=".cgifields" value="7
Action.c(44):     8"  /><input type="hidden" name=".cgifields" value="93"  /><input type="hidden" name=".cgi
Action.c(44):     fields" value="106"  /><input type="hidden" name=".cgifields" value="157"  /><input type="
Action.c(44):     hidden" name=".cgifields" value="65"  /><input type="hidden" name=".cgifields" value="29" 
Action.c(44):      /><input type="hidden" name=".cgifields" value="197"  /><input type="hidden" name=".cgifi
Action.c(44):     elds" value="203"  /><input type="hidden" name=".cgifields" value="138"  /><input type="hi
Action.c(44):     dden" name=".cgifields" value="199"  /><input type="hidden" name=".cgifields" value="114" 
Action.c(44):      /><input type="hidden" name=".cgifields" value="58"  /><input type="hidden" name=".cgifie
Action.c(44):     lds" value="211"  /><input type="hidden" name=".cgifields" value="153"  /><input type="hid
Action.c(44):     den" name=".cgifields" value="15"  /><input type="hidden" name=".cgifields" value="137"  /
Action.c(44):     ><input type="hidden" name=".cgifields" value="81"  /><input type="hidden" name=".cgifield
Action.c(44):     s" value="60"  /><input type="hidden" name=".cgifields" value="101"  /><input type="hidden
Action.c(44):     " name=".cgifields" value="73"  /><input type="hidden" name=".cgifields" value="86"  /><in
Action.c(44):     put type="hidden" name=".cgifields" value="76"  /><input type="hidden" name=".cgifields" v
Action.c(44):     alue="62"  /><input type="hidden" name=".cgifields" value="67"  /><input type="hidden" nam
Action.c(44):     e=".cgifields" value="204"  /><input type="hidden" name=".cgifields" value="165"  /><input
Action.c(44):      type="hidden" name=".cgifields" value="198"  /><input type="hidden" name=".cgifields" val
Action.c(44):     ue="139"  /><input type="hidden" name=".cgifields" value="129"  /><input type="hidden" nam
Action.c(44):     e=".cgifields" value="2"  /><input type="hidden" name=".cgifields" value="17"  /><input ty
Action.c(44):     pe="hidden" name=".cgifields" value="186"  /><input type="hidden" name=".cgifields" value=
Action.c(44):     "110"  /><input type="hidden" name=".cgifields" value="82"  /><input type="hidden" name=".
Action.c(44):     cgifields" value="147"  /><input type="hidden" name=".cgifields" value="202"  /><input typ
Action.c(44):     e="hidden" name=".cgifields" value="168"  /><input type="hidden" name=".cgifields" value="
Action.c(44):     184"  /><input type="hidden" name=".cgifields" value="135"  /><input type="hidden" name=".
Action.c(44):     cgifields" value="14"  /><input type="hidden" name=".cgifields" value="112"  /><input type
Action.c(44):     ="hidden" name=".cgifields" value="69"  /><input type="hidden" name=".cgifields" value="19
Action.c(44):     1"  /><input type="hidden" name=".cgifields" value="172"  /><input type="hidden" name=".cg
Action.c(44):     ifields" value="145"  /><input type="hidden" name=".cgifields" value="49"  /><input type="
Action.c(44):     hidden" name=".cgifields" value="178"  /><input type="hidden" name=".cgifields" value="24"
Action.c(44):       /><input type="hidden" name=".cgifields" value="187"  /><input type="hidden" name=".cgif
Action.c(44):     ields" value="140"  /><input type="hidden" name=".cgifields" value="124"  /><input type="h
Action.c(44):     idden" name=".cgifields" value="104"  /><input type="hidden" name=".cgifields" value="131"
Action.c(44):       /><input type="hidden" name=".cgifields" value="181"  /><input type="hidden" name=".cgif
Action.c(44):     ields" value="121"  /><input type="hidden" name=".cgifields" value="79"  /><input type="hi
Action.c(44):     dden" name=".cgifields" value="212"  /><input type="hidden" name=".cgifields" value="154" 
Action.c(44):      /><input type="hidden" name=".cgifields" value="23"  /><input type="hidden" name=".cgifie
Action.c(44):     lds" value="96"  /><input type="hidden" name=".cgifields" value="126"  /><input type="hidd
Action.c(44):     en" name=".cgifields" value="159"  /><input type="hidden" name=".cgifields" value="160"  /
Action.c(44):     ><input type="hidden" name=".cgifields" value="176"  /><input type="hidden" name=".cgifiel
Action.c(44):     ds" value="47"  /><input type="hidden" name=".cgifields" value="8"  /><input type="hidden"
Action.c(44):      name=".cgifields" value="209"  /><input type="hidden" name=".cgifields" value="98"  /><in
Action.c(44):     put type="hidden" name=".cgifields" value="216"  /><input type="hidden" name=".cgifields" 
Action.c(44):     value="37"  /><input type="hidden" name=".cgifields" value="117"  /><input type="hidden" n
Action.c(44):     ame=".cgifields" value="43"  /><input type="hidden" name=".cgifields" value="195"  /><inpu
Action.c(44):     t type="hidden" name=".cgifields" value="5"  /><input type="hidden" name=".cgifields" valu
Action.c(44):     e="170"  /><input type="hidden" name=".cgifields" value="33"  /><input type="hidden" name=
Action.c(44):     ".cgifields" value="21"  /><input type="hidden" name=".cgifields" value="63"  /><input typ
Action.c(44):     e="hidden" name=".cgifields" value="7"  /><input type="hidden" name=".cgifields" value="26
Action.c(44):     "  /><input type="hidden" name=".cgifields" value="80"  /><input type="hidden" name=".cgif
Action.c(44):     ields" value="193"  /><input type="hidden" name=".cgifields" value="119"  /><input type="h
Action.c(44):     idden" name=".cgifields" value="180"  /><input type="hidden" name=".cgifields" value="99" 
Action.c(44):      /><input 
Action.c(44): Notify: Saving Parameter "c_flightids_213 = 2460122-1638-SS".
Action.c(44): Notify: Saving Parameter "c_flightids_214 = 136511520-1646393-SS".
Action.c(44): Notify: Saving Parameter "c_flightids_215 = 24473840-1653951-SS".
Action.c(44): Notify: Saving Parameter "c_flightids_216 = 293416377-166198-SS".
Action.c(44): Notify: Saving Parameter "c_flightids_217 = 216491247-1669337-SS".
Action.c(44): Notify: Saving Parameter "c_cgifields_1 = 127".
Action.c(44): Notify: Saving Parameter "c_cgifields_2 = 32".
Action.c(44): Notify: Saving Parameter "c_cgifields_3 = 90".
Action.c(44): Notify: Saving Parameter "c_cgifields_4 = 206".
Action.c(44): Notify: Saving Parameter "c_cgifields_5 = 118".
Action.c(44): Notify: Saving Parameter "c_cgifields_6 = 71".
Action.c(44): Notify: Saving Parameter "c_cgifields_7 = 102".
Action.c(44): Notify: Saving Parameter "c_cgifields_8 = 200".
Action.c(44): Notify: Saving Parameter "c_cgifields_9 = 18".
Action.c(44): Notify: Saving Parameter "c_cgifields_10 = 125".
Action.c(44): Notify: Saving Parameter "c_cgifields_11 = 16".
Action.c(44): Notify: Saving Parameter "c_cgifields_12 = 44".
Action.c(44): Notify: Saving Parameter "c_cgifields_13 = 55".
Action.c(44): Notify: Saving Parameter "c_cgifields_14 = 84".
Action.c(44): Notify: Saving Parameter "c_cgifields_15 = 27".
Action.c(44): Notify: Saving Parameter "c_cgifields_16 = 190".
Action.c(44): Notify: Saving Parameter "c_cgifields_17 = 161".
Action.c(44): Notify: Saving Parameter "c_cgifields_18 = 194".
Action.c(44): Notify: Saving Parameter "c_cgifields_19 = 95".
Action.c(44): Notify: Saving Parameter "c_cgifields_20 = 57".
Action.c(44): Notify: Saving Parameter "c_cgifields_21 = 20".
Action.c(44): Notify: Saving Parameter "c_cgifields_22 = 163".
Action.c(44): Notify: Saving Parameter "c_cgifields_23 = 109".
Action.c(44): Notify: Saving Parameter "c_cgifields_24 = 151".
Action.c(44): Notify: Saving Parameter "c_cgifields_25 = 89".
Action.c(44): Notify: Saving Parameter "c_cgifields_26 = 175".
Action.c(44): Notify: Saving Parameter "c_cgifields_27 = 148".
Action.c(44): Notify: Saving Parameter "c_cgifields_28 = 31".
Action.c(44): Notify: Saving Parameter "c_cgifields_29 = 35".
Action.c(44): Notify: Saving Parameter "c_cgifields_30 = 11".
Action.c(44): Notify: Saving Parameter "c_cgifields_31 = 208".
Action.c(44): Notify: Saving Parameter "c_cgifields_32 = 78".
Action.c(44): Notify: Saving Parameter "c_cgifields_33 = 93".
Action.c(44): Notify: Saving Parameter "c_cgifields_34 = 106".
Action.c(44): Notify: Saving Parameter "c_cgifields_35 = 157".
Action.c(44): Notify: Saving Parameter "c_cgifields_36 = 65".
Action.c(44): Notify: Saving Parameter "c_cgifields_37 = 29".
Action.c(44): Notify: Saving Parameter "c_cgifields_38 = 197".
Action.c(44): Notify: Saving Parameter "c_cgifields_39 = 203".
Action.c(44): Notify: Saving Parameter "c_cgifields_40 = 138".
Action.c(44): Notify: Saving Parameter "c_cgifields_41 = 199".
Action.c(44): Notify: Saving Parameter "c_cgifields_42 = 114".
Action.c(44): Notify: Saving Parameter "c_cgifields_43 = 58".
Action.c(44): Notify: Saving Parameter "c_cgifields_44 = 211".
Action.c(44): Notify: Saving Parameter "c_cgifields_45 = 153".
Action.c(44): Notify: Saving Parameter "c_cgifields_46 = 15".
Action.c(44): Notify: Saving Parameter "c_cgifields_47 = 137".
Action.c(44): Notify: Saving Parameter "c_cgifields_48 = 81".
Action.c(44): Notify: Saving Parameter "c_cgifields_49 = 60".
Action.c(44): Notify: Saving Parameter "c_cgifields_50 = 101".
Action.c(44): Notify: Saving Parameter "c_cgifields_51 = 73".
Action.c(44): Notify: Saving Parameter "c_cgifields_52 = 86".
Action.c(44): Notify: Saving Parameter "c_cgifields_53 = 76".
Action.c(44): Notify: Saving Parameter "c_cgifields_54 = 62".
Action.c(44): Notify: Saving Parameter "c_cgifields_55 = 67".
Action.c(44): Notify: Saving Parameter "c_cgifields_56 = 204".
Action.c(44): Notify: Saving Parameter "c_cgifields_57 = 165".
Action.c(44): Notify: Saving Parameter "c_cgifields_58 = 198".
Action.c(44): Notify: Saving Parameter "c_cgifields_59 = 139".
Action.c(44): Notify: Saving Parameter "c_cgifields_60 = 129".
Action.c(44): Notify: Saving Parameter "c_cgifields_61 = 2".
Action.c(44): Notify: Saving Parameter "c_cgifields_62 = 17".
Action.c(44): Notify: Saving Parameter "c_cgifields_63 = 186".
Action.c(44): Notify: Saving Parameter "c_cgifields_64 = 110".
Action.c(44): Notify: Saving Parameter "c_cgifields_65 = 82".
Action.c(44): Notify: Saving Parameter "c_cgifields_66 = 147".
Action.c(44): Notify: Saving Parameter "c_cgifields_67 = 202".
Action.c(44): Notify: Saving Parameter "c_cgifields_68 = 168".
Action.c(44): Notify: Saving Parameter "c_cgifields_69 = 184".
Action.c(44): Notify: Saving Parameter "c_cgifields_70 = 135".
Action.c(44): Notify: Saving Parameter "c_cgifields_71 = 14".
Action.c(44): Notify: Saving Parameter "c_cgifields_72 = 112".
Action.c(44): Notify: Saving Parameter "c_cgifields_73 = 69".
Action.c(44): Notify: Saving Parameter "c_cgifields_74 = 191".
Action.c(44): Notify: Saving Parameter "c_cgifields_75 = 172".
Action.c(44): Notify: Saving Parameter "c_cgifields_76 = 145".
Action.c(44): Notify: Saving Parameter "c_cgifields_77 = 49".
Action.c(44): Notify: Saving Parameter "c_cgifields_78 = 178".
Action.c(44): Notify: Saving Parameter "c_cgifields_79 = 24".
Action.c(44): Notify: Saving Parameter "c_cgifields_80 = 187".
Action.c(44): Notify: Saving Parameter "c_cgifields_81 = 140".
Action.c(44): Notify: Saving Parameter "c_cgifields_82 = 124".
Action.c(44): Notify: Saving Parameter "c_cgifields_83 = 104".
Action.c(44): Notify: Saving Parameter "c_cgifields_84 = 131".
Action.c(44): Notify: Saving Parameter "c_cgifields_85 = 181".
Action.c(44): Notify: Saving Parameter "c_cgifields_86 = 121".
Action.c(44): Notify: Saving Parameter "c_cgifields_87 = 79".
Action.c(44): Notify: Saving Parameter "c_cgifields_88 = 212".
Action.c(44): Notify: Saving Parameter "c_cgifields_89 = 154".
Action.c(44): Notify: Saving Parameter "c_cgifields_90 = 23".
Action.c(44): Notify: Saving Parameter "c_cgifields_91 = 96".
Action.c(44): Notify: Saving Parameter "c_cgifields_92 = 126".
Action.c(44): Notify: Saving Parameter "c_cgifields_93 = 159".
Action.c(44): Notify: Saving Parameter "c_cgifields_94 = 160".
Action.c(44): Notify: Saving Parameter "c_cgifields_95 = 176".
Action.c(44): Notify: Saving Parameter "c_cgifields_96 = 47".
Action.c(44): Notify: Saving Parameter "c_cgifields_97 = 8".
Action.c(44): Notify: Saving Parameter "c_cgifields_98 = 209".
Action.c(44): Notify: Saving Parameter "c_cgifields_99 = 98".
Action.c(44): Notify: Saving Parameter "c_cgifields_100 = 216".
Action.c(44): Notify: Saving Parameter "c_cgifields_101 = 37".
Action.c(44): Notify: Saving Parameter "c_cgifields_102 = 117".
Action.c(44): Notify: Saving Parameter "c_cgifields_103 = 43".
Action.c(44): Notify: Saving Parameter "c_cgifields_104 = 195".
Action.c(44): Notify: Saving Parameter "c_cgifields_105 = 5".
Action.c(44): Notify: Saving Parameter "c_cgifields_106 = 170".
Action.c(44): Notify: Saving Parameter "c_cgifields_107 = 33".
Action.c(44): Notify: Saving Parameter "c_cgifields_108 = 21".
Action.c(44): Notify: Saving Parameter "c_cgifields_109 = 63".
Action.c(44): Notify: Saving Parameter "c_cgifields_110 = 7".
Action.c(44): Notify: Saving Parameter "c_cgifields_111 = 26".
Action.c(44): Notify: Saving Parameter "c_cgifields_112 = 80".
Action.c(44): Notify: Saving Parameter "c_cgifields_113 = 193".
Action.c(44): Notify: Saving Parameter "c_cgifields_114 = 119".
Action.c(44): Notify: Saving Parameter "c_cgifields_115 = 180".
Action.c(44): Notify: Saving Parameter "c_cgifields_116 = 99".
Action.c(44): Resource "http://localhost:1080/WebTours/images/cancelreservation.gif" is in the cache already and will not be downloaded again  	[MsgId: MMSG-26655]
Action.c(44): Resource "http://localhost:1080/WebTours/images/cancelallreservations.gif" is in the cache already and will not be downloaded again  	[MsgId: MMSG-26655]
Action.c(44): t=3181ms: 7-byte chunked response overhead for "http://localhost:1080/cgi-bin/itinerary.pl" (RelFrameId=1.2, Internal ID=25)
Action.c(44):     \r\n
Action.c(44):     352\r\n
Action.c(44): t=3182ms: 7-byte chunked response overhead for "http://localhost:1080/cgi-bin/itinerary.pl" (RelFrameId=1.2, Internal ID=25)
Action.c(44):     \r\n
Action.c(44):     0\r\n
Action.c(44):     \r\n
Action.c(44): t=3183ms: 5436-byte chunked response body for "http://localhost:1080/cgi-bin/itinerary.pl" (RelFrameId=1.2, Internal ID=25)
Action.c(44):     type="hidden" name=".cgifields" value="179"  /><input type="hidden" name=".cgifields" valu
Action.c(44):     e="162"  /><input type="hidden" name=".cgifields" value="72"  /><input type="hidden" name=
Action.c(44):     ".cgifields" value="74"  /><input type="hidden" name=".cgifields" value="182"  /><input ty
Action.c(44):     pe="hidden" name=".cgifields" value="61"  /><input type="hidden" name=".cgifields" value="
Action.c(44):     108"  /><input type="hidden" name=".cgifields" value="115"  /><input type="hidden" name=".
Action.c(44):     cgifields" value="92"  /><input type="hidden" name=".cgifields" value="103"  /><input type
Action.c(44):     ="hidden" name=".cgifields" value="201"  /><input type="hidden" name=".cgifields" value="1
Action.c(44):     0"  /><input type="hidden" name=".cgifields" value="113"  /><input type="hidden" name=".cg
Action.c(44):     ifields" value="152"  /><input type="hidden" name=".cgifields" value="189"  /><input type=
Action.c(44):     "hidden" name=".cgifields" value="207"  /><input type="hidden" name=".cgifields" value="14
Action.c(44):     2"  /><input type="hidden" name=".cgifields" value="91"  /><input type="hidden" name=".cgi
Action.c(44):     fields" value="167"  /><input type="hidden" name=".cgifields" value="48"  /><input type="h
Action.c(44):     idden" name=".cgifields" value="107"  /><input type="hidden" name=".cgifields" value="87" 
Action.c(44):      /><input type="hidden" name=".cgifields" value="174"  /><input type="hidden" name=".cgifi
Action.c(44):     elds" value="77"  /><input type="hidden" name=".cgifields" value="214"  /><input type="hid
Action.c(44):     den" name=".cgifields" value="133"  /><input type="hidden" name=".cgifields" value="149"  
Action.c(44):     /><input type="hidden" name=".cgifields" value="123"  /><input type="hidden" name=".cgifie
Action.c(44):     lds" value="50"  /><input type="hidden" name=".cgifields" value="39"  /><input type="hidde
Action.c(44):     n" name=".cgifields" value="210"  /><input type="hidden" name=".cgifields" value="64"  /><
Action.c(44):     input type="hidden" name=".cgifields" value="97"  /><input type="hidden" name=".cgifields"
Action.c(44):      value="12"  /><input type="hidden" name=".cgifields" value="41"  /><input type="hidden" n
Action.c(44):     ame=".cgifields" value="52"  /><input type="hidden" name=".cgifields" value="173"  /><inpu
Action.c(44):     t type="hidden" name=".cgifields" value="56"  /><input type="hidden" name=".cgifields" val
Action.c(44):     ue="45"  /><input type="hidden" name=".cgifields" value="66"  /><input type="hidden" name=
Action.c(44):     ".cgifields" value="19"  /><input type="hidden" name=".cgifields" value="54"  /><input typ
Action.c(44):     e="hidden" name=".cgifields" value="70"  /><input type="hidden" name=".cgifields" value="1
Action.c(44):     88"  /><input type="hidden" name=".cgifields" value="68"  /><input type="hidden" name=".cg
Action.c(44):     ifields" value="166"  /><input type="hidden" name=".cgifields" value="1"  /><input type="h
Action.c(44):     idden" name=".cgifields" value="136"  /><input type="hidden" name=".cgifields" value="88" 
Action.c(44):      /><input type="hidden" name=".cgifields" value="116"  /><input type="hidden" name=".cgifi
Action.c(44):     elds" value="144"  /><input type="hidden" name=".cgifields" value="141"  /><input type="hi
Action.c(44):     dden" name=".cgifields" value="30"  /><input type="hidden" name=".cgifields" value="100"  
Action.c(44):     /><input type="hidden" name=".cgifields" value="25"  /><input type="hidden" name=".cgifiel
Action.c(44):     ds" value="128"  /><input type="hidden" name=".cgifields" value="28"  /><input type="hidde
Action.c(44):     n" name=".cgifields" value="120"  /><input type="hidden" name=".cgifields" value="156"  />
Action.c(44):     <input type="hidden" name=".cgifields" value="134"  /><input type="hidden" name=".cgifield
Action.c(44):     s" value="40"  /><input type="hidden" name=".cgifields" value="75"  /><input type="hidden"
Action.c(44):      name=".cgifields" value="83"  /><input type="hidden" name=".cgifields" value="192"  /><in
Action.c(44):     put type="hidden" name=".cgifields" value="59"  /><input type="hidden" name=".cgifields" v
Action.c(44):     alue="215"  /><input type="hidden" name=".cgifields" value="177"  /><input type="hidden" n
Action.c(44):     ame=".cgifields" value="150"  /><input type="hidden" name=".cgifields" value="155"  /><inp
Action.c(44):     ut type="hidden" name=".cgifields" value="130"  /><input type="hidden" name=".cgifields" v
Action.c(44):     alue="217"  /><input type="hidden" name=".cgifields" value="53"  /><input type="hidden" na
Action.c(44):     me=".cgifields" value="122"  /><input type="hidden" name=".cgifields" value="143"  /><inpu
Action.c(44):     t type="hidden" name=".cgifields" value="205"  /><input type="hidden" name=".cgifields" va
Action.c(44):     lue="158"  /><input type="hidden" name=".cgifields" value="42"  /><input type="hidden" nam
Action.c(44):     e=".cgifields" value="22"  /><input type="hidden" name=".cgifields" value="46"  /><input t
Action.c(44):     ype="hidden" name=".cgifields" value="13"  /><input type="hidden" name=".cgifields" value=
Action.c(44):     "105"  /><input type="hidden" name=".cgifields" value="6"  /><input type="hidden" name=".c
Action.c(44):     gifields" value="85"  /><input type="hidden" name=".cgifields" value="185"  /><input type=
Action.c(44):     "hidden" name=".cgifields" value="36"  /><input type="hidden" name=".cgifields" value="3" 
Action.c(44):      /><input type="hidden" name=".cgifields" value="213"  /><input type="hidden" name=".cgifi
Action.c(44):     elds" value="183"  /><input type="hidden" name=".cgifields" value="94"  /><input type="hid
Action.c(44):     den" name=".cgifields" value="146"  /><input type="hidden" name=".cgifields" value="51"  /
Action.c(44):     ><input type="hidden" name=".cgifields" value="9"  /><input type="hidden" name=".cgifields
Action.c(44):     " value="111"  /><input type="hidden" name=".cgifields" value="38"  /><input type="hidden"
Action.c(44):      name=".cgifields" value="4"  /><input type="hidden" name=".cgifields" value="34"  /><inpu
Action.c(44):     t type="hidden" name=".cgifields" value="169"  /><input type="hidden" name=".cgifields" va
Action.c(44):     lue="164"  /><input type="hidden" name=".cgifields" value="132"  /><input type="hidden" na
Action.c(44):     me=".cgifields" value="196"  /><input type="hidden" name=".cgifields" value="171"  /></div
Action.c(44):     ></form>\n
Action.c(44):     \n
Action.c(44):     </center>\n
Action.c(44):     \n
Action.c(44):     </body>\n
Action.c(44):     </html>
Action.c(44): Notify: Saving Parameter "c_cgifields_117 = 179".
Action.c(44): Notify: Saving Parameter "c_cgifields_118 = 162".
Action.c(44): Notify: Saving Parameter "c_cgifields_119 = 72".
Action.c(44): Notify: Saving Parameter "c_cgifields_120 = 74".
Action.c(44): Notify: Saving Parameter "c_cgifields_121 = 182".
Action.c(44): Notify: Saving Parameter "c_cgifields_122 = 61".
Action.c(44): Notify: Saving Parameter "c_cgifields_123 = 108".
Action.c(44): Notify: Saving Parameter "c_cgifields_124 = 115".
Action.c(44): Notify: Saving Parameter "c_cgifields_125 = 92".
Action.c(44): Notify: Saving Parameter "c_cgifields_126 = 103".
Action.c(44): Notify: Saving Parameter "c_cgifields_127 = 201".
Action.c(44): Notify: Saving Parameter "c_cgifields_128 = 10".
Action.c(44): Notify: Saving Parameter "c_cgifields_129 = 113".
Action.c(44): Notify: Saving Parameter "c_cgifields_130 = 152".
Action.c(44): Notify: Saving Parameter "c_cgifields_131 = 189".
Action.c(44): Notify: Saving Parameter "c_cgifields_132 = 207".
Action.c(44): Notify: Saving Parameter "c_cgifields_133 = 142".
Action.c(44): Notify: Saving Parameter "c_cgifields_134 = 91".
Action.c(44): Notify: Saving Parameter "c_cgifields_135 = 167".
Action.c(44): Notify: Saving Parameter "c_cgifields_136 = 48".
Action.c(44): Notify: Saving Parameter "c_cgifields_137 = 107".
Action.c(44): Notify: Saving Parameter "c_cgifields_138 = 87".
Action.c(44): Notify: Saving Parameter "c_cgifields_139 = 174".
Action.c(44): Notify: Saving Parameter "c_cgifields_140 = 77".
Action.c(44): Notify: Saving Parameter "c_cgifields_141 = 214".
Action.c(44): Notify: Saving Parameter "c_cgifields_142 = 133".
Action.c(44): Notify: Saving Parameter "c_cgifields_143 = 149".
Action.c(44): Notify: Saving Parameter "c_cgifields_144 = 123".
Action.c(44): Notify: Saving Parameter "c_cgifields_145 = 50".
Action.c(44): Notify: Saving Parameter "c_cgifields_146 = 39".
Action.c(44): Notify: Saving Parameter "c_cgifields_147 = 210".
Action.c(44): Notify: Saving Parameter "c_cgifields_148 = 64".
Action.c(44): Notify: Saving Parameter "c_cgifields_149 = 97".
Action.c(44): Notify: Saving Parameter "c_cgifields_150 = 12".
Action.c(44): Notify: Saving Parameter "c_cgifields_151 = 41".
Action.c(44): Notify: Saving Parameter "c_cgifields_152 = 52".
Action.c(44): Notify: Saving Parameter "c_cgifields_153 = 173".
Action.c(44): Notify: Saving Parameter "c_cgifields_154 = 56".
Action.c(44): Notify: Saving Parameter "c_cgifields_155 = 45".
Action.c(44): Notify: Saving Parameter "c_cgifields_156 = 66".
Action.c(44): Notify: Saving Parameter "c_cgifields_157 = 19".
Action.c(44): Notify: Saving Parameter "c_cgifields_158 = 54".
Action.c(44): Notify: Saving Parameter "c_cgifields_159 = 70".
Action.c(44): Notify: Saving Parameter "c_cgifields_160 = 188".
Action.c(44): Notify: Saving Parameter "c_cgifields_161 = 68".
Action.c(44): Notify: Saving Parameter "c_cgifields_162 = 166".
Action.c(44): Notify: Saving Parameter "c_cgifields_163 = 1".
Action.c(44): Notify: Saving Parameter "c_cgifields_164 = 136".
Action.c(44): Notify: Saving Parameter "c_cgifields_165 = 88".
Action.c(44): Notify: Saving Parameter "c_cgifields_166 = 116".
Action.c(44): Notify: Saving Parameter "c_cgifields_167 = 144".
Action.c(44): Notify: Saving Parameter "c_cgifields_168 = 141".
Action.c(44): Notify: Saving Parameter "c_cgifields_169 = 30".
Action.c(44): Notify: Saving Parameter "c_cgifields_170 = 100".
Action.c(44): Notify: Saving Parameter "c_cgifields_171 = 25".
Action.c(44): Notify: Saving Parameter "c_cgifields_172 = 128".
Action.c(44): Notify: Saving Parameter "c_cgifields_173 = 28".
Action.c(44): Notify: Saving Parameter "c_cgifields_174 = 120".
Action.c(44): Notify: Saving Parameter "c_cgifields_175 = 156".
Action.c(44): Notify: Saving Parameter "c_cgifields_176 = 134".
Action.c(44): Notify: Saving Parameter "c_cgifields_177 = 40".
Action.c(44): Notify: Saving Parameter "c_cgifields_178 = 75".
Action.c(44): Notify: Saving Parameter "c_cgifields_179 = 83".
Action.c(44): Notify: Saving Parameter "c_cgifields_180 = 192".
Action.c(44): Notify: Saving Parameter "c_cgifields_181 = 59".
Action.c(44): Notify: Saving Parameter "c_cgifields_182 = 215".
Action.c(44): Notify: Saving Parameter "c_cgifields_183 = 177".
Action.c(44): Notify: Saving Parameter "c_cgifields_184 = 150".
Action.c(44): Notify: Saving Parameter "c_cgifields_185 = 155".
Action.c(44): Notify: Saving Parameter "c_cgifields_186 = 130".
Action.c(44): Notify: Saving Parameter "c_cgifields_187 = 217".
Action.c(44): Notify: Saving Parameter "c_cgifields_188 = 53".
Action.c(44): Notify: Saving Parameter "c_cgifields_189 = 122".
Action.c(44): Notify: Saving Parameter "c_cgifields_190 = 143".
Action.c(44): Notify: Saving Parameter "c_cgifields_191 = 205".
Action.c(44): Notify: Saving Parameter "c_cgifields_192 = 158".
Action.c(44): Notify: Saving Parameter "c_cgifields_193 = 42".
Action.c(44): Notify: Saving Parameter "c_cgifields_194 = 22".
Action.c(44): Notify: Saving Parameter "c_cgifields_195 = 46".
Action.c(44): Notify: Saving Parameter "c_cgifields_196 = 13".
Action.c(44): Notify: Saving Parameter "c_cgifields_197 = 105".
Action.c(44): Notify: Saving Parameter "c_cgifields_198 = 6".
Action.c(44): Notify: Saving Parameter "c_cgifields_199 = 85".
Action.c(44): Notify: Saving Parameter "c_cgifields_200 = 185".
Action.c(44): Notify: Saving Parameter "c_cgifields_201 = 36".
Action.c(44): Notify: Saving Parameter "c_cgifields_202 = 3".
Action.c(44): Notify: Saving Parameter "c_cgifields_203 = 213".
Action.c(44): Notify: Saving Parameter "c_cgifields_204 = 183".
Action.c(44): Notify: Saving Parameter "c_cgifields_205 = 94".
Action.c(44): Notify: Saving Parameter "c_cgifields_206 = 146".
Action.c(44): Notify: Saving Parameter "c_cgifields_207 = 51".
Action.c(44): Notify: Saving Parameter "c_cgifields_208 = 9".
Action.c(44): Notify: Saving Parameter "c_cgifields_209 = 111".
Action.c(44): Notify: Saving Parameter "c_cgifields_210 = 38".
Action.c(44): Notify: Saving Parameter "c_cgifields_211 = 4".
Action.c(44): Notify: Saving Parameter "c_cgifields_212 = 34".
Action.c(44): Notify: Saving Parameter "c_cgifields_213 = 169".
Action.c(44): Notify: Saving Parameter "c_cgifields_214 = 164".
Action.c(44): Notify: Saving Parameter "c_cgifields_215 = 132".
Action.c(44): Notify: Saving Parameter "c_cgifields_216 = 196".
Action.c(44): Notify: Saving Parameter "c_cgifields_217 = 171".
Action.c(44): t=3200ms: Request done "http://localhost:1080/cgi-bin/itinerary.pl"  	[MsgId: MMSG-26000]
Action.c(44): Notify: Saving Parameter "c_flightids_count = 217".
Action.c(44): Notify: Saving Parameter "c_cgifields_count = 217".
Action.c(44): web_url("Itinerary Button") was successful, 256751 body bytes, 725 header bytes, 515 chunking overhead bytes  	[MsgId: MMSG-26385]
Action.c(54): Notify: Transaction "clickItinerary" ended with a "Pass" status (Duration: 2.3179 Wasted Time: 0.1200).
Action.c(56): Notify: Transaction "deleteTicket" started.
Action.c(58): Notify: Parameter Substitution: parameter "c_flightids_count" =  "217"
Action.c(58): Notify: Saving Parameter "c_buffer = 217=on&".
Action.c(60): Notify: Parameter Substitution: parameter "c_buffer" =  "217=on&"
Action.c(60): Notify: Saving Parameter "c_wcr = 217=on&removeFlights.x=39&removeFlights.y=11".
Action.c(62): Notify: Parameter Substitution: parameter "c_flightids_count" =  "217"
Action.c(62): Notify: Parameter Substitution: parameter "c_flightids_217" =  "216491247-1669337-SS"
Action.c(62): Notify: Saving Parameter "c_cancelflight = 216491247-1669337-SS".
Action.c(64): web_reg_find started  	[MsgId: MMSG-26355]
Action.c(64): Notify: Parameter Substitution: parameter "c_cancelflight" =  "216491247-1669337-SS"
Action.c(64): Registering web_reg_find was successful  	[MsgId: MMSG-26390]
Action.c(67): web_submit_data("itinerary.pl") started  	[MsgId: MMSG-26355]
Action.c(67): Notify: Parameter Substitution: parameter "c_cancelflight" =  "216491247-1669337-SS"
Action.c(67): Notify: Parameter Substitution: parameter "c_cancelflight" =  "216491247-1669337-SS"
Action.c(67): t=3354ms: Already connected [0] to localhost:1080  	[MsgId: MMSG-26000]
Action.c(67): t=3354ms: 530-byte request headers for "http://localhost:1080/cgi-bin/itinerary.pl" (RelFrameId=1, Internal ID=26)
Action.c(67):     POST /cgi-bin/itinerary.pl HTTP/1.1\r\n
Action.c(67):     Content-Type: application/x-www-form-urlencoded\r\n
Action.c(67):     Referer: http://localhost:1080/cgi-bin/itinerary.pl\r\n
Action.c(67):     DNT: 1\r\n
Action.c(67):     User-Agent: Mozilla/5.0 (Windows NT 10.0; WOW64; Trident/7.0; rv:11.0) like Gecko\r\n
Action.c(67):     Accept-Encoding: gzip, deflate\r\n
Action.c(67):     Accept-Language: ru-RU\r\n
Action.c(67):     Accept: */*\r\n
Action.c(67):     Connection: Keep-Alive\r\n
Action.c(67):     Host: localhost:1080\r\n
Action.c(67):     Cookie: MSO=SID&1658149766; MTUserInfo=firstName&Sergei&address2&Ottava&username&sergei564
Action.c(67):     6&hash&54&lastName&Sergeev%0A&address1&Stepnaya&creditCard&&expDate&%0A\r\n
Action.c(67):     Content-Length: 99\r\n
Action.c(67):     \r\n
Action.c(67): t=3362ms: 99-byte request body for "http://localhost:1080/cgi-bin/itinerary.pl" (RelFrameId=1, Internal ID=26)
Action.c(67):     flightID=216491247-1669337-SS&.cgifields=216491247-1669337-SS&removeFlights.x=39&removeFli
Action.c(67):     ghts.y=11
Action.c(67): t=3474ms: 255-byte response headers for "http://localhost:1080/cgi-bin/itinerary.pl" (RelFrameId=1, Internal ID=26)
Action.c(67):     HTTP/1.1 200 OK\r\n
Action.c(67):     Date: Mon, 18 Jul 2022 13:09:29 GMT\r\n
Action.c(67):     Server: Apache/2.2.21 (Win32)\r\n
Action.c(67):     Expires: Sun, 17 Jul 2022 13:09:29 GMT\r\n
Action.c(67):     Keep-Alive: timeout=5, max=91\r\n
Action.c(67):     Connection: Keep-Alive\r\n
Action.c(67):     Transfer-Encoding: chunked\r\n
Action.c(67):     Content-Type: text/html; charset=ISO-8859-1\r\n
Action.c(67):     \r\n
Action.c(67): t=3478ms: 5-byte chunked response overhead for "http://localhost:1080/cgi-bin/itinerary.pl" (RelFrameId=1, Internal ID=26)
Action.c(67):     3a4\r\n
Action.c(67): t=3479ms: 2-byte chunked response overhead for "http://localhost:1080/cgi-bin/itinerary.pl" (RelFrameId=1, Internal ID=26)
Action.c(67):     \r\n
Action.c(67): t=3480ms: 932-byte chunked response body for "http://localhost:1080/cgi-bin/itinerary.pl" (RelFrameId=1, Internal ID=26)
Action.c(67):     <!DOCTYPE html\n
Action.c(67):     \tPUBLIC "-//W3C//DTD XHTML 1.0 Transitional//EN"\n
Action.c(67):     \t "http://www.w3.org/TR/xhtml1/DTD/xhtml1-transitional.dtd">\n
Action.c(67):     <html xmlns="http://www.w3.org/1999/xhtml" lang="en-US" xml:lang="en-US">\n
Action.c(67):     <head>\n
Action.c(67):     <title>Flights List</title>\n
Action.c(67):     <meta http-equiv="Content-Type" content="text/html; charset=iso-8859-1" />\n
Action.c(67):     </head>\n
Action.c(67):     <body bgcolor="#E0E7F1">\n
Action.c(67):     <style>blockquote {font-family: tahoma; font-size : 10pt}H1 {font-family: tahoma; font-siz
Action.c(67):     e : 22pt; color: #993333}small {font-family: tahoma; font-size : 8pt}H3 {font-family: taho
Action.c(67):     ma; font-size : 10pt; color: black}TD {font-family: tahoma; font-size : 8pt; color: black}
Action.c(67):     </style><BR/><BR/><h1>&nbsp;&nbsp;<b>Itinerary</b></h1>\n
Action.c(67):     <blockquote><P break>Unfortunately, we could not delete your entire itinerary because of a
Action.c(67):      database synchronization error.  If you could please re-load your itinerary and try again
Action.c(67):     , we would appreciate it.  Thank you for your patience.</blockquote>\n
Action.c(67):     </body>\n
Action.c(67):     </html>
Action.c(67): t=3482ms: 5-byte chunked response overhead for "http://localhost:1080/cgi-bin/itinerary.pl" (RelFrameId=1, Internal ID=26)
Action.c(67):     0\r\n
Action.c(67):     \r\n
Action.c(67): t=3483ms: Request done "http://localhost:1080/cgi-bin/itinerary.pl"  	[MsgId: MMSG-26000]
Action.c(67): Registered web_reg_find successful for "Text=216491247-1669337-SS"  	[MsgId: MMSG-26362]
Action.c(67): web_submit_data("itinerary.pl") was successful, 932 body bytes, 255 header bytes, 12 chunking overhead bytes  	[MsgId: MMSG-26385]
Action.c(83): Notify: Transaction "deleteTicket" ended with a "Pass" status (Duration: 0.2811 Wasted Time: 0.0375).
Action.c(85): Notify: Transaction "UC04_DeleteTickets" ended with a "Pass" status (Duration: 3.2703 Wasted Time: 0.3255).
Ending action Action.
Ending iteration 1.
Ending Vuser...
Starting action vuser_end.
Ending action vuser_end.
Vuser Terminated.
t=3666ms: Closed connection [0] to localhost:1080 after completing 10 request(s)  	[MsgId: MMSG-26000]
t=3666ms: Closed connection [1] to localhost:1080 after completing 7 request(s)  	[MsgId: MMSG-26000]
t=3666ms: Closed connection [2] to localhost:1080 after completing 4 request(s)  	[MsgId: MMSG-26000]
t=3666ms: Closed connection [3] to localhost:1080 after completing 3 request(s)  	[MsgId: MMSG-26000]
t=3667ms: Closed connection [4] to localhost:1080 after completing 1 request(s)  	[MsgId: MMSG-26000]
t=3667ms: Closed connection [5] to localhost:1080 after completing 1 request(s)  	[MsgId: MMSG-26000]
HTML-Mode memory management statistics: Reusable=37, NonReusable=0, CsMemBlockSize=4096, checks disabled  	[MsgId: MMSG-26000]
Vuser 0 (thread 4020), ended OK."
