Action.c(66): Notify: Saving Parameter "c_wcr = 222=on&flightID=114945295-844-AK&.cgifields=127&flightID=2437489-15-AK&.cgifields=32&flightID=1286785976-23393-AK&.cgifields=90&flightID=48034893-3087-AK&.cgifields=206&flightID=323190120-3907-AK&.cgifields=118&flightID=663800040-46322-AK&.cgifields=71&flightID=1998081581-54469-AK&.cgifields=102&flightID=88316319-61634-AK&.cgifields=200&flightID=229269033-69369-AK&.cgifields=18&flightID=256212338-7714-AK&.cgifields=125&flightID=89859675-8479-AK&.cgifields=16&flightID=1557125-929-AK&.cgifields=44&flightID=40096696-10062-AK&.cgifields=55&flightID=4433765-10819-AK&.cgifields=84&flightID=136736810-115519-AK&.cgifields=27&flightID=123621544-123186-AK&.cgifields=190&flightID=264832359-130932-AK&.cgifields=161&flightID=2684759679-138565-AK&.cgifields=194&flightID=189154962-14692-AK&.cgifields=95&flightID=31494718-15407-AK&.cgifields=57&flightID=316799646-16189-AK&.cgifields=220&flightID=2507326707-169315-AK&.cgifields=20&flightID=36902709-17703-AK&.cgifields=163&flightID=322231545-184780-AK&.cgifields=109&flightID=219338635-19265-AK&.cgifields=151&flightID=2228311-200-AK&.cgifields=89&flightID=192821895-20782-AK&.cgifields=175&flightID=3492326003-215706-AK&.cgifields=148&flightID=42766322-22361-AK&.cgifields=31&flightID=32700896-23099-AK&.cgifields=35&flightID=256400791-238775-AK&.cgifields=11&flightID=287938576-246240-AK&.cgifields=208&flightID=42083760-253926-AK&.cgifields=78&flightID=272980033-261746-AK&.cgifields=93&flightID=47152985-269324-AK&.cgifields=106&flightID=378600-276-AK&.cgifields=157&flightID=87941485-28486-AK&.cgifields=65&flightID=103810029-292492-AK&.cgifields=29&flightID=2728603745-300172-AK&.cgifields=197&flightID=414178952-307823-AK&.cgifields=203&flightID=213284835-315468-AK&.cgifields=138&flightID=291384915-32362-AK&.cgifields=199&flightID=26990965-33088-AK&.cgifields=114&flightID=249566344-33894-AK&.cgifields=58&flightID=83456441-34685-AK&.cgifields=211&flightID=3144545222-353923-AK&.cgifields=153&flightID=240426760-36194-AK&.cgifields=15&flightID=606211-369-AK&.cgifields=137&flightID=164871568-377004-AK&.cgifields=81&flightID=17136114-3853-AK&.cgifields=60&flightID=284046811-392446-AK&.cgifields=101&flightID=225870081-40045-AK&.cgifields=73&flightID=104059687-40812-AK&.cgifields=86&flightID=110157471-415550-AK&.cgifields=76&flightID=3364748607-423447-AK&.cgifields=62&flightID=258974127-430880-AK&.cgifields=67&flightID=63542596-43871-AK&.cgifields=204&flightID=283682265-44657-AK&.cgifields=165&flightID=35531713-45401-AK&.cgifields=198&flightID=1129941531-461850-AK&.cgifields=139&flightID=176516791-469318-AK&.cgifields=129&flightID=116848529-47714-AK&.cgifields=2&flightID=175455301-48496-AK&.cgifields=17&flightID=171915220-492454-AK&.cgifields=186&flightID=203969385-50064-AK&.cgifields=110&flightID=1176607460-507802-AK&.cgifields=82&flightID=329967863-51609-AK&.cgifields=147&flightID=192748641-52356-AK&.cgifields=218&flightID=137379266-53092-AK&.cgifields=202&flightID=230257803-538624-AK&.cgifields=168&flightID=270134848-546292-AK&.cgifields=184&flightID=49492270-55432-AK&.cgifields=135&flightID=173486048-56226-AK&.cgifields=14&flightID=599711-569-AK&.cgifields=112&flightID=268627809-57758-AK&.cgifields=69&flightID=1415674492-584714-AK&.cgifields=191&flightID=132904190-59265-AK&.cgifields=172&flightID=224550146-600146-AK&.cgifields=145&flightID=5750931-60782-AK&.cgifields=49&flightID=346867043-61567-AK&.cgifields=178&flightID=74436697-623206-AK&.cgifields=24&flightID=26284828-630856-AK&.cgifields=187&flightID=229712673-63875-AK&.cgifields=140&flightID=76360020-64658-AK&.cgifields=124&flightID=211486052-653940-AK&.cgifields=104&flightID=2713826-661-AK&.cgifields=131&flightID=219602622-669419-AK&.cgifields=181&flightID=193249344-67740-AK&.cgifields=121&flightID=23491132-684750-AK&.cgifields=79&flightID=253417479-69303-AK&.cgifields=212&flightID=274756412-70019-AK&.cgifields=154&flightID=3529178934-707786-AK&.cgifields=23&flightID=103708270-71562-AK&.cgifields=96&flightID=2156771205-723273-AK&.cgifields=126&flightID=341899748-73093-AK&.cgifields=159&flightID=35724522-73870-AK&.cgifields=160&flightID=181090879-74672-AK&.cgifields=176&flightID=144011925-753999-AK&.cgifields=47&flightID=160269387-76189-AK&.cgifields=8&flightID=610671550-769518-AK&.cgifields=209&flightID=1237448-776-AK&.cgifields=98&flightID=10401339-78469-AK&.cgifields=216&flightID=302523381-79253-AK&.cgifields=37&flightID=46867880-800119-AK&.cgifields=117&flightID=113414-807-AK&.cgifields=43&flightID=104787849-81611-AK&.cgifields=195&flightID=121561870-823194-AK&.cgifields=5&flightID=220174571-830865-AK&.cgifields=170&flightID=121042338-83857-AK&.cgifields=33&flightID=2133274887-846304-AK&.cgifields=21&flightID=1269345599-853937-AK&.cgifields=63&flightID=258723065-861714-AK&.cgifields=7&flightID=476540-869-AK&.cgifields=26&flightID=369580874-87738-AK&.cgifields=80&flightID=187231192-88491-AK&.cgifields=193&flightID=226504163-89262-AK&.cgifields=119&flightID=354862714-90044-AK&.cgifields=180&flightID=524648-907-AK&.cgifields=99&flightID=278773109-915530-AK&.cgifields=179&flightID=204768293-92378-AK&.cgifields=162&flightID=1505308-930-AK&.cgifields=72&flightID=152272232-93912-AK&.cgifields=74&flightID=170117476-946350-AK&.cgifields=182&flightID=1547178562-953937-AK&.cgifields=61&flightID=84006364-961735-AK&.cgifields=108&flightID=235468214-969416-AK&.cgifields=115&flightID=70874533-977017-AK&.cgifields=92&flightID=81413435-984791-AK&.cgifields=103&flightID=337195313-99301-AK&.cgifields=201&flightID=1656956337-1000169-AK&.cgifields=10&flightID=1531577818-1007776-AK&.cgifields=113&flightID=253715690-101587-AK&.cgifields=152&flightID=364343107-102376-AK&.cgifields=189&flightID=184833720-103112-AK&.cgifields=207&flightID=328970824-103904-AK&.cgifields=142&flightID=222601962-1046380-AK&.cgifields=91&flightID=1768453044-1054186-AK&.cgifields=167&flightID=178319670-106161-AK&.cgifields=48&flightID=51718893-106942-AK&.cgifields=107&flightID=319978560-107724-AK&.cgifields=87&flightID=287315619-1084725-AK&.cgifields=174&flightID=198251571-109295-AK&.cgifields=77&flightID=244537833-110038-AK&.cgifields=214&flightID=144173836-1107825-AK&.cgifields=133&flightID=362647821-111552-AK&.cgifields=149&flightID=51109318-1123214-AK&.cgifields=123&flightID=230566342-113114-AK&.cgifields=221&flightID=135109008-113879-AK&.cgifields=50&flightID=268134168-1146239-AK&.cgifields=39&flightID=211661614-1153938-AK&.cgifields=210&flightID=362848599-116182-AK&.cgifields=64&flightID=916400439-1169660-AK&.cgifields=97&flightID=53426760-1177044-AK&.cgifields=12&flightID=2899459302-1184705-AK&.cgifields=41&flightID=223350869-119268-AK&.cgifields=52&flightID=3587508185-1200154-AK&.cgifields=173&flightID=77763840-120822-AK&.cgifields=56&flightID=1078229-1215-AK&.cgifields=45&flightID=86019401-122373-AK&.cgifields=66&flightID=277454139-123135-AK&.cgifields=19&flightID=1458230-1238-AK&.cgifields=54&flightID=3203660-1246-AK&.cgifields=70&flightID=36316157-125397-AK&.cgifields=188&flightID=363718895-126182-AK&.cgifields=68&flightID=204315207-1269369-AK&.cgifields=166&flightID=21580262-127705-AK&.cgifields=1&flightID=342757474-128523-AK&.cgifields=136&flightID=3405881-1292-AK&.cgifields=88&flightID=27230045-130054-AK&.cgifields=116&flightID=8307050-130796-AK&.cgifields=144&flightID=48860748-131554-AK&.cgifields=141&flightID=32219421-13237-AK&.cgifields=30&flightID=420854-13312-AK&.cgifields=100&flightID=20265591-1338608-AK&.cgifields=222&flightID=125011570-134677-AK&.cgifields=25&flightID=343352647-1353960-AK&.cgifields=128&flightID=647160-1361-AK&.cgifields=28&flightID=3164688-1369-AK&.cgifields=120&flightID=105870861-137712-AK&.cgifields=156&flightID=2949363422-1384985-AK&.cgifields=134&flightID=18332124-139241-AK&.cgifields=40&flightID=107212338-140011-AK&.cgifields=75&flightID=64405659-1407818-AK&.cgifields=83&flightID=3269193747-1415566-AK&.cgifields=192&flightID=113367044-142353-AK&.cgifields=59&flightID=316920767-1430882-AK&.cgifields=215&flightID=2176007-1438-AK&.cgifields=177&flightID=2305967-1446-AK&.cgifields=150&flightID=35688006-145396-AK&.cgifields=155&flightID=1299627-1461-AK&.cgifields=130&flightID=1877878555-1469462-AK&.cgifields=217&flightID=342419404-1477064-AK&.cgifields=53&flightID=282013751-148484-AK&.cgifields=122&flightID=1340274854-1492552-AK&.cgifields=143&flightID=358528590-1500217-AK&.cgifields=205&flightID=338783345-150818-AK&.cgifields=158&flightID=183641616-151587-AK&.cgifields=42&flightID=48931189-152335-AK&.cgifields=22&flightID=156830008-153132-AK&.cgifields=219&flightID=2145252672-1538960-AK&.cgifields=46&flightID=3266171-1546-AK&.cgifields=13&flightID=157615966-155392-AK&.cgifields=105&flightID=3185489702-1561994-AK&.cgifields=6&flightID=2090311569-1569781-AK&.cgifields=85&flightID=278602351-157766-AK&.cgifields=185&flightID=1832215610-1584954-AK&.cgifields=36&flightID=78894539-1592438-AK&.cgifields=3&flightID=280274115-1600172-AK&.cgifields=213&flightID=284499034-1607833-AK&.cgifields=183&flightID=144124895-161576-AK&.cgifields=94&flightID=211843004-162316-AK&.cgifields=146&flightID=104989320-163127-AK&.cgifields=51&flightID=126458193-163880-AK&.cgifields=9&flightID=34615628-1646304-AK&.cgifields=111&flightID=300825636-165398-AK&.cgifields=38&flightID=818085969-1661629-AK&.cgifields=4&flightID=69529339-166963-AK&.cgifields=34&flightID=337679640-167714-AK&.cgifields=169&flightID=2533030794-1684949-AK&.cgifields=164&flightID=134237448-169239-AK&.cgifields=132&flightID=176804862-170044-AK&.cgifields=196&flightID=128411978-170832-AK&.cgifields=171&removeFlights.x=39&removeFlights.y=11".	[MsgId: MMSG-13798]
Action.c(68): Notify: Parameter Substitution: parameter "c_flightids_count" =  "222"	[MsgId: MMSG-13992]
Action.c(68): Notify: Parameter Substitution: parameter "c_flightids_222" =  "128411978-170832-AK"	[MsgId: MMSG-13992]
Action.c(68): Notify: Saving Parameter "c_cancelflight = 128411978-170832-AK".	[MsgId: MMSG-13798]
Action.c(70): web_reg_find started  	[MsgId: MMSG-26355]
Action.c(70): Notify: Parameter Substitution: parameter "c_cancelflight" =  "128411978-170832-AK"	[MsgId: MMSG-13992]
Action.c(70): Registering web_reg_find was successful  	[MsgId: MMSG-26390]
Action.c(72): web_submit_data("itinerary.pl") started  	[MsgId: MMSG-26355]
Action.c(72): Notify: Parameter Substitution: parameter "c_cancelflight" =  "128411978-170832-AK"	[MsgId: MMSG-13992]
Action.c(72): Notify: Parameter Substitution: parameter "c_cancelflight" =  "128411978-170832-AK"	[MsgId: MMSG-13992]
Action.c(72): t=1353731ms: Already connected [0] to localhost:1080  	[MsgId: MMSG-26000]
Action.c(72): t=1353731ms: 523-byte request headers for "http://localhost:1080/cgi-bin/itinerary.pl" (RelFrameId=1, Internal ID=3219)
Action.c(72):     POST /cgi-bin/itinerary.pl HTTP/1.1\r\n
Action.c(72):     Content-Type: application/x-www-form-urlencoded\r\n
Action.c(72):     Referer: http://localhost:1080/cgi-bin/itinerary.pl\r\n
Action.c(72):     DNT: 1\r\n
Action.c(72):     User-Agent: Mozilla/5.0 (Windows NT 10.0; WOW64; Trident/7.0; rv:11.0) like Gecko\r\n
Action.c(72):     Accept-Encoding: gzip, deflate\r\n
Action.c(72):     Accept-Language: ru-RU\r\n
Action.c(72):     Accept: */*\r\n
Action.c(72):     Connection: Keep-Alive\r\n
Action.c(72):     Host: localhost:1080\r\n
Action.c(72):     Cookie: MSO=SID&1658143221; MTUserInfo=firstName&Artem&address2&Value&username&artem478&ha
Action.c(72):     sh&88&lastName&Kras%0A&address1&Pushkina&creditCard&&expDate&%0A\r\n
Action.c(72):     Content-Length: 97\r\n
Action.c(72):     \r\n
Action.c(72): t=1353731ms: 97-byte request body for "http://localhost:1080/cgi-bin/itinerary.pl" (RelFrameId=1, Internal ID=3219)
Action.c(72):     flightID=128411978-170832-AK&.cgifields=128411978-170832-AK&removeFlights.x=39&removeFligh
Action.c(72):     ts.y=11
Action.c(72): t=1353863ms: 255-byte response headers for "http://localhost:1080/cgi-bin/itinerary.pl" (RelFrameId=1, Internal ID=3219)
Action.c(72):     HTTP/1.1 200 OK\r\n
Action.c(72):     Date: Mon, 18 Jul 2022 11:20:57 GMT\r\n
Action.c(72):     Server: Apache/2.2.21 (Win32)\r\n
Action.c(72):     Expires: Sun, 17 Jul 2022 11:20:57 GMT\r\n
Action.c(72):     Keep-Alive: timeout=5, max=72\r\n
Action.c(72):     Connection: Keep-Alive\r\n
Action.c(72):     Transfer-Encoding: chunked\r\n
Action.c(72):     Content-Type: text/html; charset=ISO-8859-1\r\n
Action.c(72):     \r\n
Action.c(72): t=1353864ms: 5-byte chunked response overhead for "http://localhost:1080/cgi-bin/itinerary.pl" (RelFrameId=1, Internal ID=3219)
Action.c(72):     3a4\r\n
Action.c(72): t=1353864ms: 2-byte chunked response overhead for "http://localhost:1080/cgi-bin/itinerary.pl" (RelFrameId=1, Internal ID=3219)
Action.c(72):     \r\n
Action.c(72): t=1353864ms: 932-byte chunked response body for "http://localhost:1080/cgi-bin/itinerary.pl" (RelFrameId=1, Internal ID=3219)
Action.c(72):     <!DOCTYPE html\n
Action.c(72):     \tPUBLIC "-//W3C//DTD XHTML 1.0 Transitional//EN"\n
Action.c(72):     \t "http://www.w3.org/TR/xhtml1/DTD/xhtml1-transitional.dtd">\n
Action.c(72):     <html xmlns="http://www.w3.org/1999/xhtml" lang="en-US" xml:lang="en-US">\n
Action.c(72):     <head>\n
Action.c(72):     <title>Flights List</title>\n
Action.c(72):     <meta http-equiv="Content-Type" content="text/html; charset=iso-8859-1" />\n
Action.c(72):     </head>\n
Action.c(72):     <body bgcolor="#E0E7F1">\n
Action.c(72):     <style>blockquote {font-family: tahoma; font-size : 10pt}H1 {font-family: tahoma; font-siz
Action.c(72):     e : 22pt; color: #993333}small {font-family: tahoma; font-size : 8pt}H3 {font-family: taho
Action.c(72):     ma; font-size : 10pt; color: black}TD {font-family: tahoma; font-size : 8pt; color: black}
Action.c(72):     </style><BR/><BR/><h1>&nbsp;&nbsp;<b>Itinerary</b></h1>\n
Action.c(72):     <blockquote><P break>Unfortunately, we could not delete your entire itinerary because of a
Action.c(72):      database synchronization error.  If you could please re-load your itinerary and try again
Action.c(72):     , we would appreciate it.  Thank you for your patience.</blockquote>\n
Action.c(72):     </body>\n
Action.c(72):     </html>
Action.c(72): t=1353870ms: 5-byte chunked response overhead for "http://localhost:1080/cgi-bin/itinerary.pl" (RelFrameId=1, Internal ID=3219)
Action.c(72):     0\r\n
Action.c(72):     \r\n
Action.c(72): t=1353870ms: Request done "http://localhost:1080/cgi-bin/itinerary.pl"  	[MsgId: MMSG-26000]
Action.c(72): Registered web_reg_find successful for "Text=128411978-170832-AK"  	[MsgId: MMSG-26362]
Action.c(72): web_submit_data("itinerary.pl") was successful, 932 body bytes, 255 header bytes, 12 chunking overhead bytes  	[MsgId: MMSG-26385]
Action.c(60): Notify: Parameter Substitution: parameter "c_flightids_count" =  "222"	[MsgId: MMSG-13992]
Action.c(87): Notify: Transaction "deleteTicket" ended with a "Pass" status (Duration: 35,1120 Wasted Time: 0,0013).	[MsgId: MMSG-16871]
Action.c(89): Notify: Transaction "UC04_DeleteTickets" ended with a "Pass" status (Duration: 36,6756 Wasted Time: 0,0260).	[MsgId: MMSG-16871]
Ending action Action.	[MsgId: MMSG-15918]
Ending iteration 14.	[MsgId: MMSG-15965]
Waiting 62,3210 seconds for iteration pacing.	[MsgId: MMSG-15996]
Action was aborted.	[MsgId: MMSG-10694]
Ending Vuser...	[MsgId: MMSG-15966]
Starting action vuser_end.	[MsgId: MMSG-15919]
Ending action vuser_end.	[MsgId: MMSG-15918]
Vuser Terminated.	[MsgId: MMSG-15963]
t=1365187ms: Closed connection [0] to localhost:1080 after completing 31 request(s)  	[MsgId: MMSG-26000]
HTML-Mode memory management statistics: Reusable=39, NonReusable=0, CsMemBlockSize=4096, checks disabled  	[MsgId: MMSG-26000]
Vuser 0 (thread 8888), ended OK."	[MsgId: MMSG-10695]
Action was aborted.	[MsgId: MMSG-10694]
Ending Vuser...	[MsgId: MMSG-15966]
Starting action vuser_end.	[MsgId: MMSG-15919]
Ending action vuser_end.	[MsgId: MMSG-15918]
Vuser Terminated.	[MsgId: MMSG-15963]
t=1395321ms: Closed connection [0] to localhost:1080 after completing 29 request(s)  	[MsgId: MMSG-26000]
HTML-Mode memory management statistics: Reusable=39, NonReusable=0, CsMemBlockSize=4096, checks disabled  	[MsgId: MMSG-26000]
Vuser 1 (thread 3528), ended OK."	[MsgId: MMSG-10695]
