Action.c(44): Notify: Saving Parameter "c_cgifields_155 = 188".	[MsgId: MMSG-13798]
Action.c(44): Notify: Saving Parameter "c_cgifields_156 = 68".	[MsgId: MMSG-13798]
Action.c(44): Notify: Saving Parameter "c_cgifields_157 = 166".	[MsgId: MMSG-13798]
Action.c(44): Notify: Saving Parameter "c_cgifields_158 = 1".	[MsgId: MMSG-13798]
Action.c(44): Notify: Saving Parameter "c_cgifields_159 = 136".	[MsgId: MMSG-13798]
Action.c(44): Notify: Saving Parameter "c_cgifields_160 = 88".	[MsgId: MMSG-13798]
Action.c(44): Notify: Saving Parameter "c_cgifields_161 = 116".	[MsgId: MMSG-13798]
Action.c(44): Notify: Saving Parameter "c_cgifields_162 = 144".	[MsgId: MMSG-13798]
Action.c(44): Notify: Saving Parameter "c_cgifields_163 = 141".	[MsgId: MMSG-13798]
Action.c(44): Notify: Saving Parameter "c_cgifields_164 = 30".	[MsgId: MMSG-13798]
Action.c(44): Notify: Saving Parameter "c_cgifields_165 = 100".	[MsgId: MMSG-13798]
Action.c(44): Notify: Saving Parameter "c_cgifields_166 = 25".	[MsgId: MMSG-13798]
Action.c(44): Notify: Saving Parameter "c_cgifields_167 = 128".	[MsgId: MMSG-13798]
Action.c(44): Notify: Saving Parameter "c_cgifields_168 = 28".	[MsgId: MMSG-13798]
Action.c(44): Notify: Saving Parameter "c_cgifields_169 = 120".	[MsgId: MMSG-13798]
Action.c(44): Notify: Saving Parameter "c_cgifields_170 = 156".	[MsgId: MMSG-13798]
Action.c(44): Notify: Saving Parameter "c_cgifields_171 = 134".	[MsgId: MMSG-13798]
Action.c(44): Notify: Saving Parameter "c_cgifields_172 = 40".	[MsgId: MMSG-13798]
Action.c(44): Notify: Saving Parameter "c_cgifields_173 = 75".	[MsgId: MMSG-13798]
Action.c(44): Notify: Saving Parameter "c_cgifields_174 = 83".	[MsgId: MMSG-13798]
Action.c(44): Notify: Saving Parameter "c_cgifields_175 = 192".	[MsgId: MMSG-13798]
Action.c(44): Notify: Saving Parameter "c_cgifields_176 = 59".	[MsgId: MMSG-13798]
Action.c(44): Notify: Saving Parameter "c_cgifields_177 = 177".	[MsgId: MMSG-13798]
Action.c(44): Notify: Saving Parameter "c_cgifields_178 = 150".	[MsgId: MMSG-13798]
Action.c(44): Notify: Saving Parameter "c_cgifields_179 = 155".	[MsgId: MMSG-13798]
Action.c(44): Notify: Saving Parameter "c_cgifields_180 = 130".	[MsgId: MMSG-13798]
Action.c(44): Notify: Saving Parameter "c_cgifields_181 = 53".	[MsgId: MMSG-13798]
Action.c(44): Notify: Saving Parameter "c_cgifields_182 = 122".	[MsgId: MMSG-13798]
Action.c(44): Notify: Saving Parameter "c_cgifields_183 = 143".	[MsgId: MMSG-13798]
Action.c(44): Notify: Saving Parameter "c_cgifields_184 = 205".	[MsgId: MMSG-13798]
Action.c(44): Notify: Saving Parameter "c_cgifields_185 = 158".	[MsgId: MMSG-13798]
Action.c(44): Notify: Saving Parameter "c_cgifields_186 = 42".	[MsgId: MMSG-13798]
Action.c(44): Notify: Saving Parameter "c_cgifields_187 = 22".	[MsgId: MMSG-13798]
Action.c(44): Notify: Saving Parameter "c_cgifields_188 = 46".	[MsgId: MMSG-13798]
Action.c(44): Notify: Saving Parameter "c_cgifields_189 = 13".	[MsgId: MMSG-13798]
Action.c(44): Notify: Saving Parameter "c_cgifields_190 = 105".	[MsgId: MMSG-13798]
Action.c(44): Notify: Saving Parameter "c_cgifields_191 = 6".	[MsgId: MMSG-13798]
Action.c(44): Notify: Saving Parameter "c_cgifields_192 = 85".	[MsgId: MMSG-13798]
Action.c(44): Notify: Saving Parameter "c_cgifields_193 = 185".	[MsgId: MMSG-13798]
Action.c(44): Notify: Saving Parameter "c_cgifields_194 = 36".	[MsgId: MMSG-13798]
Action.c(44): Notify: Saving Parameter "c_cgifields_195 = 3".	[MsgId: MMSG-13798]
Action.c(44): Notify: Saving Parameter "c_cgifields_196 = 183".	[MsgId: MMSG-13798]
Action.c(44): Notify: Saving Parameter "c_cgifields_197 = 94".	[MsgId: MMSG-13798]
Action.c(44): Notify: Saving Parameter "c_cgifields_198 = 146".	[MsgId: MMSG-13798]
Action.c(44): Notify: Saving Parameter "c_cgifields_199 = 51".	[MsgId: MMSG-13798]
Action.c(44): Notify: Saving Parameter "c_cgifields_200 = 9".	[MsgId: MMSG-13798]
Action.c(44): Notify: Saving Parameter "c_cgifields_201 = 111".	[MsgId: MMSG-13798]
Action.c(44): Notify: Saving Parameter "c_cgifields_202 = 38".	[MsgId: MMSG-13798]
Action.c(44): Notify: Saving Parameter "c_cgifields_203 = 4".	[MsgId: MMSG-13798]
Action.c(44): Notify: Saving Parameter "c_cgifields_204 = 34".	[MsgId: MMSG-13798]
Action.c(44): Notify: Saving Parameter "c_cgifields_205 = 169".	[MsgId: MMSG-13798]
Action.c(44): Notify: Saving Parameter "c_cgifields_206 = 164".	[MsgId: MMSG-13798]
Action.c(44): Notify: Saving Parameter "c_cgifields_207 = 132".	[MsgId: MMSG-13798]
Action.c(44): Notify: Saving Parameter "c_cgifields_208 = 196".	[MsgId: MMSG-13798]
Action.c(44): Notify: Saving Parameter "c_cgifields_209 = 171".	[MsgId: MMSG-13798]
Action.c(44): t=1430ms: Request done "http://localhost:1080/cgi-bin/itinerary.pl"  	[MsgId: MMSG-26000]
Action.c(44): Notify: Saving Parameter "c_flightids_count = 209".	[MsgId: MMSG-13798]
Action.c(44): Notify: Saving Parameter "c_cgifields_count = 209".	[MsgId: MMSG-13798]
Action.c(44): web_url("Itinerary Button") was successful, 246414 body bytes, 725 header bytes, 491 chunking overhead bytes  	[MsgId: MMSG-26385]
Action.c(54): Notify: Transaction "clickItinerary" ended with a "Pass" status (Duration: 0,8455 Wasted Time: 0,0203).	[MsgId: MMSG-16871]
Action.c(56): Notify: Transaction "deleteTicket" started.	[MsgId: MMSG-16999]
Action.c(58): Notify: Parameter Substitution: parameter "c_flightids_count" =  "209"	[MsgId: MMSG-13992]
Action.c(58): Notify: Saving Parameter "c_buffer = 209=on&".	[MsgId: MMSG-13798]
Action.c(60): Notify: Parameter Substitution: parameter "c_buffer" =  "209=on&"	[MsgId: MMSG-13992]
Action.c(60): Warning: The string 'c_flightids_0' with parameter delimiters is not a parameter.	[MsgId: MWAR-13987]
Action.c(60): Notify: Saving Parameter "c_buffer = 209=on&flightID={c_flightids_0}&".	[MsgId: MMSG-13798]
Action.c(62): Notify: Parameter Substitution: parameter "c_buffer" =  "209=on&flightID={c_flightids_0}&"	[MsgId: MMSG-13992]
Action.c(62): Warning: The string 'c_cgifields_0' with parameter delimiters is not a parameter.	[MsgId: MWAR-13987]
Action.c(62): Notify: Saving Parameter "c_buffer = 209=on&flightID={c_flightids_0}&.cgifields={c_cgifields_0}&".	[MsgId: MMSG-13798]
Action.c(64): Notify: Parameter Substitution: parameter "c_buffer" =  "209=on&flightID={c_flightids_0}&.cgifields={c_cgifields_0}&"	[MsgId: MMSG-13992]
Action.c(64): Notify: Saving Parameter "c_wcr = 209=on&flightID={c_flightids_0}&.cgifields={c_cgifields_0}&removeFlights.x=39&removeFlights.y=11".	[MsgId: MMSG-13798]
Action.c(66): Notify: Parameter Substitution: parameter "c_flightids_count" =  "209"	[MsgId: MMSG-13992]
Action.c(66): Notify: Parameter Substitution: parameter "c_flightids_209" =  "284499034-1607833-AK"	[MsgId: MMSG-13992]
Action.c(66): Notify: Saving Parameter "c_cancelflight = 284499034-1607833-AK".	[MsgId: MMSG-13798]
Action.c(68): web_reg_find started  	[MsgId: MMSG-26355]
Action.c(68): Notify: Parameter Substitution: parameter "c_cancelflight" =  "284499034-1607833-AK"	[MsgId: MMSG-13992]
Action.c(68): Registering web_reg_find was successful  	[MsgId: MMSG-26390]
Action.c(70): web_submit_data("itinerary.pl") started  	[MsgId: MMSG-26355]
Action.c(70): Notify: Parameter Substitution: parameter "c_cancelflight" =  "284499034-1607833-AK"	[MsgId: MMSG-13992]
Action.c(70): Notify: Parameter Substitution: parameter "c_cancelflight" =  "284499034-1607833-AK"	[MsgId: MMSG-13992]
Action.c(70): t=1432ms: Already connected [0] to localhost:1080  	[MsgId: MMSG-26000]
Action.c(70): t=1432ms: 523-byte request headers for "http://localhost:1080/cgi-bin/itinerary.pl" (RelFrameId=1, Internal ID=26)
Action.c(70):     POST /cgi-bin/itinerary.pl HTTP/1.1\r\n
Action.c(70):     Content-Type: application/x-www-form-urlencoded\r\n
Action.c(70):     Referer: http://localhost:1080/cgi-bin/itinerary.pl\r\n
Action.c(70):     DNT: 1\r\n
Action.c(70):     User-Agent: Mozilla/5.0 (Windows NT 10.0; WOW64; Trident/7.0; rv:11.0) like Gecko\r\n
Action.c(70):     Accept-Encoding: gzip, deflate\r\n
Action.c(70):     Accept-Language: ru-RU\r\n
Action.c(70):     Accept: */*\r\n
Action.c(70):     Connection: Keep-Alive\r\n
Action.c(70):     Host: localhost:1080\r\n
Action.c(70):     Cookie: MSO=SID&1658139809; MTUserInfo=firstName&Artem&address2&Value&username&artem478&ha
Action.c(70):     sh&88&lastName&Kras%0A&address1&Pushkina&creditCard&&expDate&%0A\r\n
Action.c(70):     Content-Length: 99\r\n
Action.c(70):     \r\n
Action.c(70): t=1432ms: 99-byte request body for "http://localhost:1080/cgi-bin/itinerary.pl" (RelFrameId=1, Internal ID=26)
Action.c(70):     flightID=284499034-1607833-AK&.cgifields=284499034-1607833-AK&removeFlights.x=39&removeFli
Action.c(70):     ghts.y=11
Action.c(70): t=1501ms: 255-byte response headers for "http://localhost:1080/cgi-bin/itinerary.pl" (RelFrameId=1, Internal ID=26)
Action.c(70):     HTTP/1.1 200 OK\r\n
Action.c(70):     Date: Mon, 18 Jul 2022 10:23:30 GMT\r\n
Action.c(70):     Server: Apache/2.2.21 (Win32)\r\n
Action.c(70):     Expires: Sun, 17 Jul 2022 10:23:30 GMT\r\n
Action.c(70):     Keep-Alive: timeout=5, max=91\r\n
Action.c(70):     Connection: Keep-Alive\r\n
Action.c(70):     Transfer-Encoding: chunked\r\n
Action.c(70):     Content-Type: text/html; charset=ISO-8859-1\r\n
Action.c(70):     \r\n
Action.c(70): t=1502ms: 5-byte chunked response overhead for "http://localhost:1080/cgi-bin/itinerary.pl" (RelFrameId=1, Internal ID=26)
Action.c(70):     3a4\r\n
Action.c(70): t=1502ms: 2-byte chunked response overhead for "http://localhost:1080/cgi-bin/itinerary.pl" (RelFrameId=1, Internal ID=26)
Action.c(70):     \r\n
Action.c(70): t=1502ms: 932-byte chunked response body for "http://localhost:1080/cgi-bin/itinerary.pl" (RelFrameId=1, Internal ID=26)
Action.c(70):     <!DOCTYPE html\n
Action.c(70):     \tPUBLIC "-//W3C//DTD XHTML 1.0 Transitional//EN"\n
Action.c(70):     \t "http://www.w3.org/TR/xhtml1/DTD/xhtml1-transitional.dtd">\n
Action.c(70):     <html xmlns="http://www.w3.org/1999/xhtml" lang="en-US" xml:lang="en-US">\n
Action.c(70):     <head>\n
Action.c(70):     <title>Flights List</title>\n
Action.c(70):     <meta http-equiv="Content-Type" content="text/html; charset=iso-8859-1" />\n
Action.c(70):     </head>\n
Action.c(70):     <body bgcolor="#E0E7F1">\n
Action.c(70):     <style>blockquote {font-family: tahoma; font-size : 10pt}H1 {font-family: tahoma; font-siz
Action.c(70):     e : 22pt; color: #993333}small {font-family: tahoma; font-size : 8pt}H3 {font-family: taho
Action.c(70):     ma; font-size : 10pt; color: black}TD {font-family: tahoma; font-size : 8pt; color: black}
Action.c(70):     </style><BR/><BR/><h1>&nbsp;&nbsp;<b>Itinerary</b></h1>\n
Action.c(70):     <blockquote><P break>Unfortunately, we could not delete your entire itinerary because of a
Action.c(70):      database synchronization error.  If you could please re-load your itinerary and try again
Action.c(70):     , we would appreciate it.  Thank you for your patience.</blockquote>\n
Action.c(70):     </body>\n
Action.c(70):     </html>
Action.c(70): t=1508ms: 5-byte chunked response overhead for "http://localhost:1080/cgi-bin/itinerary.pl" (RelFrameId=1, Internal ID=26)
Action.c(70):     0\r\n
Action.c(70):     \r\n
Action.c(70): t=1508ms: Request done "http://localhost:1080/cgi-bin/itinerary.pl"  	[MsgId: MMSG-26000]
Action.c(70): Registered web_reg_find successful for "Text=284499034-1607833-AK"  	[MsgId: MMSG-26362]
Action.c(70): web_submit_data("itinerary.pl") was successful, 932 body bytes, 255 header bytes, 12 chunking overhead bytes  	[MsgId: MMSG-26385]
Action.c(85): Notify: Transaction "deleteTicket" ended with a "Pass" status (Duration: 0,0777 Wasted Time: 0,0000).	[MsgId: MMSG-16871]
Action.c(87): Notify: Transaction "UC04_DeleteTickets" ended with a "Pass" status (Duration: 1,2926 Wasted Time: 0,0355).	[MsgId: MMSG-16871]
Ending action Action.	[MsgId: MMSG-15918]
Ending iteration 1.	[MsgId: MMSG-15965]
Waiting 97,7070 seconds for iteration pacing.	[MsgId: MMSG-15996]
Action was aborted.	[MsgId: MMSG-10694]
Ending Vuser...	[MsgId: MMSG-15966]
Starting action vuser_end.	[MsgId: MMSG-15919]
Ending action vuser_end.	[MsgId: MMSG-15918]
Vuser Terminated.	[MsgId: MMSG-15963]
t=7947ms: Closed connection [0] to localhost:1080 after completing 10 request(s)  	[MsgId: MMSG-26000]
t=7947ms: Closed connection [1] to localhost:1080 after completing 7 request(s)  	[MsgId: MMSG-26000]
t=7947ms: Closed connection [2] to localhost:1080 after completing 4 request(s)  	[MsgId: MMSG-26000]
t=7948ms: Closed connection [3] to localhost:1080 after completing 3 request(s)  	[MsgId: MMSG-26000]
t=7948ms: Closed connection [4] to localhost:1080 after completing 1 request(s)  	[MsgId: MMSG-26000]
t=7949ms: Closed connection [5] to localhost:1080 after completing 1 request(s)  	[MsgId: MMSG-26000]
HTML-Mode memory management statistics: Reusable=35, NonReusable=0, CsMemBlockSize=4096, checks disabled  	[MsgId: MMSG-26000]
Vuser 0 (thread 7392), ended OK."	[MsgId: MMSG-10695]
