C:\\Users\\\303\363\353\374\355\340\360\340\\Desktop\\LoadRunner\\LoadRunner_Works\\\321\352\360\350\357\362\373\\common_lib.h(21): web_url("WebTours") highest severity level was "ERROR", 0 body bytes, 0 header bytes  	[MsgId: MMSG-26388]
C:\\Users\\\303\363\353\374\355\340\360\340\\Desktop\\LoadRunner\\LoadRunner_Works\\\321\352\360\350\357\362\373\\common_lib.h(21): Notify: Transaction "homePage" ended with a "Fail" status (Duration: 1,0189 Wasted Time: 0,0007).	[MsgId: MMSG-16871]
C:\\Users\\\303\363\353\374\355\340\360\340\\Desktop\\LoadRunner\\LoadRunner_Works\\\321\352\360\350\357\362\373\\common_lib.h(21): Notify: Transaction "homePage" has 3 error message(s).	[MsgId: MMSG-16818]
C:\\Users\\\303\363\353\374\355\340\360\340\\Desktop\\LoadRunner\\LoadRunner_Works\\\321\352\360\350\357\362\373\\common_lib.h(21): Notify: The 1st error message associated with transaction "homePage" is "Error -27792: Failed to connect to server "localhost:1080": [10061] Connection refused"	[MsgId: MMSG-16819]
C:\\Users\\\303\363\353\374\355\340\360\340\\Desktop\\LoadRunner\\LoadRunner_Works\\\321\352\360\350\357\362\373\\common_lib.h(21): Notify: The 2nd error message associated with transaction "homePage" is "Error -26366: "Text=Welcome to the Web Tours site" not found for web_reg_find"	[MsgId: MMSG-16819]
C:\\Users\\\303\363\353\374\355\340\360\340\\Desktop\\LoadRunner\\LoadRunner_Works\\\321\352\360\350\357\362\373\\common_lib.h(21): Notify: The 3rd error message associated with transaction "homePage" is "Error -26374: The above "not found" error(s) may be explained by header and body byte counts being 0 and 0, respectively."	[MsgId: MMSG-16819]
C:\\Users\\\303\363\353\374\355\340\360\340\\Desktop\\LoadRunner\\LoadRunner_Works\\\321\352\360\350\357\362\373\\common_lib.h(21): Notify: Transaction "UC01_CustomerProfile" ended with a "Fail" status (Duration: 1,0190 Wasted Time: 0,0007).	[MsgId: MMSG-16871]
C:\\Users\\\303\363\353\374\355\340\360\340\\Desktop\\LoadRunner\\LoadRunner_Works\\\321\352\360\350\357\362\373\\common_lib.h(21): Notify: Transaction "UC01_CustomerProfile" has 3 error message(s).	[MsgId: MMSG-16818]
C:\\Users\\\303\363\353\374\355\340\360\340\\Desktop\\LoadRunner\\LoadRunner_Works\\\321\352\360\350\357\362\373\\common_lib.h(21): Notify: The 1st error message associated with transaction "UC01_CustomerProfile" is "Error -27792: Failed to connect to server "localhost:1080": [10061] Connection refused"	[MsgId: MMSG-16819]
C:\\Users\\\303\363\353\374\355\340\360\340\\Desktop\\LoadRunner\\LoadRunner_Works\\\321\352\360\350\357\362\373\\common_lib.h(21): Notify: The 2nd error message associated with transaction "UC01_CustomerProfile" is "Error -26366: "Text=Welcome to the Web Tours site" not found for web_reg_find"	[MsgId: MMSG-16819]
C:\\Users\\\303\363\353\374\355\340\360\340\\Desktop\\LoadRunner\\LoadRunner_Works\\\321\352\360\350\357\362\373\\common_lib.h(21): Notify: The 3rd error message associated with transaction "UC01_CustomerProfile" is "Error -26374: The above "not found" error(s) may be explained by header and body byte counts being 0 and 0, respectively."	[MsgId: MMSG-16819]
Ending action Action.	[MsgId: MMSG-15918]
Ending iteration 756.	[MsgId: MMSG-15965]
Starting iteration 757.	[MsgId: MMSG-15968]
C:\\Users\\\303\363\353\374\355\340\360\340\\Desktop\\LoadRunner\\LoadRunner_Works\\\321\352\360\350\357\362\373\\common_lib.h(21): Resetting all proxy auto-configuration information  	[MsgId: MMSG-26000]
Notify: Next row for parameter City = 2 [table  = City].	[MsgId: MMSG-13876]
Notify: Getting new value for parameter 'City': table = '..\Parametres\data.dat' column = '5' row = '2'.	[MsgId: MMSG-13877]
Notify: Next row for parameter Username = 2 [table  = Username].	[MsgId: MMSG-13876]
Notify: Getting new value for parameter 'Username': table = '..\Parametres\data.dat' column = '0' row = '2'.	[MsgId: MMSG-13877]
Notify: Next row for parameter StreetAddress = 9 [table  = StreetAddress].	[MsgId: MMSG-13876]
Notify: Getting new value for parameter 'StreetAddress': table = '..\Parametres\data.dat' column = '4' row = '9'.	[MsgId: MMSG-13877]
Notify: Next row for parameter Password = 2 [table  = Password].	[MsgId: MMSG-13876]
Notify: Getting new value for parameter 'Password': table = '..\Parametres\data.dat' column = '3' row = '2'.	[MsgId: MMSG-13877]
Notify: Next row for parameter LastName = 2 [table  = LastName].	[MsgId: MMSG-13876]
Notify: Getting new value for parameter 'LastName': table = '..\Parametres\data.dat' column = '2' row = '2'.	[MsgId: MMSG-13877]
Notify: Next row for parameter FirstName = 2 [table  = FirstName].	[MsgId: MMSG-13876]
Notify: Getting new value for parameter 'FirstName': table = '..\Parametres\data.dat' column = '1' row = '2'.	[MsgId: MMSG-13877]
Starting action Action.	[MsgId: MMSG-15919]
Action.c(4): Notify: Transaction "UC01_CustomerProfile" started.	[MsgId: MMSG-16999]
C:\\Users\\\303\363\353\374\355\340\360\340\\Desktop\\LoadRunner\\LoadRunner_Works\\\321\352\360\350\357\362\373\\common_lib.h(2): Notify: Transaction "homePage" started.	[MsgId: MMSG-16999]
C:\\Users\\\303\363\353\374\355\340\360\340\\Desktop\\LoadRunner\\LoadRunner_Works\\\321\352\360\350\357\362\373\\common_lib.h(4): web_add_auto_header("DNT") started  	[MsgId: MMSG-26355]
C:\\Users\\\303\363\353\374\355\340\360\340\\Desktop\\LoadRunner\\LoadRunner_Works\\\321\352\360\350\357\362\373\\common_lib.h(4): An unrecognized header ("DNT") is being added  	[MsgId: MMSG-26595]
C:\\Users\\\303\363\353\374\355\340\360\340\\Desktop\\LoadRunner\\LoadRunner_Works\\\321\352\360\350\357\362\373\\common_lib.h(4): "DNT: 1" header registered for adding to requests from all following Action functions  	[MsgId: MMSG-26505]
C:\\Users\\\303\363\353\374\355\340\360\340\\Desktop\\LoadRunner\\LoadRunner_Works\\\321\352\360\350\357\362\373\\common_lib.h(4): web_add_auto_header("DNT") was successful  	[MsgId: MMSG-26392]
C:\\Users\\\303\363\353\374\355\340\360\340\\Desktop\\LoadRunner\\LoadRunner_Works\\\321\352\360\350\357\362\373\\common_lib.h(7): web_reg_find started  	[MsgId: MMSG-26355]
C:\\Users\\\303\363\353\374\355\340\360\340\\Desktop\\LoadRunner\\LoadRunner_Works\\\321\352\360\350\357\362\373\\common_lib.h(7): Registering web_reg_find was successful  	[MsgId: MMSG-26390]
C:\\Users\\\303\363\353\374\355\340\360\340\\Desktop\\LoadRunner\\LoadRunner_Works\\\321\352\360\350\357\362\373\\common_lib.h(10): web_reg_save_param_attrib started  	[MsgId: MMSG-26355]
C:\\Users\\\303\363\353\374\355\340\360\340\\Desktop\\LoadRunner\\LoadRunner_Works\\\321\352\360\350\357\362\373\\common_lib.h(10): Registering web_reg_save_param_attrib was successful  	[MsgId: MMSG-26390]
C:\\Users\\\303\363\353\374\355\340\360\340\\Desktop\\LoadRunner\\LoadRunner_Works\\\321\352\360\350\357\362\373\\common_lib.h(21): web_url("WebTours") started  	[MsgId: MMSG-26355]
C:\\Users\\\303\363\353\374\355\340\360\340\\Desktop\\LoadRunner\\LoadRunner_Works\\\321\352\360\350\357\362\373\\common_lib.h(21): t=775443ms: Connecting [0] to host 127.0.0.1:1080  	[MsgId: MMSG-26000]
C:\\Users\\\303\363\353\374\355\340\360\340\\Desktop\\LoadRunner\\LoadRunner_Works\\\321\352\360\350\357\362\373\\common_lib.h(21): Error -27792: Failed to connect to server "localhost:1080": [10061] Connection refused  	[MsgId: MERR-27792]
C:\\Users\\\303\363\353\374\355\340\360\340\\Desktop\\LoadRunner\\LoadRunner_Works\\\321\352\360\350\357\362\373\\common_lib.h(21): t=775901ms: Closed connection [0] to localhost:1080 after completing 0 request(s)  	[MsgId: MMSG-26000]
C:\\Users\\\303\363\353\374\355\340\360\340\\Desktop\\LoadRunner\\LoadRunner_Works\\\321\352\360\350\357\362\373\\common_lib.h(21): Search registration for "userSession" parameter is filtered by "Content Type"  	[MsgId: MMSG-26000]
C:\\Users\\\303\363\353\374\355\340\360\340\\Desktop\\LoadRunner\\LoadRunner_Works\\\321\352\360\350\357\362\373\\common_lib.h(21): Notify: Saving Parameter "userSession = ".	[MsgId: MMSG-13798]
C:\\Users\\\303\363\353\374\355\340\360\340\\Desktop\\LoadRunner\\LoadRunner_Works\\\321\352\360\350\357\362\373\\common_lib.h(21): Error -35048: No match found for the requested parameter "userSession". Check whether the tag with specific attributes exists in the response data  	[MsgId: MERR-35048]
C:\\Users\\\303\363\353\374\355\340\360\340\\Desktop\\LoadRunner\\LoadRunner_Works\\\321\352\360\350\357\362\373\\common_lib.h(21): Error -26366: "Text=Welcome to the Web Tours site" not found for web_reg_find  	[MsgId: MERR-26366]
C:\\Users\\\303\363\353\374\355\340\360\340\\Desktop\\LoadRunner\\LoadRunner_Works\\\321\352\360\350\357\362\373\\common_lib.h(21): Error -26374: The above "not found" error(s) may be explained by header and body byte counts being 0 and 0, respectively.  	[MsgId: MERR-26374]
C:\\Users\\\303\363\353\374\355\340\360\340\\Desktop\\LoadRunner\\LoadRunner_Works\\\321\352\360\350\357\362\373\\common_lib.h(21): web_url("WebTours") highest severity level was "ERROR", 0 body bytes, 0 header bytes  	[MsgId: MMSG-26388]
C:\\Users\\\303\363\353\374\355\340\360\340\\Desktop\\LoadRunner\\LoadRunner_Works\\\321\352\360\350\357\362\373\\common_lib.h(21): Notify: Transaction "homePage" ended with a "Fail" status (Duration: 1,0146 Wasted Time: 0,0007).	[MsgId: MMSG-16871]
C:\\Users\\\303\363\353\374\355\340\360\340\\Desktop\\LoadRunner\\LoadRunner_Works\\\321\352\360\350\357\362\373\\common_lib.h(21): Notify: Transaction "homePage" has 3 error message(s).	[MsgId: MMSG-16818]
C:\\Users\\\303\363\353\374\355\340\360\340\\Desktop\\LoadRunner\\LoadRunner_Works\\\321\352\360\350\357\362\373\\common_lib.h(21): Notify: The 1st error message associated with transaction "homePage" is "Error -27792: Failed to connect to server "localhost:1080": [10061] Connection refused"	[MsgId: MMSG-16819]
C:\\Users\\\303\363\353\374\355\340\360\340\\Desktop\\LoadRunner\\LoadRunner_Works\\\321\352\360\350\357\362\373\\common_lib.h(21): Notify: The 2nd error message associated with transaction "homePage" is "Error -26366: "Text=Welcome to the Web Tours site" not found for web_reg_find"	[MsgId: MMSG-16819]
C:\\Users\\\303\363\353\374\355\340\360\340\\Desktop\\LoadRunner\\LoadRunner_Works\\\321\352\360\350\357\362\373\\common_lib.h(21): Notify: The 3rd error message associated with transaction "homePage" is "Error -26374: The above "not found" error(s) may be explained by header and body byte counts being 0 and 0, respectively."	[MsgId: MMSG-16819]
C:\\Users\\\303\363\353\374\355\340\360\340\\Desktop\\LoadRunner\\LoadRunner_Works\\\321\352\360\350\357\362\373\\common_lib.h(21): Notify: Transaction "UC01_CustomerProfile" ended with a "Fail" status (Duration: 1,0147 Wasted Time: 0,0007).	[MsgId: MMSG-16871]
C:\\Users\\\303\363\353\374\355\340\360\340\\Desktop\\LoadRunner\\LoadRunner_Works\\\321\352\360\350\357\362\373\\common_lib.h(21): Notify: Transaction "UC01_CustomerProfile" has 3 error message(s).	[MsgId: MMSG-16818]
C:\\Users\\\303\363\353\374\355\340\360\340\\Desktop\\LoadRunner\\LoadRunner_Works\\\321\352\360\350\357\362\373\\common_lib.h(21): Notify: The 1st error message associated with transaction "UC01_CustomerProfile" is "Error -27792: Failed to connect to server "localhost:1080": [10061] Connection refused"	[MsgId: MMSG-16819]
C:\\Users\\\303\363\353\374\355\340\360\340\\Desktop\\LoadRunner\\LoadRunner_Works\\\321\352\360\350\357\362\373\\common_lib.h(21): Notify: The 2nd error message associated with transaction "UC01_CustomerProfile" is "Error -26366: "Text=Welcome to the Web Tours site" not found for web_reg_find"	[MsgId: MMSG-16819]
C:\\Users\\\303\363\353\374\355\340\360\340\\Desktop\\LoadRunner\\LoadRunner_Works\\\321\352\360\350\357\362\373\\common_lib.h(21): Notify: The 3rd error message associated with transaction "UC01_CustomerProfile" is "Error -26374: The above "not found" error(s) may be explained by header and body byte counts being 0 and 0, respectively."	[MsgId: MMSG-16819]
Ending action Action.	[MsgId: MMSG-15918]
Ending iteration 289.	[MsgId: MMSG-15965]
Starting iteration 290.	[MsgId: MMSG-15968]
C:\\Users\\\303\363\353\374\355\340\360\340\\Desktop\\LoadRunner\\LoadRunner_Works\\\321\352\360\350\357\362\373\\common_lib.h(21): Resetting all proxy auto-configuration information  	[MsgId: MMSG-26000]
Notify: Next row for parameter City = 5 [table  = City].	[MsgId: MMSG-13876]
Notify: Getting new value for parameter 'City': table = '..\Parametres\data.dat' column = '5' row = '5'.	[MsgId: MMSG-13877]
Notify: Next row for parameter Username = 3 [table  = Username].	[MsgId: MMSG-13876]
Notify: Getting new value for parameter 'Username': table = '..\Parametres\data.dat' column = '0' row = '3'.	[MsgId: MMSG-13877]
Notify: Next row for parameter StreetAddress = 7 [table  = StreetAddress].	[MsgId: MMSG-13876]
Notify: Getting new value for parameter 'StreetAddress': table = '..\Parametres\data.dat' column = '4' row = '7'.	[MsgId: MMSG-13877]
Notify: Next row for parameter Password = 3 [table  = Password].	[MsgId: MMSG-13876]
Notify: Getting new value for parameter 'Password': table = '..\Parametres\data.dat' column = '3' row = '3'.	[MsgId: MMSG-13877]
Notify: Next row for parameter LastName = 3 [table  = LastName].	[MsgId: MMSG-13876]
Notify: Getting new value for parameter 'LastName': table = '..\Parametres\data.dat' column = '2' row = '3'.	[MsgId: MMSG-13877]
Notify: Next row for parameter FirstName = 3 [table  = FirstName].	[MsgId: MMSG-13876]
Notify: Getting new value for parameter 'FirstName': table = '..\Parametres\data.dat' column = '1' row = '3'.	[MsgId: MMSG-13877]
Starting action Action.	[MsgId: MMSG-15919]
Action.c(4): Notify: Transaction "UC01_CustomerProfile" started.	[MsgId: MMSG-16999]
C:\\Users\\\303\363\353\374\355\340\360\340\\Desktop\\LoadRunner\\LoadRunner_Works\\\321\352\360\350\357\362\373\\common_lib.h(2): Notify: Transaction "homePage" started.	[MsgId: MMSG-16999]
C:\\Users\\\303\363\353\374\355\340\360\340\\Desktop\\LoadRunner\\LoadRunner_Works\\\321\352\360\350\357\362\373\\common_lib.h(4): web_add_auto_header("DNT") started  	[MsgId: MMSG-26355]
C:\\Users\\\303\363\353\374\355\340\360\340\\Desktop\\LoadRunner\\LoadRunner_Works\\\321\352\360\350\357\362\373\\common_lib.h(4): An unrecognized header ("DNT") is being added  	[MsgId: MMSG-26595]
C:\\Users\\\303\363\353\374\355\340\360\340\\Desktop\\LoadRunner\\LoadRunner_Works\\\321\352\360\350\357\362\373\\common_lib.h(4): "DNT: 1" header registered for adding to requests from all following Action functions  	[MsgId: MMSG-26505]
C:\\Users\\\303\363\353\374\355\340\360\340\\Desktop\\LoadRunner\\LoadRunner_Works\\\321\352\360\350\357\362\373\\common_lib.h(4): web_add_auto_header("DNT") was successful  	[MsgId: MMSG-26392]
C:\\Users\\\303\363\353\374\355\340\360\340\\Desktop\\LoadRunner\\LoadRunner_Works\\\321\352\360\350\357\362\373\\common_lib.h(7): web_reg_find started  	[MsgId: MMSG-26355]
C:\\Users\\\303\363\353\374\355\340\360\340\\Desktop\\LoadRunner\\LoadRunner_Works\\\321\352\360\350\357\362\373\\common_lib.h(7): Registering web_reg_find was successful  	[MsgId: MMSG-26390]
C:\\Users\\\303\363\353\374\355\340\360\340\\Desktop\\LoadRunner\\LoadRunner_Works\\\321\352\360\350\357\362\373\\common_lib.h(10): web_reg_save_param_attrib started  	[MsgId: MMSG-26355]
C:\\Users\\\303\363\353\374\355\340\360\340\\Desktop\\LoadRunner\\LoadRunner_Works\\\321\352\360\350\357\362\373\\common_lib.h(10): Registering web_reg_save_param_attrib was successful  	[MsgId: MMSG-26390]
C:\\Users\\\303\363\353\374\355\340\360\340\\Desktop\\LoadRunner\\LoadRunner_Works\\\321\352\360\350\357\362\373\\common_lib.h(21): web_url("WebTours") started  	[MsgId: MMSG-26355]
C:\\Users\\\303\363\353\374\355\340\360\340\\Desktop\\LoadRunner\\LoadRunner_Works\\\321\352\360\350\357\362\373\\common_lib.h(21): t=775910ms: Connecting [0] to host 127.0.0.1:1080  	[MsgId: MMSG-26000]
C:\\Users\\\303\363\353\374\355\340\360\340\\Desktop\\LoadRunner\\LoadRunner_Works\\\321\352\360\350\357\362\373\\common_lib.h(21): Error -27792: Failed to connect to server "localhost:1080": [10061] Connection refused  	[MsgId: MERR-27792]
C:\\Users\\\303\363\353\374\355\340\360\340\\Desktop\\LoadRunner\\LoadRunner_Works\\\321\352\360\350\357\362\373\\common_lib.h(21): t=776463ms: Closed connection [0] to localhost:1080 after completing 0 request(s)  	[MsgId: MMSG-26000]
C:\\Users\\\303\363\353\374\355\340\360\340\\Desktop\\LoadRunner\\LoadRunner_Works\\\321\352\360\350\357\362\373\\common_lib.h(21): Search registration for "userSession" parameter is filtered by "Content Type"  	[MsgId: MMSG-26000]
C:\\Users\\\303\363\353\374\355\340\360\340\\Desktop\\LoadRunner\\LoadRunner_Works\\\321\352\360\350\357\362\373\\common_lib.h(21): Notify: Saving Parameter "userSession = ".	[MsgId: MMSG-13798]
C:\\Users\\\303\363\353\374\355\340\360\340\\Desktop\\LoadRunner\\LoadRunner_Works\\\321\352\360\350\357\362\373\\common_lib.h(21): Error -35048: No match found for the requested parameter "userSession". Check whether the tag with specific attributes exists in the response data  	[MsgId: MERR-35048]
C:\\Users\\\303\363\353\374\355\340\360\340\\Desktop\\LoadRunner\\LoadRunner_Works\\\321\352\360\350\357\362\373\\common_lib.h(21): Error -26366: "Text=Welcome to the Web Tours site" not found for web_reg_find  	[MsgId: MERR-26366]
C:\\Users\\\303\363\353\374\355\340\360\340\\Desktop\\LoadRunner\\LoadRunner_Works\\\321\352\360\350\357\362\373\\common_lib.h(21): Error -26374: The above "not found" error(s) may be explained by header and body byte counts being 0 and 0, respectively.  	[MsgId: MERR-26374]
C:\\Users\\\303\363\353\374\355\340\360\340\\Desktop\\LoadRunner\\LoadRunner_Works\\\321\352\360\350\357\362\373\\common_lib.h(21): web_url("WebTours") highest severity level was "ERROR", 0 body bytes, 0 header bytes  	[MsgId: MMSG-26388]
C:\\Users\\\303\363\353\374\355\340\360\340\\Desktop\\LoadRunner\\LoadRunner_Works\\\321\352\360\350\357\362\373\\common_lib.h(21): Notify: Transaction "homePage" ended with a "Fail" status (Duration: 1,0248 Wasted Time: 0,0008).	[MsgId: MMSG-16871]
C:\\Users\\\303\363\353\374\355\340\360\340\\Desktop\\LoadRunner\\LoadRunner_Works\\\321\352\360\350\357\362\373\\common_lib.h(21): Notify: Transaction "homePage" has 3 error message(s).	[MsgId: MMSG-16818]
C:\\Users\\\303\363\353\374\355\340\360\340\\Desktop\\LoadRunner\\LoadRunner_Works\\\321\352\360\350\357\362\373\\common_lib.h(21): Notify: The 1st error message associated with transaction "homePage" is "Error -27792: Failed to connect to server "localhost:1080": [10061] Connection refused"	[MsgId: MMSG-16819]
C:\\Users\\\303\363\353\374\355\340\360\340\\Desktop\\LoadRunner\\LoadRunner_Works\\\321\352\360\350\357\362\373\\common_lib.h(21): Notify: The 2nd error message associated with transaction "homePage" is "Error -26366: "Text=Welcome to the Web Tours site" not found for web_reg_find"	[MsgId: MMSG-16819]
C:\\Users\\\303\363\353\374\355\340\360\340\\Desktop\\LoadRunner\\LoadRunner_Works\\\321\352\360\350\357\362\373\\common_lib.h(21): Notify: The 3rd error message associated with transaction "homePage" is "Error -26374: The above "not found" error(s) may be explained by header and body byte counts being 0 and 0, respectively."	[MsgId: MMSG-16819]
C:\\Users\\\303\363\353\374\355\340\360\340\\Desktop\\LoadRunner\\LoadRunner_Works\\\321\352\360\350\357\362\373\\common_lib.h(21): Notify: Transaction "UC01_CustomerProfile" ended with a "Fail" status (Duration: 1,0249 Wasted Time: 0,0008).	[MsgId: MMSG-16871]
C:\\Users\\\303\363\353\374\355\340\360\340\\Desktop\\LoadRunner\\LoadRunner_Works\\\321\352\360\350\357\362\373\\common_lib.h(21): Notify: Transaction "UC01_CustomerProfile" has 3 error message(s).	[MsgId: MMSG-16818]
C:\\Users\\\303\363\353\374\355\340\360\340\\Desktop\\LoadRunner\\LoadRunner_Works\\\321\352\360\350\357\362\373\\common_lib.h(21): Notify: The 1st error message associated with transaction "UC01_CustomerProfile" is "Error -27792: Failed to connect to server "localhost:1080": [10061] Connection refused"	[MsgId: MMSG-16819]
C:\\Users\\\303\363\353\374\355\340\360\340\\Desktop\\LoadRunner\\LoadRunner_Works\\\321\352\360\350\357\362\373\\common_lib.h(21): Notify: The 2nd error message associated with transaction "UC01_CustomerProfile" is "Error -26366: "Text=Welcome to the Web Tours site" not found for web_reg_find"	[MsgId: MMSG-16819]
C:\\Users\\\303\363\353\374\355\340\360\340\\Desktop\\LoadRunner\\LoadRunner_Works\\\321\352\360\350\357\362\373\\common_lib.h(21): Notify: The 3rd error message associated with transaction "UC01_CustomerProfile" is "Error -26374: The above "not found" error(s) may be explained by header and body byte counts being 0 and 0, respectively."	[MsgId: MMSG-16819]
Ending action Action.	[MsgId: MMSG-15918]
Ending iteration 757.	[MsgId: MMSG-15965]
Starting iteration 758.	[MsgId: MMSG-15968]
C:\\Users\\\303\363\353\374\355\340\360\340\\Desktop\\LoadRunner\\LoadRunner_Works\\\321\352\360\350\357\362\373\\common_lib.h(21): Resetting all proxy auto-configuration information  	[MsgId: MMSG-26000]
Notify: Next row for parameter City = 3 [table  = City].	[MsgId: MMSG-13876]
Notify: Getting new value for parameter 'City': table = '..\Parametres\data.dat' column = '5' row = '3'.	[MsgId: MMSG-13877]
Notify: Next row for parameter Username = 4 [table  = Username].	[MsgId: MMSG-13876]
Notify: Getting new value for parameter 'Username': table = '..\Parametres\data.dat' column = '0' row = '4'.	[MsgId: MMSG-13877]
Notify: Next row for parameter StreetAddress = 3 [table  = StreetAddress].	[MsgId: MMSG-13876]
Notify: Getting new value for parameter 'StreetAddress': table = '..\Parametres\data.dat' column = '4' row = '3'.	[MsgId: MMSG-13877]
Notify: Next row for parameter Password = 4 [table  = Password].	[MsgId: MMSG-13876]
Notify: Getting new value for parameter 'Password': table = '..\Parametres\data.dat' column = '3' row = '4'.	[MsgId: MMSG-13877]
Notify: Next row for parameter LastName = 4 [table  = LastName].	[MsgId: MMSG-13876]
Notify: Getting new value for parameter 'LastName': table = '..\Parametres\data.dat' column = '2' row = '4'.	[MsgId: MMSG-13877]
Notify: Next row for parameter FirstName = 4 [table  = FirstName].	[MsgId: MMSG-13876]
Notify: Getting new value for parameter 'FirstName': table = '..\Parametres\data.dat' column = '1' row = '4'.	[MsgId: MMSG-13877]
Starting action Action.	[MsgId: MMSG-15919]
Action.c(4): Notify: Transaction "UC01_CustomerProfile" started.	[MsgId: MMSG-16999]
C:\\Users\\\303\363\353\374\355\340\360\340\\Desktop\\LoadRunner\\LoadRunner_Works\\\321\352\360\350\357\362\373\\common_lib.h(2): Notify: Transaction "homePage" started.	[MsgId: MMSG-16999]
C:\\Users\\\303\363\353\374\355\340\360\340\\Desktop\\LoadRunner\\LoadRunner_Works\\\321\352\360\350\357\362\373\\common_lib.h(4): web_add_auto_header("DNT") started  	[MsgId: MMSG-26355]
C:\\Users\\\303\363\353\374\355\340\360\340\\Desktop\\LoadRunner\\LoadRunner_Works\\\321\352\360\350\357\362\373\\common_lib.h(4): An unrecognized header ("DNT") is being added  	[MsgId: MMSG-26595]
C:\\Users\\\303\363\353\374\355\340\360\340\\Desktop\\LoadRunner\\LoadRunner_Works\\\321\352\360\350\357\362\373\\common_lib.h(4): "DNT: 1" header registered for adding to requests from all following Action functions  	[MsgId: MMSG-26505]
C:\\Users\\\303\363\353\374\355\340\360\340\\Desktop\\LoadRunner\\LoadRunner_Works\\\321\352\360\350\357\362\373\\common_lib.h(4): web_add_auto_header("DNT") was successful  	[MsgId: MMSG-26392]
C:\\Users\\\303\363\353\374\355\340\360\340\\Desktop\\LoadRunner\\LoadRunner_Works\\\321\352\360\350\357\362\373\\common_lib.h(7): web_reg_find started  	[MsgId: MMSG-26355]
C:\\Users\\\303\363\353\374\355\340\360\340\\Desktop\\LoadRunner\\LoadRunner_Works\\\321\352\360\350\357\362\373\\common_lib.h(7): Registering web_reg_find was successful  	[MsgId: MMSG-26390]
C:\\Users\\\303\363\353\374\355\340\360\340\\Desktop\\LoadRunner\\LoadRunner_Works\\\321\352\360\350\357\362\373\\common_lib.h(10): web_reg_save_param_attrib started  	[MsgId: MMSG-26355]
C:\\Users\\\303\363\353\374\355\340\360\340\\Desktop\\LoadRunner\\LoadRunner_Works\\\321\352\360\350\357\362\373\\common_lib.h(10): Registering web_reg_save_param_attrib was successful  	[MsgId: MMSG-26390]
C:\\Users\\\303\363\353\374\355\340\360\340\\Desktop\\LoadRunner\\LoadRunner_Works\\\321\352\360\350\357\362\373\\common_lib.h(21): web_url("WebTours") started  	[MsgId: MMSG-26355]
C:\\Users\\\303\363\353\374\355\340\360\340\\Desktop\\LoadRunner\\LoadRunner_Works\\\321\352\360\350\357\362\373\\common_lib.h(21): t=776472ms: Connecting [0] to host 127.0.0.1:1080  	[MsgId: MMSG-26000]
C:\\Users\\\303\363\353\374\355\340\360\340\\Desktop\\LoadRunner\\LoadRunner_Works\\\321\352\360\350\357\362\373\\common_lib.h(21): Error -27792: Failed to connect to server "localhost:1080": [10061] Connection refused  	[MsgId: MERR-27792]
C:\\Users\\\303\363\353\374\355\340\360\340\\Desktop\\LoadRunner\\LoadRunner_Works\\\321\352\360\350\357\362\373\\common_lib.h(21): t=776932ms: Closed connection [0] to localhost:1080 after completing 0 request(s)  	[MsgId: MMSG-26000]
C:\\Users\\\303\363\353\374\355\340\360\340\\Desktop\\LoadRunner\\LoadRunner_Works\\\321\352\360\350\357\362\373\\common_lib.h(21): Search registration for "userSession" parameter is filtered by "Content Type"  	[MsgId: MMSG-26000]
C:\\Users\\\303\363\353\374\355\340\360\340\\Desktop\\LoadRunner\\LoadRunner_Works\\\321\352\360\350\357\362\373\\common_lib.h(21): Notify: Saving Parameter "userSession = ".	[MsgId: MMSG-13798]
C:\\Users\\\303\363\353\374\355\340\360\340\\Desktop\\LoadRunner\\LoadRunner_Works\\\321\352\360\350\357\362\373\\common_lib.h(21): Error -35048: No match found for the requested parameter "userSession". Check whether the tag with specific attributes exists in the response data  	[MsgId: MERR-35048]
C:\\Users\\\303\363\353\374\355\340\360\340\\Desktop\\LoadRunner\\LoadRunner_Works\\\321\352\360\350\357\362\373\\common_lib.h(21): Error -26366: "Text=Welcome to the Web Tours site" not found for web_reg_find  	[MsgId: MERR-26366]
C:\\Users\\\303\363\353\374\355\340\360\340\\Desktop\\LoadRunner\\LoadRunner_Works\\\321\352\360\350\357\362\373\\common_lib.h(21): Error -26374: The above "not found" error(s) may be explained by header and body byte counts being 0 and 0, respectively.  	[MsgId: MERR-26374]
C:\\Users\\\303\363\353\374\355\340\360\340\\Desktop\\LoadRunner\\LoadRunner_Works\\\321\352\360\350\357\362\373\\common_lib.h(21): web_url("WebTours") highest severity level was "ERROR", 0 body bytes, 0 header bytes  	[MsgId: MMSG-26388]
C:\\Users\\\303\363\353\374\355\340\360\340\\Desktop\\LoadRunner\\LoadRunner_Works\\\321\352\360\350\357\362\373\\common_lib.h(21): Notify: Transaction "homePage" ended with a "Fail" status (Duration: 1,0265 Wasted Time: 0,0007).	[MsgId: MMSG-16871]
C:\\Users\\\303\363\353\374\355\340\360\340\\Desktop\\LoadRunner\\LoadRunner_Works\\\321\352\360\350\357\362\373\\common_lib.h(21): Notify: Transaction "homePage" has 3 error message(s).	[MsgId: MMSG-16818]
C:\\Users\\\303\363\353\374\355\340\360\340\\Desktop\\LoadRunner\\LoadRunner_Works\\\321\352\360\350\357\362\373\\common_lib.h(21): Notify: The 1st error message associated with transaction "homePage" is "Error -27792: Failed to connect to server "localhost:1080": [10061] Connection refused"	[MsgId: MMSG-16819]
C:\\Users\\\303\363\353\374\355\340\360\340\\Desktop\\LoadRunner\\LoadRunner_Works\\\321\352\360\350\357\362\373\\common_lib.h(21): Notify: The 2nd error message associated with transaction "homePage" is "Error -26366: "Text=Welcome to the Web Tours site" not found for web_reg_find"	[MsgId: MMSG-16819]
C:\\Users\\\303\363\353\374\355\340\360\340\\Desktop\\LoadRunner\\LoadRunner_Works\\\321\352\360\350\357\362\373\\common_lib.h(21): Notify: The 3rd error message associated with transaction "homePage" is "Error -26374: The above "not found" error(s) may be explained by header and body byte counts being 0 and 0, respectively."	[MsgId: MMSG-16819]
C:\\Users\\\303\363\353\374\355\340\360\340\\Desktop\\LoadRunner\\LoadRunner_Works\\\321\352\360\350\357\362\373\\common_lib.h(21): Notify: Transaction "UC01_CustomerProfile" ended with a "Fail" status (Duration: 1,0266 Wasted Time: 0,0007).	[MsgId: MMSG-16871]
C:\\Users\\\303\363\353\374\355\340\360\340\\Desktop\\LoadRunner\\LoadRunner_Works\\\321\352\360\350\357\362\373\\common_lib.h(21): Notify: Transaction "UC01_CustomerProfile" has 3 error message(s).	[MsgId: MMSG-16818]
C:\\Users\\\303\363\353\374\355\340\360\340\\Desktop\\LoadRunner\\LoadRunner_Works\\\321\352\360\350\357\362\373\\common_lib.h(21): Notify: The 1st error message associated with transaction "UC01_CustomerProfile" is "Error -27792: Failed to connect to server "localhost:1080": [10061] Connection refused"	[MsgId: MMSG-16819]
C:\\Users\\\303\363\353\374\355\340\360\340\\Desktop\\LoadRunner\\LoadRunner_Works\\\321\352\360\350\357\362\373\\common_lib.h(21): Notify: The 2nd error message associated with transaction "UC01_CustomerProfile" is "Error -26366: "Text=Welcome to the Web Tours site" not found for web_reg_find"	[MsgId: MMSG-16819]
C:\\Users\\\303\363\353\374\355\340\360\340\\Desktop\\LoadRunner\\LoadRunner_Works\\\321\352\360\350\357\362\373\\common_lib.h(21): Notify: The 3rd error message associated with transaction "UC01_CustomerProfile" is "Error -26374: The above "not found" error(s) may be explained by header and body byte counts being 0 and 0, respectively."	[MsgId: MMSG-16819]
Ending action Action.	[MsgId: MMSG-15918]
Ending iteration 290.	[MsgId: MMSG-15965]
Starting iteration 291.	[MsgId: MMSG-15968]
C:\\Users\\\303\363\353\374\355\340\360\340\\Desktop\\LoadRunner\\LoadRunner_Works\\\321\352\360\350\357\362\373\\common_lib.h(21): Resetting all proxy auto-configuration information  	[MsgId: MMSG-26000]
Notify: Next row for parameter City = 4 [table  = City].	[MsgId: MMSG-13876]
Notify: Getting new value for parameter 'City': table = '..\Parametres\data.dat' column = '5' row = '4'.	[MsgId: MMSG-13877]
Notify: Next row for parameter Username = 9 [table  = Username].	[MsgId: MMSG-13876]
Notify: Getting new value for parameter 'Username': table = '..\Parametres\data.dat' column = '0' row = '9'.	[MsgId: MMSG-13877]
Notify: Next row for parameter StreetAddress = 10 [table  = StreetAddress].	[MsgId: MMSG-13876]
Notify: Getting new value for parameter 'StreetAddress': table = '..\Parametres\data.dat' column = '4' row = '10'.	[MsgId: MMSG-13877]
Notify: Next row for parameter Password = 9 [table  = Password].	[MsgId: MMSG-13876]
Notify: Getting new value for parameter 'Password': table = '..\Parametres\data.dat' column = '3' row = '9'.	[MsgId: MMSG-13877]
Notify: Next row for parameter LastName = 9 [table  = LastName].	[MsgId: MMSG-13876]
Notify: Getting new value for parameter 'LastName': table = '..\Parametres\data.dat' column = '2' row = '9'.	[MsgId: MMSG-13877]
Notify: Next row for parameter FirstName = 9 [table  = FirstName].	[MsgId: MMSG-13876]
Notify: Getting new value for parameter 'FirstName': table = '..\Parametres\data.dat' column = '1' row = '9'.	[MsgId: MMSG-13877]
Starting action Action.	[MsgId: MMSG-15919]
Action.c(4): Notify: Transaction "UC01_CustomerProfile" started.	[MsgId: MMSG-16999]
C:\\Users\\\303\363\353\374\355\340\360\340\\Desktop\\LoadRunner\\LoadRunner_Works\\\321\352\360\350\357\362\373\\common_lib.h(2): Notify: Transaction "homePage" started.	[MsgId: MMSG-16999]
C:\\Users\\\303\363\353\374\355\340\360\340\\Desktop\\LoadRunner\\LoadRunner_Works\\\321\352\360\350\357\362\373\\common_lib.h(4): web_add_auto_header("DNT") started  	[MsgId: MMSG-26355]
C:\\Users\\\303\363\353\374\355\340\360\340\\Desktop\\LoadRunner\\LoadRunner_Works\\\321\352\360\350\357\362\373\\common_lib.h(4): An unrecognized header ("DNT") is being added  	[MsgId: MMSG-26595]
C:\\Users\\\303\363\353\374\355\340\360\340\\Desktop\\LoadRunner\\LoadRunner_Works\\\321\352\360\350\357\362\373\\common_lib.h(4): "DNT: 1" header registered for adding to requests from all following Action functions  	[MsgId: MMSG-26505]
C:\\Users\\\303\363\353\374\355\340\360\340\\Desktop\\LoadRunner\\LoadRunner_Works\\\321\352\360\350\357\362\373\\common_lib.h(4): web_add_auto_header("DNT") was successful  	[MsgId: MMSG-26392]
C:\\Users\\\303\363\353\374\355\340\360\340\\Desktop\\LoadRunner\\LoadRunner_Works\\\321\352\360\350\357\362\373\\common_lib.h(7): web_reg_find started  	[MsgId: MMSG-26355]
C:\\Users\\\303\363\353\374\355\340\360\340\\Desktop\\LoadRunner\\LoadRunner_Works\\\321\352\360\350\357\362\373\\common_lib.h(7): Registering web_reg_find was successful  	[MsgId: MMSG-26390]
C:\\Users\\\303\363\353\374\355\340\360\340\\Desktop\\LoadRunner\\LoadRunner_Works\\\321\352\360\350\357\362\373\\common_lib.h(10): web_reg_save_param_attrib started  	[MsgId: MMSG-26355]
C:\\Users\\\303\363\353\374\355\340\360\340\\Desktop\\LoadRunner\\LoadRunner_Works\\\321\352\360\350\357\362\373\\common_lib.h(10): Registering web_reg_save_param_attrib was successful  	[MsgId: MMSG-26390]
C:\\Users\\\303\363\353\374\355\340\360\340\\Desktop\\LoadRunner\\LoadRunner_Works\\\321\352\360\350\357\362\373\\common_lib.h(21): web_url("WebTours") started  	[MsgId: MMSG-26355]
C:\\Users\\\303\363\353\374\355\340\360\340\\Desktop\\LoadRunner\\LoadRunner_Works\\\321\352\360\350\357\362\373\\common_lib.h(21): t=776940ms: Connecting [0] to host 127.0.0.1:1080  	[MsgId: MMSG-26000]
C:\\Users\\\303\363\353\374\355\340\360\340\\Desktop\\LoadRunner\\LoadRunner_Works\\\321\352\360\350\357\362\373\\common_lib.h(21): Error -27792: Failed to connect to server "localhost:1080": [10061] Connection refused  	[MsgId: MERR-27792]
C:\\Users\\\303\363\353\374\355\340\360\340\\Desktop\\LoadRunner\\LoadRunner_Works\\\321\352\360\350\357\362\373\\common_lib.h(21): t=777493ms: Closed connection [0] to localhost:1080 after completing 0 request(s)  	[MsgId: MMSG-26000]
C:\\Users\\\303\363\353\374\355\340\360\340\\Desktop\\LoadRunner\\LoadRunner_Works\\\321\352\360\350\357\362\373\\common_lib.h(21): Search registration for "userSession" parameter is filtered by "Content Type"  	[MsgId: MMSG-26000]
C:\\Users\\\303\363\353\374\355\340\360\340\\Desktop\\LoadRunner\\LoadRunner_Works\\\321\352\360\350\357\362\373\\common_lib.h(21): Notify: Saving Parameter "userSession = ".	[MsgId: MMSG-13798]
C:\\Users\\\303\363\353\374\355\340\360\340\\Desktop\\LoadRunner\\LoadRunner_Works\\\321\352\360\350\357\362\373\\common_lib.h(21): Error -35048: No match found for the requested parameter "userSession". Check whether the tag with specific attributes exists in the response data  	[MsgId: MERR-35048]
C:\\Users\\\303\363\353\374\355\340\360\340\\Desktop\\LoadRunner\\LoadRunner_Works\\\321\352\360\350\357\362\373\\common_lib.h(21): Error -26366: "Text=Welcome to the Web Tours site" not found for web_reg_find  	[MsgId: MERR-26366]
C:\\Users\\\303\363\353\374\355\340\360\340\\Desktop\\LoadRunner\\LoadRunner_Works\\\321\352\360\350\357\362\373\\common_lib.h(21): Error -26374: The above "not found" error(s) may be explained by header and body byte counts being 0 and 0, respectively.  	[MsgId: MERR-26374]
C:\\Users\\\303\363\353\374\355\340\360\340\\Desktop\\LoadRunner\\LoadRunner_Works\\\321\352\360\350\357\362\373\\common_lib.h(21): web_url("WebTours") highest severity level was "ERROR", 0 body bytes, 0 header bytes  	[MsgId: MMSG-26388]
C:\\Users\\\303\363\353\374\355\340\360\340\\Desktop\\LoadRunner\\LoadRunner_Works\\\321\352\360\350\357\362\373\\common_lib.h(21): Notify: Transaction "homePage" ended with a "Fail" status (Duration: 1,0422 Wasted Time: 0,0007).	[MsgId: MMSG-16871]
C:\\Users\\\303\363\353\374\355\340\360\340\\Desktop\\LoadRunner\\LoadRunner_Works\\\321\352\360\350\357\362\373\\common_lib.h(21): Notify: Transaction "homePage" has 3 error message(s).	[MsgId: MMSG-16818]
C:\\Users\\\303\363\353\374\355\340\360\340\\Desktop\\LoadRunner\\LoadRunner_Works\\\321\352\360\350\357\362\373\\common_lib.h(21): Notify: The 1st error message associated with transaction "homePage" is "Error -27792: Failed to connect to server "localhost:1080": [10061] Connection refused"	[MsgId: MMSG-16819]
C:\\Users\\\303\363\353\374\355\340\360\340\\Desktop\\LoadRunner\\LoadRunner_Works\\\321\352\360\350\357\362\373\\common_lib.h(21): Notify: The 2nd error message associated with transaction "homePage" is "Error -26366: "Text=Welcome to the Web Tours site" not found for web_reg_find"	[MsgId: MMSG-16819]
C:\\Users\\\303\363\353\374\355\340\360\340\\Desktop\\LoadRunner\\LoadRunner_Works\\\321\352\360\350\357\362\373\\common_lib.h(21): Notify: The 3rd error message associated with transaction "homePage" is "Error -26374: The above "not found" error(s) may be explained by header and body byte counts being 0 and 0, respectively."	[MsgId: MMSG-16819]
C:\\Users\\\303\363\353\374\355\340\360\340\\Desktop\\LoadRunner\\LoadRunner_Works\\\321\352\360\350\357\362\373\\common_lib.h(21): Notify: Transaction "UC01_CustomerProfile" ended with a "Fail" status (Duration: 1,0423 Wasted Time: 0,0007).	[MsgId: MMSG-16871]
C:\\Users\\\303\363\353\374\355\340\360\340\\Desktop\\LoadRunner\\LoadRunner_Works\\\321\352\360\350\357\362\373\\common_lib.h(21): Notify: Transaction "UC01_CustomerProfile" has 3 error message(s).	[MsgId: MMSG-16818]
C:\\Users\\\303\363\353\374\355\340\360\340\\Desktop\\LoadRunner\\LoadRunner_Works\\\321\352\360\350\357\362\373\\common_lib.h(21): Notify: The 1st error message associated with transaction "UC01_CustomerProfile" is "Error -27792: Failed to connect to server "localhost:1080": [10061] Connection refused"	[MsgId: MMSG-16819]
C:\\Users\\\303\363\353\374\355\340\360\340\\Desktop\\LoadRunner\\LoadRunner_Works\\\321\352\360\350\357\362\373\\common_lib.h(21): Notify: The 2nd error message associated with transaction "UC01_CustomerProfile" is "Error -26366: "Text=Welcome to the Web Tours site" not found for web_reg_find"	[MsgId: MMSG-16819]
C:\\Users\\\303\363\353\374\355\340\360\340\\Desktop\\LoadRunner\\LoadRunner_Works\\\321\352\360\350\357\362\373\\common_lib.h(21): Notify: The 3rd error message associated with transaction "UC01_CustomerProfile" is "Error -26374: The above "not found" error(s) may be explained by header and body byte counts being 0 and 0, respectively."	[MsgId: MMSG-16819]
Ending action Action.	[MsgId: MMSG-15918]
Action was aborted.	[MsgId: MMSG-10694]
Ending Vuser...	[MsgId: MMSG-15966]
Starting action vuser_end.	[MsgId: MMSG-15919]
Ending action vuser_end.	[MsgId: MMSG-15918]
Vuser Terminated.	[MsgId: MMSG-15963]
HTML-Mode memory management statistics: Reusable=0, NonReusable=0, CsMemBlockSize=4096, checks disabled  	[MsgId: MMSG-26000]
Vuser 0 (thread 19224), ended OK."	[MsgId: MMSG-10695]
C:\\Users\\\303\363\353\374\355\340\360\340\\Desktop\\LoadRunner\\LoadRunner_Works\\\321\352\360\350\357\362\373\\common_lib.h(21): Error -27792: Failed to connect to server "localhost:1080": [10061] Connection refused  	[MsgId: MERR-27792]
C:\\Users\\\303\363\353\374\355\340\360\340\\Desktop\\LoadRunner\\LoadRunner_Works\\\321\352\360\350\357\362\373\\common_lib.h(21): t=777954ms: Closed connection [0] to localhost:1080 after completing 0 request(s)  	[MsgId: MMSG-26000]
C:\\Users\\\303\363\353\374\355\340\360\340\\Desktop\\LoadRunner\\LoadRunner_Works\\\321\352\360\350\357\362\373\\common_lib.h(21): Search registration for "userSession" parameter is filtered by "Content Type"  	[MsgId: MMSG-26000]
C:\\Users\\\303\363\353\374\355\340\360\340\\Desktop\\LoadRunner\\LoadRunner_Works\\\321\352\360\350\357\362\373\\common_lib.h(21): Notify: Saving Parameter "userSession = ".	[MsgId: MMSG-13798]
C:\\Users\\\303\363\353\374\355\340\360\340\\Desktop\\LoadRunner\\LoadRunner_Works\\\321\352\360\350\357\362\373\\common_lib.h(21): Error -35048: No match found for the requested parameter "userSession". Check whether the tag with specific attributes exists in the response data  	[MsgId: MERR-35048]
C:\\Users\\\303\363\353\374\355\340\360\340\\Desktop\\LoadRunner\\LoadRunner_Works\\\321\352\360\350\357\362\373\\common_lib.h(21): Error -26366: "Text=Welcome to the Web Tours site" not found for web_reg_find  	[MsgId: MERR-26366]
C:\\Users\\\303\363\353\374\355\340\360\340\\Desktop\\LoadRunner\\LoadRunner_Works\\\321\352\360\350\357\362\373\\common_lib.h(21): Error -26374: The above "not found" error(s) may be explained by header and body byte counts being 0 and 0, respectively.  	[MsgId: MERR-26374]
C:\\Users\\\303\363\353\374\355\340\360\340\\Desktop\\LoadRunner\\LoadRunner_Works\\\321\352\360\350\357\362\373\\common_lib.h(21): web_url("WebTours") highest severity level was "ERROR", 0 body bytes, 0 header bytes  	[MsgId: MMSG-26388]
C:\\Users\\\303\363\353\374\355\340\360\340\\Desktop\\LoadRunner\\LoadRunner_Works\\\321\352\360\350\357\362\373\\common_lib.h(21): Notify: Transaction "homePage" ended with a "Fail" status (Duration: 1,0184 Wasted Time: 0,0008).	[MsgId: MMSG-16871]
C:\\Users\\\303\363\353\374\355\340\360\340\\Desktop\\LoadRunner\\LoadRunner_Works\\\321\352\360\350\357\362\373\\common_lib.h(21): Notify: Transaction "homePage" has 3 error message(s).	[MsgId: MMSG-16818]
C:\\Users\\\303\363\353\374\355\340\360\340\\Desktop\\LoadRunner\\LoadRunner_Works\\\321\352\360\350\357\362\373\\common_lib.h(21): Notify: The 1st error message associated with transaction "homePage" is "Error -27792: Failed to connect to server "localhost:1080": [10061] Connection refused"	[MsgId: MMSG-16819]
C:\\Users\\\303\363\353\374\355\340\360\340\\Desktop\\LoadRunner\\LoadRunner_Works\\\321\352\360\350\357\362\373\\common_lib.h(21): Notify: The 2nd error message associated with transaction "homePage" is "Error -26366: "Text=Welcome to the Web Tours site" not found for web_reg_find"	[MsgId: MMSG-16819]
C:\\Users\\\303\363\353\374\355\340\360\340\\Desktop\\LoadRunner\\LoadRunner_Works\\\321\352\360\350\357\362\373\\common_lib.h(21): Notify: The 3rd error message associated with transaction "homePage" is "Error -26374: The above "not found" error(s) may be explained by header and body byte counts being 0 and 0, respectively."	[MsgId: MMSG-16819]
C:\\Users\\\303\363\353\374\355\340\360\340\\Desktop\\LoadRunner\\LoadRunner_Works\\\321\352\360\350\357\362\373\\common_lib.h(21): Notify: Transaction "UC01_CustomerProfile" ended with a "Fail" status (Duration: 1,0185 Wasted Time: 0,0008).	[MsgId: MMSG-16871]
C:\\Users\\\303\363\353\374\355\340\360\340\\Desktop\\LoadRunner\\LoadRunner_Works\\\321\352\360\350\357\362\373\\common_lib.h(21): Notify: Transaction "UC01_CustomerProfile" has 3 error message(s).	[MsgId: MMSG-16818]
C:\\Users\\\303\363\353\374\355\340\360\340\\Desktop\\LoadRunner\\LoadRunner_Works\\\321\352\360\350\357\362\373\\common_lib.h(21): Notify: The 1st error message associated with transaction "UC01_CustomerProfile" is "Error -27792: Failed to connect to server "localhost:1080": [10061] Connection refused"	[MsgId: MMSG-16819]
C:\\Users\\\303\363\353\374\355\340\360\340\\Desktop\\LoadRunner\\LoadRunner_Works\\\321\352\360\350\357\362\373\\common_lib.h(21): Notify: The 2nd error message associated with transaction "UC01_CustomerProfile" is "Error -26366: "Text=Welcome to the Web Tours site" not found for web_reg_find"	[MsgId: MMSG-16819]
C:\\Users\\\303\363\353\374\355\340\360\340\\Desktop\\LoadRunner\\LoadRunner_Works\\\321\352\360\350\357\362\373\\common_lib.h(21): Notify: The 3rd error message associated with transaction "UC01_CustomerProfile" is "Error -26374: The above "not found" error(s) may be explained by header and body byte counts being 0 and 0, respectively."	[MsgId: MMSG-16819]
Ending action Action.	[MsgId: MMSG-15918]
Action was aborted.	[MsgId: MMSG-10694]
Ending Vuser...	[MsgId: MMSG-15966]
Starting action vuser_end.	[MsgId: MMSG-15919]
Ending action vuser_end.	[MsgId: MMSG-15918]
Vuser Terminated.	[MsgId: MMSG-15963]
HTML-Mode memory management statistics: Reusable=0, NonReusable=0, CsMemBlockSize=4096, checks disabled  	[MsgId: MMSG-26000]
Vuser 1 (thread 8140), ended OK."	[MsgId: MMSG-10695]
