..\\Parametres\\common_lib.h(43):     Referer: http://localhost:1080/cgi-bin/login.pl?username=&password=&getInfo=true\r\n
..\\Parametres\\common_lib.h(43):     DNT: 1\r\n
..\\Parametres\\common_lib.h(43):     User-Agent: Mozilla/5.0 (Windows NT 6.3; WOW64; Trident/7.0; rv:11.0) like Gecko\r\n
..\\Parametres\\common_lib.h(43):     Accept-Encoding: gzip, deflate\r\n
..\\Parametres\\common_lib.h(43):     Accept-Language: ru-RU\r\n
..\\Parametres\\common_lib.h(43):     Accept: */*\r\n
..\\Parametres\\common_lib.h(43):     Connection: Keep-Alive\r\n
..\\Parametres\\common_lib.h(43):     Host: localhost:1080\r\n
..\\Parametres\\common_lib.h(43):     Cookie: MSO=SID&1656434192\r\n
..\\Parametres\\common_lib.h(43):     Content-Length: 142\r\n
..\\Parametres\\common_lib.h(43):     \r\n
..\\Parametres\\common_lib.h(43): t=1125971ms: 142-byte request body for "http://localhost:1080/cgi-bin/login.pl" (RelFrameId=1, Internal ID=1296)
..\\Parametres\\common_lib.h(43):     username=masha484&password=jhiy&passwordConfirm=jhiy&firstName=Masha&lastName=Nasha&addres
..\\Parametres\\common_lib.h(43):     s1=Lenina&address2=Ottava&register.x=34&register.y=5
..\\Parametres\\common_lib.h(43): t=1126042ms: Inactive socket [1] was closed by localhost:1080, probably due to Keep-Alive timeout  	[MsgId: MMSG-26000]
..\\Parametres\\common_lib.h(43): t=1126042ms: Closed connection [1] to localhost:1080 after completing 4 request(s)  	[MsgId: MMSG-26000]
..\\Parametres\\common_lib.h(43): t=1126043ms: Inactive socket [2] was closed by localhost:1080, probably due to Keep-Alive timeout  	[MsgId: MMSG-26000]
..\\Parametres\\common_lib.h(43): t=1126043ms: Closed connection [2] to localhost:1080 after completing 2 request(s)  	[MsgId: MMSG-26000]
..\\Parametres\\common_lib.h(43): t=1126043ms: Inactive socket [3] was closed by localhost:1080, probably due to Keep-Alive timeout  	[MsgId: MMSG-26000]
..\\Parametres\\common_lib.h(43): t=1126044ms: Closed connection [3] to localhost:1080 after completing 1 request(s)  	[MsgId: MMSG-26000]
..\\Parametres\\common_lib.h(43): t=1126161ms: 228-byte response headers for "http://localhost:1080/cgi-bin/login.pl" (RelFrameId=1, Internal ID=1296)
..\\Parametres\\common_lib.h(43):     HTTP/1.1 200 OK\r\n
..\\Parametres\\common_lib.h(43):     Date: Tue, 28 Jun 2022 16:36:37 GMT\r\n
..\\Parametres\\common_lib.h(43):     Server: Apache/2.2.21 (Win32)\r\n
..\\Parametres\\common_lib.h(43):     Expires: 5s\r\n
..\\Parametres\\common_lib.h(43):     Keep-Alive: timeout=5, max=96\r\n
..\\Parametres\\common_lib.h(43):     Connection: Keep-Alive\r\n
..\\Parametres\\common_lib.h(43):     Transfer-Encoding: chunked\r\n
..\\Parametres\\common_lib.h(43):     Content-Type: text/html; charset=ISO-8859-1\r\n
..\\Parametres\\common_lib.h(43):     \r\n
..\\Parametres\\common_lib.h(43): t=1126162ms: 5-byte chunked response overhead for "http://localhost:1080/cgi-bin/login.pl" (RelFrameId=1, Internal ID=1296)
..\\Parametres\\common_lib.h(43):     aa2\r\n
..\\Parametres\\common_lib.h(43): t=1126162ms: 2-byte chunked response overhead for "http://localhost:1080/cgi-bin/login.pl" (RelFrameId=1, Internal ID=1296)
..\\Parametres\\common_lib.h(43):     \r\n
..\\Parametres\\common_lib.h(43): t=1126162ms: 2722-byte chunked response body for "http://localhost:1080/cgi-bin/login.pl" (RelFrameId=1, Internal ID=1296)
..\\Parametres\\common_lib.h(43):     <!DOCTYPE html\n
..\\Parametres\\common_lib.h(43):     \tPUBLIC "-//W3C//DTD XHTML 1.0 Transitional//EN"\n
..\\Parametres\\common_lib.h(43):     \t "http://www.w3.org/TR/xhtml1/DTD/xhtml1-transitional.dtd">\n
..\\Parametres\\common_lib.h(43):     <html xmlns="http://www.w3.org/1999/xhtml" lang="en-US" xml:lang="en-US">\n
..\\Parametres\\common_lib.h(43):     <head>\n
..\\Parametres\\common_lib.h(43):     <title>User Information</title>\n
..\\Parametres\\common_lib.h(43):     <script src="/WebTours/profileValidate.js" type="text/JavaScript"></script>\n
..\\Parametres\\common_lib.h(43):     <meta http-equiv="Content-Type" content="text/html; charset=iso-8859-1" />\n
..\\Parametres\\common_lib.h(43):     </head>\n
..\\Parametres\\common_lib.h(43):     <body bgcolor="#E0E7F1">\n
..\\Parametres\\common_lib.h(43):     <style>blockquote {font-family: tahoma; font-size : 10pt}H1 {font-family: tahoma; font-siz
..\\Parametres\\common_lib.h(43):     e : 22pt; color: #993333}small {font-family: tahoma; font-size : 8pt}H3 {font-family: taho
..\\Parametres\\common_lib.h(43):     ma; font-size : 10pt; color: black}TD {font-family: tahoma; font-size : 10pt; color: black
..\\Parametres\\common_lib.h(43):     }</style><BR/><center><H1><b><font color="#003366">Customer Profile</font></b></H1></cente
..\\Parametres\\common_lib.h(43):     r><blockquote><tr><td><B>First time registering? Please complete the form below.</B><BR/>P
..\\Parametres\\common_lib.h(43):     lease choose a username and password combination for your account.<BR/>We'd also like some
..\\Parametres\\common_lib.h(43):      additional contact information for yourself. We'll use it as default shipping and billing
..\\Parametres\\common_lib.h(43):      information when making all your travel arrangements.<P><tr><td align=center><center><H3>
..\\Parametres\\common_lib.h(43):     <font color=red>Your username is taken.  Please choose another (usually adding a personall
..\\Parametres\\common_lib.h(43):     y significant number to the end of your username will create a unique name).</font></H3></
..\\Parametres\\common_lib.h(43):     center><form method="post" action="login.pl" enctype="application/x-www-form-urlencoded" t
..\\Parametres\\common_lib.h(43):     arget="info" onsubmit>\n
..\\Parametres\\common_lib.h(43):     <table><tr><td align="left"><blockquote>Username : </td> <td align="left"><input type="tex
..\\Parametres\\common_lib.h(43):     t" name="username" value="masha484" size="20" /></td></tr> <tr><td align="left"><blockquot
..\\Parametres\\common_lib.h(43):     e>Password : </td> <td align="left"><input type="password" name="password" value="jhiy" si
..\\Parametres\\common_lib.h(43):     ze="20" /></td></tr> <tr><td align="left"><blockquote>Confirm : </td> <td align="left"><in
..\\Parametres\\common_lib.h(43):     put type="password" name="passwordConfirm" value="jhiy" size="20" /></td></tr> <tr><td> </
..\\Parametres\\common_lib.h(43):     td></tr> <tr><td align="left"><blockquote>First Name : </td> <td align="left"><input type=
..\\Parametres\\common_lib.h(43):     "text" name="firstName" value="Masha" size="20" /></td></tr> <tr><td align="left"><blockqu
..\\Parametres\\common_lib.h(43):     ote>Last Name : </td> <td align="left"><input type="text" name="lastName" value="Nasha" si
..\\Parametres\\common_lib.h(43):     ze="20" /></td></tr> <tr><td align="left"><blockquote>Street Address : </td> <td align="le
..\\Parametres\\common_lib.h(43):     ft"><input type="text" name="address1" value="Lenina" size="30" /></td></tr> <tr><td align
..\\Parametres\\common_lib.h(43):     ="left"><blockquote>City/State/Zip : </td> <td align="left"><input type="text" name="addre
..\\Parametres\\common_lib.h(43):     ss2" value="Ottava" size="30" /></td></tr> <tr><td align="left">&nbsp;</td> <td align="rig
..\\Parametres\\common_lib.h(43):     ht">&nbsp;</td></tr> <tr><td align="center" colspan="2"><input type="image" name="register
..\\Parametres\\common_lib.h(43):     " src="/WebTours/images/button_next.gif" border="0" /></td></tr></table></form></table></b
..\\Parametres\\common_lib.h(43):     lockquote>\n
..\\Parametres\\common_lib.h(43):     </body>\n
..\\Parametres\\common_lib.h(43):     </html>\n
..\\Parametres\\common_lib.h(43): Resource "http://localhost:1080/WebTours/profileValidate.js" is in the cache already and will not be downloaded again  	[MsgId: MMSG-26655]
..\\Parametres\\common_lib.h(43): Resource "http://localhost:1080/WebTours/images/button_next.gif" is in the cache already and will not be downloaded again  	[MsgId: MMSG-26655]
..\\Parametres\\common_lib.h(43): t=1126174ms: 5-byte chunked response overhead for "http://localhost:1080/cgi-bin/login.pl" (RelFrameId=1, Internal ID=1296)
..\\Parametres\\common_lib.h(43):     0\r\n
..\\Parametres\\common_lib.h(43):     \r\n
..\\Parametres\\common_lib.h(43): t=1126174ms: Request done "http://localhost:1080/cgi-bin/login.pl"  	[MsgId: MMSG-26000]
..\\Parametres\\common_lib.h(43): Error -26366: "Text=<blockquote>Thank you, <b>masha484</b>, for registering and welcome" not found for web_reg_find  	[MsgId: MERR-26366]
..\\Parametres\\common_lib.h(43): web_submit_data("login.pl") highest severity level was "ERROR", 2722 body bytes, 228 header bytes, 12 chunking overhead bytes  	[MsgId: MMSG-26387]
..\\Parametres\\common_lib.h(43): Notify: Transaction "regProfile" ended with a "Fail" status (Duration: 0,2118 Wasted Time: 0,0000).	[MsgId: MMSG-16871]
..\\Parametres\\common_lib.h(43): Notify: Transaction "regProfile" has 1 error message(s).	[MsgId: MMSG-16818]
..\\Parametres\\common_lib.h(43): Notify: The 1st error message associated with transaction "regProfile" is "Error -26366: "Text=<blockquote>Thank you, <b>masha484</b>, for registering and welcome" not found for web_reg_find"	[MsgId: MMSG-16819]
..\\Parametres\\common_lib.h(43): Notify: Transaction "UC01_CustomerProfile" ended with a "Fail" status (Duration: 6,2455 Think Time: 5,0059 Wasted Time: 0,0114).	[MsgId: MMSG-16870]
..\\Parametres\\common_lib.h(43): Notify: Transaction "UC01_CustomerProfile" has 1 error message(s).	[MsgId: MMSG-16818]
..\\Parametres\\common_lib.h(43): Notify: The 1st error message associated with transaction "UC01_CustomerProfile" is "Error -26366: "Text=<blockquote>Thank you, <b>masha484</b>, for registering and welcome" not found for web_reg_find"	[MsgId: MMSG-16819]
Ending action Action.	[MsgId: MMSG-15918]
Action was aborted.	[MsgId: MMSG-10694]
Ending Vuser...	[MsgId: MMSG-15966]
Starting action vuser_end.	[MsgId: MMSG-15919]
Ending action vuser_end.	[MsgId: MMSG-15918]
Vuser Terminated.	[MsgId: MMSG-15963]
..\\Parametres\\common_lib.h(43): t=1126177ms: Closed connection [0] to localhost:1080 after completing 5 request(s)  	[MsgId: MMSG-26000]
HTML-Mode memory management statistics: Reusable=5, NonReusable=0, CsMemBlockSize=4096, checks disabled  	[MsgId: MMSG-26000]
Vuser 1 (thread 10720), ended OK."	[MsgId: MMSG-10695]
..\\Parametres\\common_lib.h(39): Notify: Transaction "regProfile" started.	[MsgId: MMSG-16999]
..\\Parametres\\common_lib.h(41): web_reg_find started  	[MsgId: MMSG-26355]
..\\Parametres\\common_lib.h(41): Notify: Parameter Substitution: parameter "Username" =  "artem478"	[MsgId: MMSG-13992]
..\\Parametres\\common_lib.h(41): Registering web_reg_find was successful  	[MsgId: MMSG-26390]
..\\Parametres\\common_lib.h(43): web_submit_data("login.pl") started  	[MsgId: MMSG-26355]
..\\Parametres\\common_lib.h(43): Notify: Parameter Substitution: parameter "Username" =  "artem478"	[MsgId: MMSG-13992]
..\\Parametres\\common_lib.h(43): Notify: Next row for parameter Password = 4 [table  = Password].	[MsgId: MMSG-13876]
..\\Parametres\\common_lib.h(43): Notify: Parameter Substitution: parameter "Password" =  "fhjh"	[MsgId: MMSG-13992]
..\\Parametres\\common_lib.h(43): Notify: Next row for parameter Password = 4 [table  = Password].	[MsgId: MMSG-13876]
..\\Parametres\\common_lib.h(43): Notify: Parameter Substitution: parameter "Password" =  "fhjh"	[MsgId: MMSG-13992]
..\\Parametres\\common_lib.h(43): Notify: Next row for parameter FirstName = 4 [table  = FirstName].	[MsgId: MMSG-13876]
..\\Parametres\\common_lib.h(43): Notify: Parameter Substitution: parameter "FirstName" =  "Artem"	[MsgId: MMSG-13992]
..\\Parametres\\common_lib.h(43): Notify: Next row for parameter LastName = 4 [table  = LastName].	[MsgId: MMSG-13876]
..\\Parametres\\common_lib.h(43): Notify: Parameter Substitution: parameter "LastName" =  "Kras"	[MsgId: MMSG-13992]
..\\Parametres\\common_lib.h(43): Notify: Parameter Substitution: parameter "StreetAddress" =  "Pushkina"	[MsgId: MMSG-13992]
..\\Parametres\\common_lib.h(43): Notify: Parameter Substitution: parameter "City" =  "Ottava"	[MsgId: MMSG-13992]
..\\Parametres\\common_lib.h(43): t=1129128ms: Closed connection [0] to localhost:1080 after completing 4 request(s)  	[MsgId: MMSG-26000]
..\\Parametres\\common_lib.h(43): t=1129129ms: Connecting [0] to host 127.0.0.1:1080  	[MsgId: MMSG-26000]
..\\Parametres\\common_lib.h(43): t=1129131ms: Connected socket [0] from 127.0.0.1:51216 to 127.0.0.1:1080 in 2 ms  	[MsgId: MMSG-26000]
..\\Parametres\\common_lib.h(43): t=1129131ms: 420-byte request headers for "http://localhost:1080/cgi-bin/login.pl" (RelFrameId=1, Internal ID=336)
..\\Parametres\\common_lib.h(43):     POST /cgi-bin/login.pl HTTP/1.1\r\n
..\\Parametres\\common_lib.h(43):     Content-Type: application/x-www-form-urlencoded\r\n
..\\Parametres\\common_lib.h(43):     Referer: http://localhost:1080/cgi-bin/login.pl?username=&password=&getInfo=true\r\n
..\\Parametres\\common_lib.h(43):     DNT: 1\r\n
..\\Parametres\\common_lib.h(43):     User-Agent: Mozilla/5.0 (Windows NT 6.3; WOW64; Trident/7.0; rv:11.0) like Gecko\r\n
..\\Parametres\\common_lib.h(43):     Accept-Encoding: gzip, deflate\r\n
..\\Parametres\\common_lib.h(43):     Accept-Language: ru-RU\r\n
..\\Parametres\\common_lib.h(43):     Accept: */*\r\n
..\\Parametres\\common_lib.h(43):     Connection: Keep-Alive\r\n
..\\Parametres\\common_lib.h(43):     Host: localhost:1080\r\n
..\\Parametres\\common_lib.h(43):     Cookie: MSO=SID&1656434195\r\n
..\\Parametres\\common_lib.h(43):     Content-Length: 143\r\n
..\\Parametres\\common_lib.h(43):     \r\n
..\\Parametres\\common_lib.h(43): t=1129133ms: 143-byte request body for "http://localhost:1080/cgi-bin/login.pl" (RelFrameId=1, Internal ID=336)
..\\Parametres\\common_lib.h(43):     username=artem478&password=fhjh&passwordConfirm=fhjh&firstName=Artem&lastName=Kras&address
..\\Parametres\\common_lib.h(43):     1=Pushkina&address2=Ottava&register.x=34&register.y=5
..\\Parametres\\common_lib.h(43): t=1129207ms: Inactive socket [1] was closed by localhost:1080, probably due to Keep-Alive timeout  	[MsgId: MMSG-26000]
..\\Parametres\\common_lib.h(43): t=1129207ms: Closed connection [1] to localhost:1080 after completing 4 request(s)  	[MsgId: MMSG-26000]
..\\Parametres\\common_lib.h(43): t=1129209ms: Inactive socket [2] was closed by localhost:1080, probably due to Keep-Alive timeout  	[MsgId: MMSG-26000]
..\\Parametres\\common_lib.h(43): t=1129209ms: Closed connection [2] to localhost:1080 after completing 2 request(s)  	[MsgId: MMSG-26000]
..\\Parametres\\common_lib.h(39): Notify: Transaction "regProfile" started.	[MsgId: MMSG-16999]
..\\Parametres\\common_lib.h(41): web_reg_find started  	[MsgId: MMSG-26355]
..\\Parametres\\common_lib.h(41): Notify: Parameter Substitution: parameter "Username" =  "masha484"	[MsgId: MMSG-13992]
..\\Parametres\\common_lib.h(41): Registering web_reg_find was successful  	[MsgId: MMSG-26390]
..\\Parametres\\common_lib.h(43): web_submit_data("login.pl") started  	[MsgId: MMSG-26355]
..\\Parametres\\common_lib.h(43): Notify: Parameter Substitution: parameter "Username" =  "masha484"	[MsgId: MMSG-13992]
..\\Parametres\\common_lib.h(43): Notify: Next row for parameter Password = 9 [table  = Password].	[MsgId: MMSG-13876]
..\\Parametres\\common_lib.h(43): Notify: Parameter Substitution: parameter "Password" =  "jhiy"	[MsgId: MMSG-13992]
..\\Parametres\\common_lib.h(43): Notify: Next row for parameter Password = 9 [table  = Password].	[MsgId: MMSG-13876]
..\\Parametres\\common_lib.h(43): Notify: Parameter Substitution: parameter "Password" =  "jhiy"	[MsgId: MMSG-13992]
..\\Parametres\\common_lib.h(43): Notify: Next row for parameter FirstName = 9 [table  = FirstName].	[MsgId: MMSG-13876]
..\\Parametres\\common_lib.h(43): Notify: Parameter Substitution: parameter "FirstName" =  "Masha"	[MsgId: MMSG-13992]
..\\Parametres\\common_lib.h(43): Notify: Next row for parameter LastName = 9 [table  = LastName].	[MsgId: MMSG-13876]
..\\Parametres\\common_lib.h(43): Notify: Parameter Substitution: parameter "LastName" =  "Nasha"	[MsgId: MMSG-13992]
..\\Parametres\\common_lib.h(43): Notify: Parameter Substitution: parameter "StreetAddress" =  "Novaya"	[MsgId: MMSG-13992]
..\\Parametres\\common_lib.h(43): Notify: Parameter Substitution: parameter "City" =  "Moscow"	[MsgId: MMSG-13992]
..\\Parametres\\common_lib.h(43): t=1129214ms: Closed connection [0] to localhost:1080 after completing 4 request(s)  	[MsgId: MMSG-26000]
..\\Parametres\\common_lib.h(43): t=1129214ms: Connecting [0] to host 127.0.0.1:1080  	[MsgId: MMSG-26000]
..\\Parametres\\common_lib.h(43): t=1129216ms: Connected socket [0] from 127.0.0.1:51217 to 127.0.0.1:1080 in 1 ms  	[MsgId: MMSG-26000]
..\\Parametres\\common_lib.h(43): t=1129216ms: 420-byte request headers for "http://localhost:1080/cgi-bin/login.pl" (RelFrameId=1, Internal ID=2144)
..\\Parametres\\common_lib.h(43):     POST /cgi-bin/login.pl HTTP/1.1\r\n
..\\Parametres\\common_lib.h(43):     Content-Type: application/x-www-form-urlencoded\r\n
..\\Parametres\\common_lib.h(43):     Referer: http://localhost:1080/cgi-bin/login.pl?username=&password=&getInfo=true\r\n
..\\Parametres\\common_lib.h(43):     DNT: 1\r\n
..\\Parametres\\common_lib.h(43):     User-Agent: Mozilla/5.0 (Windows NT 6.3; WOW64; Trident/7.0; rv:11.0) like Gecko\r\n
..\\Parametres\\common_lib.h(43):     Accept-Encoding: gzip, deflate\r\n
..\\Parametres\\common_lib.h(43):     Accept-Language: ru-RU\r\n
..\\Parametres\\common_lib.h(43):     Accept: */*\r\n
..\\Parametres\\common_lib.h(43):     Connection: Keep-Alive\r\n
..\\Parametres\\common_lib.h(43):     Host: localhost:1080\r\n
..\\Parametres\\common_lib.h(43):     Cookie: MSO=SID&1656434194\r\n
..\\Parametres\\common_lib.h(43):     Content-Length: 142\r\n
..\\Parametres\\common_lib.h(43):     \r\n
..\\Parametres\\common_lib.h(43): t=1129217ms: 142-byte request body for "http://localhost:1080/cgi-bin/login.pl" (RelFrameId=1, Internal ID=2144)
..\\Parametres\\common_lib.h(43):     username=masha484&password=jhiy&passwordConfirm=jhiy&firstName=Masha&lastName=Nasha&addres
..\\Parametres\\common_lib.h(43):     s1=Novaya&address2=Moscow&register.x=34&register.y=5
..\\Parametres\\common_lib.h(43): t=1129375ms: 229-byte response headers for "http://localhost:1080/cgi-bin/login.pl" (RelFrameId=1, Internal ID=336)
..\\Parametres\\common_lib.h(43):     HTTP/1.1 200 OK\r\n
..\\Parametres\\common_lib.h(43):     Date: Tue, 28 Jun 2022 16:36:40 GMT\r\n
..\\Parametres\\common_lib.h(43):     Server: Apache/2.2.21 (Win32)\r\n
..\\Parametres\\common_lib.h(43):     Expires: 5s\r\n
..\\Parametres\\common_lib.h(43):     Keep-Alive: timeout=5, max=100\r\n
..\\Parametres\\common_lib.h(43):     Connection: Keep-Alive\r\n
..\\Parametres\\common_lib.h(43):     Transfer-Encoding: chunked\r\n
..\\Parametres\\common_lib.h(43):     Content-Type: text/html; charset=ISO-8859-1\r\n
..\\Parametres\\common_lib.h(43):     \r\n
..\\Parametres\\common_lib.h(43): t=1129376ms: 5-byte chunked response overhead for "http://localhost:1080/cgi-bin/login.pl" (RelFrameId=1, Internal ID=336)
..\\Parametres\\common_lib.h(43):     aa3\r\n
..\\Parametres\\common_lib.h(43): t=1129376ms: 2-byte chunked response overhead for "http://localhost:1080/cgi-bin/login.pl" (RelFrameId=1, Internal ID=336)
..\\Parametres\\common_lib.h(43):     \r\n
..\\Parametres\\common_lib.h(43): t=1129377ms: 2723-byte chunked response body for "http://localhost:1080/cgi-bin/login.pl" (RelFrameId=1, Internal ID=336)
..\\Parametres\\common_lib.h(43):     <!DOCTYPE html\n
..\\Parametres\\common_lib.h(43):     \tPUBLIC "-//W3C//DTD XHTML 1.0 Transitional//EN"\n
..\\Parametres\\common_lib.h(43):     \t "http://www.w3.org/TR/xhtml1/DTD/xhtml1-transitional.dtd">\n
..\\Parametres\\common_lib.h(43):     <html xmlns="http://www.w3.org/1999/xhtml" lang="en-US" xml:lang="en-US">\n
..\\Parametres\\common_lib.h(43):     <head>\n
..\\Parametres\\common_lib.h(43):     <title>User Information</title>\n
..\\Parametres\\common_lib.h(43):     <script src="/WebTours/profileValidate.js" type="text/JavaScript"></script>\n
..\\Parametres\\common_lib.h(43):     <meta http-equiv="Content-Type" content="text/html; charset=iso-8859-1" />\n
..\\Parametres\\common_lib.h(43):     </head>\n
..\\Parametres\\common_lib.h(43):     <body bgcolor="#E0E7F1">\n
..\\Parametres\\common_lib.h(43):     <style>blockquote {font-family: tahoma; font-size : 10pt}H1 {font-family: tahoma; font-siz
..\\Parametres\\common_lib.h(43):     e : 22pt; color: #993333}small {font-family: tahoma; font-size : 8pt}H3 {font-family: taho
..\\Parametres\\common_lib.h(43):     ma; font-size : 10pt; color: black}TD {font-family: tahoma; font-size : 10pt; color: black
..\\Parametres\\common_lib.h(43):     }</style><BR/><center><H1><b><font color="#003366">Customer Profile</font></b></H1></cente
..\\Parametres\\common_lib.h(43):     r><blockquote><tr><td><B>First time registering? Please complete the form below.</B><BR/>P
..\\Parametres\\common_lib.h(43):     lease choose a username and password combination for your account.<BR/>We'd also like some
..\\Parametres\\common_lib.h(43):      additional contact information for yourself. We'll use it as default shipping and billing
..\\Parametres\\common_lib.h(43):      information when making all your travel arrangements.<P><tr><td align=center><center><H3>
..\\Parametres\\common_lib.h(43):     <font color=red>Your username is taken.  Please choose another (usually adding a personall
..\\Parametres\\common_lib.h(43):     y significant number to the end of your username will create a unique name).</font></H3></
..\\Parametres\\common_lib.h(43):     center><form method="post" action="login.pl" enctype="application/x-www-form-urlencoded" t
..\\Parametres\\common_lib.h(43):     arget="info" onsubmit>\n
..\\Parametres\\common_lib.h(43):     <table><tr><td align="left"><blockquote>Username : </td> <td align="left"><input type="tex
..\\Parametres\\common_lib.h(43):     t" name="username" value="artem478" size="20" /></td></tr> <tr><td align="left"><blockquot
..\\Parametres\\common_lib.h(43):     e>Password : </td> <td align="left"><input type="password" name="password" value="fhjh" si
..\\Parametres\\common_lib.h(43):     ze="20" /></td></tr> <tr><td align="left"><blockquote>Confirm : </td> <td align="left"><in
..\\Parametres\\common_lib.h(43):     put type="password" name="passwordConfirm" value="fhjh" size="20" /></td></tr> <tr><td> </
..\\Parametres\\common_lib.h(43):     td></tr> <tr><td align="left"><blockquote>First Name : </td> <td align="left"><input type=
..\\Parametres\\common_lib.h(43):     "text" name="firstName" value="Artem" size="20" /></td></tr> <tr><td align="left"><blockqu
..\\Parametres\\common_lib.h(43):     ote>Last Name : </td> <td align="left"><input type="text" name="lastName" value="Kras" siz
..\\Parametres\\common_lib.h(43):     e="20" /></td></tr> <tr><td align="left"><blockquote>Street Address : </td> <td align="lef
..\\Parametres\\common_lib.h(43):     t"><input type="text" name="address1" value="Pushkina" size="30" /></td></tr> <tr><td alig
..\\Parametres\\common_lib.h(43):     n="left"><blockquote>City/State/Zip : </td> <td align="left"><input type="text" name="addr
..\\Parametres\\common_lib.h(43):     ess2" value="Ottava" size="30" /></td></tr> <tr><td align="left">&nbsp;</td> <td align="ri
..\\Parametres\\common_lib.h(43):     ght">&nbsp;</td></tr> <tr><td align="center" colspan="2"><input type="image" name="registe
..\\Parametres\\common_lib.h(43):     r" src="/WebTours/images/button_next.gif" border="0" /></td></tr></table></form></table></
..\\Parametres\\common_lib.h(43):     blockquote>\n
..\\Parametres\\common_lib.h(43):     </body>\n
..\\Parametres\\common_lib.h(43):     </html>\n
..\\Parametres\\common_lib.h(43): Resource "http://localhost:1080/WebTours/profileValidate.js" is in the cache already and will not be downloaded again  	[MsgId: MMSG-26655]
..\\Parametres\\common_lib.h(43): Resource "http://localhost:1080/WebTours/images/button_next.gif" is in the cache already and will not be downloaded again  	[MsgId: MMSG-26655]
..\\Parametres\\common_lib.h(43): t=1129386ms: 5-byte chunked response overhead for "http://localhost:1080/cgi-bin/login.pl" (RelFrameId=1, Internal ID=336)
..\\Parametres\\common_lib.h(43):     0\r\n
..\\Parametres\\common_lib.h(43):     \r\n
..\\Parametres\\common_lib.h(43): t=1129387ms: Request done "http://localhost:1080/cgi-bin/login.pl"  	[MsgId: MMSG-26000]
..\\Parametres\\common_lib.h(43): Error -26366: "Text=<blockquote>Thank you, <b>artem478</b>, for registering and welcome" not found for web_reg_find  	[MsgId: MERR-26366]
..\\Parametres\\common_lib.h(43): web_submit_data("login.pl") highest severity level was "ERROR", 2723 body bytes, 229 header bytes, 12 chunking overhead bytes  	[MsgId: MMSG-26387]
..\\Parametres\\common_lib.h(43): Notify: Transaction "regProfile" ended with a "Fail" status (Duration: 0,2625 Wasted Time: 0,0000).	[MsgId: MMSG-16871]
..\\Parametres\\common_lib.h(43): Notify: Transaction "regProfile" has 1 error message(s).	[MsgId: MMSG-16818]
..\\Parametres\\common_lib.h(43): Notify: The 1st error message associated with transaction "regProfile" is "Error -26366: "Text=<blockquote>Thank you, <b>artem478</b>, for registering and welcome" not found for web_reg_find"	[MsgId: MMSG-16819]
..\\Parametres\\common_lib.h(43): Notify: Transaction "UC01_CustomerProfile" ended with a "Fail" status (Duration: 6,2722 Think Time: 5,1026 Wasted Time: 0,0084).	[MsgId: MMSG-16870]
..\\Parametres\\common_lib.h(43): Notify: Transaction "UC01_CustomerProfile" has 1 error message(s).	[MsgId: MMSG-16818]
..\\Parametres\\common_lib.h(43): Notify: The 1st error message associated with transaction "UC01_CustomerProfile" is "Error -26366: "Text=<blockquote>Thank you, <b>artem478</b>, for registering and welcome" not found for web_reg_find"	[MsgId: MMSG-16819]
Ending action Action.	[MsgId: MMSG-15918]
Action was aborted.	[MsgId: MMSG-10694]
Ending Vuser...	[MsgId: MMSG-15966]
Starting action vuser_end.	[MsgId: MMSG-15919]
Ending action vuser_end.	[MsgId: MMSG-15918]
Vuser Terminated.	[MsgId: MMSG-15963]
..\\Parametres\\common_lib.h(43): t=1129389ms: Closed connection [0] to localhost:1080 after completing 1 request(s)  	[MsgId: MMSG-26000]
..\\Parametres\\common_lib.h(43): t=1129390ms: Closed connection [3] to localhost:1080 after completing 1 request(s)  	[MsgId: MMSG-26000]
HTML-Mode memory management statistics: Reusable=5, NonReusable=0, CsMemBlockSize=4096, checks disabled  	[MsgId: MMSG-26000]
Vuser 2 (thread 1360), ended OK."	[MsgId: MMSG-10695]
..\\Parametres\\common_lib.h(43): t=1129440ms: 229-byte response headers for "http://localhost:1080/cgi-bin/login.pl" (RelFrameId=1, Internal ID=2144)
..\\Parametres\\common_lib.h(43):     HTTP/1.1 200 OK\r\n
..\\Parametres\\common_lib.h(43):     Date: Tue, 28 Jun 2022 16:36:40 GMT\r\n
..\\Parametres\\common_lib.h(43):     Server: Apache/2.2.21 (Win32)\r\n
..\\Parametres\\common_lib.h(43):     Expires: 5s\r\n
..\\Parametres\\common_lib.h(43):     Keep-Alive: timeout=5, max=100\r\n
..\\Parametres\\common_lib.h(43):     Connection: Keep-Alive\r\n
..\\Parametres\\common_lib.h(43):     Transfer-Encoding: chunked\r\n
..\\Parametres\\common_lib.h(43):     Content-Type: text/html; charset=ISO-8859-1\r\n
..\\Parametres\\common_lib.h(43):     \r\n
..\\Parametres\\common_lib.h(43): t=1129441ms: 5-byte chunked response overhead for "http://localhost:1080/cgi-bin/login.pl" (RelFrameId=1, Internal ID=2144)
..\\Parametres\\common_lib.h(43):     aa2\r\n
..\\Parametres\\common_lib.h(43): t=1129441ms: 2-byte chunked response overhead for "http://localhost:1080/cgi-bin/login.pl" (RelFrameId=1, Internal ID=2144)
..\\Parametres\\common_lib.h(43):     \r\n
..\\Parametres\\common_lib.h(43): t=1129441ms: 2722-byte chunked response body for "http://localhost:1080/cgi-bin/login.pl" (RelFrameId=1, Internal ID=2144)
..\\Parametres\\common_lib.h(43):     <!DOCTYPE html\n
..\\Parametres\\common_lib.h(43):     \tPUBLIC "-//W3C//DTD XHTML 1.0 Transitional//EN"\n
..\\Parametres\\common_lib.h(43):     \t "http://www.w3.org/TR/xhtml1/DTD/xhtml1-transitional.dtd">\n
..\\Parametres\\common_lib.h(43):     <html xmlns="http://www.w3.org/1999/xhtml" lang="en-US" xml:lang="en-US">\n
..\\Parametres\\common_lib.h(43):     <head>\n
..\\Parametres\\common_lib.h(43):     <title>User Information</title>\n
..\\Parametres\\common_lib.h(43):     <script src="/WebTours/profileValidate.js" type="text/JavaScript"></script>\n
..\\Parametres\\common_lib.h(43):     <meta http-equiv="Content-Type" content="text/html; charset=iso-8859-1" />\n
..\\Parametres\\common_lib.h(43):     </head>\n
..\\Parametres\\common_lib.h(43):     <body bgcolor="#E0E7F1">\n
..\\Parametres\\common_lib.h(43):     <style>blockquote {font-family: tahoma; font-size : 10pt}H1 {font-family: tahoma; font-siz
..\\Parametres\\common_lib.h(43):     e : 22pt; color: #993333}small {font-family: tahoma; font-size : 8pt}H3 {font-family: taho
..\\Parametres\\common_lib.h(43):     ma; font-size : 10pt; color: black}TD {font-family: tahoma; font-size : 10pt; color: black
..\\Parametres\\common_lib.h(43):     }</style><BR/><center><H1><b><font color="#003366">Customer Profile</font></b></H1></cente
..\\Parametres\\common_lib.h(43):     r><blockquote><tr><td><B>First time registering? Please complete the form below.</B><BR/>P
..\\Parametres\\common_lib.h(43):     lease choose a username and password combination for your account.<BR/>We'd also like some
..\\Parametres\\common_lib.h(43):      additional contact information for yourself. We'll use it as default shipping and billing
..\\Parametres\\common_lib.h(43):      information when making all your travel arrangements.<P><tr><td align=center><center><H3>
..\\Parametres\\common_lib.h(43):     <font color=red>Your username is taken.  Please choose another (usually adding a personall
..\\Parametres\\common_lib.h(43):     y significant number to the end of your username will create a unique name).</font></H3></
..\\Parametres\\common_lib.h(43):     center><form method="post" action="login.pl" enctype="application/x-www-form-urlencoded" t
..\\Parametres\\common_lib.h(43):     arget="info" onsubmit>\n
..\\Parametres\\common_lib.h(43):     <table><tr><td align="left"><blockquote>Username : </td> <td align="left"><input type="tex
..\\Parametres\\common_lib.h(43):     t" name="username" value="masha484" size="20" /></td></tr> <tr><td align="left"><blockquot
..\\Parametres\\common_lib.h(43):     e>Password : </td> <td align="left"><input type="password" name="password" value="jhiy" si
..\\Parametres\\common_lib.h(43):     ze="20" /></td></tr> <tr><td align="left"><blockquote>Confirm : </td> <td align="left"><in
..\\Parametres\\common_lib.h(43):     put type="password" name="passwordConfirm" value="jhiy" size="20" /></td></tr> <tr><td> </
..\\Parametres\\common_lib.h(43):     td></tr> <tr><td align="left"><blockquote>First Name : </td> <td align="left"><input type=
..\\Parametres\\common_lib.h(43):     "text" name="firstName" value="Masha" size="20" /></td></tr> <tr><td align="left"><blockqu
..\\Parametres\\common_lib.h(43):     ote>Last Name : </td> <td align="left"><input type="text" name="lastName" value="Nasha" si
..\\Parametres\\common_lib.h(43):     ze="20" /></td></tr> <tr><td align="left"><blockquote>Street Address : </td> <td align="le
..\\Parametres\\common_lib.h(43):     ft"><input type="text" name="address1" value="Novaya" size="30" /></td></tr> <tr><td align
..\\Parametres\\common_lib.h(43):     ="left"><blockquote>City/State/Zip : </td> <td align="left"><input type="text" name="addre
..\\Parametres\\common_lib.h(43):     ss2" value="Moscow" size="30" /></td></tr> <tr><td align="left">&nbsp;</td> <td align="rig
..\\Parametres\\common_lib.h(43):     ht">&nbsp;</td></tr> <tr><td align="center" colspan="2"><input type="image" name="register
..\\Parametres\\common_lib.h(43):     " src="/WebTours/images/button_next.gif" border="0" /></td></tr></table></form></table></b
..\\Parametres\\common_lib.h(43):     lockquote>\n
..\\Parametres\\common_lib.h(43):     </body>\n
..\\Parametres\\common_lib.h(43):     </html>\n
..\\Parametres\\common_lib.h(43): Resource "http://localhost:1080/WebTours/profileValidate.js" is in the cache already and will not be downloaded again  	[MsgId: MMSG-26655]
..\\Parametres\\common_lib.h(43): Resource "http://localhost:1080/WebTours/images/button_next.gif" is in the cache already and will not be downloaded again  	[MsgId: MMSG-26655]
..\\Parametres\\common_lib.h(43): t=1129454ms: 5-byte chunked response overhead for "http://localhost:1080/cgi-bin/login.pl" (RelFrameId=1, Internal ID=2144)
..\\Parametres\\common_lib.h(43):     0\r\n
..\\Parametres\\common_lib.h(43):     \r\n
..\\Parametres\\common_lib.h(43): t=1129454ms: Request done "http://localhost:1080/cgi-bin/login.pl"  	[MsgId: MMSG-26000]
..\\Parametres\\common_lib.h(43): Error -26366: "Text=<blockquote>Thank you, <b>masha484</b>, for registering and welcome" not found for web_reg_find  	[MsgId: MERR-26366]
..\\Parametres\\common_lib.h(43): web_submit_data("login.pl") highest severity level was "ERROR", 2722 body bytes, 229 header bytes, 12 chunking overhead bytes  	[MsgId: MMSG-26387]
..\\Parametres\\common_lib.h(43): Notify: Transaction "regProfile" ended with a "Fail" status (Duration: 0,2456 Wasted Time: 0,0000).	[MsgId: MMSG-16871]
..\\Parametres\\common_lib.h(43): Notify: Transaction "regProfile" has 1 error message(s).	[MsgId: MMSG-16818]
..\\Parametres\\common_lib.h(43): Notify: The 1st error message associated with transaction "regProfile" is "Error -26366: "Text=<blockquote>Thank you, <b>masha484</b>, for registering and welcome" not found for web_reg_find"	[MsgId: MMSG-16819]
..\\Parametres\\common_lib.h(43): Notify: Transaction "UC01_CustomerProfile" ended with a "Fail" status (Duration: 7,8395 Think Time: 5,1566 Wasted Time: 0,0020).	[MsgId: MMSG-16870]
..\\Parametres\\common_lib.h(43): Notify: Transaction "UC01_CustomerProfile" has 1 error message(s).	[MsgId: MMSG-16818]
..\\Parametres\\common_lib.h(43): Notify: The 1st error message associated with transaction "UC01_CustomerProfile" is "Error -26366: "Text=<blockquote>Thank you, <b>masha484</b>, for registering and welcome" not found for web_reg_find"	[MsgId: MMSG-16819]
Ending action Action.	[MsgId: MMSG-15918]
Action was aborted.	[MsgId: MMSG-10694]
Ending Vuser...	[MsgId: MMSG-15966]
Starting action vuser_end.	[MsgId: MMSG-15919]
Ending action vuser_end.	[MsgId: MMSG-15918]
Vuser Terminated.	[MsgId: MMSG-15963]
..\\Parametres\\common_lib.h(43): t=1129457ms: Closed connection [0] to localhost:1080 after completing 1 request(s)  	[MsgId: MMSG-26000]
..\\Parametres\\common_lib.h(43): t=1129457ms: Closed connection [1] to localhost:1080 after completing 3 request(s)  	[MsgId: MMSG-26000]
..\\Parametres\\common_lib.h(43): t=1129458ms: Closed connection [2] to localhost:1080 after completing 3 request(s)  	[MsgId: MMSG-26000]
..\\Parametres\\common_lib.h(43): t=1129459ms: Closed connection [3] to localhost:1080 after completing 1 request(s)  	[MsgId: MMSG-26000]
HTML-Mode memory management statistics: Reusable=6, NonReusable=0, CsMemBlockSize=4096, checks disabled  	[MsgId: MMSG-26000]
Vuser 0 (thread 5004), ended OK."	[MsgId: MMSG-10695]
