Virtual User Script started at: 26.07.2022 12:33:18	[MsgId: MMSG-15967]
Starting action vuser_init.	[MsgId: MMSG-15919]
Web Turbo Replay of LoadRunner 2020.0.0 for Windows 8.1; build 793 (ноя 27 2019 19:51:20)  	[MsgId: MMSG-26983]
Run mode: HTML  	[MsgId: MMSG-26993]
Replay user agent: Mozilla/5.0 (Windows NT 6.3; WOW64; Trident/7.0; rv:11.0) like Gecko  	[MsgId: MMSG-26988]
Runtime Settings file: "C:\Users\Гульнара\AppData\Local\Temp\lr5tmpdirgWp.384\lrcfgSuH.385\cfghi2.390"  	[MsgId: MMSG-27141]
Ending action vuser_init.	[MsgId: MMSG-15918]
Running Vuser...	[MsgId: MMSG-15964]
Starting iteration 1.	[MsgId: MMSG-15968]
Maximum number of concurrent connections per server: 6  	[MsgId: MMSG-26989]
Starting action Action.	[MsgId: MMSG-15919]
Action.c(3): Notify: Transaction "UC06_SearchTicket" started.	[MsgId: MMSG-16999]
..\\Parametres\\common_lib.h(2): Notify: Transaction "homePage" started.	[MsgId: MMSG-16999]
..\\Parametres\\common_lib.h(4): web_add_auto_header("DNT") started  	[MsgId: MMSG-26355]
..\\Parametres\\common_lib.h(4): web_add_auto_header("DNT") was successful  	[MsgId: MMSG-26392]
..\\Parametres\\common_lib.h(7): web_reg_find started  	[MsgId: MMSG-26355]
..\\Parametres\\common_lib.h(7): Registering web_reg_find was successful  	[MsgId: MMSG-26390]
..\\Parametres\\common_lib.h(10): web_reg_save_param_attrib started  	[MsgId: MMSG-26355]
..\\Parametres\\common_lib.h(10): Registering web_reg_save_param_attrib was successful  	[MsgId: MMSG-26390]
..\\Parametres\\common_lib.h(21): web_url("WebTours") started  	[MsgId: MMSG-26355]
..\\Parametres\\common_lib.h(21): Detected non-resource "http://localhost:1080/WebTours/header.html" in "http://localhost:1080/WebTours/"  	[MsgId: MMSG-26574]
..\\Parametres\\common_lib.h(21): Detected non-resource "http://localhost:1080/cgi-bin/welcome.pl?signOff=true" in "http://localhost:1080/WebTours/"  	[MsgId: MMSG-26574]
..\\Parametres\\common_lib.h(21): Found resource "http://localhost:1080/WebTours/images/hp_logo.png" in HTML "http://localhost:1080/WebTours/header.html"  	[MsgId: MMSG-26659]
..\\Parametres\\common_lib.h(21): Found resource "http://localhost:1080/WebTours/images/webtours.png" in HTML "http://localhost:1080/WebTours/header.html"  	[MsgId: MMSG-26659]
..\\Parametres\\common_lib.h(21): Detected non-resource "http://localhost:1080/cgi-bin/nav.pl?in=home" in "http://localhost:1080/cgi-bin/welcome.pl?signOff=true"  	[MsgId: MMSG-26574]
..\\Parametres\\common_lib.h(21): Detected non-resource "http://localhost:1080/WebTours/home.html" in "http://localhost:1080/cgi-bin/welcome.pl?signOff=true"  	[MsgId: MMSG-26574]
..\\Parametres\\common_lib.h(21): Found resource "http://localhost:1080/WebTours/images/mer_login.gif" in HTML "http://localhost:1080/cgi-bin/nav.pl?in=home"  	[MsgId: MMSG-26659]
..\\Parametres\\common_lib.h(21): Registered web_reg_find successful for "Text=Welcome to the Web Tours site" (count=1)  	[MsgId: MMSG-26364]
..\\Parametres\\common_lib.h(21): web_url("WebTours") was successful, 10074 body bytes, 2378 header bytes, 24 chunking overhead bytes  	[MsgId: MMSG-26385]
..\\Parametres\\common_lib.h(31): web_set_sockets_option started  	[MsgId: MMSG-26355]
..\\Parametres\\common_lib.h(31): web_set_sockets_option was successful  	[MsgId: MMSG-26392]
..\\Parametres\\common_lib.h(33): Notify: Transaction "homePage" ended with a "Pass" status (Duration: 0,1731 Wasted Time: 0,0211).	[MsgId: MMSG-16871]
..\\Parametres\\common_lib.h(66): Notify: Transaction "login" started.	[MsgId: MMSG-16999]
..\\Parametres\\common_lib.h(68): web_reg_find started  	[MsgId: MMSG-26355]
..\\Parametres\\common_lib.h(68): Registering web_reg_find was successful  	[MsgId: MMSG-26390]
..\\Parametres\\common_lib.h(71): web_submit_data("login.pl_2") started  	[MsgId: MMSG-26355]
..\\Parametres\\common_lib.h(71): Detected non-resource "http://localhost:1080/cgi-bin/nav.pl?page=menu&in=home" in "http://localhost:1080/cgi-bin/login.pl"  	[MsgId: MMSG-26574]
..\\Parametres\\common_lib.h(71): Detected non-resource "http://localhost:1080/cgi-bin/login.pl?intro=true" in "http://localhost:1080/cgi-bin/login.pl"  	[MsgId: MMSG-26574]
..\\Parametres\\common_lib.h(71): Found resource "http://localhost:1080/WebTours/images/flights.gif" in HTML "http://localhost:1080/cgi-bin/nav.pl?page=menu&in=home"  	[MsgId: MMSG-26659]
..\\Parametres\\common_lib.h(71): Found resource "http://localhost:1080/WebTours/images/itinerary.gif" in HTML "http://localhost:1080/cgi-bin/nav.pl?page=menu&in=home"  	[MsgId: MMSG-26659]
..\\Parametres\\common_lib.h(71): Found resource "http://localhost:1080/WebTours/images/in_home.gif" in HTML "http://localhost:1080/cgi-bin/nav.pl?page=menu&in=home"  	[MsgId: MMSG-26659]
..\\Parametres\\common_lib.h(71): Found resource "http://localhost:1080/WebTours/images/signoff.gif" in HTML "http://localhost:1080/cgi-bin/nav.pl?page=menu&in=home"  	[MsgId: MMSG-26659]
..\\Parametres\\common_lib.h(71): Registered web_reg_find successful for "Text=<blockquote>Welcome, <b>olya84</b>, to the Web Tours reservation pages." (count=1)  	[MsgId: MMSG-26364]
..\\Parametres\\common_lib.h(71): web_submit_data("login.pl_2") was successful, 5781 body bytes, 2048 header bytes, 36 chunking overhead bytes  	[MsgId: MMSG-26385]
..\\Parametres\\common_lib.h(88): Notify: Transaction "login" ended with a "Pass" status (Duration: 0,1746 Wasted Time: 0,0000).	[MsgId: MMSG-16871]
Action.c(9): Notify: Transaction "clickToFlights" started.	[MsgId: MMSG-16999]
Action.c(11): web_reg_find started  	[MsgId: MMSG-26355]
Action.c(11): Registering web_reg_find was successful  	[MsgId: MMSG-26390]
Action.c(13): web_url("Search Flights Button") started  	[MsgId: MMSG-26355]
Action.c(13): Detected non-resource "http://localhost:1080/cgi-bin/nav.pl?page=menu&in=flights" in "http://localhost:1080/cgi-bin/welcome.pl?page=search"  	[MsgId: MMSG-26574]
Action.c(13): Detected non-resource "http://localhost:1080/cgi-bin/reservations.pl?page=welcome" in "http://localhost:1080/cgi-bin/welcome.pl?page=search"  	[MsgId: MMSG-26574]
Action.c(13): Found resource "http://localhost:1080/WebTours/images/in_flights.gif" in HTML "http://localhost:1080/cgi-bin/nav.pl?page=menu&in=flights"  	[MsgId: MMSG-26659]
Action.c(13): Resource "http://localhost:1080/WebTours/images/itinerary.gif" is in the cache already and will not be downloaded again  	[MsgId: MMSG-26655]
Action.c(13): Found resource "http://localhost:1080/WebTours/images/home.gif" in HTML "http://localhost:1080/cgi-bin/nav.pl?page=menu&in=flights"  	[MsgId: MMSG-26659]
Action.c(13): Resource "http://localhost:1080/WebTours/images/signoff.gif" is in the cache already and will not be downloaded again  	[MsgId: MMSG-26655]
Action.c(13): Found resource "http://localhost:1080/WebTours/images/button_next.gif" in HTML "http://localhost:1080/cgi-bin/reservations.pl?page=welcome"  	[MsgId: MMSG-26659]
Action.c(13): Registered web_reg_find successful for "Text=Find Flight" (count=1)  	[MsgId: MMSG-26364]
Action.c(13): web_url("Search Flights Button") was successful, 8516 body bytes, 1619 header bytes, 43 chunking overhead bytes  	[MsgId: MMSG-26385]
Action.c(23): Notify: Transaction "clickToFlights" ended with a "Pass" status (Duration: 0,1587 Wasted Time: 0,0000).	[MsgId: MMSG-16871]
Action.c(25): Notify: Transaction "searchTicket" started.	[MsgId: MMSG-16999]
Action.c(28): web_reg_save_param_attrib started  	[MsgId: MMSG-26355]
Action.c(28): Registering web_reg_save_param_attrib was successful  	[MsgId: MMSG-26390]
Action.c(39): web_reg_find started  	[MsgId: MMSG-26355]
Action.c(39): Registering web_reg_find was successful  	[MsgId: MMSG-26390]
Action.c(41): web_submit_data("reservations.pl") started  	[MsgId: MMSG-26355]
Action.c(41): Resource "http://localhost:1080/WebTours/images/button_next.gif" is in the cache already and will not be downloaded again  	[MsgId: MMSG-26655]
Action.c(41): Registered web_reg_find successful for "Text=<blockquote>Flight departing from <B>Portland</B> to <B>London</B> on <B>07/27/2022</B>" (count=1)  	[MsgId: MMSG-26364]
Action.c(41): web_submit_data("reservations.pl") was successful, 2454 body bytes, 255 header bytes, 12 chunking overhead bytes  	[MsgId: MMSG-26385]
Action.c(66): Notify: Transaction "searchTicket" ended with a "Pass" status (Duration: 0,0808 Wasted Time: 0,0009).	[MsgId: MMSG-16871]
Action.c(68): Notify: Transaction "departureTime" started.	[MsgId: MMSG-16999]
Action.c(70): web_reg_find started  	[MsgId: MMSG-26355]
Action.c(70): Registering web_reg_find was successful  	[MsgId: MMSG-26390]
Action.c(74): web_submit_data("reservations.pl_2") started  	[MsgId: MMSG-26355]
Action.c(74): Resource "http://localhost:1080/WebTours/images/button_next.gif" is in the cache already and will not be downloaded again  	[MsgId: MMSG-26655]
Action.c(74): Registered web_reg_find successful for "Text=Flight Reservation" (count=1)  	[MsgId: MMSG-26364]
Action.c(74): web_submit_data("reservations.pl_2") was successful, 2751 body bytes, 255 header bytes, 12 chunking overhead bytes  	[MsgId: MMSG-26385]
Action.c(92): Notify: Transaction "departureTime" ended with a "Pass" status (Duration: 0,1663 Wasted Time: 0,0000).	[MsgId: MMSG-16871]
Action.c(94): Notify: Transaction "UC06_SearchTicket" ended with a "Pass" status (Duration: 0,7543 Wasted Time: 0,0221).	[MsgId: MMSG-16871]
Ending action Action.	[MsgId: MMSG-15918]
Ending iteration 1.	[MsgId: MMSG-15965]
Waiting 68,2450 seconds for iteration pacing.	[MsgId: MMSG-15996]
Ending Vuser...	[MsgId: MMSG-15966]
Starting action vuser_end.	[MsgId: MMSG-15919]
Ending action vuser_end.	[MsgId: MMSG-15918]
Vuser Terminated.	[MsgId: MMSG-15963]
