Action.c(65): Notify: Saving Parameter "c_cgifields_24 = 19".	[MsgId: MMSG-13798]
Action.c(65): Notify: Saving Parameter "c_cgifields_25 = 10".	[MsgId: MMSG-13798]
Action.c(65): Notify: Saving Parameter "c_cgifields_26 = 5".	[MsgId: MMSG-13798]
Action.c(65): Resource "http://localhost:1080/WebTours/images/cancelreservation.gif" is in the cache already and will not be downloaded again  	[MsgId: MMSG-26655]
Action.c(65): Resource "http://localhost:1080/WebTours/images/cancelallreservations.gif" is in the cache already and will not be downloaded again  	[MsgId: MMSG-26655]
Action.c(65): t=1327914ms: Request done "http://localhost:1080/cgi-bin/itinerary.pl"  	[MsgId: MMSG-26000]
Action.c(65): Notify: Saving Parameter "c_flightids_count = 26".	[MsgId: MMSG-13798]
Action.c(65): Notify: Saving Parameter "c_cgifields_count = 26".	[MsgId: MMSG-13798]
Action.c(65): Registered web_reg_find successful for "Text=277465300-22334-PG"  	[MsgId: MMSG-26362]
Action.c(65): web_url("welcome.pl") was successful, 33547 body bytes, 728 header bytes, 91 chunking overhead bytes  	[MsgId: MMSG-26385]
Action.c(77): Notify: Transaction "deleteTicket" ended with a "Pass" status (Duration: 0,2477 Wasted Time: 0,0038).	[MsgId: MMSG-16871]
Action.c(79): Notify: Transaction "UC04_DeleteTickets" ended with a "Pass" status (Duration: 10,8249 Think Time: 10,0146 Wasted Time: 0,0059).	[MsgId: MMSG-16870]
Ending action Action.	[MsgId: MMSG-15918]
Ending iteration 14.	[MsgId: MMSG-15965]
Waiting 88,1730 seconds for iteration pacing.	[MsgId: MMSG-15996]
Action was aborted.	[MsgId: MMSG-10694]
Ending Vuser...	[MsgId: MMSG-15966]
Starting action vuser_end.	[MsgId: MMSG-15919]
Ending action vuser_end.	[MsgId: MMSG-15918]
Vuser Terminated.	[MsgId: MMSG-15963]
Action.c(65): t=1365169ms: Closed connection [0] to localhost:1080 after completing 1 request(s)  	[MsgId: MMSG-26000]
Action.c(65): t=1365170ms: Closed connection [1] to localhost:1080 after completing 1 request(s)  	[MsgId: MMSG-26000]
Action.c(65): t=1365170ms: Closed connection [2] to localhost:1080 after completing 1 request(s)  	[MsgId: MMSG-26000]
HTML-Mode memory management statistics: Reusable=7, NonReusable=0, CsMemBlockSize=4096, checks disabled  	[MsgId: MMSG-26000]
Vuser 0 (thread 8748), ended OK."	[MsgId: MMSG-10695]
Action was aborted.	[MsgId: MMSG-10694]
Ending Vuser...	[MsgId: MMSG-15966]
Starting action vuser_end.	[MsgId: MMSG-15919]
Ending action vuser_end.	[MsgId: MMSG-15918]
Vuser Terminated.	[MsgId: MMSG-15963]
t=1395261ms: Closed connection [0] to localhost:1080 after completing 1 request(s)  	[MsgId: MMSG-26000]
t=1395262ms: Closed connection [1] to localhost:1080 after completing 1 request(s)  	[MsgId: MMSG-26000]
t=1395262ms: Closed connection [2] to localhost:1080 after completing 1 request(s)  	[MsgId: MMSG-26000]
HTML-Mode memory management statistics: Reusable=7, NonReusable=0, CsMemBlockSize=4096, checks disabled  	[MsgId: MMSG-26000]
Vuser 1 (thread 6272), ended OK."	[MsgId: MMSG-10695]
