Start auto log messages stack - Iteration 1.	[MsgId: MMSG-10545]
C:\\Users\\\303\363\353\374\355\340\360\340\\Desktop\\LoadRunner\\LoadRunner_Works\\\321\352\360\350\357\362\373\\common_lib.h(10): Registering web_reg_save_param_attrib was successful  	[MsgId: MMSG-26390]
C:\\Users\\\303\363\353\374\355\340\360\340\\Desktop\\LoadRunner\\LoadRunner_Works\\\321\352\360\350\357\362\373\\common_lib.h(21): web_url("WebTours") started  	[MsgId: MMSG-26355]
C:\\Users\\\303\363\353\374\355\340\360\340\\Desktop\\LoadRunner\\LoadRunner_Works\\\321\352\360\350\357\362\373\\common_lib.h(21): Error -27792: Failed to connect to server "localhost:1080": [10061] Connection refused  	[MsgId: MERR-27792]
C:\\Users\\\303\363\353\374\355\340\360\340\\Desktop\\LoadRunner\\LoadRunner_Works\\\321\352\360\350\357\362\373\\common_lib.h(21): Error -35048: No match found for the requested parameter "userSession". Check whether the tag with specific attributes exists in the response data  	[MsgId: MERR-35048]
C:\\Users\\\303\363\353\374\355\340\360\340\\Desktop\\LoadRunner\\LoadRunner_Works\\\321\352\360\350\357\362\373\\common_lib.h(21): Error -26366: "Text=Welcome to the Web Tours site" not found for web_reg_find  	[MsgId: MERR-26366]
C:\\Users\\\303\363\353\374\355\340\360\340\\Desktop\\LoadRunner\\LoadRunner_Works\\\321\352\360\350\357\362\373\\common_lib.h(21): Error -26374: The above "not found" error(s) may be explained by header and body byte counts being 0 and 0, respectively.  	[MsgId: MERR-26374]
End auto log messages stack.	[MsgId: MMSG-10544]


Start auto log messages stack - Iteration 2.	[MsgId: MMSG-10545]
C:\\Users\\\303\363\353\374\355\340\360\340\\Desktop\\LoadRunner\\LoadRunner_Works\\\321\352\360\350\357\362\373\\common_lib.h(10): Registering web_reg_save_param_attrib was successful  	[MsgId: MMSG-26390]
C:\\Users\\\303\363\353\374\355\340\360\340\\Desktop\\LoadRunner\\LoadRunner_Works\\\321\352\360\350\357\362\373\\common_lib.h(21): web_url("WebTours") started  	[MsgId: MMSG-26355]
C:\\Users\\\303\363\353\374\355\340\360\340\\Desktop\\LoadRunner\\LoadRunner_Works\\\321\352\360\350\357\362\373\\common_lib.h(21): Error -27792: Failed to connect to server "localhost:1080": [10061] Connection refused  	[MsgId: MERR-27792]
C:\\Users\\\303\363\353\374\355\340\360\340\\Desktop\\LoadRunner\\LoadRunner_Works\\\321\352\360\350\357\362\373\\common_lib.h(21): Error -35048: No match found for the requested parameter "userSession". Check whether the tag with specific attributes exists in the response data  	[MsgId: MERR-35048]
C:\\Users\\\303\363\353\374\355\340\360\340\\Desktop\\LoadRunner\\LoadRunner_Works\\\321\352\360\350\357\362\373\\common_lib.h(21): Error -26366: "Text=Welcome to the Web Tours site" not found for web_reg_find  	[MsgId: MERR-26366]
C:\\Users\\\303\363\353\374\355\340\360\340\\Desktop\\LoadRunner\\LoadRunner_Works\\\321\352\360\350\357\362\373\\common_lib.h(21): Error -26374: The above "not found" error(s) may be explained by header and body byte counts being 0 and 0, respectively.  	[MsgId: MERR-26374]
End auto log messages stack.	[MsgId: MMSG-10544]


Start auto log messages stack - Iteration 3.	[MsgId: MMSG-10545]
C:\\Users\\\303\363\353\374\355\340\360\340\\Desktop\\LoadRunner\\LoadRunner_Works\\\321\352\360\350\357\362\373\\common_lib.h(10): Registering web_reg_save_param_attrib was successful  	[MsgId: MMSG-26390]
C:\\Users\\\303\363\353\374\355\340\360\340\\Desktop\\LoadRunner\\LoadRunner_Works\\\321\352\360\350\357\362\373\\common_lib.h(21): web_url("WebTours") started  	[MsgId: MMSG-26355]
C:\\Users\\\303\363\353\374\355\340\360\340\\Desktop\\LoadRunner\\LoadRunner_Works\\\321\352\360\350\357\362\373\\common_lib.h(21): Error -27792: Failed to connect to server "localhost:1080": [10061] Connection refused  	[MsgId: MERR-27792]
C:\\Users\\\303\363\353\374\355\340\360\340\\Desktop\\LoadRunner\\LoadRunner_Works\\\321\352\360\350\357\362\373\\common_lib.h(21): Error -35048: No match found for the requested parameter "userSession". Check whether the tag with specific attributes exists in the response data  	[MsgId: MERR-35048]
C:\\Users\\\303\363\353\374\355\340\360\340\\Desktop\\LoadRunner\\LoadRunner_Works\\\321\352\360\350\357\362\373\\common_lib.h(21): Error -26366: "Text=Welcome to the Web Tours site" not found for web_reg_find  	[MsgId: MERR-26366]
C:\\Users\\\303\363\353\374\355\340\360\340\\Desktop\\LoadRunner\\LoadRunner_Works\\\321\352\360\350\357\362\373\\common_lib.h(21): Error -26374: The above "not found" error(s) may be explained by header and body byte counts being 0 and 0, respectively.  	[MsgId: MERR-26374]
End auto log messages stack.	[MsgId: MMSG-10544]


Start auto log messages stack - Iteration 4.	[MsgId: MMSG-10545]
C:\\Users\\\303\363\353\374\355\340\360\340\\Desktop\\LoadRunner\\LoadRunner_Works\\\321\352\360\350\357\362\373\\common_lib.h(10): Registering web_reg_save_param_attrib was successful  	[MsgId: MMSG-26390]
C:\\Users\\\303\363\353\374\355\340\360\340\\Desktop\\LoadRunner\\LoadRunner_Works\\\321\352\360\350\357\362\373\\common_lib.h(21): web_url("WebTours") started  	[MsgId: MMSG-26355]
C:\\Users\\\303\363\353\374\355\340\360\340\\Desktop\\LoadRunner\\LoadRunner_Works\\\321\352\360\350\357\362\373\\common_lib.h(21): Error -27792: Failed to connect to server "localhost:1080": [10061] Connection refused  	[MsgId: MERR-27792]
C:\\Users\\\303\363\353\374\355\340\360\340\\Desktop\\LoadRunner\\LoadRunner_Works\\\321\352\360\350\357\362\373\\common_lib.h(21): Error -35048: No match found for the requested parameter "userSession". Check whether the tag with specific attributes exists in the response data  	[MsgId: MERR-35048]
C:\\Users\\\303\363\353\374\355\340\360\340\\Desktop\\LoadRunner\\LoadRunner_Works\\\321\352\360\350\357\362\373\\common_lib.h(21): Error -26366: "Text=Welcome to the Web Tours site" not found for web_reg_find  	[MsgId: MERR-26366]
C:\\Users\\\303\363\353\374\355\340\360\340\\Desktop\\LoadRunner\\LoadRunner_Works\\\321\352\360\350\357\362\373\\common_lib.h(21): Error -26374: The above "not found" error(s) may be explained by header and body byte counts being 0 and 0, respectively.  	[MsgId: MERR-26374]
End auto log messages stack.	[MsgId: MMSG-10544]


Start auto log messages stack - Iteration 5.	[MsgId: MMSG-10545]
C:\\Users\\\303\363\353\374\355\340\360\340\\Desktop\\LoadRunner\\LoadRunner_Works\\\321\352\360\350\357\362\373\\common_lib.h(10): Registering web_reg_save_param_attrib was successful  	[MsgId: MMSG-26390]
C:\\Users\\\303\363\353\374\355\340\360\340\\Desktop\\LoadRunner\\LoadRunner_Works\\\321\352\360\350\357\362\373\\common_lib.h(21): web_url("WebTours") started  	[MsgId: MMSG-26355]
C:\\Users\\\303\363\353\374\355\340\360\340\\Desktop\\LoadRunner\\LoadRunner_Works\\\321\352\360\350\357\362\373\\common_lib.h(21): Error -27792: Failed to connect to server "localhost:1080": [10061] Connection refused  	[MsgId: MERR-27792]
C:\\Users\\\303\363\353\374\355\340\360\340\\Desktop\\LoadRunner\\LoadRunner_Works\\\321\352\360\350\357\362\373\\common_lib.h(21): Error -35048: No match found for the requested parameter "userSession". Check whether the tag with specific attributes exists in the response data  	[MsgId: MERR-35048]
C:\\Users\\\303\363\353\374\355\340\360\340\\Desktop\\LoadRunner\\LoadRunner_Works\\\321\352\360\350\357\362\373\\common_lib.h(21): Error -26366: "Text=Welcome to the Web Tours site" not found for web_reg_find  	[MsgId: MERR-26366]
C:\\Users\\\303\363\353\374\355\340\360\340\\Desktop\\LoadRunner\\LoadRunner_Works\\\321\352\360\350\357\362\373\\common_lib.h(21): Error -26374: The above "not found" error(s) may be explained by header and body byte counts being 0 and 0, respectively.  	[MsgId: MERR-26374]
End auto log messages stack.	[MsgId: MMSG-10544]


Start auto log messages stack - Iteration 6.	[MsgId: MMSG-10545]
C:\\Users\\\303\363\353\374\355\340\360\340\\Desktop\\LoadRunner\\LoadRunner_Works\\\321\352\360\350\357\362\373\\common_lib.h(10): Registering web_reg_save_param_attrib was successful  	[MsgId: MMSG-26390]
C:\\Users\\\303\363\353\374\355\340\360\340\\Desktop\\LoadRunner\\LoadRunner_Works\\\321\352\360\350\357\362\373\\common_lib.h(21): web_url("WebTours") started  	[MsgId: MMSG-26355]
C:\\Users\\\303\363\353\374\355\340\360\340\\Desktop\\LoadRunner\\LoadRunner_Works\\\321\352\360\350\357\362\373\\common_lib.h(21): Error -27792: Failed to connect to server "localhost:1080": [10061] Connection refused  	[MsgId: MERR-27792]
C:\\Users\\\303\363\353\374\355\340\360\340\\Desktop\\LoadRunner\\LoadRunner_Works\\\321\352\360\350\357\362\373\\common_lib.h(21): Error -35048: No match found for the requested parameter "userSession". Check whether the tag with specific attributes exists in the response data  	[MsgId: MERR-35048]
C:\\Users\\\303\363\353\374\355\340\360\340\\Desktop\\LoadRunner\\LoadRunner_Works\\\321\352\360\350\357\362\373\\common_lib.h(21): Error -26366: "Text=Welcome to the Web Tours site" not found for web_reg_find  	[MsgId: MERR-26366]
C:\\Users\\\303\363\353\374\355\340\360\340\\Desktop\\LoadRunner\\LoadRunner_Works\\\321\352\360\350\357\362\373\\common_lib.h(21): Error -26374: The above "not found" error(s) may be explained by header and body byte counts being 0 and 0, respectively.  	[MsgId: MERR-26374]
End auto log messages stack.	[MsgId: MMSG-10544]


Start auto log messages stack - Iteration 7.	[MsgId: MMSG-10545]
C:\\Users\\\303\363\353\374\355\340\360\340\\Desktop\\LoadRunner\\LoadRunner_Works\\\321\352\360\350\357\362\373\\common_lib.h(10): Registering web_reg_save_param_attrib was successful  	[MsgId: MMSG-26390]
C:\\Users\\\303\363\353\374\355\340\360\340\\Desktop\\LoadRunner\\LoadRunner_Works\\\321\352\360\350\357\362\373\\common_lib.h(21): web_url("WebTours") started  	[MsgId: MMSG-26355]
C:\\Users\\\303\363\353\374\355\340\360\340\\Desktop\\LoadRunner\\LoadRunner_Works\\\321\352\360\350\357\362\373\\common_lib.h(21): Error -27792: Failed to connect to server "localhost:1080": [10061] Connection refused  	[MsgId: MERR-27792]
C:\\Users\\\303\363\353\374\355\340\360\340\\Desktop\\LoadRunner\\LoadRunner_Works\\\321\352\360\350\357\362\373\\common_lib.h(21): Error -35048: No match found for the requested parameter "userSession". Check whether the tag with specific attributes exists in the response data  	[MsgId: MERR-35048]
C:\\Users\\\303\363\353\374\355\340\360\340\\Desktop\\LoadRunner\\LoadRunner_Works\\\321\352\360\350\357\362\373\\common_lib.h(21): Error -26366: "Text=Welcome to the Web Tours site" not found for web_reg_find  	[MsgId: MERR-26366]
C:\\Users\\\303\363\353\374\355\340\360\340\\Desktop\\LoadRunner\\LoadRunner_Works\\\321\352\360\350\357\362\373\\common_lib.h(21): Error -26374: The above "not found" error(s) may be explained by header and body byte counts being 0 and 0, respectively.  	[MsgId: MERR-26374]
End auto log messages stack.	[MsgId: MMSG-10544]


Start auto log messages stack - Iteration 8.	[MsgId: MMSG-10545]
C:\\Users\\\303\363\353\374\355\340\360\340\\Desktop\\LoadRunner\\LoadRunner_Works\\\321\352\360\350\357\362\373\\common_lib.h(10): Registering web_reg_save_param_attrib was successful  	[MsgId: MMSG-26390]
C:\\Users\\\303\363\353\374\355\340\360\340\\Desktop\\LoadRunner\\LoadRunner_Works\\\321\352\360\350\357\362\373\\common_lib.h(21): web_url("WebTours") started  	[MsgId: MMSG-26355]
C:\\Users\\\303\363\353\374\355\340\360\340\\Desktop\\LoadRunner\\LoadRunner_Works\\\321\352\360\350\357\362\373\\common_lib.h(21): Error -27792: Failed to connect to server "localhost:1080": [10061] Connection refused  	[MsgId: MERR-27792]
C:\\Users\\\303\363\353\374\355\340\360\340\\Desktop\\LoadRunner\\LoadRunner_Works\\\321\352\360\350\357\362\373\\common_lib.h(21): Error -35048: No match found for the requested parameter "userSession". Check whether the tag with specific attributes exists in the response data  	[MsgId: MERR-35048]
C:\\Users\\\303\363\353\374\355\340\360\340\\Desktop\\LoadRunner\\LoadRunner_Works\\\321\352\360\350\357\362\373\\common_lib.h(21): Error -26366: "Text=Welcome to the Web Tours site" not found for web_reg_find  	[MsgId: MERR-26366]
C:\\Users\\\303\363\353\374\355\340\360\340\\Desktop\\LoadRunner\\LoadRunner_Works\\\321\352\360\350\357\362\373\\common_lib.h(21): Error -26374: The above "not found" error(s) may be explained by header and body byte counts being 0 and 0, respectively.  	[MsgId: MERR-26374]
End auto log messages stack.	[MsgId: MMSG-10544]


Start auto log messages stack - Iteration 9.	[MsgId: MMSG-10545]
C:\\Users\\\303\363\353\374\355\340\360\340\\Desktop\\LoadRunner\\LoadRunner_Works\\\321\352\360\350\357\362\373\\common_lib.h(10): Registering web_reg_save_param_attrib was successful  	[MsgId: MMSG-26390]
C:\\Users\\\303\363\353\374\355\340\360\340\\Desktop\\LoadRunner\\LoadRunner_Works\\\321\352\360\350\357\362\373\\common_lib.h(21): web_url("WebTours") started  	[MsgId: MMSG-26355]
C:\\Users\\\303\363\353\374\355\340\360\340\\Desktop\\LoadRunner\\LoadRunner_Works\\\321\352\360\350\357\362\373\\common_lib.h(21): Error -27792: Failed to connect to server "localhost:1080": [10061] Connection refused  	[MsgId: MERR-27792]
C:\\Users\\\303\363\353\374\355\340\360\340\\Desktop\\LoadRunner\\LoadRunner_Works\\\321\352\360\350\357\362\373\\common_lib.h(21): Error -35048: No match found for the requested parameter "userSession". Check whether the tag with specific attributes exists in the response data  	[MsgId: MERR-35048]
C:\\Users\\\303\363\353\374\355\340\360\340\\Desktop\\LoadRunner\\LoadRunner_Works\\\321\352\360\350\357\362\373\\common_lib.h(21): Error -26366: "Text=Welcome to the Web Tours site" not found for web_reg_find  	[MsgId: MERR-26366]
C:\\Users\\\303\363\353\374\355\340\360\340\\Desktop\\LoadRunner\\LoadRunner_Works\\\321\352\360\350\357\362\373\\common_lib.h(21): Error -26374: The above "not found" error(s) may be explained by header and body byte counts being 0 and 0, respectively.  	[MsgId: MERR-26374]
End auto log messages stack.	[MsgId: MMSG-10544]


Start auto log messages stack - Iteration 10.	[MsgId: MMSG-10545]
C:\\Users\\\303\363\353\374\355\340\360\340\\Desktop\\LoadRunner\\LoadRunner_Works\\\321\352\360\350\357\362\373\\common_lib.h(10): Registering web_reg_save_param_attrib was successful  	[MsgId: MMSG-26390]
C:\\Users\\\303\363\353\374\355\340\360\340\\Desktop\\LoadRunner\\LoadRunner_Works\\\321\352\360\350\357\362\373\\common_lib.h(21): web_url("WebTours") started  	[MsgId: MMSG-26355]
C:\\Users\\\303\363\353\374\355\340\360\340\\Desktop\\LoadRunner\\LoadRunner_Works\\\321\352\360\350\357\362\373\\common_lib.h(21): Error -27792: Failed to connect to server "localhost:1080": [10061] Connection refused  	[MsgId: MERR-27792]
C:\\Users\\\303\363\353\374\355\340\360\340\\Desktop\\LoadRunner\\LoadRunner_Works\\\321\352\360\350\357\362\373\\common_lib.h(21): Error -35048: No match found for the requested parameter "userSession". Check whether the tag with specific attributes exists in the response data  	[MsgId: MERR-35048]
C:\\Users\\\303\363\353\374\355\340\360\340\\Desktop\\LoadRunner\\LoadRunner_Works\\\321\352\360\350\357\362\373\\common_lib.h(21): Error -26366: "Text=Welcome to the Web Tours site" not found for web_reg_find  	[MsgId: MERR-26366]
C:\\Users\\\303\363\353\374\355\340\360\340\\Desktop\\LoadRunner\\LoadRunner_Works\\\321\352\360\350\357\362\373\\common_lib.h(21): Error -26374: The above "not found" error(s) may be explained by header and body byte counts being 0 and 0, respectively.  	[MsgId: MERR-26374]
End auto log messages stack.	[MsgId: MMSG-10544]


Start auto log messages stack - Iteration 1.	[MsgId: MMSG-10545]
C:\\Users\\\303\363\353\374\355\340\360\340\\Desktop\\LoadRunner\\LoadRunner_Works\\\321\352\360\350\357\362\373\\common_lib.h(10): Registering web_reg_save_param_attrib was successful  	[MsgId: MMSG-26390]
C:\\Users\\\303\363\353\374\355\340\360\340\\Desktop\\LoadRunner\\LoadRunner_Works\\\321\352\360\350\357\362\373\\common_lib.h(21): web_url("WebTours") started  	[MsgId: MMSG-26355]
C:\\Users\\\303\363\353\374\355\340\360\340\\Desktop\\LoadRunner\\LoadRunner_Works\\\321\352\360\350\357\362\373\\common_lib.h(21): Error -27792: Failed to connect to server "localhost:1080": [10061] Connection refused  	[MsgId: MERR-27792]
C:\\Users\\\303\363\353\374\355\340\360\340\\Desktop\\LoadRunner\\LoadRunner_Works\\\321\352\360\350\357\362\373\\common_lib.h(21): Error -35048: No match found for the requested parameter "userSession". Check whether the tag with specific attributes exists in the response data  	[MsgId: MERR-35048]
C:\\Users\\\303\363\353\374\355\340\360\340\\Desktop\\LoadRunner\\LoadRunner_Works\\\321\352\360\350\357\362\373\\common_lib.h(21): Error -26366: "Text=Welcome to the Web Tours site" not found for web_reg_find  	[MsgId: MERR-26366]
C:\\Users\\\303\363\353\374\355\340\360\340\\Desktop\\LoadRunner\\LoadRunner_Works\\\321\352\360\350\357\362\373\\common_lib.h(21): Error -26374: The above "not found" error(s) may be explained by header and body byte counts being 0 and 0, respectively.  	[MsgId: MERR-26374]
End auto log messages stack.	[MsgId: MMSG-10544]


Start auto log messages stack - Iteration 11.	[MsgId: MMSG-10545]
C:\\Users\\\303\363\353\374\355\340\360\340\\Desktop\\LoadRunner\\LoadRunner_Works\\\321\352\360\350\357\362\373\\common_lib.h(10): Registering web_reg_save_param_attrib was successful  	[MsgId: MMSG-26390]
C:\\Users\\\303\363\353\374\355\340\360\340\\Desktop\\LoadRunner\\LoadRunner_Works\\\321\352\360\350\357\362\373\\common_lib.h(21): web_url("WebTours") started  	[MsgId: MMSG-26355]
C:\\Users\\\303\363\353\374\355\340\360\340\\Desktop\\LoadRunner\\LoadRunner_Works\\\321\352\360\350\357\362\373\\common_lib.h(21): Error -27792: Failed to connect to server "localhost:1080": [10061] Connection refused  	[MsgId: MERR-27792]
C:\\Users\\\303\363\353\374\355\340\360\340\\Desktop\\LoadRunner\\LoadRunner_Works\\\321\352\360\350\357\362\373\\common_lib.h(21): Error -35048: No match found for the requested parameter "userSession". Check whether the tag with specific attributes exists in the response data  	[MsgId: MERR-35048]
C:\\Users\\\303\363\353\374\355\340\360\340\\Desktop\\LoadRunner\\LoadRunner_Works\\\321\352\360\350\357\362\373\\common_lib.h(21): Error -26366: "Text=Welcome to the Web Tours site" not found for web_reg_find  	[MsgId: MERR-26366]
C:\\Users\\\303\363\353\374\355\340\360\340\\Desktop\\LoadRunner\\LoadRunner_Works\\\321\352\360\350\357\362\373\\common_lib.h(21): Error -26374: The above "not found" error(s) may be explained by header and body byte counts being 0 and 0, respectively.  	[MsgId: MERR-26374]
End auto log messages stack.	[MsgId: MMSG-10544]


Start auto log messages stack - Iteration 2.	[MsgId: MMSG-10545]
C:\\Users\\\303\363\353\374\355\340\360\340\\Desktop\\LoadRunner\\LoadRunner_Works\\\321\352\360\350\357\362\373\\common_lib.h(10): Registering web_reg_save_param_attrib was successful  	[MsgId: MMSG-26390]
C:\\Users\\\303\363\353\374\355\340\360\340\\Desktop\\LoadRunner\\LoadRunner_Works\\\321\352\360\350\357\362\373\\common_lib.h(21): web_url("WebTours") started  	[MsgId: MMSG-26355]
C:\\Users\\\303\363\353\374\355\340\360\340\\Desktop\\LoadRunner\\LoadRunner_Works\\\321\352\360\350\357\362\373\\common_lib.h(21): Error -27792: Failed to connect to server "localhost:1080": [10061] Connection refused  	[MsgId: MERR-27792]
C:\\Users\\\303\363\353\374\355\340\360\340\\Desktop\\LoadRunner\\LoadRunner_Works\\\321\352\360\350\357\362\373\\common_lib.h(21): Error -35048: No match found for the requested parameter "userSession". Check whether the tag with specific attributes exists in the response data  	[MsgId: MERR-35048]
C:\\Users\\\303\363\353\374\355\340\360\340\\Desktop\\LoadRunner\\LoadRunner_Works\\\321\352\360\350\357\362\373\\common_lib.h(21): Error -26366: "Text=Welcome to the Web Tours site" not found for web_reg_find  	[MsgId: MERR-26366]
C:\\Users\\\303\363\353\374\355\340\360\340\\Desktop\\LoadRunner\\LoadRunner_Works\\\321\352\360\350\357\362\373\\common_lib.h(21): Error -26374: The above "not found" error(s) may be explained by header and body byte counts being 0 and 0, respectively.  	[MsgId: MERR-26374]
End auto log messages stack.	[MsgId: MMSG-10544]


Start auto log messages stack - Iteration 12.	[MsgId: MMSG-10545]
C:\\Users\\\303\363\353\374\355\340\360\340\\Desktop\\LoadRunner\\LoadRunner_Works\\\321\352\360\350\357\362\373\\common_lib.h(10): Registering web_reg_save_param_attrib was successful  	[MsgId: MMSG-26390]
C:\\Users\\\303\363\353\374\355\340\360\340\\Desktop\\LoadRunner\\LoadRunner_Works\\\321\352\360\350\357\362\373\\common_lib.h(21): web_url("WebTours") started  	[MsgId: MMSG-26355]
C:\\Users\\\303\363\353\374\355\340\360\340\\Desktop\\LoadRunner\\LoadRunner_Works\\\321\352\360\350\357\362\373\\common_lib.h(21): Error -27792: Failed to connect to server "localhost:1080": [10061] Connection refused  	[MsgId: MERR-27792]
C:\\Users\\\303\363\353\374\355\340\360\340\\Desktop\\LoadRunner\\LoadRunner_Works\\\321\352\360\350\357\362\373\\common_lib.h(21): Error -35048: No match found for the requested parameter "userSession". Check whether the tag with specific attributes exists in the response data  	[MsgId: MERR-35048]
C:\\Users\\\303\363\353\374\355\340\360\340\\Desktop\\LoadRunner\\LoadRunner_Works\\\321\352\360\350\357\362\373\\common_lib.h(21): Error -26366: "Text=Welcome to the Web Tours site" not found for web_reg_find  	[MsgId: MERR-26366]
C:\\Users\\\303\363\353\374\355\340\360\340\\Desktop\\LoadRunner\\LoadRunner_Works\\\321\352\360\350\357\362\373\\common_lib.h(21): Error -26374: The above "not found" error(s) may be explained by header and body byte counts being 0 and 0, respectively.  	[MsgId: MERR-26374]
End auto log messages stack.	[MsgId: MMSG-10544]


Start auto log messages stack - Iteration 3.	[MsgId: MMSG-10545]
C:\\Users\\\303\363\353\374\355\340\360\340\\Desktop\\LoadRunner\\LoadRunner_Works\\\321\352\360\350\357\362\373\\common_lib.h(10): Registering web_reg_save_param_attrib was successful  	[MsgId: MMSG-26390]
C:\\Users\\\303\363\353\374\355\340\360\340\\Desktop\\LoadRunner\\LoadRunner_Works\\\321\352\360\350\357\362\373\\common_lib.h(21): web_url("WebTours") started  	[MsgId: MMSG-26355]
C:\\Users\\\303\363\353\374\355\340\360\340\\Desktop\\LoadRunner\\LoadRunner_Works\\\321\352\360\350\357\362\373\\common_lib.h(21): Error -27792: Failed to connect to server "localhost:1080": [10061] Connection refused  	[MsgId: MERR-27792]
C:\\Users\\\303\363\353\374\355\340\360\340\\Desktop\\LoadRunner\\LoadRunner_Works\\\321\352\360\350\357\362\373\\common_lib.h(21): Error -35048: No match found for the requested parameter "userSession". Check whether the tag with specific attributes exists in the response data  	[MsgId: MERR-35048]
C:\\Users\\\303\363\353\374\355\340\360\340\\Desktop\\LoadRunner\\LoadRunner_Works\\\321\352\360\350\357\362\373\\common_lib.h(21): Error -26366: "Text=Welcome to the Web Tours site" not found for web_reg_find  	[MsgId: MERR-26366]
C:\\Users\\\303\363\353\374\355\340\360\340\\Desktop\\LoadRunner\\LoadRunner_Works\\\321\352\360\350\357\362\373\\common_lib.h(21): Error -26374: The above "not found" error(s) may be explained by header and body byte counts being 0 and 0, respectively.  	[MsgId: MERR-26374]
End auto log messages stack.	[MsgId: MMSG-10544]


Start auto log messages stack - Iteration 13.	[MsgId: MMSG-10545]
C:\\Users\\\303\363\353\374\355\340\360\340\\Desktop\\LoadRunner\\LoadRunner_Works\\\321\352\360\350\357\362\373\\common_lib.h(10): Registering web_reg_save_param_attrib was successful  	[MsgId: MMSG-26390]
C:\\Users\\\303\363\353\374\355\340\360\340\\Desktop\\LoadRunner\\LoadRunner_Works\\\321\352\360\350\357\362\373\\common_lib.h(21): web_url("WebTours") started  	[MsgId: MMSG-26355]
C:\\Users\\\303\363\353\374\355\340\360\340\\Desktop\\LoadRunner\\LoadRunner_Works\\\321\352\360\350\357\362\373\\common_lib.h(21): Error -27792: Failed to connect to server "localhost:1080": [10061] Connection refused  	[MsgId: MERR-27792]
C:\\Users\\\303\363\353\374\355\340\360\340\\Desktop\\LoadRunner\\LoadRunner_Works\\\321\352\360\350\357\362\373\\common_lib.h(21): Error -35048: No match found for the requested parameter "userSession". Check whether the tag with specific attributes exists in the response data  	[MsgId: MERR-35048]
C:\\Users\\\303\363\353\374\355\340\360\340\\Desktop\\LoadRunner\\LoadRunner_Works\\\321\352\360\350\357\362\373\\common_lib.h(21): Error -26366: "Text=Welcome to the Web Tours site" not found for web_reg_find  	[MsgId: MERR-26366]
C:\\Users\\\303\363\353\374\355\340\360\340\\Desktop\\LoadRunner\\LoadRunner_Works\\\321\352\360\350\357\362\373\\common_lib.h(21): Error -26374: The above "not found" error(s) may be explained by header and body byte counts being 0 and 0, respectively.  	[MsgId: MERR-26374]
End auto log messages stack.	[MsgId: MMSG-10544]


Start auto log messages stack - Iteration 4.	[MsgId: MMSG-10545]
C:\\Users\\\303\363\353\374\355\340\360\340\\Desktop\\LoadRunner\\LoadRunner_Works\\\321\352\360\350\357\362\373\\common_lib.h(10): Registering web_reg_save_param_attrib was successful  	[MsgId: MMSG-26390]
C:\\Users\\\303\363\353\374\355\340\360\340\\Desktop\\LoadRunner\\LoadRunner_Works\\\321\352\360\350\357\362\373\\common_lib.h(21): web_url("WebTours") started  	[MsgId: MMSG-26355]
C:\\Users\\\303\363\353\374\355\340\360\340\\Desktop\\LoadRunner\\LoadRunner_Works\\\321\352\360\350\357\362\373\\common_lib.h(21): Error -27792: Failed to connect to server "localhost:1080": [10061] Connection refused  	[MsgId: MERR-27792]
C:\\Users\\\303\363\353\374\355\340\360\340\\Desktop\\LoadRunner\\LoadRunner_Works\\\321\352\360\350\357\362\373\\common_lib.h(21): Error -35048: No match found for the requested parameter "userSession". Check whether the tag with specific attributes exists in the response data  	[MsgId: MERR-35048]
C:\\Users\\\303\363\353\374\355\340\360\340\\Desktop\\LoadRunner\\LoadRunner_Works\\\321\352\360\350\357\362\373\\common_lib.h(21): Error -26366: "Text=Welcome to the Web Tours site" not found for web_reg_find  	[MsgId: MERR-26366]
C:\\Users\\\303\363\353\374\355\340\360\340\\Desktop\\LoadRunner\\LoadRunner_Works\\\321\352\360\350\357\362\373\\common_lib.h(21): Error -26374: The above "not found" error(s) may be explained by header and body byte counts being 0 and 0, respectively.  	[MsgId: MERR-26374]
End auto log messages stack.	[MsgId: MMSG-10544]


Start auto log messages stack - Iteration 14.	[MsgId: MMSG-10545]
C:\\Users\\\303\363\353\374\355\340\360\340\\Desktop\\LoadRunner\\LoadRunner_Works\\\321\352\360\350\357\362\373\\common_lib.h(10): Registering web_reg_save_param_attrib was successful  	[MsgId: MMSG-26390]
C:\\Users\\\303\363\353\374\355\340\360\340\\Desktop\\LoadRunner\\LoadRunner_Works\\\321\352\360\350\357\362\373\\common_lib.h(21): web_url("WebTours") started  	[MsgId: MMSG-26355]
C:\\Users\\\303\363\353\374\355\340\360\340\\Desktop\\LoadRunner\\LoadRunner_Works\\\321\352\360\350\357\362\373\\common_lib.h(21): Error -27792: Failed to connect to server "localhost:1080": [10061] Connection refused  	[MsgId: MERR-27792]
C:\\Users\\\303\363\353\374\355\340\360\340\\Desktop\\LoadRunner\\LoadRunner_Works\\\321\352\360\350\357\362\373\\common_lib.h(21): Error -35048: No match found for the requested parameter "userSession". Check whether the tag with specific attributes exists in the response data  	[MsgId: MERR-35048]
C:\\Users\\\303\363\353\374\355\340\360\340\\Desktop\\LoadRunner\\LoadRunner_Works\\\321\352\360\350\357\362\373\\common_lib.h(21): Error -26366: "Text=Welcome to the Web Tours site" not found for web_reg_find  	[MsgId: MERR-26366]
C:\\Users\\\303\363\353\374\355\340\360\340\\Desktop\\LoadRunner\\LoadRunner_Works\\\321\352\360\350\357\362\373\\common_lib.h(21): Error -26374: The above "not found" error(s) may be explained by header and body byte counts being 0 and 0, respectively.  	[MsgId: MERR-26374]
End auto log messages stack.	[MsgId: MMSG-10544]


Start auto log messages stack - Iteration 5.	[MsgId: MMSG-10545]
C:\\Users\\\303\363\353\374\355\340\360\340\\Desktop\\LoadRunner\\LoadRunner_Works\\\321\352\360\350\357\362\373\\common_lib.h(10): Registering web_reg_save_param_attrib was successful  	[MsgId: MMSG-26390]
C:\\Users\\\303\363\353\374\355\340\360\340\\Desktop\\LoadRunner\\LoadRunner_Works\\\321\352\360\350\357\362\373\\common_lib.h(21): web_url("WebTours") started  	[MsgId: MMSG-26355]
C:\\Users\\\303\363\353\374\355\340\360\340\\Desktop\\LoadRunner\\LoadRunner_Works\\\321\352\360\350\357\362\373\\common_lib.h(21): Error -27792: Failed to connect to server "localhost:1080": [10061] Connection refused  	[MsgId: MERR-27792]
C:\\Users\\\303\363\353\374\355\340\360\340\\Desktop\\LoadRunner\\LoadRunner_Works\\\321\352\360\350\357\362\373\\common_lib.h(21): Error -35048: No match found for the requested parameter "userSession". Check whether the tag with specific attributes exists in the response data  	[MsgId: MERR-35048]
C:\\Users\\\303\363\353\374\355\340\360\340\\Desktop\\LoadRunner\\LoadRunner_Works\\\321\352\360\350\357\362\373\\common_lib.h(21): Error -26366: "Text=Welcome to the Web Tours site" not found for web_reg_find  	[MsgId: MERR-26366]
C:\\Users\\\303\363\353\374\355\340\360\340\\Desktop\\LoadRunner\\LoadRunner_Works\\\321\352\360\350\357\362\373\\common_lib.h(21): Error -26374: The above "not found" error(s) may be explained by header and body byte counts being 0 and 0, respectively.  	[MsgId: MERR-26374]
End auto log messages stack.	[MsgId: MMSG-10544]


Start auto log messages stack - Iteration 15.	[MsgId: MMSG-10545]
C:\\Users\\\303\363\353\374\355\340\360\340\\Desktop\\LoadRunner\\LoadRunner_Works\\\321\352\360\350\357\362\373\\common_lib.h(10): Registering web_reg_save_param_attrib was successful  	[MsgId: MMSG-26390]
C:\\Users\\\303\363\353\374\355\340\360\340\\Desktop\\LoadRunner\\LoadRunner_Works\\\321\352\360\350\357\362\373\\common_lib.h(21): web_url("WebTours") started  	[MsgId: MMSG-26355]
C:\\Users\\\303\363\353\374\355\340\360\340\\Desktop\\LoadRunner\\LoadRunner_Works\\\321\352\360\350\357\362\373\\common_lib.h(21): Error -27792: Failed to connect to server "localhost:1080": [10061] Connection refused  	[MsgId: MERR-27792]
C:\\Users\\\303\363\353\374\355\340\360\340\\Desktop\\LoadRunner\\LoadRunner_Works\\\321\352\360\350\357\362\373\\common_lib.h(21): Error -35048: No match found for the requested parameter "userSession". Check whether the tag with specific attributes exists in the response data  	[MsgId: MERR-35048]
C:\\Users\\\303\363\353\374\355\340\360\340\\Desktop\\LoadRunner\\LoadRunner_Works\\\321\352\360\350\357\362\373\\common_lib.h(21): Error -26366: "Text=Welcome to the Web Tours site" not found for web_reg_find  	[MsgId: MERR-26366]
C:\\Users\\\303\363\353\374\355\340\360\340\\Desktop\\LoadRunner\\LoadRunner_Works\\\321\352\360\350\357\362\373\\common_lib.h(21): Error -26374: The above "not found" error(s) may be explained by header and body byte counts being 0 and 0, respectively.  	[MsgId: MERR-26374]
End auto log messages stack.	[MsgId: MMSG-10544]


