Virtual User Script started at: 05.07.2022 15:14:04	[MsgId: MMSG-15967]
Starting action vuser_init.	[MsgId: MMSG-15919]
Web Turbo Replay of LoadRunner 2020.0.0 for Windows 8.1; build 793 (ноя 27 2019 19:51:20)  	[MsgId: MMSG-26983]
Run mode: HTML  	[MsgId: MMSG-26993]
Replay user agent: Mozilla/5.0 (Windows NT 10.0; WOW64; Trident/7.0; rv:11.0) like Gecko  	[MsgId: MMSG-26988]
Runtime Settings file: "C:\Users\Гульнара\AppData\Local\Temp\lr5tmpdiroyN.136\lrcfgzjP.137\cfgekc.158"  	[MsgId: MMSG-27141]
Ending action vuser_init.	[MsgId: MMSG-15918]
Running Vuser...	[MsgId: MMSG-15964]
Starting iteration 1.	[MsgId: MMSG-15968]
Maximum number of concurrent connections per server: 6  	[MsgId: MMSG-26989]
Starting action Action.	[MsgId: MMSG-15919]
Action.c(4): Notify: Transaction "UC05_Itinerary" started.	[MsgId: MMSG-16999]
..\\Parametres\\common_lib.h(2): Notify: Transaction "homePage" started.	[MsgId: MMSG-16999]
..\\Parametres\\common_lib.h(4): web_add_auto_header("DNT") started  	[MsgId: MMSG-26355]
..\\Parametres\\common_lib.h(4): web_add_auto_header("DNT") was successful  	[MsgId: MMSG-26392]
..\\Parametres\\common_lib.h(7): web_reg_find started  	[MsgId: MMSG-26355]
..\\Parametres\\common_lib.h(7): Registering web_reg_find was successful  	[MsgId: MMSG-26390]
..\\Parametres\\common_lib.h(10): web_reg_save_param_attrib started  	[MsgId: MMSG-26355]
..\\Parametres\\common_lib.h(10): Registering web_reg_save_param_attrib was successful  	[MsgId: MMSG-26390]
..\\Parametres\\common_lib.h(21): web_url("WebTours") started  	[MsgId: MMSG-26355]
..\\Parametres\\common_lib.h(21): Detected non-resource "http://localhost:1080/WebTours/header.html" in "http://localhost:1080/WebTours/"  	[MsgId: MMSG-26574]
..\\Parametres\\common_lib.h(21): Detected non-resource "http://localhost:1080/cgi-bin/welcome.pl?signOff=true" in "http://localhost:1080/WebTours/"  	[MsgId: MMSG-26574]
..\\Parametres\\common_lib.h(21): Found resource "http://localhost:1080/WebTours/images/hp_logo.png" in HTML "http://localhost:1080/WebTours/header.html"  	[MsgId: MMSG-26659]
..\\Parametres\\common_lib.h(21): Found resource "http://localhost:1080/WebTours/images/webtours.png" in HTML "http://localhost:1080/WebTours/header.html"  	[MsgId: MMSG-26659]
..\\Parametres\\common_lib.h(21): Detected non-resource "http://localhost:1080/cgi-bin/nav.pl?in=home" in "http://localhost:1080/cgi-bin/welcome.pl?signOff=true"  	[MsgId: MMSG-26574]
..\\Parametres\\common_lib.h(21): Detected non-resource "http://localhost:1080/WebTours/home.html" in "http://localhost:1080/cgi-bin/welcome.pl?signOff=true"  	[MsgId: MMSG-26574]
..\\Parametres\\common_lib.h(21): Found resource "http://localhost:1080/WebTours/images/mer_login.gif" in HTML "http://localhost:1080/cgi-bin/nav.pl?in=home"  	[MsgId: MMSG-26659]
..\\Parametres\\common_lib.h(21): Registered web_reg_find successful for "Text=Welcome to the Web Tours site" (count=1)  	[MsgId: MMSG-26364]
..\\Parametres\\common_lib.h(21): web_url("WebTours") was successful, 10078 body bytes, 2378 header bytes, 24 chunking overhead bytes  	[MsgId: MMSG-26385]
..\\Parametres\\common_lib.h(31): web_set_sockets_option started  	[MsgId: MMSG-26355]
..\\Parametres\\common_lib.h(31): web_set_sockets_option was successful  	[MsgId: MMSG-26392]
..\\Parametres\\common_lib.h(33): Notify: Transaction "homePage" ended with a "Pass" status (Duration: 0,1517 Wasted Time: 0,0147).	[MsgId: MMSG-16871]
Action.c(8): lr_think_time: 5,00 seconds.	[MsgId: MMSG-15948]
..\\Parametres\\common_lib.h(66): Notify: Transaction "login" started.	[MsgId: MMSG-16999]
..\\Parametres\\common_lib.h(68): web_reg_find started  	[MsgId: MMSG-26355]
..\\Parametres\\common_lib.h(68): Registering web_reg_find was successful  	[MsgId: MMSG-26390]
..\\Parametres\\common_lib.h(71): web_submit_data("login.pl_2") started  	[MsgId: MMSG-26355]
..\\Parametres\\common_lib.h(71): Detected non-resource "http://localhost:1080/cgi-bin/nav.pl?page=menu&in=home" in "http://localhost:1080/cgi-bin/login.pl"  	[MsgId: MMSG-26574]
..\\Parametres\\common_lib.h(71): Detected non-resource "http://localhost:1080/cgi-bin/login.pl?intro=true" in "http://localhost:1080/cgi-bin/login.pl"  	[MsgId: MMSG-26574]
..\\Parametres\\common_lib.h(71): Found resource "http://localhost:1080/WebTours/images/flights.gif" in HTML "http://localhost:1080/cgi-bin/nav.pl?page=menu&in=home"  	[MsgId: MMSG-26659]
..\\Parametres\\common_lib.h(71): Found resource "http://localhost:1080/WebTours/images/itinerary.gif" in HTML "http://localhost:1080/cgi-bin/nav.pl?page=menu&in=home"  	[MsgId: MMSG-26659]
..\\Parametres\\common_lib.h(71): Found resource "http://localhost:1080/WebTours/images/in_home.gif" in HTML "http://localhost:1080/cgi-bin/nav.pl?page=menu&in=home"  	[MsgId: MMSG-26659]
..\\Parametres\\common_lib.h(71): Found resource "http://localhost:1080/WebTours/images/signoff.gif" in HTML "http://localhost:1080/cgi-bin/nav.pl?page=menu&in=home"  	[MsgId: MMSG-26659]
..\\Parametres\\common_lib.h(71): Registered web_reg_find successful for "Text=<blockquote>Welcome, <b>masha484</b>, to the Web Tours reservation pages." (count=1)  	[MsgId: MMSG-26364]
..\\Parametres\\common_lib.h(71): web_submit_data("login.pl_2") was successful, 5783 body bytes, 2058 header bytes, 36 chunking overhead bytes  	[MsgId: MMSG-26385]
..\\Parametres\\common_lib.h(88): Notify: Transaction "login" ended with a "Pass" status (Duration: 0,1744 Wasted Time: 0,0000).	[MsgId: MMSG-16871]
Action.c(12): lr_think_time: 5,00 seconds.	[MsgId: MMSG-15948]
Action.c(14): Notify: Transaction "clickItinerary" started.	[MsgId: MMSG-16999]
Action.c(16): web_reg_find started  	[MsgId: MMSG-26355]
Action.c(16): Registering web_reg_find was successful  	[MsgId: MMSG-26390]
Action.c(18): web_url("welcome.pl") started  	[MsgId: MMSG-26355]
Action.c(18): Detected non-resource "http://localhost:1080/cgi-bin/nav.pl?page=menu&in=itinerary" in "http://localhost:1080/cgi-bin/welcome.pl?page=itinerary"  	[MsgId: MMSG-26574]
Action.c(18): Detected non-resource "http://localhost:1080/cgi-bin/itinerary.pl" in "http://localhost:1080/cgi-bin/welcome.pl?page=itinerary"  	[MsgId: MMSG-26574]
Action.c(18): Resource "http://localhost:1080/WebTours/images/flights.gif" is in the cache already and will not be downloaded again  	[MsgId: MMSG-26655]
Action.c(18): Found resource "http://localhost:1080/WebTours/images/in_itinerary.gif" in HTML "http://localhost:1080/cgi-bin/nav.pl?page=menu&in=itinerary"  	[MsgId: MMSG-26659]
Action.c(18): Found resource "http://localhost:1080/WebTours/images/home.gif" in HTML "http://localhost:1080/cgi-bin/nav.pl?page=menu&in=itinerary"  	[MsgId: MMSG-26659]
Action.c(18): Resource "http://localhost:1080/WebTours/images/signoff.gif" is in the cache already and will not be downloaded again  	[MsgId: MMSG-26655]
Action.c(18): Found resource "http://localhost:1080/WebTours/images/cancelreservation.gif" in HTML "http://localhost:1080/cgi-bin/itinerary.pl"  	[MsgId: MMSG-26659]
Action.c(18): Found resource "http://localhost:1080/WebTours/images/cancelallreservations.gif" in HTML "http://localhost:1080/cgi-bin/itinerary.pl"  	[MsgId: MMSG-26659]
Action.c(18): Registered web_reg_find successful for "Text=Itinerary" (count=3)  	[MsgId: MMSG-26364]
Action.c(18): web_url("welcome.pl") was successful, 79708 body bytes, 1921 header bytes, 179 chunking overhead bytes  	[MsgId: MMSG-26385]
Action.c(28): Notify: Transaction "clickItinerary" ended with a "Pass" status (Duration: 0,2043 Wasted Time: 0,0002).	[MsgId: MMSG-16871]
Action.c(30): Notify: Transaction "UC05_Itinerary" ended with a "Pass" status (Duration: 10,5629 Think Time: 10,0316 Wasted Time: 0,0150).	[MsgId: MMSG-16870]
Ending action Action.	[MsgId: MMSG-15918]
Ending iteration 1.	[MsgId: MMSG-15965]
Waiting 79,4370 seconds for iteration pacing.	[MsgId: MMSG-15996]
Starting iteration 2.	[MsgId: MMSG-15968]
Starting action Action.	[MsgId: MMSG-15919]
Action.c(4): Notify: Transaction "UC05_Itinerary" started.	[MsgId: MMSG-16999]
..\\Parametres\\common_lib.h(2): Notify: Transaction "homePage" started.	[MsgId: MMSG-16999]
..\\Parametres\\common_lib.h(4): web_add_auto_header("DNT") started  	[MsgId: MMSG-26355]
..\\Parametres\\common_lib.h(4): web_add_auto_header("DNT") was successful  	[MsgId: MMSG-26392]
..\\Parametres\\common_lib.h(7): web_reg_find started  	[MsgId: MMSG-26355]
..\\Parametres\\common_lib.h(7): Registering web_reg_find was successful  	[MsgId: MMSG-26390]
..\\Parametres\\common_lib.h(10): web_reg_save_param_attrib started  	[MsgId: MMSG-26355]
..\\Parametres\\common_lib.h(10): Registering web_reg_save_param_attrib was successful  	[MsgId: MMSG-26390]
..\\Parametres\\common_lib.h(21): web_url("WebTours") started  	[MsgId: MMSG-26355]
..\\Parametres\\common_lib.h(21): Detected non-resource "http://localhost:1080/WebTours/header.html" in "http://localhost:1080/WebTours/"  	[MsgId: MMSG-26574]
..\\Parametres\\common_lib.h(21): Detected non-resource "http://localhost:1080/cgi-bin/welcome.pl?signOff=true" in "http://localhost:1080/WebTours/"  	[MsgId: MMSG-26574]
..\\Parametres\\common_lib.h(21): Found resource "http://localhost:1080/WebTours/images/hp_logo.png" in HTML "http://localhost:1080/WebTours/header.html"  	[MsgId: MMSG-26659]
..\\Parametres\\common_lib.h(21): Found resource "http://localhost:1080/WebTours/images/webtours.png" in HTML "http://localhost:1080/WebTours/header.html"  	[MsgId: MMSG-26659]
..\\Parametres\\common_lib.h(21): Detected non-resource "http://localhost:1080/cgi-bin/nav.pl?in=home" in "http://localhost:1080/cgi-bin/welcome.pl?signOff=true"  	[MsgId: MMSG-26574]
..\\Parametres\\common_lib.h(21): Detected non-resource "http://localhost:1080/WebTours/home.html" in "http://localhost:1080/cgi-bin/welcome.pl?signOff=true"  	[MsgId: MMSG-26574]
..\\Parametres\\common_lib.h(21): Found resource "http://localhost:1080/WebTours/images/mer_login.gif" in HTML "http://localhost:1080/cgi-bin/nav.pl?in=home"  	[MsgId: MMSG-26659]
..\\Parametres\\common_lib.h(21): Registered web_reg_find successful for "Text=Welcome to the Web Tours site" (count=1)  	[MsgId: MMSG-26364]
..\\Parametres\\common_lib.h(21): web_url("WebTours") was successful, 10079 body bytes, 2378 header bytes, 24 chunking overhead bytes  	[MsgId: MMSG-26385]
..\\Parametres\\common_lib.h(31): web_set_sockets_option started  	[MsgId: MMSG-26355]
..\\Parametres\\common_lib.h(31): web_set_sockets_option was successful  	[MsgId: MMSG-26392]
..\\Parametres\\common_lib.h(33): Notify: Transaction "homePage" ended with a "Pass" status (Duration: 0,1437 Wasted Time: 0,0008).	[MsgId: MMSG-16871]
Action.c(8): lr_think_time: 5,00 seconds.	[MsgId: MMSG-15948]
..\\Parametres\\common_lib.h(66): Notify: Transaction "login" started.	[MsgId: MMSG-16999]
..\\Parametres\\common_lib.h(68): web_reg_find started  	[MsgId: MMSG-26355]
..\\Parametres\\common_lib.h(68): Registering web_reg_find was successful  	[MsgId: MMSG-26390]
..\\Parametres\\common_lib.h(71): web_submit_data("login.pl_2") started  	[MsgId: MMSG-26355]
..\\Parametres\\common_lib.h(71): Detected non-resource "http://localhost:1080/cgi-bin/nav.pl?page=menu&in=home" in "http://localhost:1080/cgi-bin/login.pl"  	[MsgId: MMSG-26574]
..\\Parametres\\common_lib.h(71): Detected non-resource "http://localhost:1080/cgi-bin/login.pl?intro=true" in "http://localhost:1080/cgi-bin/login.pl"  	[MsgId: MMSG-26574]
..\\Parametres\\common_lib.h(71): Found resource "http://localhost:1080/WebTours/images/flights.gif" in HTML "http://localhost:1080/cgi-bin/nav.pl?page=menu&in=home"  	[MsgId: MMSG-26659]
..\\Parametres\\common_lib.h(71): Found resource "http://localhost:1080/WebTours/images/itinerary.gif" in HTML "http://localhost:1080/cgi-bin/nav.pl?page=menu&in=home"  	[MsgId: MMSG-26659]
..\\Parametres\\common_lib.h(71): Found resource "http://localhost:1080/WebTours/images/in_home.gif" in HTML "http://localhost:1080/cgi-bin/nav.pl?page=menu&in=home"  	[MsgId: MMSG-26659]
..\\Parametres\\common_lib.h(71): Found resource "http://localhost:1080/WebTours/images/signoff.gif" in HTML "http://localhost:1080/cgi-bin/nav.pl?page=menu&in=home"  	[MsgId: MMSG-26659]
..\\Parametres\\common_lib.h(71): Registered web_reg_find successful for "Text=<blockquote>Welcome, <b>olya84</b>, to the Web Tours reservation pages." (count=1)  	[MsgId: MMSG-26364]
..\\Parametres\\common_lib.h(71): web_submit_data("login.pl_2") was successful, 5781 body bytes, 2051 header bytes, 36 chunking overhead bytes  	[MsgId: MMSG-26385]
..\\Parametres\\common_lib.h(88): Notify: Transaction "login" ended with a "Pass" status (Duration: 0,1819 Wasted Time: 0,0000).	[MsgId: MMSG-16871]
Action.c(12): lr_think_time: 5,00 seconds.	[MsgId: MMSG-15948]
Action.c(14): Notify: Transaction "clickItinerary" started.	[MsgId: MMSG-16999]
Action.c(16): web_reg_find started  	[MsgId: MMSG-26355]
Action.c(16): Registering web_reg_find was successful  	[MsgId: MMSG-26390]
Action.c(18): web_url("welcome.pl") started  	[MsgId: MMSG-26355]
Action.c(18): Detected non-resource "http://localhost:1080/cgi-bin/nav.pl?page=menu&in=itinerary" in "http://localhost:1080/cgi-bin/welcome.pl?page=itinerary"  	[MsgId: MMSG-26574]
Action.c(18): Detected non-resource "http://localhost:1080/cgi-bin/itinerary.pl" in "http://localhost:1080/cgi-bin/welcome.pl?page=itinerary"  	[MsgId: MMSG-26574]
Action.c(18): Resource "http://localhost:1080/WebTours/images/flights.gif" is in the cache already and will not be downloaded again  	[MsgId: MMSG-26655]
Action.c(18): Found resource "http://localhost:1080/WebTours/images/in_itinerary.gif" in HTML "http://localhost:1080/cgi-bin/nav.pl?page=menu&in=itinerary"  	[MsgId: MMSG-26659]
Action.c(18): Found resource "http://localhost:1080/WebTours/images/home.gif" in HTML "http://localhost:1080/cgi-bin/nav.pl?page=menu&in=itinerary"  	[MsgId: MMSG-26659]
Action.c(18): Resource "http://localhost:1080/WebTours/images/signoff.gif" is in the cache already and will not be downloaded again  	[MsgId: MMSG-26655]
Action.c(18): Found resource "http://localhost:1080/WebTours/images/cancelreservation.gif" in HTML "http://localhost:1080/cgi-bin/itinerary.pl"  	[MsgId: MMSG-26659]
Action.c(18): Found resource "http://localhost:1080/WebTours/images/cancelallreservations.gif" in HTML "http://localhost:1080/cgi-bin/itinerary.pl"  	[MsgId: MMSG-26659]
Action.c(18): Registered web_reg_find successful for "Text=Itinerary" (count=3)  	[MsgId: MMSG-26364]
Action.c(18): web_url("welcome.pl") was successful, 58463 body bytes, 1921 header bytes, 132 chunking overhead bytes  	[MsgId: MMSG-26385]
Action.c(28): Notify: Transaction "clickItinerary" ended with a "Pass" status (Duration: 0,1941 Wasted Time: 0,0002).	[MsgId: MMSG-16871]
Action.c(30): Notify: Transaction "UC05_Itinerary" ended with a "Pass" status (Duration: 10,6156 Think Time: 10,0948 Wasted Time: 0,0010).	[MsgId: MMSG-16870]
Ending action Action.	[MsgId: MMSG-15918]
Ending iteration 2.	[MsgId: MMSG-15965]
Waiting 79,3830 seconds for iteration pacing.	[MsgId: MMSG-15996]
Starting iteration 3.	[MsgId: MMSG-15968]
Starting action Action.	[MsgId: MMSG-15919]
Action.c(4): Notify: Transaction "UC05_Itinerary" started.	[MsgId: MMSG-16999]
..\\Parametres\\common_lib.h(2): Notify: Transaction "homePage" started.	[MsgId: MMSG-16999]
..\\Parametres\\common_lib.h(4): web_add_auto_header("DNT") started  	[MsgId: MMSG-26355]
..\\Parametres\\common_lib.h(4): web_add_auto_header("DNT") was successful  	[MsgId: MMSG-26392]
..\\Parametres\\common_lib.h(7): web_reg_find started  	[MsgId: MMSG-26355]
..\\Parametres\\common_lib.h(7): Registering web_reg_find was successful  	[MsgId: MMSG-26390]
..\\Parametres\\common_lib.h(10): web_reg_save_param_attrib started  	[MsgId: MMSG-26355]
..\\Parametres\\common_lib.h(10): Registering web_reg_save_param_attrib was successful  	[MsgId: MMSG-26390]
..\\Parametres\\common_lib.h(21): web_url("WebTours") started  	[MsgId: MMSG-26355]
..\\Parametres\\common_lib.h(21): Detected non-resource "http://localhost:1080/WebTours/header.html" in "http://localhost:1080/WebTours/"  	[MsgId: MMSG-26574]
..\\Parametres\\common_lib.h(21): Detected non-resource "http://localhost:1080/cgi-bin/welcome.pl?signOff=true" in "http://localhost:1080/WebTours/"  	[MsgId: MMSG-26574]
..\\Parametres\\common_lib.h(21): Found resource "http://localhost:1080/WebTours/images/hp_logo.png" in HTML "http://localhost:1080/WebTours/header.html"  	[MsgId: MMSG-26659]
..\\Parametres\\common_lib.h(21): Found resource "http://localhost:1080/WebTours/images/webtours.png" in HTML "http://localhost:1080/WebTours/header.html"  	[MsgId: MMSG-26659]
..\\Parametres\\common_lib.h(21): Detected non-resource "http://localhost:1080/cgi-bin/nav.pl?in=home" in "http://localhost:1080/cgi-bin/welcome.pl?signOff=true"  	[MsgId: MMSG-26574]
..\\Parametres\\common_lib.h(21): Detected non-resource "http://localhost:1080/WebTours/home.html" in "http://localhost:1080/cgi-bin/welcome.pl?signOff=true"  	[MsgId: MMSG-26574]
..\\Parametres\\common_lib.h(21): Found resource "http://localhost:1080/WebTours/images/mer_login.gif" in HTML "http://localhost:1080/cgi-bin/nav.pl?in=home"  	[MsgId: MMSG-26659]
..\\Parametres\\common_lib.h(21): Registered web_reg_find successful for "Text=Welcome to the Web Tours site" (count=1)  	[MsgId: MMSG-26364]
..\\Parametres\\common_lib.h(21): web_url("WebTours") was successful, 10077 body bytes, 2378 header bytes, 24 chunking overhead bytes  	[MsgId: MMSG-26385]
..\\Parametres\\common_lib.h(31): web_set_sockets_option started  	[MsgId: MMSG-26355]
..\\Parametres\\common_lib.h(31): web_set_sockets_option was successful  	[MsgId: MMSG-26392]
..\\Parametres\\common_lib.h(33): Notify: Transaction "homePage" ended with a "Pass" status (Duration: 0,1552 Wasted Time: 0,0013).	[MsgId: MMSG-16871]
Action.c(8): lr_think_time: 5,00 seconds.	[MsgId: MMSG-15948]
..\\Parametres\\common_lib.h(66): Notify: Transaction "login" started.	[MsgId: MMSG-16999]
..\\Parametres\\common_lib.h(68): web_reg_find started  	[MsgId: MMSG-26355]
..\\Parametres\\common_lib.h(68): Registering web_reg_find was successful  	[MsgId: MMSG-26390]
..\\Parametres\\common_lib.h(71): web_submit_data("login.pl_2") started  	[MsgId: MMSG-26355]
..\\Parametres\\common_lib.h(71): Detected non-resource "http://localhost:1080/cgi-bin/nav.pl?page=menu&in=home" in "http://localhost:1080/cgi-bin/login.pl"  	[MsgId: MMSG-26574]
..\\Parametres\\common_lib.h(71): Detected non-resource "http://localhost:1080/cgi-bin/login.pl?intro=true" in "http://localhost:1080/cgi-bin/login.pl"  	[MsgId: MMSG-26574]
..\\Parametres\\common_lib.h(71): Found resource "http://localhost:1080/WebTours/images/flights.gif" in HTML "http://localhost:1080/cgi-bin/nav.pl?page=menu&in=home"  	[MsgId: MMSG-26659]
..\\Parametres\\common_lib.h(71): Found resource "http://localhost:1080/WebTours/images/itinerary.gif" in HTML "http://localhost:1080/cgi-bin/nav.pl?page=menu&in=home"  	[MsgId: MMSG-26659]
..\\Parametres\\common_lib.h(71): Found resource "http://localhost:1080/WebTours/images/in_home.gif" in HTML "http://localhost:1080/cgi-bin/nav.pl?page=menu&in=home"  	[MsgId: MMSG-26659]
..\\Parametres\\common_lib.h(71): Found resource "http://localhost:1080/WebTours/images/signoff.gif" in HTML "http://localhost:1080/cgi-bin/nav.pl?page=menu&in=home"  	[MsgId: MMSG-26659]
..\\Parametres\\common_lib.h(71): Registered web_reg_find successful for "Text=<blockquote>Welcome, <b>kirill1d</b>, to the Web Tours reservation pages." (count=1)  	[MsgId: MMSG-26364]
..\\Parametres\\common_lib.h(71): web_submit_data("login.pl_2") was successful, 5783 body bytes, 2058 header bytes, 36 chunking overhead bytes  	[MsgId: MMSG-26385]
..\\Parametres\\common_lib.h(88): Notify: Transaction "login" ended with a "Pass" status (Duration: 0,2212 Wasted Time: 0,0000).	[MsgId: MMSG-16871]
Action.c(12): lr_think_time: 5,00 seconds.	[MsgId: MMSG-15948]
Action.c(14): Notify: Transaction "clickItinerary" started.	[MsgId: MMSG-16999]
Action.c(16): web_reg_find started  	[MsgId: MMSG-26355]
Action.c(16): Registering web_reg_find was successful  	[MsgId: MMSG-26390]
Action.c(18): web_url("welcome.pl") started  	[MsgId: MMSG-26355]
Action.c(18): Detected non-resource "http://localhost:1080/cgi-bin/nav.pl?page=menu&in=itinerary" in "http://localhost:1080/cgi-bin/welcome.pl?page=itinerary"  	[MsgId: MMSG-26574]
Action.c(18): Detected non-resource "http://localhost:1080/cgi-bin/itinerary.pl" in "http://localhost:1080/cgi-bin/welcome.pl?page=itinerary"  	[MsgId: MMSG-26574]
Action.c(18): Resource "http://localhost:1080/WebTours/images/flights.gif" is in the cache already and will not be downloaded again  	[MsgId: MMSG-26655]
Action.c(18): Found resource "http://localhost:1080/WebTours/images/in_itinerary.gif" in HTML "http://localhost:1080/cgi-bin/nav.pl?page=menu&in=itinerary"  	[MsgId: MMSG-26659]
Action.c(18): Found resource "http://localhost:1080/WebTours/images/home.gif" in HTML "http://localhost:1080/cgi-bin/nav.pl?page=menu&in=itinerary"  	[MsgId: MMSG-26659]
Action.c(18): Resource "http://localhost:1080/WebTours/images/signoff.gif" is in the cache already and will not be downloaded again  	[MsgId: MMSG-26655]
Action.c(18): Found resource "http://localhost:1080/WebTours/images/cancelreservation.gif" in HTML "http://localhost:1080/cgi-bin/itinerary.pl"  	[MsgId: MMSG-26659]
Action.c(18): Found resource "http://localhost:1080/WebTours/images/cancelallreservations.gif" in HTML "http://localhost:1080/cgi-bin/itinerary.pl"  	[MsgId: MMSG-26659]
Action.c(18): Registered web_reg_find successful for "Text=Itinerary" (count=3)  	[MsgId: MMSG-26364]
Action.c(18): web_url("welcome.pl") was successful, 59053 body bytes, 1921 header bytes, 139 chunking overhead bytes  	[MsgId: MMSG-26385]
Action.c(28): Notify: Transaction "clickItinerary" ended with a "Pass" status (Duration: 0,1791 Wasted Time: 0,0002).	[MsgId: MMSG-16871]
Action.c(30): Notify: Transaction "UC05_Itinerary" ended with a "Pass" status (Duration: 10,5910 Think Time: 10,0343 Wasted Time: 0,0015).	[MsgId: MMSG-16870]
Ending action Action.	[MsgId: MMSG-15918]
Ending iteration 3.	[MsgId: MMSG-15965]
Waiting 79,4060 seconds for iteration pacing.	[MsgId: MMSG-15996]
Starting iteration 4.	[MsgId: MMSG-15968]
Starting action Action.	[MsgId: MMSG-15919]
Action.c(4): Notify: Transaction "UC05_Itinerary" started.	[MsgId: MMSG-16999]
..\\Parametres\\common_lib.h(2): Notify: Transaction "homePage" started.	[MsgId: MMSG-16999]
..\\Parametres\\common_lib.h(4): web_add_auto_header("DNT") started  	[MsgId: MMSG-26355]
..\\Parametres\\common_lib.h(4): web_add_auto_header("DNT") was successful  	[MsgId: MMSG-26392]
..\\Parametres\\common_lib.h(7): web_reg_find started  	[MsgId: MMSG-26355]
..\\Parametres\\common_lib.h(7): Registering web_reg_find was successful  	[MsgId: MMSG-26390]
..\\Parametres\\common_lib.h(10): web_reg_save_param_attrib started  	[MsgId: MMSG-26355]
..\\Parametres\\common_lib.h(10): Registering web_reg_save_param_attrib was successful  	[MsgId: MMSG-26390]
..\\Parametres\\common_lib.h(21): web_url("WebTours") started  	[MsgId: MMSG-26355]
..\\Parametres\\common_lib.h(21): Detected non-resource "http://localhost:1080/WebTours/header.html" in "http://localhost:1080/WebTours/"  	[MsgId: MMSG-26574]
..\\Parametres\\common_lib.h(21): Detected non-resource "http://localhost:1080/cgi-bin/welcome.pl?signOff=true" in "http://localhost:1080/WebTours/"  	[MsgId: MMSG-26574]
..\\Parametres\\common_lib.h(21): Found resource "http://localhost:1080/WebTours/images/hp_logo.png" in HTML "http://localhost:1080/WebTours/header.html"  	[MsgId: MMSG-26659]
..\\Parametres\\common_lib.h(21): Found resource "http://localhost:1080/WebTours/images/webtours.png" in HTML "http://localhost:1080/WebTours/header.html"  	[MsgId: MMSG-26659]
..\\Parametres\\common_lib.h(21): Detected non-resource "http://localhost:1080/cgi-bin/nav.pl?in=home" in "http://localhost:1080/cgi-bin/welcome.pl?signOff=true"  	[MsgId: MMSG-26574]
..\\Parametres\\common_lib.h(21): Detected non-resource "http://localhost:1080/WebTours/home.html" in "http://localhost:1080/cgi-bin/welcome.pl?signOff=true"  	[MsgId: MMSG-26574]
..\\Parametres\\common_lib.h(21): Found resource "http://localhost:1080/WebTours/images/mer_login.gif" in HTML "http://localhost:1080/cgi-bin/nav.pl?in=home"  	[MsgId: MMSG-26659]
..\\Parametres\\common_lib.h(21): Registered web_reg_find successful for "Text=Welcome to the Web Tours site" (count=1)  	[MsgId: MMSG-26364]
..\\Parametres\\common_lib.h(21): web_url("WebTours") was successful, 10079 body bytes, 2378 header bytes, 24 chunking overhead bytes  	[MsgId: MMSG-26385]
..\\Parametres\\common_lib.h(31): web_set_sockets_option started  	[MsgId: MMSG-26355]
..\\Parametres\\common_lib.h(31): web_set_sockets_option was successful  	[MsgId: MMSG-26392]
..\\Parametres\\common_lib.h(33): Notify: Transaction "homePage" ended with a "Pass" status (Duration: 0,1344 Wasted Time: 0,0008).	[MsgId: MMSG-16871]
Action.c(8): lr_think_time: 5,00 seconds.	[MsgId: MMSG-15948]
..\\Parametres\\common_lib.h(66): Notify: Transaction "login" started.	[MsgId: MMSG-16999]
..\\Parametres\\common_lib.h(68): web_reg_find started  	[MsgId: MMSG-26355]
..\\Parametres\\common_lib.h(68): Registering web_reg_find was successful  	[MsgId: MMSG-26390]
..\\Parametres\\common_lib.h(71): web_submit_data("login.pl_2") started  	[MsgId: MMSG-26355]
..\\Parametres\\common_lib.h(71): Detected non-resource "http://localhost:1080/cgi-bin/nav.pl?page=menu&in=home" in "http://localhost:1080/cgi-bin/login.pl"  	[MsgId: MMSG-26574]
..\\Parametres\\common_lib.h(71): Detected non-resource "http://localhost:1080/cgi-bin/login.pl?intro=true" in "http://localhost:1080/cgi-bin/login.pl"  	[MsgId: MMSG-26574]
..\\Parametres\\common_lib.h(71): Found resource "http://localhost:1080/WebTours/images/flights.gif" in HTML "http://localhost:1080/cgi-bin/nav.pl?page=menu&in=home"  	[MsgId: MMSG-26659]
..\\Parametres\\common_lib.h(71): Found resource "http://localhost:1080/WebTours/images/itinerary.gif" in HTML "http://localhost:1080/cgi-bin/nav.pl?page=menu&in=home"  	[MsgId: MMSG-26659]
..\\Parametres\\common_lib.h(71): Found resource "http://localhost:1080/WebTours/images/in_home.gif" in HTML "http://localhost:1080/cgi-bin/nav.pl?page=menu&in=home"  	[MsgId: MMSG-26659]
..\\Parametres\\common_lib.h(71): Found resource "http://localhost:1080/WebTours/images/signoff.gif" in HTML "http://localhost:1080/cgi-bin/nav.pl?page=menu&in=home"  	[MsgId: MMSG-26659]
..\\Parametres\\common_lib.h(71): Registered web_reg_find successful for "Text=<blockquote>Welcome, <b>jojo</b>, to the Web Tours reservation pages." (count=1)  	[MsgId: MMSG-26364]
..\\Parametres\\common_lib.h(71): web_submit_data("login.pl_2") was successful, 5779 body bytes, 2050 header bytes, 36 chunking overhead bytes  	[MsgId: MMSG-26385]
..\\Parametres\\common_lib.h(88): Notify: Transaction "login" ended with a "Pass" status (Duration: 0,1486 Wasted Time: 0,0000).	[MsgId: MMSG-16871]
Action.c(12): lr_think_time: 5,00 seconds.	[MsgId: MMSG-15948]
Action.c(14): Notify: Transaction "clickItinerary" started.	[MsgId: MMSG-16999]
Action.c(16): web_reg_find started  	[MsgId: MMSG-26355]
Action.c(16): Registering web_reg_find was successful  	[MsgId: MMSG-26390]
Action.c(18): web_url("welcome.pl") started  	[MsgId: MMSG-26355]
Action.c(18): Detected non-resource "http://localhost:1080/cgi-bin/nav.pl?page=menu&in=itinerary" in "http://localhost:1080/cgi-bin/welcome.pl?page=itinerary"  	[MsgId: MMSG-26574]
Action.c(18): Detected non-resource "http://localhost:1080/cgi-bin/itinerary.pl" in "http://localhost:1080/cgi-bin/welcome.pl?page=itinerary"  	[MsgId: MMSG-26574]
Action.c(18): Resource "http://localhost:1080/WebTours/images/flights.gif" is in the cache already and will not be downloaded again  	[MsgId: MMSG-26655]
Action.c(18): Found resource "http://localhost:1080/WebTours/images/in_itinerary.gif" in HTML "http://localhost:1080/cgi-bin/nav.pl?page=menu&in=itinerary"  	[MsgId: MMSG-26659]
Action.c(18): Found resource "http://localhost:1080/WebTours/images/home.gif" in HTML "http://localhost:1080/cgi-bin/nav.pl?page=menu&in=itinerary"  	[MsgId: MMSG-26659]
Action.c(18): Resource "http://localhost:1080/WebTours/images/signoff.gif" is in the cache already and will not be downloaded again  	[MsgId: MMSG-26655]
Action.c(18): Found resource "http://localhost:1080/WebTours/images/cancelreservation.gif" in HTML "http://localhost:1080/cgi-bin/itinerary.pl"  	[MsgId: MMSG-26659]
Action.c(18): Found resource "http://localhost:1080/WebTours/images/cancelallreservations.gif" in HTML "http://localhost:1080/cgi-bin/itinerary.pl"  	[MsgId: MMSG-26659]
Action.c(18): Registered web_reg_find successful for "Text=Itinerary" (count=3)  	[MsgId: MMSG-26364]
Action.c(18): web_url("welcome.pl") was successful, 35399 body bytes, 1921 header bytes, 91 chunking overhead bytes  	[MsgId: MMSG-26385]
Action.c(28): Notify: Transaction "clickItinerary" ended with a "Pass" status (Duration: 0,1648 Wasted Time: 0,0001).	[MsgId: MMSG-16871]
Action.c(30): Notify: Transaction "UC05_Itinerary" ended with a "Pass" status (Duration: 10,5079 Think Time: 10,0594 Wasted Time: 0,0010).	[MsgId: MMSG-16870]
Ending action Action.	[MsgId: MMSG-15918]
Ending iteration 4.	[MsgId: MMSG-15965]
Waiting 79,4900 seconds for iteration pacing.	[MsgId: MMSG-15996]
Starting iteration 5.	[MsgId: MMSG-15968]
Starting action Action.	[MsgId: MMSG-15919]
Action.c(4): Notify: Transaction "UC05_Itinerary" started.	[MsgId: MMSG-16999]
..\\Parametres\\common_lib.h(2): Notify: Transaction "homePage" started.	[MsgId: MMSG-16999]
..\\Parametres\\common_lib.h(4): web_add_auto_header("DNT") started  	[MsgId: MMSG-26355]
..\\Parametres\\common_lib.h(4): web_add_auto_header("DNT") was successful  	[MsgId: MMSG-26392]
..\\Parametres\\common_lib.h(7): web_reg_find started  	[MsgId: MMSG-26355]
..\\Parametres\\common_lib.h(7): Registering web_reg_find was successful  	[MsgId: MMSG-26390]
..\\Parametres\\common_lib.h(10): web_reg_save_param_attrib started  	[MsgId: MMSG-26355]
..\\Parametres\\common_lib.h(10): Registering web_reg_save_param_attrib was successful  	[MsgId: MMSG-26390]
..\\Parametres\\common_lib.h(21): web_url("WebTours") started  	[MsgId: MMSG-26355]
..\\Parametres\\common_lib.h(21): Detected non-resource "http://localhost:1080/WebTours/header.html" in "http://localhost:1080/WebTours/"  	[MsgId: MMSG-26574]
..\\Parametres\\common_lib.h(21): Detected non-resource "http://localhost:1080/cgi-bin/welcome.pl?signOff=true" in "http://localhost:1080/WebTours/"  	[MsgId: MMSG-26574]
..\\Parametres\\common_lib.h(21): Found resource "http://localhost:1080/WebTours/images/hp_logo.png" in HTML "http://localhost:1080/WebTours/header.html"  	[MsgId: MMSG-26659]
..\\Parametres\\common_lib.h(21): Found resource "http://localhost:1080/WebTours/images/webtours.png" in HTML "http://localhost:1080/WebTours/header.html"  	[MsgId: MMSG-26659]
..\\Parametres\\common_lib.h(21): Detected non-resource "http://localhost:1080/cgi-bin/nav.pl?in=home" in "http://localhost:1080/cgi-bin/welcome.pl?signOff=true"  	[MsgId: MMSG-26574]
..\\Parametres\\common_lib.h(21): Detected non-resource "http://localhost:1080/WebTours/home.html" in "http://localhost:1080/cgi-bin/welcome.pl?signOff=true"  	[MsgId: MMSG-26574]
..\\Parametres\\common_lib.h(21): Found resource "http://localhost:1080/WebTours/images/mer_login.gif" in HTML "http://localhost:1080/cgi-bin/nav.pl?in=home"  	[MsgId: MMSG-26659]
..\\Parametres\\common_lib.h(21): Registered web_reg_find successful for "Text=Welcome to the Web Tours site" (count=1)  	[MsgId: MMSG-26364]
..\\Parametres\\common_lib.h(21): web_url("WebTours") was successful, 10078 body bytes, 2378 header bytes, 24 chunking overhead bytes  	[MsgId: MMSG-26385]
..\\Parametres\\common_lib.h(31): web_set_sockets_option started  	[MsgId: MMSG-26355]
..\\Parametres\\common_lib.h(31): web_set_sockets_option was successful  	[MsgId: MMSG-26392]
..\\Parametres\\common_lib.h(33): Notify: Transaction "homePage" ended with a "Pass" status (Duration: 0,1518 Wasted Time: 0,0025).	[MsgId: MMSG-16871]
Action.c(8): lr_think_time: 5,00 seconds.	[MsgId: MMSG-15948]
..\\Parametres\\common_lib.h(66): Notify: Transaction "login" started.	[MsgId: MMSG-16999]
..\\Parametres\\common_lib.h(68): web_reg_find started  	[MsgId: MMSG-26355]
..\\Parametres\\common_lib.h(68): Registering web_reg_find was successful  	[MsgId: MMSG-26390]
..\\Parametres\\common_lib.h(71): web_submit_data("login.pl_2") started  	[MsgId: MMSG-26355]
..\\Parametres\\common_lib.h(71): Detected non-resource "http://localhost:1080/cgi-bin/nav.pl?page=menu&in=home" in "http://localhost:1080/cgi-bin/login.pl"  	[MsgId: MMSG-26574]
..\\Parametres\\common_lib.h(71): Detected non-resource "http://localhost:1080/cgi-bin/login.pl?intro=true" in "http://localhost:1080/cgi-bin/login.pl"  	[MsgId: MMSG-26574]
..\\Parametres\\common_lib.h(71): Found resource "http://localhost:1080/WebTours/images/flights.gif" in HTML "http://localhost:1080/cgi-bin/nav.pl?page=menu&in=home"  	[MsgId: MMSG-26659]
..\\Parametres\\common_lib.h(71): Found resource "http://localhost:1080/WebTours/images/itinerary.gif" in HTML "http://localhost:1080/cgi-bin/nav.pl?page=menu&in=home"  	[MsgId: MMSG-26659]
..\\Parametres\\common_lib.h(71): Found resource "http://localhost:1080/WebTours/images/in_home.gif" in HTML "http://localhost:1080/cgi-bin/nav.pl?page=menu&in=home"  	[MsgId: MMSG-26659]
..\\Parametres\\common_lib.h(71): Found resource "http://localhost:1080/WebTours/images/signoff.gif" in HTML "http://localhost:1080/cgi-bin/nav.pl?page=menu&in=home"  	[MsgId: MMSG-26659]
..\\Parametres\\common_lib.h(71): Registered web_reg_find successful for "Text=<blockquote>Welcome, <b>masha484</b>, to the Web Tours reservation pages." (count=1)  	[MsgId: MMSG-26364]
..\\Parametres\\common_lib.h(71): web_submit_data("login.pl_2") was successful, 5783 body bytes, 2058 header bytes, 36 chunking overhead bytes  	[MsgId: MMSG-26385]
..\\Parametres\\common_lib.h(88): Notify: Transaction "login" ended with a "Pass" status (Duration: 0,1659 Wasted Time: 0,0000).	[MsgId: MMSG-16871]
Action.c(12): lr_think_time: 5,00 seconds.	[MsgId: MMSG-15948]
Action.c(14): Notify: Transaction "clickItinerary" started.	[MsgId: MMSG-16999]
Action.c(16): web_reg_find started  	[MsgId: MMSG-26355]
Action.c(16): Registering web_reg_find was successful  	[MsgId: MMSG-26390]
Action.c(18): web_url("welcome.pl") started  	[MsgId: MMSG-26355]
Action.c(18): Detected non-resource "http://localhost:1080/cgi-bin/nav.pl?page=menu&in=itinerary" in "http://localhost:1080/cgi-bin/welcome.pl?page=itinerary"  	[MsgId: MMSG-26574]
Action.c(18): Detected non-resource "http://localhost:1080/cgi-bin/itinerary.pl" in "http://localhost:1080/cgi-bin/welcome.pl?page=itinerary"  	[MsgId: MMSG-26574]
Action.c(18): Resource "http://localhost:1080/WebTours/images/flights.gif" is in the cache already and will not be downloaded again  	[MsgId: MMSG-26655]
Action.c(18): Found resource "http://localhost:1080/WebTours/images/in_itinerary.gif" in HTML "http://localhost:1080/cgi-bin/nav.pl?page=menu&in=itinerary"  	[MsgId: MMSG-26659]
Action.c(18): Found resource "http://localhost:1080/WebTours/images/home.gif" in HTML "http://localhost:1080/cgi-bin/nav.pl?page=menu&in=itinerary"  	[MsgId: MMSG-26659]
Action.c(18): Resource "http://localhost:1080/WebTours/images/signoff.gif" is in the cache already and will not be downloaded again  	[MsgId: MMSG-26655]
Action.c(18): Found resource "http://localhost:1080/WebTours/images/cancelreservation.gif" in HTML "http://localhost:1080/cgi-bin/itinerary.pl"  	[MsgId: MMSG-26659]
Action.c(18): Found resource "http://localhost:1080/WebTours/images/cancelallreservations.gif" in HTML "http://localhost:1080/cgi-bin/itinerary.pl"  	[MsgId: MMSG-26659]
Action.c(18): Registered web_reg_find successful for "Text=Itinerary" (count=3)  	[MsgId: MMSG-26364]
Action.c(18): web_url("welcome.pl") was successful, 82073 body bytes, 1921 header bytes, 179 chunking overhead bytes  	[MsgId: MMSG-26385]
Action.c(28): Notify: Transaction "clickItinerary" ended with a "Pass" status (Duration: 0,1764 Wasted Time: 0,0002).	[MsgId: MMSG-16871]
Action.c(30): Notify: Transaction "UC05_Itinerary" ended with a "Pass" status (Duration: 10,5021 Think Time: 10,0071 Wasted Time: 0,0027).	[MsgId: MMSG-16870]
Ending action Action.	[MsgId: MMSG-15918]
Ending iteration 5.	[MsgId: MMSG-15965]
Waiting 79,4950 seconds for iteration pacing.	[MsgId: MMSG-15996]
Starting iteration 6.	[MsgId: MMSG-15968]
Starting action Action.	[MsgId: MMSG-15919]
Action.c(4): Notify: Transaction "UC05_Itinerary" started.	[MsgId: MMSG-16999]
..\\Parametres\\common_lib.h(2): Notify: Transaction "homePage" started.	[MsgId: MMSG-16999]
..\\Parametres\\common_lib.h(4): web_add_auto_header("DNT") started  	[MsgId: MMSG-26355]
..\\Parametres\\common_lib.h(4): web_add_auto_header("DNT") was successful  	[MsgId: MMSG-26392]
..\\Parametres\\common_lib.h(7): web_reg_find started  	[MsgId: MMSG-26355]
..\\Parametres\\common_lib.h(7): Registering web_reg_find was successful  	[MsgId: MMSG-26390]
..\\Parametres\\common_lib.h(10): web_reg_save_param_attrib started  	[MsgId: MMSG-26355]
..\\Parametres\\common_lib.h(10): Registering web_reg_save_param_attrib was successful  	[MsgId: MMSG-26390]
..\\Parametres\\common_lib.h(21): web_url("WebTours") started  	[MsgId: MMSG-26355]
..\\Parametres\\common_lib.h(21): Detected non-resource "http://localhost:1080/WebTours/header.html" in "http://localhost:1080/WebTours/"  	[MsgId: MMSG-26574]
..\\Parametres\\common_lib.h(21): Detected non-resource "http://localhost:1080/cgi-bin/welcome.pl?signOff=true" in "http://localhost:1080/WebTours/"  	[MsgId: MMSG-26574]
..\\Parametres\\common_lib.h(21): Found resource "http://localhost:1080/WebTours/images/hp_logo.png" in HTML "http://localhost:1080/WebTours/header.html"  	[MsgId: MMSG-26659]
..\\Parametres\\common_lib.h(21): Found resource "http://localhost:1080/WebTours/images/webtours.png" in HTML "http://localhost:1080/WebTours/header.html"  	[MsgId: MMSG-26659]
..\\Parametres\\common_lib.h(21): Detected non-resource "http://localhost:1080/cgi-bin/nav.pl?in=home" in "http://localhost:1080/cgi-bin/welcome.pl?signOff=true"  	[MsgId: MMSG-26574]
..\\Parametres\\common_lib.h(21): Detected non-resource "http://localhost:1080/WebTours/home.html" in "http://localhost:1080/cgi-bin/welcome.pl?signOff=true"  	[MsgId: MMSG-26574]
..\\Parametres\\common_lib.h(21): Found resource "http://localhost:1080/WebTours/images/mer_login.gif" in HTML "http://localhost:1080/cgi-bin/nav.pl?in=home"  	[MsgId: MMSG-26659]
..\\Parametres\\common_lib.h(21): Registered web_reg_find successful for "Text=Welcome to the Web Tours site" (count=1)  	[MsgId: MMSG-26364]
..\\Parametres\\common_lib.h(21): web_url("WebTours") was successful, 10079 body bytes, 2378 header bytes, 24 chunking overhead bytes  	[MsgId: MMSG-26385]
..\\Parametres\\common_lib.h(31): web_set_sockets_option started  	[MsgId: MMSG-26355]
..\\Parametres\\common_lib.h(31): web_set_sockets_option was successful  	[MsgId: MMSG-26392]
..\\Parametres\\common_lib.h(33): Notify: Transaction "homePage" ended with a "Pass" status (Duration: 0,1460 Wasted Time: 0,0008).	[MsgId: MMSG-16871]
Action.c(8): lr_think_time: 5,00 seconds.	[MsgId: MMSG-15948]
..\\Parametres\\common_lib.h(66): Notify: Transaction "login" started.	[MsgId: MMSG-16999]
..\\Parametres\\common_lib.h(68): web_reg_find started  	[MsgId: MMSG-26355]
..\\Parametres\\common_lib.h(68): Registering web_reg_find was successful  	[MsgId: MMSG-26390]
..\\Parametres\\common_lib.h(71): web_submit_data("login.pl_2") started  	[MsgId: MMSG-26355]
..\\Parametres\\common_lib.h(71): Detected non-resource "http://localhost:1080/cgi-bin/nav.pl?page=menu&in=home" in "http://localhost:1080/cgi-bin/login.pl"  	[MsgId: MMSG-26574]
..\\Parametres\\common_lib.h(71): Detected non-resource "http://localhost:1080/cgi-bin/login.pl?intro=true" in "http://localhost:1080/cgi-bin/login.pl"  	[MsgId: MMSG-26574]
..\\Parametres\\common_lib.h(71): Found resource "http://localhost:1080/WebTours/images/flights.gif" in HTML "http://localhost:1080/cgi-bin/nav.pl?page=menu&in=home"  	[MsgId: MMSG-26659]
..\\Parametres\\common_lib.h(71): Found resource "http://localhost:1080/WebTours/images/itinerary.gif" in HTML "http://localhost:1080/cgi-bin/nav.pl?page=menu&in=home"  	[MsgId: MMSG-26659]
..\\Parametres\\common_lib.h(71): Found resource "http://localhost:1080/WebTours/images/in_home.gif" in HTML "http://localhost:1080/cgi-bin/nav.pl?page=menu&in=home"  	[MsgId: MMSG-26659]
..\\Parametres\\common_lib.h(71): Found resource "http://localhost:1080/WebTours/images/signoff.gif" in HTML "http://localhost:1080/cgi-bin/nav.pl?page=menu&in=home"  	[MsgId: MMSG-26659]
..\\Parametres\\common_lib.h(71): Registered web_reg_find successful for "Text=<blockquote>Welcome, <b>jojo</b>, to the Web Tours reservation pages." (count=1)  	[MsgId: MMSG-26364]
..\\Parametres\\common_lib.h(71): web_submit_data("login.pl_2") was successful, 5779 body bytes, 2050 header bytes, 36 chunking overhead bytes  	[MsgId: MMSG-26385]
..\\Parametres\\common_lib.h(88): Notify: Transaction "login" ended with a "Pass" status (Duration: 0,1486 Wasted Time: 0,0000).	[MsgId: MMSG-16871]
Action.c(12): lr_think_time: 5,00 seconds.	[MsgId: MMSG-15948]
Action.c(14): Notify: Transaction "clickItinerary" started.	[MsgId: MMSG-16999]
Action.c(16): web_reg_find started  	[MsgId: MMSG-26355]
Action.c(16): Registering web_reg_find was successful  	[MsgId: MMSG-26390]
Action.c(18): web_url("welcome.pl") started  	[MsgId: MMSG-26355]
Action.c(18): Detected non-resource "http://localhost:1080/cgi-bin/nav.pl?page=menu&in=itinerary" in "http://localhost:1080/cgi-bin/welcome.pl?page=itinerary"  	[MsgId: MMSG-26574]
Action.c(18): Detected non-resource "http://localhost:1080/cgi-bin/itinerary.pl" in "http://localhost:1080/cgi-bin/welcome.pl?page=itinerary"  	[MsgId: MMSG-26574]
Action.c(18): Resource "http://localhost:1080/WebTours/images/flights.gif" is in the cache already and will not be downloaded again  	[MsgId: MMSG-26655]
Action.c(18): Found resource "http://localhost:1080/WebTours/images/in_itinerary.gif" in HTML "http://localhost:1080/cgi-bin/nav.pl?page=menu&in=itinerary"  	[MsgId: MMSG-26659]
Action.c(18): Found resource "http://localhost:1080/WebTours/images/home.gif" in HTML "http://localhost:1080/cgi-bin/nav.pl?page=menu&in=itinerary"  	[MsgId: MMSG-26659]
Action.c(18): Resource "http://localhost:1080/WebTours/images/signoff.gif" is in the cache already and will not be downloaded again  	[MsgId: MMSG-26655]
Action.c(18): Found resource "http://localhost:1080/WebTours/images/cancelreservation.gif" in HTML "http://localhost:1080/cgi-bin/itinerary.pl"  	[MsgId: MMSG-26659]
Action.c(18): Found resource "http://localhost:1080/WebTours/images/cancelallreservations.gif" in HTML "http://localhost:1080/cgi-bin/itinerary.pl"  	[MsgId: MMSG-26659]
Action.c(18): Registered web_reg_find successful for "Text=Itinerary" (count=3)  	[MsgId: MMSG-26364]
Action.c(18): web_url("welcome.pl") was successful, 36524 body bytes, 1921 header bytes, 91 chunking overhead bytes  	[MsgId: MMSG-26385]
Action.c(28): Notify: Transaction "clickItinerary" ended with a "Pass" status (Duration: 0,1853 Wasted Time: 0,0001).	[MsgId: MMSG-16871]
Action.c(30): Notify: Transaction "UC05_Itinerary" ended with a "Pass" status (Duration: 10,4885 Think Time: 10,0079 Wasted Time: 0,0010).	[MsgId: MMSG-16870]
Ending action Action.	[MsgId: MMSG-15918]
Ending iteration 6.	[MsgId: MMSG-15965]
Waiting 79,5100 seconds for iteration pacing.	[MsgId: MMSG-15996]
Starting iteration 7.	[MsgId: MMSG-15968]
Starting action Action.	[MsgId: MMSG-15919]
Action.c(4): Notify: Transaction "UC05_Itinerary" started.	[MsgId: MMSG-16999]
..\\Parametres\\common_lib.h(2): Notify: Transaction "homePage" started.	[MsgId: MMSG-16999]
..\\Parametres\\common_lib.h(4): web_add_auto_header("DNT") started  	[MsgId: MMSG-26355]
..\\Parametres\\common_lib.h(4): web_add_auto_header("DNT") was successful  	[MsgId: MMSG-26392]
..\\Parametres\\common_lib.h(7): web_reg_find started  	[MsgId: MMSG-26355]
..\\Parametres\\common_lib.h(7): Registering web_reg_find was successful  	[MsgId: MMSG-26390]
..\\Parametres\\common_lib.h(10): web_reg_save_param_attrib started  	[MsgId: MMSG-26355]
..\\Parametres\\common_lib.h(10): Registering web_reg_save_param_attrib was successful  	[MsgId: MMSG-26390]
..\\Parametres\\common_lib.h(21): web_url("WebTours") started  	[MsgId: MMSG-26355]
..\\Parametres\\common_lib.h(21): Detected non-resource "http://localhost:1080/WebTours/header.html" in "http://localhost:1080/WebTours/"  	[MsgId: MMSG-26574]
..\\Parametres\\common_lib.h(21): Detected non-resource "http://localhost:1080/cgi-bin/welcome.pl?signOff=true" in "http://localhost:1080/WebTours/"  	[MsgId: MMSG-26574]
..\\Parametres\\common_lib.h(21): Found resource "http://localhost:1080/WebTours/images/hp_logo.png" in HTML "http://localhost:1080/WebTours/header.html"  	[MsgId: MMSG-26659]
..\\Parametres\\common_lib.h(21): Found resource "http://localhost:1080/WebTours/images/webtours.png" in HTML "http://localhost:1080/WebTours/header.html"  	[MsgId: MMSG-26659]
..\\Parametres\\common_lib.h(21): Detected non-resource "http://localhost:1080/cgi-bin/nav.pl?in=home" in "http://localhost:1080/cgi-bin/welcome.pl?signOff=true"  	[MsgId: MMSG-26574]
..\\Parametres\\common_lib.h(21): Detected non-resource "http://localhost:1080/WebTours/home.html" in "http://localhost:1080/cgi-bin/welcome.pl?signOff=true"  	[MsgId: MMSG-26574]
..\\Parametres\\common_lib.h(21): Found resource "http://localhost:1080/WebTours/images/mer_login.gif" in HTML "http://localhost:1080/cgi-bin/nav.pl?in=home"  	[MsgId: MMSG-26659]
..\\Parametres\\common_lib.h(21): Registered web_reg_find successful for "Text=Welcome to the Web Tours site" (count=1)  	[MsgId: MMSG-26364]
..\\Parametres\\common_lib.h(21): web_url("WebTours") was successful, 10078 body bytes, 2378 header bytes, 24 chunking overhead bytes  	[MsgId: MMSG-26385]
..\\Parametres\\common_lib.h(31): web_set_sockets_option started  	[MsgId: MMSG-26355]
..\\Parametres\\common_lib.h(31): web_set_sockets_option was successful  	[MsgId: MMSG-26392]
..\\Parametres\\common_lib.h(33): Notify: Transaction "homePage" ended with a "Pass" status (Duration: 0,1521 Wasted Time: 0,0014).	[MsgId: MMSG-16871]
Action.c(8): lr_think_time: 5,00 seconds.	[MsgId: MMSG-15948]
..\\Parametres\\common_lib.h(66): Notify: Transaction "login" started.	[MsgId: MMSG-16999]
..\\Parametres\\common_lib.h(68): web_reg_find started  	[MsgId: MMSG-26355]
..\\Parametres\\common_lib.h(68): Registering web_reg_find was successful  	[MsgId: MMSG-26390]
..\\Parametres\\common_lib.h(71): web_submit_data("login.pl_2") started  	[MsgId: MMSG-26355]
..\\Parametres\\common_lib.h(71): Detected non-resource "http://localhost:1080/cgi-bin/nav.pl?page=menu&in=home" in "http://localhost:1080/cgi-bin/login.pl"  	[MsgId: MMSG-26574]
..\\Parametres\\common_lib.h(71): Detected non-resource "http://localhost:1080/cgi-bin/login.pl?intro=true" in "http://localhost:1080/cgi-bin/login.pl"  	[MsgId: MMSG-26574]
..\\Parametres\\common_lib.h(71): Found resource "http://localhost:1080/WebTours/images/flights.gif" in HTML "http://localhost:1080/cgi-bin/nav.pl?page=menu&in=home"  	[MsgId: MMSG-26659]
..\\Parametres\\common_lib.h(71): Found resource "http://localhost:1080/WebTours/images/itinerary.gif" in HTML "http://localhost:1080/cgi-bin/nav.pl?page=menu&in=home"  	[MsgId: MMSG-26659]
..\\Parametres\\common_lib.h(71): Found resource "http://localhost:1080/WebTours/images/in_home.gif" in HTML "http://localhost:1080/cgi-bin/nav.pl?page=menu&in=home"  	[MsgId: MMSG-26659]
..\\Parametres\\common_lib.h(71): Found resource "http://localhost:1080/WebTours/images/signoff.gif" in HTML "http://localhost:1080/cgi-bin/nav.pl?page=menu&in=home"  	[MsgId: MMSG-26659]
..\\Parametres\\common_lib.h(71): Registered web_reg_find successful for "Text=<blockquote>Welcome, <b>olya84</b>, to the Web Tours reservation pages." (count=1)  	[MsgId: MMSG-26364]
..\\Parametres\\common_lib.h(71): web_submit_data("login.pl_2") was successful, 5781 body bytes, 2051 header bytes, 36 chunking overhead bytes  	[MsgId: MMSG-26385]
..\\Parametres\\common_lib.h(88): Notify: Transaction "login" ended with a "Pass" status (Duration: 0,1672 Wasted Time: 0,0000).	[MsgId: MMSG-16871]
Action.c(12): lr_think_time: 5,00 seconds.	[MsgId: MMSG-15948]
Action.c(14): Notify: Transaction "clickItinerary" started.	[MsgId: MMSG-16999]
Action.c(16): web_reg_find started  	[MsgId: MMSG-26355]
Action.c(16): Registering web_reg_find was successful  	[MsgId: MMSG-26390]
Action.c(18): web_url("welcome.pl") started  	[MsgId: MMSG-26355]
Action.c(18): Detected non-resource "http://localhost:1080/cgi-bin/nav.pl?page=menu&in=itinerary" in "http://localhost:1080/cgi-bin/welcome.pl?page=itinerary"  	[MsgId: MMSG-26574]
Action.c(18): Detected non-resource "http://localhost:1080/cgi-bin/itinerary.pl" in "http://localhost:1080/cgi-bin/welcome.pl?page=itinerary"  	[MsgId: MMSG-26574]
Action.c(18): Resource "http://localhost:1080/WebTours/images/flights.gif" is in the cache already and will not be downloaded again  	[MsgId: MMSG-26655]
Action.c(18): Found resource "http://localhost:1080/WebTours/images/in_itinerary.gif" in HTML "http://localhost:1080/cgi-bin/nav.pl?page=menu&in=itinerary"  	[MsgId: MMSG-26659]
Action.c(18): Found resource "http://localhost:1080/WebTours/images/home.gif" in HTML "http://localhost:1080/cgi-bin/nav.pl?page=menu&in=itinerary"  	[MsgId: MMSG-26659]
Action.c(18): Resource "http://localhost:1080/WebTours/images/signoff.gif" is in the cache already and will not be downloaded again  	[MsgId: MMSG-26655]
Action.c(18): Found resource "http://localhost:1080/WebTours/images/cancelreservation.gif" in HTML "http://localhost:1080/cgi-bin/itinerary.pl"  	[MsgId: MMSG-26659]
Action.c(18): Found resource "http://localhost:1080/WebTours/images/cancelallreservations.gif" in HTML "http://localhost:1080/cgi-bin/itinerary.pl"  	[MsgId: MMSG-26659]
Action.c(18): Registered web_reg_find successful for "Text=Itinerary" (count=3)  	[MsgId: MMSG-26364]
Action.c(18): web_url("welcome.pl") was successful, 60729 body bytes, 1921 header bytes, 139 chunking overhead bytes  	[MsgId: MMSG-26385]
Action.c(28): Notify: Transaction "clickItinerary" ended with a "Pass" status (Duration: 0,1819 Wasted Time: 0,0002).	[MsgId: MMSG-16871]
Action.c(30): Notify: Transaction "UC05_Itinerary" ended with a "Pass" status (Duration: 10,5076 Think Time: 10,0054 Wasted Time: 0,0017).	[MsgId: MMSG-16870]
Ending action Action.	[MsgId: MMSG-15918]
Ending iteration 7.	[MsgId: MMSG-15965]
Waiting 79,4890 seconds for iteration pacing.	[MsgId: MMSG-15996]
Starting iteration 8.	[MsgId: MMSG-15968]
Starting action Action.	[MsgId: MMSG-15919]
Action.c(4): Notify: Transaction "UC05_Itinerary" started.	[MsgId: MMSG-16999]
..\\Parametres\\common_lib.h(2): Notify: Transaction "homePage" started.	[MsgId: MMSG-16999]
..\\Parametres\\common_lib.h(4): web_add_auto_header("DNT") started  	[MsgId: MMSG-26355]
..\\Parametres\\common_lib.h(4): web_add_auto_header("DNT") was successful  	[MsgId: MMSG-26392]
..\\Parametres\\common_lib.h(7): web_reg_find started  	[MsgId: MMSG-26355]
..\\Parametres\\common_lib.h(7): Registering web_reg_find was successful  	[MsgId: MMSG-26390]
..\\Parametres\\common_lib.h(10): web_reg_save_param_attrib started  	[MsgId: MMSG-26355]
..\\Parametres\\common_lib.h(10): Registering web_reg_save_param_attrib was successful  	[MsgId: MMSG-26390]
..\\Parametres\\common_lib.h(21): web_url("WebTours") started  	[MsgId: MMSG-26355]
..\\Parametres\\common_lib.h(21): Detected non-resource "http://localhost:1080/WebTours/header.html" in "http://localhost:1080/WebTours/"  	[MsgId: MMSG-26574]
..\\Parametres\\common_lib.h(21): Detected non-resource "http://localhost:1080/cgi-bin/welcome.pl?signOff=true" in "http://localhost:1080/WebTours/"  	[MsgId: MMSG-26574]
..\\Parametres\\common_lib.h(21): Found resource "http://localhost:1080/WebTours/images/hp_logo.png" in HTML "http://localhost:1080/WebTours/header.html"  	[MsgId: MMSG-26659]
..\\Parametres\\common_lib.h(21): Found resource "http://localhost:1080/WebTours/images/webtours.png" in HTML "http://localhost:1080/WebTours/header.html"  	[MsgId: MMSG-26659]
..\\Parametres\\common_lib.h(21): Detected non-resource "http://localhost:1080/cgi-bin/nav.pl?in=home" in "http://localhost:1080/cgi-bin/welcome.pl?signOff=true"  	[MsgId: MMSG-26574]
..\\Parametres\\common_lib.h(21): Detected non-resource "http://localhost:1080/WebTours/home.html" in "http://localhost:1080/cgi-bin/welcome.pl?signOff=true"  	[MsgId: MMSG-26574]
..\\Parametres\\common_lib.h(21): Found resource "http://localhost:1080/WebTours/images/mer_login.gif" in HTML "http://localhost:1080/cgi-bin/nav.pl?in=home"  	[MsgId: MMSG-26659]
..\\Parametres\\common_lib.h(21): Registered web_reg_find successful for "Text=Welcome to the Web Tours site" (count=1)  	[MsgId: MMSG-26364]
..\\Parametres\\common_lib.h(21): web_url("WebTours") was successful, 10079 body bytes, 2378 header bytes, 24 chunking overhead bytes  	[MsgId: MMSG-26385]
..\\Parametres\\common_lib.h(31): web_set_sockets_option started  	[MsgId: MMSG-26355]
..\\Parametres\\common_lib.h(31): web_set_sockets_option was successful  	[MsgId: MMSG-26392]
..\\Parametres\\common_lib.h(33): Notify: Transaction "homePage" ended with a "Pass" status (Duration: 0,1335 Wasted Time: 0,0008).	[MsgId: MMSG-16871]
Action.c(8): lr_think_time: 5,00 seconds.	[MsgId: MMSG-15948]
..\\Parametres\\common_lib.h(66): Notify: Transaction "login" started.	[MsgId: MMSG-16999]
..\\Parametres\\common_lib.h(68): web_reg_find started  	[MsgId: MMSG-26355]
..\\Parametres\\common_lib.h(68): Registering web_reg_find was successful  	[MsgId: MMSG-26390]
..\\Parametres\\common_lib.h(71): web_submit_data("login.pl_2") started  	[MsgId: MMSG-26355]
..\\Parametres\\common_lib.h(71): Detected non-resource "http://localhost:1080/cgi-bin/nav.pl?page=menu&in=home" in "http://localhost:1080/cgi-bin/login.pl"  	[MsgId: MMSG-26574]
..\\Parametres\\common_lib.h(71): Detected non-resource "http://localhost:1080/cgi-bin/login.pl?intro=true" in "http://localhost:1080/cgi-bin/login.pl"  	[MsgId: MMSG-26574]
..\\Parametres\\common_lib.h(71): Found resource "http://localhost:1080/WebTours/images/flights.gif" in HTML "http://localhost:1080/cgi-bin/nav.pl?page=menu&in=home"  	[MsgId: MMSG-26659]
..\\Parametres\\common_lib.h(71): Found resource "http://localhost:1080/WebTours/images/itinerary.gif" in HTML "http://localhost:1080/cgi-bin/nav.pl?page=menu&in=home"  	[MsgId: MMSG-26659]
..\\Parametres\\common_lib.h(71): Found resource "http://localhost:1080/WebTours/images/in_home.gif" in HTML "http://localhost:1080/cgi-bin/nav.pl?page=menu&in=home"  	[MsgId: MMSG-26659]
..\\Parametres\\common_lib.h(71): Found resource "http://localhost:1080/WebTours/images/signoff.gif" in HTML "http://localhost:1080/cgi-bin/nav.pl?page=menu&in=home"  	[MsgId: MMSG-26659]
..\\Parametres\\common_lib.h(71): Registered web_reg_find successful for "Text=<blockquote>Welcome, <b>oleg54</b>, to the Web Tours reservation pages." (count=1)  	[MsgId: MMSG-26364]
..\\Parametres\\common_lib.h(71): web_submit_data("login.pl_2") was successful, 5781 body bytes, 2054 header bytes, 36 chunking overhead bytes  	[MsgId: MMSG-26385]
..\\Parametres\\common_lib.h(88): Notify: Transaction "login" ended with a "Pass" status (Duration: 0,1621 Wasted Time: 0,0000).	[MsgId: MMSG-16871]
Action.c(12): lr_think_time: 5,00 seconds.	[MsgId: MMSG-15948]
Action.c(14): Notify: Transaction "clickItinerary" started.	[MsgId: MMSG-16999]
Action.c(16): web_reg_find started  	[MsgId: MMSG-26355]
Action.c(16): Registering web_reg_find was successful  	[MsgId: MMSG-26390]
Action.c(18): web_url("welcome.pl") started  	[MsgId: MMSG-26355]
Action.c(18): Detected non-resource "http://localhost:1080/cgi-bin/nav.pl?page=menu&in=itinerary" in "http://localhost:1080/cgi-bin/welcome.pl?page=itinerary"  	[MsgId: MMSG-26574]
Action.c(18): Detected non-resource "http://localhost:1080/cgi-bin/itinerary.pl" in "http://localhost:1080/cgi-bin/welcome.pl?page=itinerary"  	[MsgId: MMSG-26574]
Action.c(18): Resource "http://localhost:1080/WebTours/images/flights.gif" is in the cache already and will not be downloaded again  	[MsgId: MMSG-26655]
Action.c(18): Found resource "http://localhost:1080/WebTours/images/in_itinerary.gif" in HTML "http://localhost:1080/cgi-bin/nav.pl?page=menu&in=itinerary"  	[MsgId: MMSG-26659]
Action.c(18): Found resource "http://localhost:1080/WebTours/images/home.gif" in HTML "http://localhost:1080/cgi-bin/nav.pl?page=menu&in=itinerary"  	[MsgId: MMSG-26659]
Action.c(18): Resource "http://localhost:1080/WebTours/images/signoff.gif" is in the cache already and will not be downloaded again  	[MsgId: MMSG-26655]
Action.c(18): Found resource "http://localhost:1080/WebTours/images/cancelreservation.gif" in HTML "http://localhost:1080/cgi-bin/itinerary.pl"  	[MsgId: MMSG-26659]
Action.c(18): Found resource "http://localhost:1080/WebTours/images/cancelallreservations.gif" in HTML "http://localhost:1080/cgi-bin/itinerary.pl"  	[MsgId: MMSG-26659]
Action.c(18): Registered web_reg_find successful for "Text=Itinerary" (count=3)  	[MsgId: MMSG-26364]
Action.c(18): web_url("welcome.pl") was successful, 64547 body bytes, 1921 header bytes, 147 chunking overhead bytes  	[MsgId: MMSG-26385]
Action.c(28): Notify: Transaction "clickItinerary" ended with a "Pass" status (Duration: 0,1813 Wasted Time: 0,0002).	[MsgId: MMSG-16871]
Action.c(30): Notify: Transaction "UC05_Itinerary" ended with a "Pass" status (Duration: 10,4788 Think Time: 10,0012 Wasted Time: 0,0010).	[MsgId: MMSG-16870]
Ending action Action.	[MsgId: MMSG-15918]
Ending iteration 8.	[MsgId: MMSG-15965]
Waiting 79,5200 seconds for iteration pacing.	[MsgId: MMSG-15996]
Ending Vuser...	[MsgId: MMSG-15966]
Starting action vuser_end.	[MsgId: MMSG-15919]
Ending action vuser_end.	[MsgId: MMSG-15918]
Vuser Terminated.	[MsgId: MMSG-15963]
